Finished Saving Train Dataset to results/train_layer/stl10-mobilenetv2/block_shallow_20_100/meminf_attack_top3_train.p
Finished Saving Test Dataset to results/train_layer/stl10-mobilenetv2/block_shallow_20_100/meminf_attack_top3_test.p
Epoch 1 :
Train Acc: 53.000% (3445/6500) | Loss: 0.685
Saved Attack Test Ground Truth and Predict Sets
Test F1: 0.662667
AUC: 0.571552
Test Acc: 51.554% (3351/6500)
Epoch 2 :
Train Acc: 56.108% (3647/6500) | Loss: 0.683
Saved Attack Test Ground Truth and Predict Sets
Test F1: 0.658330
AUC: 0.574099
Test Acc: 52.923% (3440/6500)
Epoch 3 :
Train Acc: 59.277% (3853/6500) | Loss: 0.680
Saved Attack Test Ground Truth and Predict Sets
Test F1: 0.657661
AUC: 0.574750
Test Acc: 53.215% (3459/6500)
Epoch 4 :
Train Acc: 58.708% (3816/6500) | Loss: 0.676
Saved Attack Test Ground Truth and Predict Sets
Test F1: 0.654744
AUC: 0.575329
Test Acc: 53.369% (3469/6500)
Epoch 5 :
Train Acc: 60.723% (3947/6500) | Loss: 0.671
Saved Attack Test Ground Truth and Predict Sets
Test F1: 0.653150
AUC: 0.575297
Test Acc: 53.415% (3472/6500)
Epoch 6 :
Train Acc: 61.108% (3972/6500) | Loss: 0.665
Saved Attack Test Ground Truth and Predict Sets
Test F1: 0.650679
AUC: 0.576279
Test Acc: 54.062% (3514/6500)
Epoch 7 :
Train Acc: 61.738% (4013/6500) | Loss: 0.657
Test Acc: 53.954% (3507/6500)
Epoch 8 :
Train Acc: 64.000% (4160/6500) | Loss: 0.652
Test Acc: 53.646% (3487/6500)
Epoch 9 :
Train Acc: 58.138% (3779/6500) | Loss: 0.651
Saved Attack Test Ground Truth and Predict Sets
Test F1: 0.637918
AUC: 0.568990
Test Acc: 55.046% (3578/6500)
Epoch 10 :
Saved Attack Train Ground Truth and Predict Sets
Train F1: 0.719216
AUC: 0.658976
Train Acc: 61.200% (3978/6500) | Loss: 0.646
Saved Attack Test Ground Truth and Predict Sets
Test F1: 0.128824
AUC: 0.568435
Test Acc: 50.062% (3254/6500)
Best Acc: 0.550462
 F1: 0.637918
AUC: 0.568990
Saved Attack Model to results/train_layer/stl10-mobilenetv2/block_shallow_20_100/meminf_top3.pth
