Finished Saving Train Dataset to results/train_layer/cifar100-mobilenetv2/block_shallow_46_1000/meminf_attack_mode0_train.p
Finished Saving Test Dataset to results/train_layer/cifar100-mobilenetv2/block_shallow_46_1000/meminf_attack_mode0_test.p
Epoch 1 :
Train Acc: 78.257% (23477/30000) | Loss: 0.545
Saved Attack Test Ground Truth and Predict Sets
Test F1: 0.331976
AUC: 0.502817
Test Acc: 50.243% (15073/30000)
Epoch 2 :
Train Acc: 73.730% (22119/30000) | Loss: 0.563
Test Acc: 50.143% (15043/30000)
Epoch 3 :
Train Acc: 75.783% (22735/30000) | Loss: 0.548
Test Acc: 50.160% (15048/30000)
Epoch 4 :
Train Acc: 77.413% (23224/30000) | Loss: 0.535
Test Acc: 50.183% (15055/30000)
Epoch 5 :
Train Acc: 76.710% (23013/30000) | Loss: 0.541
Saved Attack Test Ground Truth and Predict Sets
Test F1: 0.360127
AUC: 0.503084
Test Acc: 50.380% (15114/30000)
Epoch 6 :
Train Acc: 78.513% (23554/30000) | Loss: 0.523
Test Acc: 50.233% (15070/30000)
Epoch 7 :
Train Acc: 78.663% (23599/30000) | Loss: 0.523
Test Acc: 50.103% (15031/30000)
Epoch 8 :
Train Acc: 80.437% (24131/30000) | Loss: 0.503
Test Acc: 50.213% (15064/30000)
Epoch 9 :
Train Acc: 81.407% (24422/30000) | Loss: 0.497
Test Acc: 50.097% (15029/30000)
Epoch 10 :
Saved Attack Train Ground Truth and Predict Sets
Train F1: 0.826682
AUC: 0.869562
Train Acc: 81.760% (24528/30000) | Loss: 0.491
Saved Attack Test Ground Truth and Predict Sets
Test F1: 0.123342
AUC: 0.504300
Test Acc: 50.200% (15060/30000)
Best Acc: 0.503800
 F1: 0.360127
AUC: 0.503084
Saved Attack Model to results/train_layer/cifar100-mobilenetv2/block_shallow_46_1000/meminf_attack0.pth
