Finished Saving Train Dataset to results/train_layer/cifar100-mobilenetv2/block_shallow_46_1000/meminf_attack_top3_train.p
Finished Saving Test Dataset to results/train_layer/cifar100-mobilenetv2/block_shallow_46_1000/meminf_attack_top3_test.p
Epoch 1 :
Train Acc: 65.653% (19696/30000) | Loss: 0.670
Saved Attack Test Ground Truth and Predict Sets
Test F1: 0.211776
AUC: 0.502003
Test Acc: 50.200% (15060/30000)
Epoch 2 :
Train Acc: 74.003% (22201/30000) | Loss: 0.593
Saved Attack Test Ground Truth and Predict Sets
Test F1: 0.148782
AUC: 0.502166
Test Acc: 50.263% (15079/30000)
Epoch 3 :
Train Acc: 75.310% (22593/30000) | Loss: 0.565
Test Acc: 50.237% (15071/30000)
Epoch 4 :
Train Acc: 67.277% (20183/30000) | Loss: 0.628
Saved Attack Test Ground Truth and Predict Sets
Test F1: 0.299134
AUC: 0.501630
Test Acc: 50.360% (15108/30000)
Epoch 5 :
Train Acc: 71.653% (21496/30000) | Loss: 0.584
Test Acc: 50.240% (15072/30000)
Epoch 6 :
Train Acc: 66.973% (20092/30000) | Loss: 0.641
Test Acc: 50.217% (15065/30000)
Epoch 7 :
Train Acc: 64.467% (19340/30000) | Loss: 0.667
Test Acc: 50.220% (15066/30000)
Epoch 8 :
Train Acc: 66.770% (20031/30000) | Loss: 0.643
Test Acc: 50.273% (15082/30000)
Epoch 9 :
Train Acc: 72.210% (21663/30000) | Loss: 0.586
Test Acc: 50.107% (15032/30000)
Epoch 10 :
Saved Attack Train Ground Truth and Predict Sets
Train F1: 0.815524
AUC: 0.825050
Train Acc: 78.340% (23502/30000) | Loss: 0.525
Saved Attack Test Ground Truth and Predict Sets
Test F1: 0.085075
AUC: 0.501509
Test Acc: 50.100% (15030/30000)
Best Acc: 0.503600
 F1: 0.299134
AUC: 0.501630
Saved Attack Model to results/train_layer/cifar100-mobilenetv2/block_shallow_46_1000/meminf_top3.pth
