Finished Saving Train Dataset to results/train_layer/cifar100-mobilenetv2/block_shallow_1_1000/meminf_attack_top3_train.p
Finished Saving Test Dataset to results/train_layer/cifar100-mobilenetv2/block_shallow_1_1000/meminf_attack_top3_test.p
Epoch 1 :
Train Acc: 65.653% (19696/30000) | Loss: 0.670
Saved Attack Test Ground Truth and Predict Sets
Test F1: 0.796169
AUC: 0.846080
Test Acc: 75.243% (22573/30000)
Epoch 2 :
Train Acc: 74.003% (22201/30000) | Loss: 0.593
Saved Attack Test Ground Truth and Predict Sets
Test F1: 0.811576
AUC: 0.844962
Test Acc: 78.080% (23424/30000)
Epoch 3 :
Train Acc: 75.310% (22593/30000) | Loss: 0.565
Saved Attack Test Ground Truth and Predict Sets
Test F1: 0.812005
AUC: 0.844309
Test Acc: 79.350% (23805/30000)
Epoch 4 :
Train Acc: 67.277% (20183/30000) | Loss: 0.628
Test Acc: 71.057% (21317/30000)
Epoch 5 :
Train Acc: 71.653% (21496/30000) | Loss: 0.584
Test Acc: 76.177% (22853/30000)
Epoch 6 :
Train Acc: 66.973% (20092/30000) | Loss: 0.641
Test Acc: 69.067% (20720/30000)
Epoch 7 :
Train Acc: 64.467% (19340/30000) | Loss: 0.667
Test Acc: 69.533% (20860/30000)
Epoch 8 :
Train Acc: 66.770% (20031/30000) | Loss: 0.643
Test Acc: 72.707% (21812/30000)
Epoch 9 :
Train Acc: 72.210% (21663/30000) | Loss: 0.586
Saved Attack Test Ground Truth and Predict Sets
Test F1: 0.813865
AUC: 0.846027
Test Acc: 79.380% (23814/30000)
Epoch 10 :
Saved Attack Train Ground Truth and Predict Sets
Train F1: 0.815524
AUC: 0.825050
Train Acc: 78.340% (23502/30000) | Loss: 0.525
Saved Attack Test Ground Truth and Predict Sets
Test F1: 0.813715
AUC: 0.846364
Test Acc: 79.427% (23828/30000)
Best Acc: 0.794267
 F1: 0.813715
AUC: 0.846364
Saved Attack Model to results/train_layer/cifar100-mobilenetv2/block_shallow_1_1000/meminf_top3.pth
