Finished Saving Train Dataset to results/train_layer/cifar100-mobilenetv2/block_shallow_1_1000/meminf_attack_mode0_train.p
Finished Saving Test Dataset to results/train_layer/cifar100-mobilenetv2/block_shallow_1_1000/meminf_attack_mode0_test.p
Epoch 1 :
Train Acc: 78.257% (23477/30000) | Loss: 0.545
Saved Attack Test Ground Truth and Predict Sets
Test F1: 0.763830
AUC: 0.851867
Test Acc: 69.503% (20851/30000)
Epoch 2 :
Train Acc: 73.730% (22119/30000) | Loss: 0.563
Saved Attack Test Ground Truth and Predict Sets
Test F1: 0.797278
AUC: 0.850549
Test Acc: 75.477% (22643/30000)
Epoch 3 :
Train Acc: 75.783% (22735/30000) | Loss: 0.548
Test Acc: 75.453% (22636/30000)
Epoch 4 :
Train Acc: 77.413% (23224/30000) | Loss: 0.535
Saved Attack Test Ground Truth and Predict Sets
Test F1: 0.810676
AUC: 0.844242
Test Acc: 79.050% (23715/30000)
Epoch 5 :
Train Acc: 76.710% (23013/30000) | Loss: 0.541
Test Acc: 68.037% (20411/30000)
Epoch 6 :
Train Acc: 78.513% (23554/30000) | Loss: 0.523
Test Acc: 77.827% (23348/30000)
Epoch 7 :
Train Acc: 78.663% (23599/30000) | Loss: 0.523
Test Acc: 69.883% (20965/30000)
Epoch 8 :
Train Acc: 80.437% (24131/30000) | Loss: 0.503
Test Acc: 77.687% (23306/30000)
Epoch 9 :
Train Acc: 81.407% (24422/30000) | Loss: 0.497
Test Acc: 72.640% (21792/30000)
Epoch 10 :
Saved Attack Train Ground Truth and Predict Sets
Train F1: 0.826682
AUC: 0.869562
Train Acc: 81.760% (24528/30000) | Loss: 0.491
Saved Attack Test Ground Truth and Predict Sets
Test F1: 0.809327
AUC: 0.820126
Test Acc: 77.893% (23368/30000)
Best Acc: 0.790500
 F1: 0.810676
AUC: 0.844242
Saved Attack Model to results/train_layer/cifar100-mobilenetv2/block_shallow_1_1000/meminf_attack0.pth
