Finished Saving Train Dataset to results/train_layer/cifar10-mobilenetv2/block_shallow_31_1000/meminf_attack_mode0_train.p
Finished Saving Test Dataset to results/train_layer/cifar10-mobilenetv2/block_shallow_31_1000/meminf_attack_mode0_test.p
Epoch 1 :
Train Acc: 63.790% (19137/30000) | Loss: 0.646
Saved Attack Test Ground Truth and Predict Sets
Test F1: 0.491311
AUC: 0.508209
Test Acc: 50.723% (15217/30000)
Epoch 2 :
Train Acc: 65.340% (19602/30000) | Loss: 0.633
Test Acc: 50.707% (15212/30000)
Epoch 3 :
Train Acc: 66.320% (19896/30000) | Loss: 0.624
Saved Attack Test Ground Truth and Predict Sets
Test F1: 0.487607
AUC: 0.507835
Test Acc: 50.730% (15219/30000)
Epoch 4 :
Train Acc: 66.903% (20071/30000) | Loss: 0.615
Test Acc: 50.687% (15206/30000)
Epoch 5 :
Train Acc: 67.017% (20105/30000) | Loss: 0.614
Test Acc: 50.650% (15195/30000)
Epoch 6 :
Train Acc: 67.337% (20201/30000) | Loss: 0.610
Saved Attack Test Ground Truth and Predict Sets
Test F1: 0.502228
AUC: 0.504444
Test Acc: 50.840% (15252/30000)
Epoch 7 :
Train Acc: 67.537% (20261/30000) | Loss: 0.612
Saved Attack Test Ground Truth and Predict Sets
Test F1: 0.460999
AUC: 0.505089
Test Acc: 50.847% (15254/30000)
Epoch 8 :
Train Acc: 67.270% (20181/30000) | Loss: 0.613
Test Acc: 50.667% (15200/30000)
Epoch 9 :
Train Acc: 67.433% (20230/30000) | Loss: 0.613
Test Acc: 50.757% (15227/30000)
Epoch 10 :
Saved Attack Train Ground Truth and Predict Sets
Train F1: 0.748282
AUC: 0.695088
Train Acc: 67.767% (20330/30000) | Loss: 0.610
Saved Attack Test Ground Truth and Predict Sets
Test F1: 0.489136
AUC: 0.505419
Test Acc: 50.780% (15234/30000)
Best Acc: 0.508467
 F1: 0.460999
AUC: 0.505089
Saved Attack Model to results/train_layer/cifar10-mobilenetv2/block_shallow_31_1000/meminf_attack0.pth
