Finished Saving Train Dataset to results/train_layer/tinyimagenet200-vgg16_bn/block_shallow_11_300/meminf_attack_mode0_train.p
Finished Saving Test Dataset to results/train_layer/tinyimagenet200-vgg16_bn/block_shallow_11_300/meminf_attack_mode0_test.p
Epoch 1 :
Train Acc: 51.893% (28541/55000) | Loss: 0.695
Saved Attack Test Ground Truth and Predict Sets
Test F1: 0.666626
AUC: 0.498154
Test Acc: 49.996% (27498/55000)
Epoch 2 :
Train Acc: 55.387% (30463/55000) | Loss: 0.683
Saved Attack Test Ground Truth and Predict Sets
Test F1: 0.322781
AUC: 0.498957
Test Acc: 50.020% (27511/55000)
Epoch 3 :
Train Acc: 52.909% (29100/55000) | Loss: 0.696
Test Acc: 50.005% (27503/55000)
Epoch 4 :
Train Acc: 56.478% (31063/55000) | Loss: 0.683
Saved Attack Test Ground Truth and Predict Sets
Test F1: 0.305800
AUC: 0.499389
Test Acc: 50.033% (27518/55000)
Epoch 5 :
Train Acc: 56.067% (30837/55000) | Loss: 0.685
Test Acc: 49.984% (27491/55000)
Epoch 6 :
Train Acc: 52.995% (29147/55000) | Loss: 0.690
Test Acc: 49.871% (27429/55000)
Epoch 7 :
Train Acc: 56.513% (31082/55000) | Loss: 0.683
Test Acc: 49.940% (27467/55000)
Epoch 8 :
Train Acc: 57.067% (31387/55000) | Loss: 0.679
Saved Attack Test Ground Truth and Predict Sets
Test F1: 0.086378
AUC: 0.498965
Test Acc: 50.076% (27542/55000)
Epoch 9 :
Train Acc: 56.749% (31212/55000) | Loss: 0.679
Test Acc: 49.985% (27492/55000)
Epoch 10 :
Saved Attack Train Ground Truth and Predict Sets
Train F1: 0.556732
AUC: 0.582710
Train Acc: 56.067% (30837/55000) | Loss: 0.682
Saved Attack Test Ground Truth and Predict Sets
Test F1: 0.545332
AUC: 0.498154
Test Acc: 49.796% (27388/55000)
Best Acc: 0.500764
 F1: 0.086378
AUC: 0.498965
Saved Attack Model to results/train_layer/tinyimagenet200-vgg16_bn/block_shallow_11_300/meminf_attack0.pth
