Finished Saving Train Dataset to results/train_layer/tinyimagenet200-vgg16_bn/block_shallow_11_300/meminf_attack_top3_train.p
Finished Saving Test Dataset to results/train_layer/tinyimagenet200-vgg16_bn/block_shallow_11_300/meminf_attack_top3_test.p
Epoch 1 :
Train Acc: 59.302% (32616/55000) | Loss: 0.676
Saved Attack Test Ground Truth and Predict Sets
Test F1: 0.295370
AUC: 0.498652
Test Acc: 49.998% (27499/55000)
Epoch 2 :
Train Acc: 59.571% (32764/55000) | Loss: 0.670
Test Acc: 49.982% (27490/55000)
Epoch 3 :
Train Acc: 59.991% (32995/55000) | Loss: 0.668
Test Acc: 49.980% (27489/55000)
Epoch 4 :
Train Acc: 59.902% (32946/55000) | Loss: 0.668
Test Acc: 49.975% (27486/55000)
Epoch 5 :
Train Acc: 59.951% (32973/55000) | Loss: 0.667
Test Acc: 49.976% (27487/55000)
Epoch 6 :
Train Acc: 59.969% (32983/55000) | Loss: 0.667
Saved Attack Test Ground Truth and Predict Sets
Test F1: 0.240422
AUC: 0.499190
Test Acc: 50.002% (27501/55000)
Epoch 7 :
Train Acc: 60.015% (33008/55000) | Loss: 0.668
Saved Attack Test Ground Truth and Predict Sets
Test F1: 0.229345
AUC: 0.499412
Test Acc: 50.036% (27520/55000)
Epoch 8 :
Train Acc: 60.004% (33002/55000) | Loss: 0.667
Test Acc: 50.036% (27520/55000)
Epoch 9 :
Train Acc: 59.998% (32999/55000) | Loss: 0.667
Saved Attack Test Ground Truth and Predict Sets
Test F1: 0.233828
AUC: 0.499591
Test Acc: 50.040% (27522/55000)
Epoch 10 :
Saved Attack Train Ground Truth and Predict Sets
Train F1: 0.578874
AUC: 0.626643
Train Acc: 59.951% (32973/55000) | Loss: 0.667
Saved Attack Test Ground Truth and Predict Sets
Test F1: 0.233512
AUC: 0.499477
Test Acc: 50.047% (27526/55000)
Best Acc: 0.500473
 F1: 0.233512
AUC: 0.499477
Saved Attack Model to results/train_layer/tinyimagenet200-vgg16_bn/block_shallow_11_300/meminf_top3.pth
