Finished Saving Train Dataset to results/train_layer/cifar10-mobilenetv2/block_shallow_48_1000/meminf_attack_top3_train.p
Finished Saving Test Dataset to results/train_layer/cifar10-mobilenetv2/block_shallow_48_1000/meminf_attack_top3_test.p
Epoch 1 :
Train Acc: 55.380% (16614/30000) | Loss: 0.688
Saved Attack Test Ground Truth and Predict Sets
Test F1: 0.370053
AUC: 0.504790
Test Acc: 50.077% (15023/30000)
Epoch 2 :
Train Acc: 55.143% (16543/30000) | Loss: 0.680
Saved Attack Test Ground Truth and Predict Sets
Test F1: 0.498009
AUC: 0.505162
Test Acc: 50.420% (15126/30000)
Epoch 3 :
Train Acc: 55.713% (16714/30000) | Loss: 0.677
Test Acc: 50.107% (15032/30000)
Epoch 4 :
Train Acc: 55.500% (16650/30000) | Loss: 0.667
Test Acc: 49.920% (14976/30000)
Epoch 5 :
Train Acc: 57.283% (17185/30000) | Loss: 0.661
Test Acc: 50.000% (15000/30000)
Epoch 6 :
Train Acc: 57.657% (17297/30000) | Loss: 0.656
Test Acc: 50.403% (15121/30000)
Epoch 7 :
Train Acc: 57.903% (17371/30000) | Loss: 0.655
Test Acc: 50.320% (15096/30000)
Epoch 8 :
Train Acc: 58.390% (17517/30000) | Loss: 0.651
Test Acc: 50.363% (15109/30000)
Epoch 9 :
Train Acc: 58.830% (17649/30000) | Loss: 0.656
Test Acc: 50.273% (15082/30000)
Epoch 10 :
Saved Attack Train Ground Truth and Predict Sets
Train F1: 0.596871
AUC: 0.611603
Train Acc: 57.310% (17193/30000) | Loss: 0.651
Saved Attack Test Ground Truth and Predict Sets
Test F1: 0.435369
AUC: 0.504733
Test Acc: 50.320% (15096/30000)
Best Acc: 0.504200
 F1: 0.498009
AUC: 0.505162
Saved Attack Model to results/train_layer/cifar10-mobilenetv2/block_shallow_48_1000/meminf_top3.pth
