Finished Saving Train Dataset to results/train_layer_deep/cifar10-mobilenetv2/block_deep_2_1000/meminf_attack_top3_train.p
Finished Saving Test Dataset to results/train_layer_deep/cifar10-mobilenetv2/block_deep_2_1000/meminf_attack_top3_test.p
Epoch 1 :
Train Acc: 55.380% (16614/30000) | Loss: 0.688
Saved Attack Test Ground Truth and Predict Sets
Test F1: 0.650268
AUC: 0.657963
Test Acc: 61.707% (18512/30000)
Epoch 2 :
Train Acc: 55.143% (16543/30000) | Loss: 0.680
Test Acc: 60.547% (18164/30000)
Epoch 3 :
Train Acc: 55.713% (16714/30000) | Loss: 0.677
Test Acc: 51.830% (15549/30000)
Epoch 4 :
Train Acc: 55.500% (16650/30000) | Loss: 0.667
Test Acc: 50.100% (15030/30000)
Epoch 5 :
Train Acc: 57.283% (17185/30000) | Loss: 0.661
Test Acc: 50.000% (15000/30000)
Epoch 6 :
Train Acc: 57.657% (17297/30000) | Loss: 0.656
Test Acc: 57.293% (17188/30000)
Epoch 7 :
Train Acc: 57.903% (17371/30000) | Loss: 0.655
Test Acc: 61.637% (18491/30000)
Epoch 8 :
Train Acc: 58.390% (17517/30000) | Loss: 0.651
Saved Attack Test Ground Truth and Predict Sets
Test F1: 0.689541
AUC: 0.650226
Test Acc: 61.787% (18536/30000)
Epoch 9 :
Train Acc: 58.830% (17649/30000) | Loss: 0.656
Test Acc: 59.570% (17871/30000)
Epoch 10 :
Saved Attack Train Ground Truth and Predict Sets
Train F1: 0.596871
AUC: 0.611603
Train Acc: 57.310% (17193/30000) | Loss: 0.651
Saved Attack Test Ground Truth and Predict Sets
Test F1: 0.692642
AUC: 0.650264
Test Acc: 61.820% (18546/30000)
Best Acc: 0.618200
 F1: 0.692642
AUC: 0.650264
Saved Attack Model to results/train_layer_deep/cifar10-mobilenetv2/block_deep_2_1000/meminf_top3.pth
