Finished Saving Train Dataset to results/train_layer/stl10-mobilenetv2/block_shallow_10_100/meminf_attack_top3_train.p
Finished Saving Test Dataset to results/train_layer/stl10-mobilenetv2/block_shallow_10_100/meminf_attack_top3_test.p
Epoch 1 :
Train Acc: 53.000% (3445/6500) | Loss: 0.685
Saved Attack Test Ground Truth and Predict Sets
Test F1: 0.677413
AUC: 0.638491
Test Acc: 53.200% (3458/6500)
Epoch 2 :
Train Acc: 56.108% (3647/6500) | Loss: 0.683
Saved Attack Test Ground Truth and Predict Sets
Test F1: 0.682507
AUC: 0.642447
Test Acc: 55.185% (3587/6500)
Epoch 3 :
Train Acc: 59.277% (3853/6500) | Loss: 0.680
Saved Attack Test Ground Truth and Predict Sets
Test F1: 0.682691
AUC: 0.642772
Test Acc: 55.523% (3609/6500)
Epoch 4 :
Train Acc: 58.708% (3816/6500) | Loss: 0.676
Saved Attack Test Ground Truth and Predict Sets
Test F1: 0.684892
AUC: 0.644173
Test Acc: 56.200% (3653/6500)
Epoch 5 :
Train Acc: 60.723% (3947/6500) | Loss: 0.671
Saved Attack Test Ground Truth and Predict Sets
Test F1: 0.684222
AUC: 0.643739
Test Acc: 56.277% (3658/6500)
Epoch 6 :
Train Acc: 61.108% (3972/6500) | Loss: 0.665
Saved Attack Test Ground Truth and Predict Sets
Test F1: 0.684305
AUC: 0.646730
Test Acc: 56.862% (3696/6500)
Epoch 7 :
Train Acc: 61.738% (4013/6500) | Loss: 0.657
Test Acc: 56.677% (3684/6500)
Epoch 8 :
Train Acc: 64.000% (4160/6500) | Loss: 0.652
Test Acc: 56.508% (3673/6500)
Epoch 9 :
Train Acc: 58.138% (3779/6500) | Loss: 0.651
Saved Attack Test Ground Truth and Predict Sets
Test F1: 0.688394
AUC: 0.638146
Test Acc: 59.108% (3842/6500)
Epoch 10 :
Saved Attack Train Ground Truth and Predict Sets
Train F1: 0.719216
AUC: 0.658976
Train Acc: 61.200% (3978/6500) | Loss: 0.646
Saved Attack Test Ground Truth and Predict Sets
Test F1: 0.138704
AUC: 0.634534
Test Acc: 50.323% (3271/6500)
Best Acc: 0.591077
 F1: 0.688394
AUC: 0.638146
Saved Attack Model to results/train_layer/stl10-mobilenetv2/block_shallow_10_100/meminf_top3.pth
