Finished Saving Train Dataset to results/train_layer_deep/stl10-mobilenetv2/block_deep_38_100/meminf_attack_mode0_train.p
Finished Saving Test Dataset to results/train_layer_deep/stl10-mobilenetv2/block_deep_38_100/meminf_attack_mode0_test.p
Epoch 1 :
Train Acc: 64.215% (4174/6500) | Loss: 0.654
Saved Attack Test Ground Truth and Predict Sets
Test F1: 0.004281
AUC: 0.493581
Test Acc: 49.908% (3244/6500)
Epoch 2 :
Train Acc: 72.200% (4693/6500) | Loss: 0.613
Saved Attack Test Ground Truth and Predict Sets
Test F1: 0.013337
AUC: 0.493793
Test Acc: 49.923% (3245/6500)
Epoch 3 :
Train Acc: 73.154% (4755/6500) | Loss: 0.587
Saved Attack Test Ground Truth and Predict Sets
Test F1: 0.003676
AUC: 0.495462
Test Acc: 49.969% (3248/6500)
Epoch 4 :
Train Acc: 73.277% (4763/6500) | Loss: 0.573
Test Acc: 49.954% (3247/6500)
Epoch 5 :
Train Acc: 73.246% (4761/6500) | Loss: 0.569
Saved Attack Test Ground Truth and Predict Sets
Test F1: 0.003678
AUC: 0.495870
Test Acc: 49.985% (3249/6500)
Epoch 6 :
Train Acc: 72.938% (4741/6500) | Loss: 0.568
Test Acc: 49.908% (3244/6500)
Epoch 7 :
Train Acc: 72.446% (4709/6500) | Loss: 0.575
Test Acc: 49.938% (3246/6500)
Epoch 8 :
Train Acc: 72.277% (4698/6500) | Loss: 0.574
Saved Attack Test Ground Truth and Predict Sets
Test F1: 0.002455
AUC: 0.495426
Test Acc: 50.000% (3250/6500)
Epoch 9 :
Train Acc: 73.631% (4786/6500) | Loss: 0.565
Test Acc: 49.923% (3245/6500)
Epoch 10 :
Saved Attack Train Ground Truth and Predict Sets
Train F1: 0.777497
AUC: 0.758907
Train Acc: 71.523% (4649/6500) | Loss: 0.587
Saved Attack Test Ground Truth and Predict Sets
Test F1: 0.010946
AUC: 0.493840
Test Acc: 49.954% (3247/6500)
Best Acc: 0.500000
 F1: 0.002455
AUC: 0.495426
Saved Attack Model to results/train_layer_deep/stl10-mobilenetv2/block_deep_38_100/meminf_attack0.pth
