Finished Saving Train Dataset to results/train_layer/tinyimagenet200-resnet18/block_shallow_0_100/meminf_attack_mode0_train.p
Finished Saving Test Dataset to results/train_layer/tinyimagenet200-resnet18/block_shallow_0_100/meminf_attack_mode0_test.p
Epoch 1 :
Train Acc: 78.713% (43292/55000) | Loss: 0.544
Saved Attack Test Ground Truth and Predict Sets
Test F1: 0.760780
AUC: 0.964910
Test Acc: 68.558% (37707/55000)
Epoch 2 :
Train Acc: 79.562% (43759/55000) | Loss: 0.506
Saved Attack Test Ground Truth and Predict Sets
Test F1: 0.773213
AUC: 0.965071
Test Acc: 70.673% (38870/55000)
Epoch 3 :
Train Acc: 83.033% (45668/55000) | Loss: 0.476
Saved Attack Test Ground Truth and Predict Sets
Test F1: 0.921937
AUC: 0.961095
Test Acc: 91.705% (50438/55000)
Epoch 4 :
Train Acc: 82.951% (45623/55000) | Loss: 0.479
Saved Attack Test Ground Truth and Predict Sets
Test F1: 0.926618
AUC: 0.960882
Test Acc: 92.376% (50807/55000)
Epoch 5 :
Train Acc: 86.336% (47485/55000) | Loss: 0.445
Test Acc: 92.315% (50773/55000)
Epoch 6 :
Train Acc: 89.035% (48969/55000) | Loss: 0.420
Test Acc: 92.307% (50769/55000)
Epoch 7 :
Train Acc: 89.295% (49112/55000) | Loss: 0.419
Test Acc: 91.765% (50471/55000)
Epoch 8 :
Train Acc: 87.889% (48339/55000) | Loss: 0.433
Test Acc: 89.747% (49361/55000)
Epoch 9 :
Train Acc: 87.062% (47884/55000) | Loss: 0.441
Test Acc: 86.445% (47545/55000)
Epoch 10 :
Saved Attack Train Ground Truth and Predict Sets
Train F1: 0.882373
AUC: 0.915580
Train Acc: 87.820% (48301/55000) | Loss: 0.434
Saved Attack Test Ground Truth and Predict Sets
Test F1: 0.845850
AUC: 0.836513
Test Acc: 81.791% (44985/55000)
Best Acc: 0.923764
 F1: 0.926618
AUC: 0.960882
Saved Attack Model to results/train_layer/tinyimagenet200-resnet18/block_shallow_0_100/meminf_attack0.pth
