Finished Saving Train Dataset to results/train_layer/tinyimagenet200-resnet18/block_shallow_0_100/meminf_attack_top3_train.p
Finished Saving Test Dataset to results/train_layer/tinyimagenet200-resnet18/block_shallow_0_100/meminf_attack_top3_test.p
Epoch 1 :
Train Acc: 81.260% (44693/55000) | Loss: 0.582
Saved Attack Test Ground Truth and Predict Sets
Test F1: 0.886758
AUC: 0.964035
Test Acc: 87.265% (47996/55000)
Epoch 2 :
Train Acc: 88.315% (48573/55000) | Loss: 0.436
Test Acc: 84.835% (46659/55000)
Epoch 3 :
Train Acc: 82.376% (45307/55000) | Loss: 0.490
Test Acc: 76.482% (42065/55000)
Epoch 4 :
Train Acc: 77.753% (42764/55000) | Loss: 0.535
Test Acc: 83.538% (45946/55000)
Epoch 5 :
Train Acc: 87.582% (48170/55000) | Loss: 0.436
Saved Attack Test Ground Truth and Predict Sets
Test F1: 0.901270
AUC: 0.898711
Test Acc: 89.100% (49005/55000)
Epoch 6 :
Train Acc: 82.589% (45424/55000) | Loss: 0.487
Test Acc: 79.889% (43939/55000)
Epoch 7 :
Train Acc: 76.905% (42298/55000) | Loss: 0.544
Test Acc: 77.475% (42611/55000)
Epoch 8 :
Train Acc: 76.318% (41975/55000) | Loss: 0.549
Test Acc: 78.462% (43154/55000)
Epoch 9 :
Train Acc: 78.282% (43055/55000) | Loss: 0.530
Test Acc: 80.605% (44333/55000)
Epoch 10 :
Saved Attack Train Ground Truth and Predict Sets
Train F1: 0.839185
AUC: 0.811126
Train Acc: 80.838% (44461/55000) | Loss: 0.504
Saved Attack Test Ground Truth and Predict Sets
Test F1: 0.853101
AUC: 0.830214
Test Acc: 82.798% (45539/55000)
Best Acc: 0.891000
 F1: 0.901270
AUC: 0.898711
Saved Attack Model to results/train_layer/tinyimagenet200-resnet18/block_shallow_0_100/meminf_top3.pth
