Finished Saving Train Dataset to results/train_layer/cifar100-mobilenetv2/block_shallow_45_1000/meminf_attack_top3_train.p
Finished Saving Test Dataset to results/train_layer/cifar100-mobilenetv2/block_shallow_45_1000/meminf_attack_top3_test.p
Epoch 1 :
Train Acc: 65.653% (19696/30000) | Loss: 0.670
Saved Attack Test Ground Truth and Predict Sets
Test F1: 0.249949
AUC: 0.511518
Test Acc: 50.627% (15188/30000)
Epoch 2 :
Train Acc: 74.003% (22201/30000) | Loss: 0.593
Test Acc: 50.567% (15170/30000)
Epoch 3 :
Train Acc: 75.310% (22593/30000) | Loss: 0.565
Test Acc: 50.413% (15124/30000)
Epoch 4 :
Train Acc: 67.277% (20183/30000) | Loss: 0.628
Saved Attack Test Ground Truth and Predict Sets
Test F1: 0.337806
AUC: 0.511419
Test Acc: 50.653% (15196/30000)
Epoch 5 :
Train Acc: 71.653% (21496/30000) | Loss: 0.584
Test Acc: 50.647% (15194/30000)
Epoch 6 :
Train Acc: 66.973% (20092/30000) | Loss: 0.641
Test Acc: 50.593% (15178/30000)
Epoch 7 :
Train Acc: 64.467% (19340/30000) | Loss: 0.667
Saved Attack Test Ground Truth and Predict Sets
Test F1: 0.369307
AUC: 0.510977
Test Acc: 50.657% (15197/30000)
Epoch 8 :
Train Acc: 66.770% (20031/30000) | Loss: 0.643
Test Acc: 50.617% (15185/30000)
Epoch 9 :
Train Acc: 72.210% (21663/30000) | Loss: 0.586
Test Acc: 50.510% (15153/30000)
Epoch 10 :
Saved Attack Train Ground Truth and Predict Sets
Train F1: 0.815524
AUC: 0.825050
Train Acc: 78.340% (23502/30000) | Loss: 0.525
Saved Attack Test Ground Truth and Predict Sets
Test F1: 0.117808
AUC: 0.509037
Test Acc: 50.477% (15143/30000)
Best Acc: 0.506567
 F1: 0.369307
AUC: 0.510977
Saved Attack Model to results/train_layer/cifar100-mobilenetv2/block_shallow_45_1000/meminf_top3.pth
