Finished Saving Train Dataset to results/train_layer/tinyimagenet200-resnet34/block_shallow_6_100/meminf_attack_top3_train.p
Finished Saving Test Dataset to results/train_layer/tinyimagenet200-resnet34/block_shallow_6_100/meminf_attack_top3_test.p
Epoch 1 :
Train Acc: 78.562% (43209/55000) | Loss: 0.594
Saved Attack Test Ground Truth and Predict Sets
Test F1: 0.116059
AUC: 0.504478
Test Acc: 50.231% (27627/55000)
Epoch 2 :
Train Acc: 88.322% (48577/55000) | Loss: 0.436
Test Acc: 50.145% (27580/55000)
Epoch 3 :
Train Acc: 79.502% (43726/55000) | Loss: 0.520
Saved Attack Test Ground Truth and Predict Sets
Test F1: 0.315435
AUC: 0.504427
Test Acc: 50.487% (27768/55000)
Epoch 4 :
Train Acc: 77.307% (42519/55000) | Loss: 0.539
Test Acc: 50.220% (27621/55000)
Epoch 5 :
Train Acc: 81.947% (45071/55000) | Loss: 0.491
Saved Attack Test Ground Truth and Predict Sets
Test F1: 0.278868
AUC: 0.504169
Test Acc: 50.538% (27796/55000)
Epoch 6 :
Train Acc: 71.551% (39353/55000) | Loss: 0.597
Test Acc: 50.327% (27680/55000)
Epoch 7 :
Train Acc: 69.402% (38171/55000) | Loss: 0.618
Test Acc: 50.327% (27680/55000)
Epoch 8 :
Train Acc: 71.656% (39411/55000) | Loss: 0.596
Test Acc: 50.505% (27778/55000)
Epoch 9 :
Train Acc: 74.684% (41076/55000) | Loss: 0.566
Saved Attack Test Ground Truth and Predict Sets
Test F1: 0.258834
AUC: 0.505609
Test Acc: 50.540% (27797/55000)
Epoch 10 :
Saved Attack Train Ground Truth and Predict Sets
Train F1: 0.813840
AUC: 0.773616
Train Acc: 77.129% (42421/55000) | Loss: 0.541
Saved Attack Test Ground Truth and Predict Sets
Test F1: 0.214907
AUC: 0.504618
Test Acc: 50.436% (27740/55000)
Best Acc: 0.505400
 F1: 0.258834
AUC: 0.505609
Saved Attack Model to results/train_layer/tinyimagenet200-resnet34/block_shallow_6_100/meminf_top3.pth
