Finished Saving Train Dataset to results/train_layer/stl10-mobilenetv2/block_shallow_18_100/meminf_attack_top3_train.p
Finished Saving Test Dataset to results/train_layer/stl10-mobilenetv2/block_shallow_18_100/meminf_attack_top3_test.p
Epoch 1 :
Train Acc: 53.000% (3445/6500) | Loss: 0.685
Saved Attack Test Ground Truth and Predict Sets
Test F1: 0.663316
AUC: 0.582912
Test Acc: 51.569% (3352/6500)
Epoch 2 :
Train Acc: 56.108% (3647/6500) | Loss: 0.683
Saved Attack Test Ground Truth and Predict Sets
Test F1: 0.660361
AUC: 0.585080
Test Acc: 53.046% (3448/6500)
Epoch 3 :
Train Acc: 59.277% (3853/6500) | Loss: 0.680
Saved Attack Test Ground Truth and Predict Sets
Test F1: 0.659272
AUC: 0.585319
Test Acc: 53.215% (3459/6500)
Epoch 4 :
Train Acc: 58.708% (3816/6500) | Loss: 0.676
Saved Attack Test Ground Truth and Predict Sets
Test F1: 0.658592
AUC: 0.586440
Test Acc: 53.600% (3484/6500)
Epoch 5 :
Train Acc: 60.723% (3947/6500) | Loss: 0.671
Saved Attack Test Ground Truth and Predict Sets
Test F1: 0.658936
AUC: 0.586483
Test Acc: 53.846% (3500/6500)
Epoch 6 :
Train Acc: 61.108% (3972/6500) | Loss: 0.665
Saved Attack Test Ground Truth and Predict Sets
Test F1: 0.655400
AUC: 0.588569
Test Acc: 54.200% (3523/6500)
Epoch 7 :
Train Acc: 61.738% (4013/6500) | Loss: 0.657
Test Acc: 54.123% (3518/6500)
Epoch 8 :
Train Acc: 64.000% (4160/6500) | Loss: 0.652
Test Acc: 54.031% (3512/6500)
Epoch 9 :
Train Acc: 58.138% (3779/6500) | Loss: 0.651
Saved Attack Test Ground Truth and Predict Sets
Test F1: 0.649927
AUC: 0.581881
Test Acc: 55.815% (3628/6500)
Epoch 10 :
Saved Attack Train Ground Truth and Predict Sets
Train F1: 0.719216
AUC: 0.658976
Train Acc: 61.200% (3978/6500) | Loss: 0.646
Saved Attack Test Ground Truth and Predict Sets
Test F1: 0.124932
AUC: 0.582886
Test Acc: 50.215% (3264/6500)
Best Acc: 0.558154
 F1: 0.649927
AUC: 0.581881
Saved Attack Model to results/train_layer/stl10-mobilenetv2/block_shallow_18_100/meminf_top3.pth
