Finished Saving Train Dataset to results/train_layer/stl10-mobilenetv2/block_shallow_28_100/meminf_attack_top3_train.p
Finished Saving Test Dataset to results/train_layer/stl10-mobilenetv2/block_shallow_28_100/meminf_attack_top3_test.p
Epoch 1 :
Train Acc: 53.000% (3445/6500) | Loss: 0.685
Saved Attack Test Ground Truth and Predict Sets
Test F1: 0.657508
AUC: 0.559236
Test Acc: 51.292% (3334/6500)
Epoch 2 :
Train Acc: 56.108% (3647/6500) | Loss: 0.683
Saved Attack Test Ground Truth and Predict Sets
Test F1: 0.646368
AUC: 0.560638
Test Acc: 52.292% (3399/6500)
Epoch 3 :
Train Acc: 59.277% (3853/6500) | Loss: 0.680
Saved Attack Test Ground Truth and Predict Sets
Test F1: 0.643154
AUC: 0.560681
Test Acc: 52.369% (3404/6500)
Epoch 4 :
Train Acc: 58.708% (3816/6500) | Loss: 0.676
Saved Attack Test Ground Truth and Predict Sets
Test F1: 0.639016
AUC: 0.561088
Test Acc: 52.600% (3419/6500)
Epoch 5 :
Train Acc: 60.723% (3947/6500) | Loss: 0.671
Saved Attack Test Ground Truth and Predict Sets
Test F1: 0.638659
AUC: 0.561505
Test Acc: 52.892% (3438/6500)
Epoch 6 :
Train Acc: 61.108% (3972/6500) | Loss: 0.665
Saved Attack Test Ground Truth and Predict Sets
Test F1: 0.633357
AUC: 0.561623
Test Acc: 53.262% (3462/6500)
Epoch 7 :
Train Acc: 61.738% (4013/6500) | Loss: 0.657
Test Acc: 53.262% (3462/6500)
Epoch 8 :
Train Acc: 64.000% (4160/6500) | Loss: 0.652
Test Acc: 52.985% (3444/6500)
Epoch 9 :
Train Acc: 58.138% (3779/6500) | Loss: 0.651
Saved Attack Test Ground Truth and Predict Sets
Test F1: 0.614587
AUC: 0.551394
Test Acc: 54.231% (3525/6500)
Epoch 10 :
Saved Attack Train Ground Truth and Predict Sets
Train F1: 0.719216
AUC: 0.658976
Train Acc: 61.200% (3978/6500) | Loss: 0.646
Saved Attack Test Ground Truth and Predict Sets
Test F1: 0.117139
AUC: 0.550594
Test Acc: 49.677% (3229/6500)
Best Acc: 0.542308
 F1: 0.614587
AUC: 0.551394
Saved Attack Model to results/train_layer/stl10-mobilenetv2/block_shallow_28_100/meminf_top3.pth
