Finished Saving Train Dataset to results/train_layer/stl10-mobilenetv2/block_shallow_12_100/meminf_attack_top3_train.p
Finished Saving Test Dataset to results/train_layer/stl10-mobilenetv2/block_shallow_12_100/meminf_attack_top3_test.p
Epoch 1 :
Train Acc: 53.000% (3445/6500) | Loss: 0.685
Saved Attack Test Ground Truth and Predict Sets
Test F1: 0.673219
AUC: 0.625333
Test Acc: 52.431% (3408/6500)
Epoch 2 :
Train Acc: 56.108% (3647/6500) | Loss: 0.683
Saved Attack Test Ground Truth and Predict Sets
Test F1: 0.678439
AUC: 0.629716
Test Acc: 54.615% (3550/6500)
Epoch 3 :
Train Acc: 59.277% (3853/6500) | Loss: 0.680
Saved Attack Test Ground Truth and Predict Sets
Test F1: 0.680347
AUC: 0.630507
Test Acc: 55.185% (3587/6500)
Epoch 4 :
Train Acc: 58.708% (3816/6500) | Loss: 0.676
Saved Attack Test Ground Truth and Predict Sets
Test F1: 0.680465
AUC: 0.631449
Test Acc: 55.585% (3613/6500)
Epoch 5 :
Train Acc: 60.723% (3947/6500) | Loss: 0.671
Saved Attack Test Ground Truth and Predict Sets
Test F1: 0.680435
AUC: 0.631760
Test Acc: 55.723% (3622/6500)
Epoch 6 :
Train Acc: 61.108% (3972/6500) | Loss: 0.665
Saved Attack Test Ground Truth and Predict Sets
Test F1: 0.683108
AUC: 0.633830
Test Acc: 56.708% (3686/6500)
Epoch 7 :
Train Acc: 61.738% (4013/6500) | Loss: 0.657
Test Acc: 56.323% (3661/6500)
Epoch 8 :
Train Acc: 64.000% (4160/6500) | Loss: 0.652
Test Acc: 56.108% (3647/6500)
Epoch 9 :
Train Acc: 58.138% (3779/6500) | Loss: 0.651
Saved Attack Test Ground Truth and Predict Sets
Test F1: 0.683711
AUC: 0.624103
Test Acc: 58.508% (3803/6500)
Epoch 10 :
Saved Attack Train Ground Truth and Predict Sets
Train F1: 0.719216
AUC: 0.658976
Train Acc: 61.200% (3978/6500) | Loss: 0.646
Saved Attack Test Ground Truth and Predict Sets
Test F1: 0.138593
AUC: 0.621644
Test Acc: 50.277% (3268/6500)
Best Acc: 0.585077
 F1: 0.683711
AUC: 0.624103
Saved Attack Model to results/train_layer/stl10-mobilenetv2/block_shallow_12_100/meminf_top3.pth
