Finished Saving Train Dataset to results/train_layer/tinyimagenet200-vgg16_bn/block_shallow_9_300/meminf_attack_mode0_train.p
Finished Saving Test Dataset to results/train_layer/tinyimagenet200-vgg16_bn/block_shallow_9_300/meminf_attack_mode0_test.p
Epoch 1 :
Train Acc: 51.893% (28541/55000) | Loss: 0.695
Saved Attack Test Ground Truth and Predict Sets
Test F1: 0.666667
AUC: 0.507973
Test Acc: 50.000% (27500/55000)
Epoch 2 :
Train Acc: 55.387% (30463/55000) | Loss: 0.683
Saved Attack Test Ground Truth and Predict Sets
Test F1: 0.393223
AUC: 0.506325
Test Acc: 50.447% (27746/55000)
Epoch 3 :
Train Acc: 52.909% (29100/55000) | Loss: 0.696
Test Acc: 50.000% (27500/55000)
Epoch 4 :
Train Acc: 56.478% (31063/55000) | Loss: 0.683
Test Acc: 50.415% (27728/55000)
Epoch 5 :
Train Acc: 56.067% (30837/55000) | Loss: 0.685
Test Acc: 49.995% (27497/55000)
Epoch 6 :
Train Acc: 52.995% (29147/55000) | Loss: 0.690
Saved Attack Test Ground Truth and Predict Sets
Test F1: 0.593971
AUC: 0.508520
Test Acc: 50.531% (27792/55000)
Epoch 7 :
Train Acc: 56.513% (31082/55000) | Loss: 0.683
Test Acc: 50.136% (27575/55000)
Epoch 8 :
Train Acc: 57.067% (31387/55000) | Loss: 0.679
Test Acc: 50.345% (27690/55000)
Epoch 9 :
Train Acc: 56.749% (31212/55000) | Loss: 0.679
Saved Attack Test Ground Truth and Predict Sets
Test F1: 0.488581
AUC: 0.508187
Test Acc: 50.571% (27814/55000)
Epoch 10 :
Saved Attack Train Ground Truth and Predict Sets
Train F1: 0.556732
AUC: 0.582710
Train Acc: 56.067% (30837/55000) | Loss: 0.682
Saved Attack Test Ground Truth and Predict Sets
Test F1: 0.595336
AUC: 0.508603
Test Acc: 50.435% (27739/55000)
Best Acc: 0.505709
 F1: 0.488581
AUC: 0.508187
Saved Attack Model to results/train_layer/tinyimagenet200-vgg16_bn/block_shallow_9_300/meminf_attack0.pth
