Finished Saving Train Dataset to results/train_layer_deep/cifar10-mobilenetv2/block_deep_49_1000/meminf_attack_top3_train.p
Finished Saving Test Dataset to results/train_layer_deep/cifar10-mobilenetv2/block_deep_49_1000/meminf_attack_top3_test.p
Epoch 1 :
Train Acc: 55.380% (16614/30000) | Loss: 0.688
Saved Attack Test Ground Truth and Predict Sets
Test F1: 0.187753
AUC: 0.495285
Test Acc: 49.817% (14945/30000)
Epoch 2 :
Train Acc: 55.143% (16543/30000) | Loss: 0.680
Saved Attack Test Ground Truth and Predict Sets
Test F1: 0.326589
AUC: 0.497285
Test Acc: 49.853% (14956/30000)
Epoch 3 :
Train Acc: 55.713% (16714/30000) | Loss: 0.677
Saved Attack Test Ground Truth and Predict Sets
Test F1: 0.006747
AUC: 0.496430
Test Acc: 49.950% (14985/30000)
Epoch 4 :
Train Acc: 55.500% (16650/30000) | Loss: 0.667
Saved Attack Test Ground Truth and Predict Sets
Test F1: 0.024938
AUC: 0.496030
Test Acc: 49.953% (14986/30000)
Epoch 5 :
Train Acc: 57.283% (17185/30000) | Loss: 0.661
Saved Attack Test Ground Truth and Predict Sets
Test F1: 0.000000
AUC: 0.496734
Test Acc: 50.000% (15000/30000)
Epoch 6 :
Train Acc: 57.657% (17297/30000) | Loss: 0.656
Saved Attack Test Ground Truth and Predict Sets
Test F1: 0.039004
AUC: 0.497183
Test Acc: 50.067% (15020/30000)
Epoch 7 :
Train Acc: 57.903% (17371/30000) | Loss: 0.655
Saved Attack Test Ground Truth and Predict Sets
Test F1: 0.181092
AUC: 0.497508
Test Acc: 50.137% (15041/30000)
Epoch 8 :
Train Acc: 58.390% (17517/30000) | Loss: 0.651
Test Acc: 50.137% (15041/30000)
Epoch 9 :
Train Acc: 58.830% (17649/30000) | Loss: 0.656
Test Acc: 49.997% (14999/30000)
Epoch 10 :
Saved Attack Train Ground Truth and Predict Sets
Train F1: 0.596871
AUC: 0.611603
Train Acc: 57.310% (17193/30000) | Loss: 0.651
Saved Attack Test Ground Truth and Predict Sets
Test F1: 0.230591
AUC: 0.497669
Test Acc: 50.083% (15025/30000)
Best Acc: 0.501367
 F1: 0.181092
AUC: 0.497508
Saved Attack Model to results/train_layer_deep/cifar10-mobilenetv2/block_deep_49_1000/meminf_top3.pth
