Finished Saving Train Dataset to results/train_layer_deep/stl10-mobilenetv2/block_deep_31_100/meminf_attack_top3_train.p
Finished Saving Test Dataset to results/train_layer_deep/stl10-mobilenetv2/block_deep_31_100/meminf_attack_top3_test.p
Epoch 1 :
Train Acc: 53.000% (3445/6500) | Loss: 0.685
Saved Attack Test Ground Truth and Predict Sets
Test F1: 0.074614
AUC: 0.499350
Test Acc: 49.246% (3201/6500)
Epoch 2 :
Train Acc: 56.108% (3647/6500) | Loss: 0.683
Saved Attack Test Ground Truth and Predict Sets
Test F1: 0.012731
AUC: 0.500112
Test Acc: 49.892% (3243/6500)
Epoch 3 :
Train Acc: 59.277% (3853/6500) | Loss: 0.680
Saved Attack Test Ground Truth and Predict Sets
Test F1: 0.009750
AUC: 0.498075
Test Acc: 50.000% (3250/6500)
Epoch 4 :
Train Acc: 58.708% (3816/6500) | Loss: 0.676
Saved Attack Test Ground Truth and Predict Sets
Test F1: 0.005511
AUC: 0.497517
Test Acc: 50.031% (3252/6500)
Epoch 5 :
Train Acc: 60.723% (3947/6500) | Loss: 0.671
Saved Attack Test Ground Truth and Predict Sets
Test F1: 0.004906
AUC: 0.497278
Test Acc: 50.077% (3255/6500)
Epoch 6 :
Train Acc: 61.108% (3972/6500) | Loss: 0.665
Test Acc: 50.046% (3253/6500)
Epoch 7 :
Train Acc: 61.738% (4013/6500) | Loss: 0.657
Test Acc: 50.062% (3254/6500)
Epoch 8 :
Train Acc: 64.000% (4160/6500) | Loss: 0.652
Test Acc: 50.046% (3253/6500)
Epoch 9 :
Train Acc: 58.138% (3779/6500) | Loss: 0.651
Test Acc: 50.000% (3250/6500)
Epoch 10 :
Saved Attack Train Ground Truth and Predict Sets
Train F1: 0.719216
AUC: 0.658976
Train Acc: 61.200% (3978/6500) | Loss: 0.646
Saved Attack Test Ground Truth and Predict Sets
Test F1: 0.000000
AUC: 0.498073
Test Acc: 50.000% (3250/6500)
Best Acc: 0.500769
 F1: 0.004906
AUC: 0.497278
Saved Attack Model to results/train_layer_deep/stl10-mobilenetv2/block_deep_31_100/meminf_top3.pth
