Finished Saving Train Dataset to results/train_layer_deep/stl10-mobilenetv2/block_deep_11_100/meminf_attack_mode0_train.p
Finished Saving Test Dataset to results/train_layer_deep/stl10-mobilenetv2/block_deep_11_100/meminf_attack_mode0_test.p
Epoch 1 :
Train Acc: 64.215% (4174/6500) | Loss: 0.654
Saved Attack Test Ground Truth and Predict Sets
Test F1: 0.040024
AUC: 0.514920
Test Acc: 50.554% (3286/6500)
Epoch 2 :
Train Acc: 72.200% (4693/6500) | Loss: 0.613
Saved Attack Test Ground Truth and Predict Sets
Test F1: 0.109009
AUC: 0.524790
Test Acc: 51.462% (3345/6500)
Epoch 3 :
Train Acc: 73.154% (4755/6500) | Loss: 0.587
Test Acc: 50.369% (3274/6500)
Epoch 4 :
Train Acc: 73.277% (4763/6500) | Loss: 0.573
Test Acc: 51.385% (3340/6500)
Epoch 5 :
Train Acc: 73.246% (4761/6500) | Loss: 0.569
Test Acc: 50.400% (3276/6500)
Epoch 6 :
Train Acc: 72.938% (4741/6500) | Loss: 0.568
Saved Attack Test Ground Truth and Predict Sets
Test F1: 0.118502
AUC: 0.518261
Test Acc: 51.477% (3346/6500)
Epoch 7 :
Train Acc: 72.446% (4709/6500) | Loss: 0.575
Test Acc: 50.831% (3304/6500)
Epoch 8 :
Train Acc: 72.277% (4698/6500) | Loss: 0.574
Test Acc: 50.385% (3275/6500)
Epoch 9 :
Train Acc: 73.631% (4786/6500) | Loss: 0.565
Test Acc: 51.446% (3344/6500)
Epoch 10 :
Saved Attack Train Ground Truth and Predict Sets
Train F1: 0.777497
AUC: 0.758907
Train Acc: 71.523% (4649/6500) | Loss: 0.587
Saved Attack Test Ground Truth and Predict Sets
Test F1: 0.104490
AUC: 0.519287
Test Acc: 51.215% (3329/6500)
Best Acc: 0.514769
 F1: 0.118502
AUC: 0.518261
Saved Attack Model to results/train_layer_deep/stl10-mobilenetv2/block_deep_11_100/meminf_attack0.pth
