Finished Saving Train Dataset to results/train_layer/tinyimagenet200-vgg16_bn/block_shallow_6_100/meminf_attack_top3_train.p
Finished Saving Test Dataset to results/train_layer/tinyimagenet200-vgg16_bn/block_shallow_6_100/meminf_attack_top3_test.p
Epoch 1 :
Train Acc: 59.302% (32616/55000) | Loss: 0.676
Saved Attack Test Ground Truth and Predict Sets
Test F1: 0.411459
AUC: 0.510255
Test Acc: 50.769% (27923/55000)
Epoch 2 :
Train Acc: 59.571% (32764/55000) | Loss: 0.670
Test Acc: 50.715% (27893/55000)
Epoch 3 :
Train Acc: 59.991% (32995/55000) | Loss: 0.668
Test Acc: 50.667% (27867/55000)
Epoch 4 :
Train Acc: 59.902% (32946/55000) | Loss: 0.668
Saved Attack Test Ground Truth and Predict Sets
Test F1: 0.281583
AUC: 0.511376
Test Acc: 50.773% (27925/55000)
Epoch 5 :
Train Acc: 59.951% (32973/55000) | Loss: 0.667
Test Acc: 50.756% (27916/55000)
Epoch 6 :
Train Acc: 59.969% (32983/55000) | Loss: 0.667
Saved Attack Test Ground Truth and Predict Sets
Test F1: 0.369682
AUC: 0.511684
Test Acc: 50.784% (27931/55000)
Epoch 7 :
Train Acc: 60.015% (33008/55000) | Loss: 0.668
Test Acc: 50.725% (27899/55000)
Epoch 8 :
Train Acc: 60.004% (33002/55000) | Loss: 0.667
Test Acc: 50.727% (27900/55000)
Epoch 9 :
Train Acc: 59.998% (32999/55000) | Loss: 0.667
Test Acc: 50.702% (27886/55000)
Epoch 10 :
Saved Attack Train Ground Truth and Predict Sets
Train F1: 0.578874
AUC: 0.626643
Train Acc: 59.951% (32973/55000) | Loss: 0.667
Saved Attack Test Ground Truth and Predict Sets
Test F1: 0.362504
AUC: 0.512166
Test Acc: 50.676% (27872/55000)
Best Acc: 0.507836
 F1: 0.369682
AUC: 0.511684
Saved Attack Model to results/train_layer/tinyimagenet200-vgg16_bn/block_shallow_6_100/meminf_top3.pth
