Finished Saving Train Dataset to results/train_layer_deep/cifar10-mobilenetv2/block_deep_43_1000/meminf_attack_mode0_train.p
Finished Saving Test Dataset to results/train_layer_deep/cifar10-mobilenetv2/block_deep_43_1000/meminf_attack_mode0_test.p
Epoch 1 :
Train Acc: 63.790% (19137/30000) | Loss: 0.646
Saved Attack Test Ground Truth and Predict Sets
Test F1: 0.098157
AUC: 0.499140
Test Acc: 50.080% (15024/30000)
Epoch 2 :
Train Acc: 65.340% (19602/30000) | Loss: 0.633
Test Acc: 49.923% (14977/30000)
Epoch 3 :
Train Acc: 66.320% (19896/30000) | Loss: 0.624
Test Acc: 50.013% (15004/30000)
Epoch 4 :
Train Acc: 66.903% (20071/30000) | Loss: 0.615
Test Acc: 49.900% (14970/30000)
Epoch 5 :
Train Acc: 67.017% (20105/30000) | Loss: 0.614
Saved Attack Test Ground Truth and Predict Sets
Test F1: 0.088762
AUC: 0.499298
Test Acc: 50.107% (15032/30000)
Epoch 6 :
Train Acc: 67.337% (20201/30000) | Loss: 0.610
Test Acc: 50.017% (15005/30000)
Epoch 7 :
Train Acc: 67.537% (20261/30000) | Loss: 0.612
Saved Attack Test Ground Truth and Predict Sets
Test F1: 0.080948
AUC: 0.499301
Test Acc: 50.120% (15036/30000)
Epoch 8 :
Train Acc: 67.270% (20181/30000) | Loss: 0.613
Test Acc: 49.993% (14998/30000)
Epoch 9 :
Train Acc: 67.433% (20230/30000) | Loss: 0.613
Test Acc: 50.120% (15036/30000)
Epoch 10 :
Saved Attack Train Ground Truth and Predict Sets
Train F1: 0.748282
AUC: 0.695088
Train Acc: 67.767% (20330/30000) | Loss: 0.610
Saved Attack Test Ground Truth and Predict Sets
Test F1: 0.096834
AUC: 0.499059
Test Acc: 50.070% (15021/30000)
Best Acc: 0.501200
 F1: 0.080948
AUC: 0.499301
Saved Attack Model to results/train_layer_deep/cifar10-mobilenetv2/block_deep_43_1000/meminf_attack0.pth
