Finished Saving Train Dataset to results/train_layer_deep/stl10-mobilenetv2/block_deep_1_100/meminf_attack_top3_train.p
Finished Saving Test Dataset to results/train_layer_deep/stl10-mobilenetv2/block_deep_1_100/meminf_attack_top3_test.p
Epoch 1 :
Train Acc: 53.000% (3445/6500) | Loss: 0.685
Saved Attack Test Ground Truth and Predict Sets
Test F1: 0.698957
AUC: 0.683508
Test Acc: 62.708% (4076/6500)
Epoch 2 :
Train Acc: 56.108% (3647/6500) | Loss: 0.683
Saved Attack Test Ground Truth and Predict Sets
Test F1: 0.657201
AUC: 0.676084
Test Acc: 63.600% (4134/6500)
Epoch 3 :
Train Acc: 59.277% (3853/6500) | Loss: 0.680
Test Acc: 63.200% (4108/6500)
Epoch 4 :
Train Acc: 58.708% (3816/6500) | Loss: 0.676
Test Acc: 62.369% (4054/6500)
Epoch 5 :
Train Acc: 60.723% (3947/6500) | Loss: 0.671
Test Acc: 62.092% (4036/6500)
Epoch 6 :
Train Acc: 61.108% (3972/6500) | Loss: 0.665
Test Acc: 59.785% (3886/6500)
Epoch 7 :
Train Acc: 61.738% (4013/6500) | Loss: 0.657
Test Acc: 60.431% (3928/6500)
Epoch 8 :
Train Acc: 64.000% (4160/6500) | Loss: 0.652
Test Acc: 61.185% (3977/6500)
Epoch 9 :
Train Acc: 58.138% (3779/6500) | Loss: 0.651
Test Acc: 54.338% (3532/6500)
Epoch 10 :
Saved Attack Train Ground Truth and Predict Sets
Train F1: 0.719216
AUC: 0.658976
Train Acc: 61.200% (3978/6500) | Loss: 0.646
Saved Attack Test Ground Truth and Predict Sets
Test F1: 0.124213
AUC: 0.653449
Test Acc: 50.754% (3299/6500)
Best Acc: 0.636000
 F1: 0.657201
AUC: 0.676084
Saved Attack Model to results/train_layer_deep/stl10-mobilenetv2/block_deep_1_100/meminf_top3.pth
