Finished Saving Train Dataset to results/train_layer/cifar100-mobilenetv2/block_shallow_29_1000/meminf_attack_mode0_train.p
Finished Saving Test Dataset to results/train_layer/cifar100-mobilenetv2/block_shallow_29_1000/meminf_attack_mode0_test.p
Epoch 1 :
Train Acc: 78.257% (23477/30000) | Loss: 0.545
Saved Attack Test Ground Truth and Predict Sets
Test F1: 0.527933
AUC: 0.546686
Test Acc: 53.693% (16108/30000)
Epoch 2 :
Train Acc: 73.730% (22119/30000) | Loss: 0.563
Test Acc: 53.437% (16031/30000)
Epoch 3 :
Train Acc: 75.783% (22735/30000) | Loss: 0.548
Test Acc: 53.433% (16030/30000)
Epoch 4 :
Train Acc: 77.413% (23224/30000) | Loss: 0.535
Test Acc: 52.400% (15720/30000)
Epoch 5 :
Train Acc: 76.710% (23013/30000) | Loss: 0.541
Test Acc: 53.500% (16050/30000)
Epoch 6 :
Train Acc: 78.513% (23554/30000) | Loss: 0.523
Test Acc: 53.063% (15919/30000)
Epoch 7 :
Train Acc: 78.663% (23599/30000) | Loss: 0.523
Saved Attack Test Ground Truth and Predict Sets
Test F1: 0.523991
AUC: 0.545879
Test Acc: 53.737% (16121/30000)
Epoch 8 :
Train Acc: 80.437% (24131/30000) | Loss: 0.503
Test Acc: 53.187% (15956/30000)
Epoch 9 :
Train Acc: 81.407% (24422/30000) | Loss: 0.497
Test Acc: 53.710% (16113/30000)
Epoch 10 :
Saved Attack Train Ground Truth and Predict Sets
Train F1: 0.826682
AUC: 0.869562
Train Acc: 81.760% (24528/30000) | Loss: 0.491
Saved Attack Test Ground Truth and Predict Sets
Test F1: 0.375953
AUC: 0.544128
Test Acc: 53.080% (15924/30000)
Best Acc: 0.537367
 F1: 0.523991
AUC: 0.545879
Saved Attack Model to results/train_layer/cifar100-mobilenetv2/block_shallow_29_1000/meminf_attack0.pth
