Finished Saving Train Dataset to results/train_layer_deep/cifar10-mobilenetv2/block_deep_25_1000/meminf_attack_top3_train.p
Finished Saving Test Dataset to results/train_layer_deep/cifar10-mobilenetv2/block_deep_25_1000/meminf_attack_top3_test.p
Epoch 1 :
Train Acc: 55.380% (16614/30000) | Loss: 0.688
Saved Attack Test Ground Truth and Predict Sets
Test F1: 0.261016
AUC: 0.501184
Test Acc: 50.133% (15040/30000)
Epoch 2 :
Train Acc: 55.143% (16543/30000) | Loss: 0.680
Test Acc: 50.053% (15016/30000)
Epoch 3 :
Train Acc: 55.713% (16714/30000) | Loss: 0.677
Test Acc: 50.040% (15012/30000)
Epoch 4 :
Train Acc: 55.500% (16650/30000) | Loss: 0.667
Test Acc: 49.943% (14983/30000)
Epoch 5 :
Train Acc: 57.283% (17185/30000) | Loss: 0.661
Test Acc: 50.000% (15000/30000)
Epoch 6 :
Train Acc: 57.657% (17297/30000) | Loss: 0.656
Saved Attack Test Ground Truth and Predict Sets
Test F1: 0.056166
AUC: 0.502226
Test Acc: 50.147% (15044/30000)
Epoch 7 :
Train Acc: 57.903% (17371/30000) | Loss: 0.655
Saved Attack Test Ground Truth and Predict Sets
Test F1: 0.246879
AUC: 0.502505
Test Acc: 50.337% (15101/30000)
Epoch 8 :
Train Acc: 58.390% (17517/30000) | Loss: 0.651
Test Acc: 50.283% (15085/30000)
Epoch 9 :
Train Acc: 58.830% (17649/30000) | Loss: 0.656
Test Acc: 50.157% (15047/30000)
Epoch 10 :
Saved Attack Train Ground Truth and Predict Sets
Train F1: 0.596871
AUC: 0.611603
Train Acc: 57.310% (17193/30000) | Loss: 0.651
Saved Attack Test Ground Truth and Predict Sets
Test F1: 0.297479
AUC: 0.502392
Test Acc: 50.297% (15089/30000)
Best Acc: 0.503367
 F1: 0.246879
AUC: 0.502505
Saved Attack Model to results/train_layer_deep/cifar10-mobilenetv2/block_deep_25_1000/meminf_top3.pth
