Finished Saving Train Dataset to results/train_layer/tinyimagenet200-mobilenetv2/block_shallow_53_1000/meminf_attack_top3_train.p
Finished Saving Test Dataset to results/train_layer/tinyimagenet200-mobilenetv2/block_shallow_53_1000/meminf_attack_top3_test.p
Epoch 1 :
Train Acc: 50.307% (27669/55000) | Loss: 0.692
Saved Attack Test Ground Truth and Predict Sets
Test F1: 0.520717
AUC: 0.502060
Test Acc: 50.176% (27597/55000)
Epoch 2 :
Train Acc: 50.382% (27710/55000) | Loss: 0.692
Test Acc: 50.011% (27506/55000)
Epoch 3 :
Train Acc: 50.795% (27937/55000) | Loss: 0.692
Test Acc: 49.993% (27496/55000)
Epoch 4 :
Train Acc: 51.022% (28062/55000) | Loss: 0.692
Saved Attack Test Ground Truth and Predict Sets
Test F1: 0.250513
AUC: 0.502065
Test Acc: 50.184% (27601/55000)
Epoch 5 :
Train Acc: 50.944% (28019/55000) | Loss: 0.692
Test Acc: 50.065% (27536/55000)
Epoch 6 :
Train Acc: 51.067% (28087/55000) | Loss: 0.692
Test Acc: 49.869% (27428/55000)
Epoch 7 :
Train Acc: 51.040% (28072/55000) | Loss: 0.692
Test Acc: 50.118% (27565/55000)
Epoch 8 :
Train Acc: 51.013% (28057/55000) | Loss: 0.692
Test Acc: 49.987% (27493/55000)
Epoch 9 :
Train Acc: 51.085% (28097/55000) | Loss: 0.692
Test Acc: 49.958% (27477/55000)
Epoch 10 :
Saved Attack Train Ground Truth and Predict Sets
Train F1: 0.420735
AUC: 0.515274
Train Acc: 51.136% (28125/55000) | Loss: 0.692
Saved Attack Test Ground Truth and Predict Sets
Test F1: 0.149010
AUC: 0.502434
Test Acc: 49.993% (27496/55000)
Best Acc: 0.501836
 F1: 0.250513
AUC: 0.502065
Saved Attack Model to results/train_layer/tinyimagenet200-mobilenetv2/block_shallow_53_1000/meminf_top3.pth
