Finished Saving Train Dataset to results/train_layer_deep/cifar100-mobilenetv2/block_deep_8_1000/meminf_attack_top3_train.p
Finished Saving Test Dataset to results/train_layer_deep/cifar100-mobilenetv2/block_deep_8_1000/meminf_attack_top3_test.p
Epoch 1 :
Train Acc: 65.653% (19696/30000) | Loss: 0.670
Saved Attack Test Ground Truth and Predict Sets
Test F1: 0.035742
AUC: 0.520897
Test Acc: 50.360% (15108/30000)
Epoch 2 :
Train Acc: 74.003% (22201/30000) | Loss: 0.593
Test Acc: 50.147% (15044/30000)
Epoch 3 :
Train Acc: 75.310% (22593/30000) | Loss: 0.565
Test Acc: 50.057% (15017/30000)
Epoch 4 :
Train Acc: 67.277% (20183/30000) | Loss: 0.628
Saved Attack Test Ground Truth and Predict Sets
Test F1: 0.079047
AUC: 0.519933
Test Acc: 50.757% (15227/30000)
Epoch 5 :
Train Acc: 71.653% (21496/30000) | Loss: 0.584
Test Acc: 50.290% (15087/30000)
Epoch 6 :
Train Acc: 66.973% (20092/30000) | Loss: 0.641
Saved Attack Test Ground Truth and Predict Sets
Test F1: 0.103925
AUC: 0.518620
Test Acc: 50.910% (15273/30000)
Epoch 7 :
Train Acc: 64.467% (19340/30000) | Loss: 0.667
Test Acc: 50.910% (15273/30000)
Epoch 8 :
Train Acc: 66.770% (20031/30000) | Loss: 0.643
Test Acc: 50.677% (15203/30000)
Epoch 9 :
Train Acc: 72.210% (21663/30000) | Loss: 0.586
Test Acc: 50.097% (15029/30000)
Epoch 10 :
Saved Attack Train Ground Truth and Predict Sets
Train F1: 0.815524
AUC: 0.825050
Train Acc: 78.340% (23502/30000) | Loss: 0.525
Saved Attack Test Ground Truth and Predict Sets
Test F1: 0.005049
AUC: 0.517793
Test Acc: 50.080% (15024/30000)
Best Acc: 0.509100
 F1: 0.103925
AUC: 0.518620
Saved Attack Model to results/train_layer_deep/cifar100-mobilenetv2/block_deep_8_1000/meminf_top3.pth
