Finished Saving Train Dataset to results/train_layer_deep/tinyimagenet200-mobilenetv2/block_deep_32_1000/meminf_attack_top3_train.p
Finished Saving Test Dataset to results/train_layer_deep/tinyimagenet200-mobilenetv2/block_deep_32_1000/meminf_attack_top3_test.p
Epoch 1 :
Train Acc: 50.307% (27669/55000) | Loss: 0.692
Saved Attack Test Ground Truth and Predict Sets
Test F1: 0.611476
AUC: 0.500797
Test Acc: 50.031% (27517/55000)
Epoch 2 :
Train Acc: 50.382% (27710/55000) | Loss: 0.692
Saved Attack Test Ground Truth and Predict Sets
Test F1: 0.462954
AUC: 0.500744
Test Acc: 50.118% (27565/55000)
Epoch 3 :
Train Acc: 50.795% (27937/55000) | Loss: 0.692
Test Acc: 49.900% (27445/55000)
Epoch 4 :
Train Acc: 51.022% (28062/55000) | Loss: 0.692
Test Acc: 49.944% (27469/55000)
Epoch 5 :
Train Acc: 50.944% (28019/55000) | Loss: 0.692
Test Acc: 49.916% (27454/55000)
Epoch 6 :
Train Acc: 51.067% (28087/55000) | Loss: 0.692
Test Acc: 49.956% (27476/55000)
Epoch 7 :
Train Acc: 51.040% (28072/55000) | Loss: 0.692
Test Acc: 49.896% (27443/55000)
Epoch 8 :
Train Acc: 51.013% (28057/55000) | Loss: 0.692
Test Acc: 49.907% (27449/55000)
Epoch 9 :
Train Acc: 51.085% (28097/55000) | Loss: 0.692
Test Acc: 50.000% (27500/55000)
Epoch 10 :
Saved Attack Train Ground Truth and Predict Sets
Train F1: 0.420735
AUC: 0.515274
Train Acc: 51.136% (28125/55000) | Loss: 0.692
Saved Attack Test Ground Truth and Predict Sets
Test F1: 0.233431
AUC: 0.500620
Test Acc: 49.929% (27461/55000)
Best Acc: 0.501182
 F1: 0.462954
AUC: 0.500744
Saved Attack Model to results/train_layer_deep/tinyimagenet200-mobilenetv2/block_deep_32_1000/meminf_top3.pth
