Finished Saving Train Dataset to results/train_layer/tinyimagenet200-resnet34/block_shallow_3_300/meminf_attack_mode0_train.p
Finished Saving Test Dataset to results/train_layer/tinyimagenet200-resnet34/block_shallow_3_300/meminf_attack_mode0_test.p
Epoch 1 :
Train Acc: 89.113% (49012/55000) | Loss: 0.456
Saved Attack Test Ground Truth and Predict Sets
Test F1: 0.305902
AUC: 0.757676
Test Acc: 56.955% (31325/55000)
Epoch 2 :
Train Acc: 81.976% (45087/55000) | Loss: 0.486
Saved Attack Test Ground Truth and Predict Sets
Test F1: 0.646319
AUC: 0.763419
Test Acc: 69.324% (38128/55000)
Epoch 3 :
Train Acc: 86.295% (47462/55000) | Loss: 0.447
Saved Attack Test Ground Truth and Predict Sets
Test F1: 0.702268
AUC: 0.763925
Test Acc: 71.353% (39244/55000)
Epoch 4 :
Train Acc: 87.689% (48229/55000) | Loss: 0.434
Test Acc: 62.418% (34330/55000)
Epoch 5 :
Train Acc: 90.433% (49738/55000) | Loss: 0.408
Test Acc: 58.455% (32150/55000)
Epoch 6 :
Train Acc: 91.509% (50330/55000) | Loss: 0.397
Test Acc: 68.180% (37499/55000)
Epoch 7 :
Train Acc: 93.045% (51175/55000) | Loss: 0.382
Test Acc: 67.162% (36939/55000)
Epoch 8 :
Train Acc: 94.267% (51847/55000) | Loss: 0.370
Test Acc: 61.240% (33682/55000)
Epoch 9 :
Train Acc: 94.291% (51860/55000) | Loss: 0.370
Test Acc: 65.916% (36254/55000)
Epoch 10 :
Saved Attack Train Ground Truth and Predict Sets
Train F1: 0.944467
AUC: 0.947030
Train Acc: 94.184% (51801/55000) | Loss: 0.371
Saved Attack Test Ground Truth and Predict Sets
Test F1: 0.600045
AUC: 0.695610
Test Acc: 67.378% (37058/55000)
Best Acc: 0.713527
 F1: 0.702268
AUC: 0.763925
Saved Attack Model to results/train_layer/tinyimagenet200-resnet34/block_shallow_3_300/meminf_attack0.pth
