Finished Saving Train Dataset to results/train_layer/cifar10-mobilenetv2/block_shallow_10_1000/meminf_attack_top3_train.p
Finished Saving Test Dataset to results/train_layer/cifar10-mobilenetv2/block_shallow_10_1000/meminf_attack_top3_test.p
Epoch 1 :
Train Acc: 55.380% (16614/30000) | Loss: 0.688
Saved Attack Test Ground Truth and Predict Sets
Test F1: 0.632442
AUC: 0.561848
Test Acc: 55.157% (16547/30000)
Epoch 2 :
Train Acc: 55.143% (16543/30000) | Loss: 0.680
Test Acc: 53.560% (16068/30000)
Epoch 3 :
Train Acc: 55.713% (16714/30000) | Loss: 0.677
Test Acc: 54.363% (16309/30000)
Epoch 4 :
Train Acc: 55.500% (16650/30000) | Loss: 0.667
Test Acc: 50.320% (15096/30000)
Epoch 5 :
Train Acc: 57.283% (17185/30000) | Loss: 0.661
Test Acc: 50.000% (15000/30000)
Epoch 6 :
Train Acc: 57.657% (17297/30000) | Loss: 0.656
Saved Attack Test Ground Truth and Predict Sets
Test F1: 0.573388
AUC: 0.568904
Test Acc: 55.220% (16566/30000)
Epoch 7 :
Train Acc: 57.903% (17371/30000) | Loss: 0.655
Test Acc: 54.730% (16419/30000)
Epoch 8 :
Train Acc: 58.390% (17517/30000) | Loss: 0.651
Test Acc: 54.617% (16385/30000)
Epoch 9 :
Train Acc: 58.830% (17649/30000) | Loss: 0.656
Saved Attack Test Ground Truth and Predict Sets
Test F1: 0.618101
AUC: 0.568895
Test Acc: 55.440% (16632/30000)
Epoch 10 :
Saved Attack Train Ground Truth and Predict Sets
Train F1: 0.596871
AUC: 0.611603
Train Acc: 57.310% (17193/30000) | Loss: 0.651
Saved Attack Test Ground Truth and Predict Sets
Test F1: 0.643453
AUC: 0.568791
Test Acc: 54.537% (16361/30000)
Best Acc: 0.554400
 F1: 0.618101
AUC: 0.568895
Saved Attack Model to results/train_layer/cifar10-mobilenetv2/block_shallow_10_1000/meminf_top3.pth
