Finished Saving Train Dataset to results/train_layer_deep/stl10-resnet50/block_deep_13_100/meminf_attack_top3_train.p
Finished Saving Test Dataset to results/train_layer_deep/stl10-resnet50/block_deep_13_100/meminf_attack_top3_test.p
Epoch 1 :
Train Acc: 53.308% (3465/6500) | Loss: 0.685
Saved Attack Test Ground Truth and Predict Sets
Test F1: 0.469358
AUC: 0.501540
Test Acc: 50.046% (3253/6500)
Epoch 2 :
Train Acc: 56.154% (3650/6500) | Loss: 0.682
Test Acc: 49.354% (3208/6500)
Epoch 3 :
Train Acc: 59.354% (3858/6500) | Loss: 0.679
Test Acc: 49.615% (3225/6500)
Epoch 4 :
Train Acc: 59.338% (3857/6500) | Loss: 0.675
Test Acc: 50.000% (3250/6500)
Epoch 5 :
Train Acc: 60.692% (3945/6500) | Loss: 0.670
Saved Attack Test Ground Truth and Predict Sets
Test F1: 0.271072
AUC: 0.500710
Test Acc: 50.108% (3257/6500)
Epoch 6 :
Train Acc: 61.585% (4003/6500) | Loss: 0.662
Test Acc: 50.062% (3254/6500)
Epoch 7 :
Train Acc: 62.862% (4086/6500) | Loss: 0.655
Saved Attack Test Ground Truth and Predict Sets
Test F1: 0.255114
AUC: 0.500515
Test Acc: 50.138% (3259/6500)
Epoch 8 :
Train Acc: 60.262% (3917/6500) | Loss: 0.650
Saved Attack Test Ground Truth and Predict Sets
Test F1: 0.172757
AUC: 0.500592
Test Acc: 50.200% (3263/6500)
Epoch 9 :
Train Acc: 60.954% (3962/6500) | Loss: 0.645
Test Acc: 50.108% (3257/6500)
Epoch 10 :
Saved Attack Train Ground Truth and Predict Sets
Train F1: 0.642707
AUC: 0.628380
Train Acc: 58.246% (3786/6500) | Loss: 0.656
Saved Attack Test Ground Truth and Predict Sets
Test F1: 0.326212
AUC: 0.500510
Test Acc: 49.538% (3220/6500)
Best Acc: 0.502000
 F1: 0.172757
AUC: 0.500592
Saved Attack Model to results/train_layer_deep/stl10-resnet50/block_deep_13_100/meminf_top3.pth
