Finished Saving Train Dataset to results/train_layer_deep/cifar100-mobilenetv2/block_deep_39_1000/meminf_attack_mode0_train.p
Finished Saving Test Dataset to results/train_layer_deep/cifar100-mobilenetv2/block_deep_39_1000/meminf_attack_mode0_test.p
Epoch 1 :
Train Acc: 78.257% (23477/30000) | Loss: 0.545
Saved Attack Test Ground Truth and Predict Sets
Test F1: 0.075025
AUC: 0.498877
Test Acc: 50.027% (15008/30000)
Epoch 2 :
Train Acc: 73.730% (22119/30000) | Loss: 0.563
Saved Attack Test Ground Truth and Predict Sets
Test F1: 0.013567
AUC: 0.497847
Test Acc: 50.073% (15022/30000)
Epoch 3 :
Train Acc: 75.783% (22735/30000) | Loss: 0.548
Saved Attack Test Ground Truth and Predict Sets
Test F1: 0.013180
AUC: 0.497825
Test Acc: 50.087% (15026/30000)
Epoch 4 :
Train Acc: 77.413% (23224/30000) | Loss: 0.535
Test Acc: 49.987% (14996/30000)
Epoch 5 :
Train Acc: 76.710% (23013/30000) | Loss: 0.541
Test Acc: 49.990% (14997/30000)
Epoch 6 :
Train Acc: 78.513% (23554/30000) | Loss: 0.523
Test Acc: 49.997% (14999/30000)
Epoch 7 :
Train Acc: 78.663% (23599/30000) | Loss: 0.523
Test Acc: 50.007% (15002/30000)
Epoch 8 :
Train Acc: 80.437% (24131/30000) | Loss: 0.503
Test Acc: 49.997% (14999/30000)
Epoch 9 :
Train Acc: 81.407% (24422/30000) | Loss: 0.497
Test Acc: 49.967% (14990/30000)
Epoch 10 :
Saved Attack Train Ground Truth and Predict Sets
Train F1: 0.826682
AUC: 0.869562
Train Acc: 81.760% (24528/30000) | Loss: 0.491
Saved Attack Test Ground Truth and Predict Sets
Test F1: 0.002660
AUC: 0.497665
Test Acc: 50.003% (15001/30000)
Best Acc: 0.500867
 F1: 0.013180
AUC: 0.497825
Saved Attack Model to results/train_layer_deep/cifar100-mobilenetv2/block_deep_39_1000/meminf_attack0.pth
