Finished Saving Train Dataset to results/train_layer/stl10-mobilenetv2/block_shallow_1_100/meminf_attack_top3_train.p
Finished Saving Test Dataset to results/train_layer/stl10-mobilenetv2/block_shallow_1_100/meminf_attack_top3_test.p
Epoch 1 :
Train Acc: 53.000% (3445/6500) | Loss: 0.685
Saved Attack Test Ground Truth and Predict Sets
Test F1: 0.682511
AUC: 0.712896
Test Acc: 53.554% (3481/6500)
Epoch 2 :
Train Acc: 56.108% (3647/6500) | Loss: 0.683
Saved Attack Test Ground Truth and Predict Sets
Test F1: 0.695083
AUC: 0.718181
Test Acc: 56.308% (3660/6500)
Epoch 3 :
Train Acc: 59.277% (3853/6500) | Loss: 0.680
Saved Attack Test Ground Truth and Predict Sets
Test F1: 0.697208
AUC: 0.719334
Test Acc: 56.785% (3691/6500)
Epoch 4 :
Train Acc: 58.708% (3816/6500) | Loss: 0.676
Saved Attack Test Ground Truth and Predict Sets
Test F1: 0.701324
AUC: 0.721729
Test Acc: 57.662% (3748/6500)
Epoch 5 :
Train Acc: 60.723% (3947/6500) | Loss: 0.671
Saved Attack Test Ground Truth and Predict Sets
Test F1: 0.702950
AUC: 0.723753
Test Acc: 58.015% (3771/6500)
Epoch 6 :
Train Acc: 61.108% (3972/6500) | Loss: 0.665
Saved Attack Test Ground Truth and Predict Sets
Test F1: 0.709259
AUC: 0.728750
Test Acc: 59.323% (3856/6500)
Epoch 7 :
Train Acc: 61.738% (4013/6500) | Loss: 0.657
Test Acc: 58.862% (3826/6500)
Epoch 8 :
Train Acc: 64.000% (4160/6500) | Loss: 0.652
Test Acc: 58.462% (3800/6500)
Epoch 9 :
Train Acc: 58.138% (3779/6500) | Loss: 0.651
Saved Attack Test Ground Truth and Predict Sets
Test F1: 0.724575
AUC: 0.707110
Test Acc: 62.585% (4068/6500)
Epoch 10 :
Saved Attack Train Ground Truth and Predict Sets
Train F1: 0.719216
AUC: 0.658976
Train Acc: 61.200% (3978/6500) | Loss: 0.646
Saved Attack Test Ground Truth and Predict Sets
Test F1: 0.150943
AUC: 0.704575
Test Acc: 50.154% (3260/6500)
Best Acc: 0.625846
 F1: 0.724575
AUC: 0.707110
Saved Attack Model to results/train_layer/stl10-mobilenetv2/block_shallow_1_100/meminf_top3.pth
