Finished Saving Train Dataset to results/train_layer/stl10-resnet50/block_shallow_1_100/meminf_attack_mode0_train.p
Finished Saving Test Dataset to results/train_layer/stl10-resnet50/block_shallow_1_100/meminf_attack_mode0_test.p
Epoch 1 :
Train Acc: 63.062% (4099/6500) | Loss: 0.650
Saved Attack Test Ground Truth and Predict Sets
Test F1: 0.745011
AUC: 0.739531
Test Acc: 70.123% (4558/6500)
Epoch 2 :
Train Acc: 74.169% (4821/6500) | Loss: 0.607
Test Acc: 69.923% (4545/6500)
Epoch 3 :
Train Acc: 73.846% (4800/6500) | Loss: 0.579
Test Acc: 69.338% (4507/6500)
Epoch 4 :
Train Acc: 74.262% (4827/6500) | Loss: 0.564
Saved Attack Test Ground Truth and Predict Sets
Test F1: 0.755578
AUC: 0.745383
Test Acc: 70.338% (4572/6500)
Epoch 5 :
Train Acc: 74.077% (4815/6500) | Loss: 0.559
Test Acc: 69.600% (4524/6500)
Epoch 6 :
Train Acc: 74.277% (4828/6500) | Loss: 0.556
Test Acc: 70.231% (4565/6500)
Epoch 7 :
Train Acc: 74.385% (4835/6500) | Loss: 0.555
Test Acc: 69.631% (4526/6500)
Epoch 8 :
Train Acc: 74.108% (4817/6500) | Loss: 0.556
Saved Attack Test Ground Truth and Predict Sets
Test F1: 0.757223
AUC: 0.747401
Test Acc: 70.523% (4584/6500)
Epoch 9 :
Train Acc: 73.708% (4791/6500) | Loss: 0.564
Saved Attack Test Ground Truth and Predict Sets
Test F1: 0.757857
AUC: 0.747370
Test Acc: 70.723% (4597/6500)
Epoch 10 :
Saved Attack Train Ground Truth and Predict Sets
Train F1: 0.764480
AUC: 0.777042
Train Acc: 73.600% (4784/6500) | Loss: 0.561
Saved Attack Test Ground Truth and Predict Sets
Test F1: 0.708467
AUC: 0.737242
Test Acc: 69.169% (4496/6500)
Best Acc: 0.707231
 F1: 0.757857
AUC: 0.747370
Saved Attack Model to results/train_layer/stl10-resnet50/block_shallow_1_100/meminf_attack0.pth
