<======================= Epoch 1 =======================>
target training
Train Acc: 37.692% (1225/3250) | Loss: 1.681
target testing
Test Acc: 56.431% (1834/3250)
The overfitting rate is -0.187385
<======================= Epoch 2 =======================>
target training
Train Acc: 61.508% (1999/3250) | Loss: 1.066
target testing
Test Acc: 60.431% (1964/3250)
The overfitting rate is 0.010769
<======================= Epoch 3 =======================>
target training
Train Acc: 72.215% (2347/3250) | Loss: 0.787
target testing
Test Acc: 66.062% (2147/3250)
The overfitting rate is 0.061538
<======================= Epoch 4 =======================>
target training
Train Acc: 80.862% (2628/3250) | Loss: 0.558
target testing
Test Acc: 67.631% (2198/3250)
The overfitting rate is 0.132308
<======================= Epoch 5 =======================>
target training
Train Acc: 86.677% (2817/3250) | Loss: 0.388
target testing
Test Acc: 66.677% (2167/3250)
The overfitting rate is 0.2
<======================= Epoch 6 =======================>
target training
Train Acc: 91.938% (2988/3250) | Loss: 0.239
target testing
Test Acc: 65.446% (2127/3250)
The overfitting rate is 0.264923
<======================= Epoch 7 =======================>
target training
Train Acc: 94.892% (3084/3250) | Loss: 0.158
target testing
Test Acc: 65.077% (2115/3250)
The overfitting rate is 0.298154
<======================= Epoch 8 =======================>
target training
Train Acc: 96.462% (3135/3250) | Loss: 0.122
target testing
Test Acc: 68.031% (2211/3250)
The overfitting rate is 0.284308
<======================= Epoch 9 =======================>
target training
Train Acc: 97.231% (3160/3250) | Loss: 0.079
target testing
Test Acc: 70.369% (2287/3250)
The overfitting rate is 0.268615
<======================= Epoch 10 =======================>
target training
Train Acc: 99.046% (3219/3250) | Loss: 0.038
target testing
Test Acc: 70.092% (2278/3250)
The overfitting rate is 0.289538
<======================= Epoch 11 =======================>
target training
Train Acc: 98.862% (3213/3250) | Loss: 0.037
target testing
Test Acc: 69.569% (2261/3250)
The overfitting rate is 0.292923
<======================= Epoch 12 =======================>
target training
Train Acc: 99.077% (3220/3250) | Loss: 0.034
target testing
Test Acc: 71.046% (2309/3250)
The overfitting rate is 0.280308
<======================= Epoch 13 =======================>
target training
Train Acc: 99.908% (3247/3250) | Loss: 0.006
target testing
Test Acc: 71.046% (2309/3250)
The overfitting rate is 0.288615
<======================= Epoch 14 =======================>
target training
Train Acc: 100.000% (3250/3250) | Loss: 0.002
target testing
Test Acc: 72.000% (2340/3250)
The overfitting rate is 0.28
<======================= Epoch 15 =======================>
target training
Train Acc: 100.000% (3250/3250) | Loss: 0.001
target testing
Test Acc: 72.000% (2340/3250)
The overfitting rate is 0.28
<======================= Epoch 16 =======================>
target training
Train Acc: 100.000% (3250/3250) | Loss: 0.001
target testing
Test Acc: 72.246% (2348/3250)
The overfitting rate is 0.277538
<======================= Epoch 17 =======================>
target training
Train Acc: 100.000% (3250/3250) | Loss: 0.001
target testing
Test Acc: 72.092% (2343/3250)
The overfitting rate is 0.279077
<======================= Epoch 18 =======================>
target training
Train Acc: 100.000% (3250/3250) | Loss: 0.000
target testing
Test Acc: 72.154% (2345/3250)
The overfitting rate is 0.278462
<======================= Epoch 19 =======================>
target training
Train Acc: 100.000% (3250/3250) | Loss: 0.000
target testing
Test Acc: 72.338% (2351/3250)
The overfitting rate is 0.276615
<======================= Epoch 20 =======================>
target training
Train Acc: 100.000% (3250/3250) | Loss: 0.000
target testing
Test Acc: 72.400% (2353/3250)
The overfitting rate is 0.276
<======================= Epoch 21 =======================>
target training
Train Acc: 100.000% (3250/3250) | Loss: 0.000
target testing
Test Acc: 72.123% (2344/3250)
The overfitting rate is 0.278769
<======================= Epoch 22 =======================>
target training
Train Acc: 100.000% (3250/3250) | Loss: 0.000
target testing
Test Acc: 72.369% (2352/3250)
The overfitting rate is 0.276308
<======================= Epoch 23 =======================>
target training
Train Acc: 100.000% (3250/3250) | Loss: 0.000
target testing
Test Acc: 72.400% (2353/3250)
The overfitting rate is 0.276
<======================= Epoch 24 =======================>
target training
Train Acc: 100.000% (3250/3250) | Loss: 0.000
target testing
Test Acc: 72.369% (2352/3250)
The overfitting rate is 0.276308
<======================= Epoch 25 =======================>
target training
Train Acc: 100.000% (3250/3250) | Loss: 0.000
target testing
Test Acc: 72.431% (2354/3250)
The overfitting rate is 0.275692
<======================= Epoch 26 =======================>
target training
Train Acc: 100.000% (3250/3250) | Loss: 0.000
target testing
Test Acc: 72.400% (2353/3250)
The overfitting rate is 0.276
<======================= Epoch 27 =======================>
target training
Train Acc: 100.000% (3250/3250) | Loss: 0.000
target testing
Test Acc: 72.308% (2350/3250)
The overfitting rate is 0.276923
<======================= Epoch 28 =======================>
target training
Train Acc: 100.000% (3250/3250) | Loss: 0.000
target testing
Test Acc: 72.400% (2353/3250)
The overfitting rate is 0.276
<======================= Epoch 29 =======================>
target training
Train Acc: 100.000% (3250/3250) | Loss: 0.000
target testing
Test Acc: 72.215% (2347/3250)
The overfitting rate is 0.277846
<======================= Epoch 30 =======================>
target training
Train Acc: 100.000% (3250/3250) | Loss: 0.000
target testing
Test Acc: 72.277% (2349/3250)
The overfitting rate is 0.277231
<======================= Epoch 31 =======================>
target training
Train Acc: 100.000% (3250/3250) | Loss: 0.000
target testing
Test Acc: 72.215% (2347/3250)
The overfitting rate is 0.277846
<======================= Epoch 32 =======================>
target training
Train Acc: 100.000% (3250/3250) | Loss: 0.000
target testing
Test Acc: 72.031% (2341/3250)
The overfitting rate is 0.279692
<======================= Epoch 33 =======================>
target training
Train Acc: 100.000% (3250/3250) | Loss: 0.000
target testing
Test Acc: 72.092% (2343/3250)
The overfitting rate is 0.279077
<======================= Epoch 34 =======================>
target training
Train Acc: 100.000% (3250/3250) | Loss: 0.000
target testing
Test Acc: 72.277% (2349/3250)
The overfitting rate is 0.277231
<======================= Epoch 35 =======================>
target training
Train Acc: 100.000% (3250/3250) | Loss: 0.000
target testing
Test Acc: 72.185% (2346/3250)
The overfitting rate is 0.278154
<======================= Epoch 36 =======================>
target training
Train Acc: 100.000% (3250/3250) | Loss: 0.001
target testing
Test Acc: 72.277% (2349/3250)
The overfitting rate is 0.277231
<======================= Epoch 37 =======================>
target training
Train Acc: 100.000% (3250/3250) | Loss: 0.001
target testing
Test Acc: 72.277% (2349/3250)
The overfitting rate is 0.277231
<======================= Epoch 38 =======================>
target training
Train Acc: 100.000% (3250/3250) | Loss: 0.001
target testing
Test Acc: 72.246% (2348/3250)
The overfitting rate is 0.277538
<======================= Epoch 39 =======================>
target training
Train Acc: 100.000% (3250/3250) | Loss: 0.001
target testing
Test Acc: 72.369% (2352/3250)
The overfitting rate is 0.276308
<======================= Epoch 40 =======================>
target training
Train Acc: 100.000% (3250/3250) | Loss: 0.001
target testing
Test Acc: 72.246% (2348/3250)
The overfitting rate is 0.277538
<======================= Epoch 41 =======================>
target training
Train Acc: 100.000% (3250/3250) | Loss: 0.001
target testing
Test Acc: 72.092% (2343/3250)
The overfitting rate is 0.279077
<======================= Epoch 42 =======================>
target training
Train Acc: 100.000% (3250/3250) | Loss: 0.001
target testing
Test Acc: 72.154% (2345/3250)
The overfitting rate is 0.278462
<======================= Epoch 43 =======================>
target training
Train Acc: 100.000% (3250/3250) | Loss: 0.001
target testing
Test Acc: 72.062% (2342/3250)
The overfitting rate is 0.279385
<======================= Epoch 44 =======================>
target training
Train Acc: 100.000% (3250/3250) | Loss: 0.001
target testing
Test Acc: 72.246% (2348/3250)
The overfitting rate is 0.277538
<======================= Epoch 45 =======================>
target training
Train Acc: 100.000% (3250/3250) | Loss: 0.001
target testing
Test Acc: 72.062% (2342/3250)
The overfitting rate is 0.279385
<======================= Epoch 46 =======================>
target training
Train Acc: 100.000% (3250/3250) | Loss: 0.001
target testing
Test Acc: 72.000% (2340/3250)
The overfitting rate is 0.28
<======================= Epoch 47 =======================>
target training
Train Acc: 100.000% (3250/3250) | Loss: 0.001
target testing
Test Acc: 72.062% (2342/3250)
The overfitting rate is 0.279385
<======================= Epoch 48 =======================>
target training
Train Acc: 100.000% (3250/3250) | Loss: 0.001
target testing
Test Acc: 72.031% (2341/3250)
The overfitting rate is 0.279692
<======================= Epoch 49 =======================>
target training
Train Acc: 100.000% (3250/3250) | Loss: 0.001
target testing
Test Acc: 72.092% (2343/3250)
The overfitting rate is 0.279077
<======================= Epoch 50 =======================>
target training
Train Acc: 100.000% (3250/3250) | Loss: 0.001
target testing
Test Acc: 72.031% (2341/3250)
The overfitting rate is 0.279692
<======================= Epoch 51 =======================>
target training
Train Acc: 100.000% (3250/3250) | Loss: 0.001
target testing
Test Acc: 72.062% (2342/3250)
The overfitting rate is 0.279385
<======================= Epoch 52 =======================>
target training
Train Acc: 100.000% (3250/3250) | Loss: 0.001
target testing
Test Acc: 72.000% (2340/3250)
The overfitting rate is 0.28
<======================= Epoch 53 =======================>
target training
Train Acc: 100.000% (3250/3250) | Loss: 0.001
target testing
Test Acc: 72.000% (2340/3250)
The overfitting rate is 0.28
<======================= Epoch 54 =======================>
target training
Train Acc: 100.000% (3250/3250) | Loss: 0.001
target testing
Test Acc: 71.969% (2339/3250)
The overfitting rate is 0.280308
<======================= Epoch 55 =======================>
target training
Train Acc: 100.000% (3250/3250) | Loss: 0.001
target testing
Test Acc: 72.062% (2342/3250)
The overfitting rate is 0.279385
<======================= Epoch 56 =======================>
target training
Train Acc: 100.000% (3250/3250) | Loss: 0.001
target testing
Test Acc: 71.969% (2339/3250)
The overfitting rate is 0.280308
<======================= Epoch 57 =======================>
target training
Train Acc: 100.000% (3250/3250) | Loss: 0.001
target testing
Test Acc: 71.969% (2339/3250)
The overfitting rate is 0.280308
<======================= Epoch 58 =======================>
target training
Train Acc: 100.000% (3250/3250) | Loss: 0.001
target testing
Test Acc: 71.969% (2339/3250)
The overfitting rate is 0.280308
<======================= Epoch 59 =======================>
target training
Train Acc: 100.000% (3250/3250) | Loss: 0.001
target testing
Test Acc: 72.031% (2341/3250)
The overfitting rate is 0.279692
<======================= Epoch 60 =======================>
target training
Train Acc: 100.000% (3250/3250) | Loss: 0.001
target testing
Test Acc: 72.031% (2341/3250)
The overfitting rate is 0.279692
<======================= Epoch 61 =======================>
target training
Train Acc: 100.000% (3250/3250) | Loss: 0.001
target testing
Test Acc: 72.000% (2340/3250)
The overfitting rate is 0.28
<======================= Epoch 62 =======================>
target training
Train Acc: 100.000% (3250/3250) | Loss: 0.001
target testing
Test Acc: 72.000% (2340/3250)
The overfitting rate is 0.28
<======================= Epoch 63 =======================>
target training
Train Acc: 100.000% (3250/3250) | Loss: 0.001
target testing
Test Acc: 71.969% (2339/3250)
The overfitting rate is 0.280308
<======================= Epoch 64 =======================>
target training
Train Acc: 100.000% (3250/3250) | Loss: 0.001
target testing
Test Acc: 71.969% (2339/3250)
The overfitting rate is 0.280308
<======================= Epoch 65 =======================>
target training
Train Acc: 100.000% (3250/3250) | Loss: 0.001
target testing
Test Acc: 72.000% (2340/3250)
The overfitting rate is 0.28
<======================= Epoch 66 =======================>
target training
Train Acc: 100.000% (3250/3250) | Loss: 0.001
target testing
Test Acc: 72.000% (2340/3250)
The overfitting rate is 0.28
<======================= Epoch 67 =======================>
target training
Train Acc: 100.000% (3250/3250) | Loss: 0.001
target testing
Test Acc: 72.000% (2340/3250)
The overfitting rate is 0.28
<======================= Epoch 68 =======================>
target training
Train Acc: 100.000% (3250/3250) | Loss: 0.001
target testing
Test Acc: 72.062% (2342/3250)
The overfitting rate is 0.279385
<======================= Epoch 69 =======================>
target training
Train Acc: 100.000% (3250/3250) | Loss: 0.001
target testing
Test Acc: 72.062% (2342/3250)
The overfitting rate is 0.279385
<======================= Epoch 70 =======================>
target training
Train Acc: 100.000% (3250/3250) | Loss: 0.001
target testing
Test Acc: 72.000% (2340/3250)
The overfitting rate is 0.28
<======================= Epoch 71 =======================>
target training
Train Acc: 100.000% (3250/3250) | Loss: 0.001
target testing
Test Acc: 72.031% (2341/3250)
The overfitting rate is 0.279692
<======================= Epoch 72 =======================>
target training
Train Acc: 100.000% (3250/3250) | Loss: 0.001
target testing
Test Acc: 72.031% (2341/3250)
The overfitting rate is 0.279692
<======================= Epoch 73 =======================>
target training
Train Acc: 100.000% (3250/3250) | Loss: 0.001
target testing
Test Acc: 72.062% (2342/3250)
The overfitting rate is 0.279385
<======================= Epoch 74 =======================>
target training
Train Acc: 100.000% (3250/3250) | Loss: 0.001
target testing
Test Acc: 72.031% (2341/3250)
The overfitting rate is 0.279692
<======================= Epoch 75 =======================>
target training
Train Acc: 100.000% (3250/3250) | Loss: 0.001
target testing
Test Acc: 72.062% (2342/3250)
The overfitting rate is 0.279385
<======================= Epoch 76 =======================>
target training
Train Acc: 100.000% (3250/3250) | Loss: 0.001
target testing
Test Acc: 72.062% (2342/3250)
The overfitting rate is 0.279385
<======================= Epoch 77 =======================>
target training
Train Acc: 100.000% (3250/3250) | Loss: 0.001
target testing
Test Acc: 72.062% (2342/3250)
The overfitting rate is 0.279385
<======================= Epoch 78 =======================>
target training
Train Acc: 100.000% (3250/3250) | Loss: 0.001
target testing
Test Acc: 72.062% (2342/3250)
The overfitting rate is 0.279385
<======================= Epoch 79 =======================>
target training
Train Acc: 100.000% (3250/3250) | Loss: 0.001
target testing
Test Acc: 72.062% (2342/3250)
The overfitting rate is 0.279385
<======================= Epoch 80 =======================>
target training
Train Acc: 100.000% (3250/3250) | Loss: 0.001
target testing
Test Acc: 72.062% (2342/3250)
The overfitting rate is 0.279385
<======================= Epoch 81 =======================>
target training
Train Acc: 100.000% (3250/3250) | Loss: 0.001
target testing
Test Acc: 72.062% (2342/3250)
The overfitting rate is 0.279385
<======================= Epoch 82 =======================>
target training
Train Acc: 100.000% (3250/3250) | Loss: 0.001
target testing
Test Acc: 72.062% (2342/3250)
The overfitting rate is 0.279385
<======================= Epoch 83 =======================>
target training
Train Acc: 100.000% (3250/3250) | Loss: 0.001
target testing
Test Acc: 72.031% (2341/3250)
The overfitting rate is 0.279692
<======================= Epoch 84 =======================>
target training
Train Acc: 100.000% (3250/3250) | Loss: 0.001
target testing
Test Acc: 72.031% (2341/3250)
The overfitting rate is 0.279692
<======================= Epoch 85 =======================>
target training
Train Acc: 100.000% (3250/3250) | Loss: 0.001
target testing
Test Acc: 72.031% (2341/3250)
The overfitting rate is 0.279692
<======================= Epoch 86 =======================>
target training
Train Acc: 100.000% (3250/3250) | Loss: 0.001
target testing
Test Acc: 72.062% (2342/3250)
The overfitting rate is 0.279385
<======================= Epoch 87 =======================>
target training
Train Acc: 100.000% (3250/3250) | Loss: 0.001
target testing
Test Acc: 72.062% (2342/3250)
The overfitting rate is 0.279385
<======================= Epoch 88 =======================>
target training
Train Acc: 100.000% (3250/3250) | Loss: 0.001
target testing
Test Acc: 72.031% (2341/3250)
The overfitting rate is 0.279692
<======================= Epoch 89 =======================>
target training
Train Acc: 100.000% (3250/3250) | Loss: 0.001
target testing
Test Acc: 72.062% (2342/3250)
The overfitting rate is 0.279385
<======================= Epoch 90 =======================>
target training
Train Acc: 100.000% (3250/3250) | Loss: 0.001
target testing
Test Acc: 72.031% (2341/3250)
The overfitting rate is 0.279692
<======================= Epoch 91 =======================>
target training
Train Acc: 100.000% (3250/3250) | Loss: 0.001
target testing
Test Acc: 72.031% (2341/3250)
The overfitting rate is 0.279692
<======================= Epoch 92 =======================>
target training
Train Acc: 100.000% (3250/3250) | Loss: 0.001
target testing
Test Acc: 72.031% (2341/3250)
The overfitting rate is 0.279692
<======================= Epoch 93 =======================>
target training
Train Acc: 100.000% (3250/3250) | Loss: 0.001
target testing
Test Acc: 72.062% (2342/3250)
The overfitting rate is 0.279385
<======================= Epoch 94 =======================>
target training
Train Acc: 100.000% (3250/3250) | Loss: 0.001
target testing
Test Acc: 72.062% (2342/3250)
The overfitting rate is 0.279385
<======================= Epoch 95 =======================>
target training
Train Acc: 100.000% (3250/3250) | Loss: 0.001
target testing
Test Acc: 72.062% (2342/3250)
The overfitting rate is 0.279385
<======================= Epoch 96 =======================>
target training
Train Acc: 100.000% (3250/3250) | Loss: 0.001
target testing
Test Acc: 72.092% (2343/3250)
The overfitting rate is 0.279077
<======================= Epoch 97 =======================>
target training
Train Acc: 100.000% (3250/3250) | Loss: 0.001
target testing
Test Acc: 72.031% (2341/3250)
The overfitting rate is 0.279692
<======================= Epoch 98 =======================>
target training
Train Acc: 100.000% (3250/3250) | Loss: 0.001
target testing
Test Acc: 72.031% (2341/3250)
The overfitting rate is 0.279692
<======================= Epoch 99 =======================>
target training
Train Acc: 100.000% (3250/3250) | Loss: 0.001
target testing
Test Acc: 72.031% (2341/3250)
The overfitting rate is 0.279692
<======================= Epoch 100 =======================>
target training
Train Acc: 100.000% (3250/3250) | Loss: 0.001
target testing
Test Acc: 72.031% (2341/3250)
The overfitting rate is 0.279692
Saved target model to victim_mia/STL10-alexnet/target.pth!!!
Finished training!!!
