Finished Saving Train Dataset to results/train_layer_deep/tinyimagenet200-mobilenetv2/block_deep_40_1000/meminf_attack_top3_train.p
Finished Saving Test Dataset to results/train_layer_deep/tinyimagenet200-mobilenetv2/block_deep_40_1000/meminf_attack_top3_test.p
Epoch 1 :
Train Acc: 50.307% (27669/55000) | Loss: 0.692
Saved Attack Test Ground Truth and Predict Sets
Test F1: 0.591718
AUC: 0.500700
Test Acc: 50.022% (27512/55000)
Epoch 2 :
Train Acc: 50.382% (27710/55000) | Loss: 0.692
Saved Attack Test Ground Truth and Predict Sets
Test F1: 0.421892
AUC: 0.500530
Test Acc: 50.027% (27515/55000)
Epoch 3 :
Train Acc: 50.795% (27937/55000) | Loss: 0.692
Saved Attack Test Ground Truth and Predict Sets
Test F1: 0.222839
AUC: 0.501296
Test Acc: 50.135% (27574/55000)
Epoch 4 :
Train Acc: 51.022% (28062/55000) | Loss: 0.692
Saved Attack Test Ground Truth and Predict Sets
Test F1: 0.326372
AUC: 0.501001
Test Acc: 50.149% (27582/55000)
Epoch 5 :
Train Acc: 50.944% (28019/55000) | Loss: 0.692
Saved Attack Test Ground Truth and Predict Sets
Test F1: 0.209512
AUC: 0.500791
Test Acc: 50.196% (27608/55000)
Epoch 6 :
Train Acc: 51.067% (28087/55000) | Loss: 0.692
Test Acc: 50.147% (27581/55000)
Epoch 7 :
Train Acc: 51.040% (28072/55000) | Loss: 0.692
Saved Attack Test Ground Truth and Predict Sets
Test F1: 0.259333
AUC: 0.500765
Test Acc: 50.222% (27622/55000)
Epoch 8 :
Train Acc: 51.013% (28057/55000) | Loss: 0.692
Test Acc: 50.191% (27605/55000)
Epoch 9 :
Train Acc: 51.085% (28097/55000) | Loss: 0.692
Test Acc: 50.202% (27611/55000)
Epoch 10 :
Saved Attack Train Ground Truth and Predict Sets
Train F1: 0.420735
AUC: 0.515274
Train Acc: 51.136% (28125/55000) | Loss: 0.692
Saved Attack Test Ground Truth and Predict Sets
Test F1: 0.209943
AUC: 0.500759
Test Acc: 50.189% (27604/55000)
Best Acc: 0.502218
 F1: 0.259333
AUC: 0.500765
Saved Attack Model to results/train_layer_deep/tinyimagenet200-mobilenetv2/block_deep_40_1000/meminf_top3.pth
