Finished Saving Train Dataset to results/train_layer/stl10-mobilenetv2/block_shallow_27_100/meminf_attack_mode0_train.p
Finished Saving Test Dataset to results/train_layer/stl10-mobilenetv2/block_shallow_27_100/meminf_attack_mode0_test.p
Epoch 1 :
Train Acc: 64.215% (4174/6500) | Loss: 0.654
Saved Attack Test Ground Truth and Predict Sets
Test F1: 0.421920
AUC: 0.544295
Test Acc: 53.585% (3483/6500)
Epoch 2 :
Train Acc: 72.200% (4693/6500) | Loss: 0.613
Saved Attack Test Ground Truth and Predict Sets
Test F1: 0.488432
AUC: 0.550227
Test Acc: 54.077% (3515/6500)
Epoch 3 :
Train Acc: 73.154% (4755/6500) | Loss: 0.587
Test Acc: 53.015% (3446/6500)
Epoch 4 :
Train Acc: 73.277% (4763/6500) | Loss: 0.573
Test Acc: 54.015% (3511/6500)
Epoch 5 :
Train Acc: 73.246% (4761/6500) | Loss: 0.569
Test Acc: 53.077% (3450/6500)
Epoch 6 :
Train Acc: 72.938% (4741/6500) | Loss: 0.568
Test Acc: 53.877% (3502/6500)
Epoch 7 :
Train Acc: 72.446% (4709/6500) | Loss: 0.575
Saved Attack Test Ground Truth and Predict Sets
Test F1: 0.472740
AUC: 0.545939
Test Acc: 54.323% (3531/6500)
Epoch 8 :
Train Acc: 72.277% (4698/6500) | Loss: 0.574
Test Acc: 52.846% (3435/6500)
Epoch 9 :
Train Acc: 73.631% (4786/6500) | Loss: 0.565
Test Acc: 53.769% (3495/6500)
Epoch 10 :
Saved Attack Train Ground Truth and Predict Sets
Train F1: 0.777497
AUC: 0.758907
Train Acc: 71.523% (4649/6500) | Loss: 0.587
Saved Attack Test Ground Truth and Predict Sets
Test F1: 0.514516
AUC: 0.548763
Test Acc: 53.692% (3490/6500)
Best Acc: 0.543231
 F1: 0.472740
AUC: 0.545939
Saved Attack Model to results/train_layer/stl10-mobilenetv2/block_shallow_27_100/meminf_attack0.pth
