Finished Saving Train Dataset to results/train_layer/stl10-mobilenetv2/block_shallow_27_100/meminf_attack_top3_train.p
Finished Saving Test Dataset to results/train_layer/stl10-mobilenetv2/block_shallow_27_100/meminf_attack_top3_test.p
Epoch 1 :
Train Acc: 53.000% (3445/6500) | Loss: 0.685
Saved Attack Test Ground Truth and Predict Sets
Test F1: 0.656658
AUC: 0.557796
Test Acc: 51.092% (3321/6500)
Epoch 2 :
Train Acc: 56.108% (3647/6500) | Loss: 0.683
Saved Attack Test Ground Truth and Predict Sets
Test F1: 0.648734
AUC: 0.558656
Test Acc: 52.185% (3392/6500)
Epoch 3 :
Train Acc: 59.277% (3853/6500) | Loss: 0.680
Saved Attack Test Ground Truth and Predict Sets
Test F1: 0.646178
AUC: 0.558703
Test Acc: 52.354% (3403/6500)
Epoch 4 :
Train Acc: 58.708% (3816/6500) | Loss: 0.676
Saved Attack Test Ground Truth and Predict Sets
Test F1: 0.643014
AUC: 0.559320
Test Acc: 52.631% (3421/6500)
Epoch 5 :
Train Acc: 60.723% (3947/6500) | Loss: 0.671
Saved Attack Test Ground Truth and Predict Sets
Test F1: 0.642557
AUC: 0.559177
Test Acc: 52.862% (3436/6500)
Epoch 6 :
Train Acc: 61.108% (3972/6500) | Loss: 0.665
Saved Attack Test Ground Truth and Predict Sets
Test F1: 0.635572
AUC: 0.559943
Test Acc: 53.000% (3445/6500)
Epoch 7 :
Train Acc: 61.738% (4013/6500) | Loss: 0.657
Saved Attack Test Ground Truth and Predict Sets
Test F1: 0.638283
AUC: 0.559467
Test Acc: 53.077% (3450/6500)
Epoch 8 :
Train Acc: 64.000% (4160/6500) | Loss: 0.652
Test Acc: 52.846% (3435/6500)
Epoch 9 :
Train Acc: 58.138% (3779/6500) | Loss: 0.651
Saved Attack Test Ground Truth and Predict Sets
Test F1: 0.617688
AUC: 0.550311
Test Acc: 54.046% (3513/6500)
Epoch 10 :
Saved Attack Train Ground Truth and Predict Sets
Train F1: 0.719216
AUC: 0.658976
Train Acc: 61.200% (3978/6500) | Loss: 0.646
Saved Attack Test Ground Truth and Predict Sets
Test F1: 0.120151
AUC: 0.549293
Test Acc: 49.754% (3234/6500)
Best Acc: 0.540462
 F1: 0.617688
AUC: 0.550311
Saved Attack Model to results/train_layer/stl10-mobilenetv2/block_shallow_27_100/meminf_top3.pth
