Finished Saving Train Dataset to results/train_layer/stl10-mobilenetv2/block_shallow_6_100/meminf_attack_top3_train.p
Finished Saving Test Dataset to results/train_layer/stl10-mobilenetv2/block_shallow_6_100/meminf_attack_top3_test.p
Epoch 1 :
Train Acc: 53.000% (3445/6500) | Loss: 0.685
Saved Attack Test Ground Truth and Predict Sets
Test F1: 0.679229
AUC: 0.666155
Test Acc: 53.385% (3470/6500)
Epoch 2 :
Train Acc: 56.108% (3647/6500) | Loss: 0.683
Saved Attack Test Ground Truth and Predict Sets
Test F1: 0.687690
AUC: 0.671640
Test Acc: 55.815% (3628/6500)
Epoch 3 :
Train Acc: 59.277% (3853/6500) | Loss: 0.680
Saved Attack Test Ground Truth and Predict Sets
Test F1: 0.690380
AUC: 0.672214
Test Acc: 56.477% (3671/6500)
Epoch 4 :
Train Acc: 58.708% (3816/6500) | Loss: 0.676
Saved Attack Test Ground Truth and Predict Sets
Test F1: 0.692893
AUC: 0.674152
Test Acc: 57.123% (3713/6500)
Epoch 5 :
Train Acc: 60.723% (3947/6500) | Loss: 0.671
Saved Attack Test Ground Truth and Predict Sets
Test F1: 0.694595
AUC: 0.675001
Test Acc: 57.492% (3737/6500)
Epoch 6 :
Train Acc: 61.108% (3972/6500) | Loss: 0.665
Saved Attack Test Ground Truth and Predict Sets
Test F1: 0.698132
AUC: 0.678070
Test Acc: 58.477% (3801/6500)
Epoch 7 :
Train Acc: 61.738% (4013/6500) | Loss: 0.657
Test Acc: 58.123% (3778/6500)
Epoch 8 :
Train Acc: 64.000% (4160/6500) | Loss: 0.652
Test Acc: 57.985% (3769/6500)
Epoch 9 :
Train Acc: 58.138% (3779/6500) | Loss: 0.651
Saved Attack Test Ground Truth and Predict Sets
Test F1: 0.707014
AUC: 0.669745
Test Acc: 61.123% (3973/6500)
Epoch 10 :
Saved Attack Train Ground Truth and Predict Sets
Train F1: 0.719216
AUC: 0.658976
Train Acc: 61.200% (3978/6500) | Loss: 0.646
Saved Attack Test Ground Truth and Predict Sets
Test F1: 0.140567
AUC: 0.666743
Test Acc: 50.523% (3284/6500)
Best Acc: 0.611231
 F1: 0.707014
AUC: 0.669745
Saved Attack Model to results/train_layer/stl10-mobilenetv2/block_shallow_6_100/meminf_top3.pth
