Finished Saving Train Dataset to results/train_layer_deep/tinyimagenet200-mobilenetv2/block_deep_28_1000/meminf_attack_top3_train.p
Finished Saving Test Dataset to results/train_layer_deep/tinyimagenet200-mobilenetv2/block_deep_28_1000/meminf_attack_top3_test.p
Epoch 1 :
Train Acc: 50.307% (27669/55000) | Loss: 0.692
Saved Attack Test Ground Truth and Predict Sets
Test F1: 0.570269
AUC: 0.498170
Test Acc: 49.758% (27367/55000)
Epoch 2 :
Train Acc: 50.382% (27710/55000) | Loss: 0.692
Saved Attack Test Ground Truth and Predict Sets
Test F1: 0.383075
AUC: 0.498149
Test Acc: 49.924% (27458/55000)
Epoch 3 :
Train Acc: 50.795% (27937/55000) | Loss: 0.692
Saved Attack Test Ground Truth and Predict Sets
Test F1: 0.187788
AUC: 0.497901
Test Acc: 49.938% (27466/55000)
Epoch 4 :
Train Acc: 51.022% (28062/55000) | Loss: 0.692
Test Acc: 49.867% (27427/55000)
Epoch 5 :
Train Acc: 50.944% (28019/55000) | Loss: 0.692
Saved Attack Test Ground Truth and Predict Sets
Test F1: 0.175172
AUC: 0.498175
Test Acc: 49.951% (27473/55000)
Epoch 6 :
Train Acc: 51.067% (28087/55000) | Loss: 0.692
Saved Attack Test Ground Truth and Predict Sets
Test F1: 0.129286
AUC: 0.498151
Test Acc: 50.040% (27522/55000)
Epoch 7 :
Train Acc: 51.040% (28072/55000) | Loss: 0.692
Test Acc: 49.742% (27358/55000)
Epoch 8 :
Train Acc: 51.013% (28057/55000) | Loss: 0.692
Test Acc: 49.969% (27483/55000)
Epoch 9 :
Train Acc: 51.085% (28097/55000) | Loss: 0.692
Test Acc: 50.025% (27514/55000)
Epoch 10 :
Saved Attack Train Ground Truth and Predict Sets
Train F1: 0.420735
AUC: 0.515274
Train Acc: 51.136% (28125/55000) | Loss: 0.692
Saved Attack Test Ground Truth and Predict Sets
Test F1: 0.174956
AUC: 0.498129
Test Acc: 49.962% (27479/55000)
Best Acc: 0.500400
 F1: 0.129286
AUC: 0.498151
Saved Attack Model to results/train_layer_deep/tinyimagenet200-mobilenetv2/block_deep_28_1000/meminf_top3.pth
