Finished Saving Train Dataset to results/train_layer/tinyimagenet200-mobilenetv2/block_shallow_30_1000/meminf_attack_top3_train.p
Finished Saving Test Dataset to results/train_layer/tinyimagenet200-mobilenetv2/block_shallow_30_1000/meminf_attack_top3_test.p
Epoch 1 :
Train Acc: 50.307% (27669/55000) | Loss: 0.692
Saved Attack Test Ground Truth and Predict Sets
Test F1: 0.666521
AUC: 0.503598
Test Acc: 50.020% (27511/55000)
Epoch 2 :
Train Acc: 50.382% (27710/55000) | Loss: 0.692
Saved Attack Test Ground Truth and Predict Sets
Test F1: 0.645861
AUC: 0.503482
Test Acc: 50.091% (27550/55000)
Epoch 3 :
Train Acc: 50.795% (27937/55000) | Loss: 0.692
Saved Attack Test Ground Truth and Predict Sets
Test F1: 0.495815
AUC: 0.503471
Test Acc: 50.391% (27715/55000)
Epoch 4 :
Train Acc: 51.022% (28062/55000) | Loss: 0.692
Test Acc: 50.136% (27575/55000)
Epoch 5 :
Train Acc: 50.944% (28019/55000) | Loss: 0.692
Saved Attack Test Ground Truth and Predict Sets
Test F1: 0.493078
AUC: 0.503310
Test Acc: 50.402% (27721/55000)
Epoch 6 :
Train Acc: 51.067% (28087/55000) | Loss: 0.692
Test Acc: 50.078% (27543/55000)
Epoch 7 :
Train Acc: 51.040% (28072/55000) | Loss: 0.692
Test Acc: 50.180% (27599/55000)
Epoch 8 :
Train Acc: 51.013% (28057/55000) | Loss: 0.692
Test Acc: 50.291% (27660/55000)
Epoch 9 :
Train Acc: 51.085% (28097/55000) | Loss: 0.692
Test Acc: 50.158% (27587/55000)
Epoch 10 :
Saved Attack Train Ground Truth and Predict Sets
Train F1: 0.420735
AUC: 0.515274
Train Acc: 51.136% (28125/55000) | Loss: 0.692
Saved Attack Test Ground Truth and Predict Sets
Test F1: 0.514616
AUC: 0.502999
Test Acc: 50.278% (27653/55000)
Best Acc: 0.504018
 F1: 0.493078
AUC: 0.503310
Saved Attack Model to results/train_layer/tinyimagenet200-mobilenetv2/block_shallow_30_1000/meminf_top3.pth
