Finished Saving Train Dataset to results/train_layer/tinyimagenet200-vgg16_bn/block_shallow_9_100/meminf_attack_top3_train.p
Finished Saving Test Dataset to results/train_layer/tinyimagenet200-vgg16_bn/block_shallow_9_100/meminf_attack_top3_test.p
Epoch 1 :
Train Acc: 59.302% (32616/55000) | Loss: 0.676
Saved Attack Test Ground Truth and Predict Sets
Test F1: 0.324779
AUC: 0.503759
Test Acc: 50.247% (27636/55000)
Epoch 2 :
Train Acc: 59.571% (32764/55000) | Loss: 0.670
Saved Attack Test Ground Truth and Predict Sets
Test F1: 0.197762
AUC: 0.503716
Test Acc: 50.347% (27691/55000)
Epoch 3 :
Train Acc: 59.991% (32995/55000) | Loss: 0.668
Saved Attack Test Ground Truth and Predict Sets
Test F1: 0.260125
AUC: 0.503650
Test Acc: 50.375% (27706/55000)
Epoch 4 :
Train Acc: 59.902% (32946/55000) | Loss: 0.668
Test Acc: 50.340% (27687/55000)
Epoch 5 :
Train Acc: 59.951% (32973/55000) | Loss: 0.667
Test Acc: 50.344% (27689/55000)
Epoch 6 :
Train Acc: 59.969% (32983/55000) | Loss: 0.667
Saved Attack Test Ground Truth and Predict Sets
Test F1: 0.272235
AUC: 0.503729
Test Acc: 50.384% (27711/55000)
Epoch 7 :
Train Acc: 60.015% (33008/55000) | Loss: 0.668
Saved Attack Test Ground Truth and Predict Sets
Test F1: 0.260919
AUC: 0.503851
Test Acc: 50.435% (27739/55000)
Epoch 8 :
Train Acc: 60.004% (33002/55000) | Loss: 0.667
Saved Attack Test Ground Truth and Predict Sets
Test F1: 0.265657
AUC: 0.503693
Test Acc: 50.455% (27750/55000)
Epoch 9 :
Train Acc: 59.998% (32999/55000) | Loss: 0.667
Test Acc: 50.438% (27741/55000)
Epoch 10 :
Saved Attack Train Ground Truth and Predict Sets
Train F1: 0.578874
AUC: 0.626643
Train Acc: 59.951% (32973/55000) | Loss: 0.667
Saved Attack Test Ground Truth and Predict Sets
Test F1: 0.264224
AUC: 0.503476
Test Acc: 50.413% (27727/55000)
Best Acc: 0.504545
 F1: 0.265657
AUC: 0.503693
Saved Attack Model to results/train_layer/tinyimagenet200-vgg16_bn/block_shallow_9_100/meminf_top3.pth
