Finished Saving Train Dataset to results/train_layer/tinyimagenet200-vgg16_bn/block_shallow_10_100/meminf_attack_top3_train.p
Finished Saving Test Dataset to results/train_layer/tinyimagenet200-vgg16_bn/block_shallow_10_100/meminf_attack_top3_test.p
Epoch 1 :
Train Acc: 59.302% (32616/55000) | Loss: 0.676
Saved Attack Test Ground Truth and Predict Sets
Test F1: 0.266845
AUC: 0.501532
Test Acc: 50.085% (27547/55000)
Epoch 2 :
Train Acc: 59.571% (32764/55000) | Loss: 0.670
Test Acc: 50.029% (27516/55000)
Epoch 3 :
Train Acc: 59.991% (32995/55000) | Loss: 0.668
Test Acc: 50.031% (27517/55000)
Epoch 4 :
Train Acc: 59.902% (32946/55000) | Loss: 0.668
Test Acc: 50.062% (27534/55000)
Epoch 5 :
Train Acc: 59.951% (32973/55000) | Loss: 0.667
Test Acc: 50.016% (27509/55000)
Epoch 6 :
Train Acc: 59.969% (32983/55000) | Loss: 0.667
Test Acc: 50.020% (27511/55000)
Epoch 7 :
Train Acc: 60.015% (33008/55000) | Loss: 0.668
Test Acc: 50.025% (27514/55000)
Epoch 8 :
Train Acc: 60.004% (33002/55000) | Loss: 0.667
Test Acc: 50.016% (27509/55000)
Epoch 9 :
Train Acc: 59.998% (32999/55000) | Loss: 0.667
Test Acc: 50.011% (27506/55000)
Epoch 10 :
Saved Attack Train Ground Truth and Predict Sets
Train F1: 0.578874
AUC: 0.626643
Train Acc: 59.951% (32973/55000) | Loss: 0.667
Saved Attack Test Ground Truth and Predict Sets
Test F1: 0.199884
AUC: 0.501897
Test Acc: 50.015% (27508/55000)
Best Acc: 0.500855
 F1: 0.266845
AUC: 0.501532
Saved Attack Model to results/train_layer/tinyimagenet200-vgg16_bn/block_shallow_10_100/meminf_top3.pth
