Finished Saving Train Dataset to results/train_layer/tinyimagenet200-vgg16_bn/block_shallow_10_100/meminf_attack_mode0_train.p
Finished Saving Test Dataset to results/train_layer/tinyimagenet200-vgg16_bn/block_shallow_10_100/meminf_attack_mode0_test.p
Epoch 1 :
Train Acc: 51.893% (28541/55000) | Loss: 0.695
Saved Attack Test Ground Truth and Predict Sets
Test F1: 0.666659
AUC: 0.504595
Test Acc: 50.000% (27500/55000)
Epoch 2 :
Train Acc: 55.387% (30463/55000) | Loss: 0.683
Saved Attack Test Ground Truth and Predict Sets
Test F1: 0.312334
AUC: 0.503375
Test Acc: 50.225% (27624/55000)
Epoch 3 :
Train Acc: 52.909% (29100/55000) | Loss: 0.696
Test Acc: 49.998% (27499/55000)
Epoch 4 :
Train Acc: 56.478% (31063/55000) | Loss: 0.683
Saved Attack Test Ground Truth and Predict Sets
Test F1: 0.300688
AUC: 0.504150
Test Acc: 50.264% (27645/55000)
Epoch 5 :
Train Acc: 56.067% (30837/55000) | Loss: 0.685
Test Acc: 50.013% (27507/55000)
Epoch 6 :
Train Acc: 52.995% (29147/55000) | Loss: 0.690
Saved Attack Test Ground Truth and Predict Sets
Test F1: 0.534861
AUC: 0.505093
Test Acc: 50.329% (27681/55000)
Epoch 7 :
Train Acc: 56.513% (31082/55000) | Loss: 0.683
Test Acc: 50.033% (27518/55000)
Epoch 8 :
Train Acc: 57.067% (31387/55000) | Loss: 0.679
Test Acc: 50.100% (27555/55000)
Epoch 9 :
Train Acc: 56.749% (31212/55000) | Loss: 0.679
Test Acc: 50.304% (27667/55000)
Epoch 10 :
Saved Attack Train Ground Truth and Predict Sets
Train F1: 0.556732
AUC: 0.582710
Train Acc: 56.067% (30837/55000) | Loss: 0.682
Saved Attack Test Ground Truth and Predict Sets
Test F1: 0.539857
AUC: 0.503403
Test Acc: 50.084% (27546/55000)
Best Acc: 0.503291
 F1: 0.534861
AUC: 0.505093
Saved Attack Model to results/train_layer/tinyimagenet200-vgg16_bn/block_shallow_10_100/meminf_attack0.pth
