Finished Saving Train Dataset to results/train_layer/tinyimagenet200-mobilenetv2/block_shallow_34_1000/meminf_attack_top3_train.p
Finished Saving Test Dataset to results/train_layer/tinyimagenet200-mobilenetv2/block_shallow_34_1000/meminf_attack_top3_test.p
Epoch 1 :
Train Acc: 50.307% (27669/55000) | Loss: 0.692
Saved Attack Test Ground Truth and Predict Sets
Test F1: 0.666060
AUC: 0.501434
Test Acc: 50.000% (27500/55000)
Epoch 2 :
Train Acc: 50.382% (27710/55000) | Loss: 0.692
Saved Attack Test Ground Truth and Predict Sets
Test F1: 0.637009
AUC: 0.501333
Test Acc: 50.107% (27559/55000)
Epoch 3 :
Train Acc: 50.795% (27937/55000) | Loss: 0.692
Test Acc: 50.036% (27520/55000)
Epoch 4 :
Train Acc: 51.022% (28062/55000) | Loss: 0.692
Saved Attack Test Ground Truth and Predict Sets
Test F1: 0.586046
AUC: 0.501371
Test Acc: 50.173% (27595/55000)
Epoch 5 :
Train Acc: 50.944% (28019/55000) | Loss: 0.692
Test Acc: 50.100% (27555/55000)
Epoch 6 :
Train Acc: 51.067% (28087/55000) | Loss: 0.692
Test Acc: 49.969% (27483/55000)
Epoch 7 :
Train Acc: 51.040% (28072/55000) | Loss: 0.692
Saved Attack Test Ground Truth and Predict Sets
Test F1: 0.532660
AUC: 0.501526
Test Acc: 50.204% (27612/55000)
Epoch 8 :
Train Acc: 51.013% (28057/55000) | Loss: 0.692
Test Acc: 50.011% (27506/55000)
Epoch 9 :
Train Acc: 51.085% (28097/55000) | Loss: 0.692
Test Acc: 50.025% (27514/55000)
Epoch 10 :
Saved Attack Train Ground Truth and Predict Sets
Train F1: 0.420735
AUC: 0.515274
Train Acc: 51.136% (28125/55000) | Loss: 0.692
Saved Attack Test Ground Truth and Predict Sets
Test F1: 0.467476
AUC: 0.501600
Test Acc: 50.047% (27526/55000)
Best Acc: 0.502036
 F1: 0.532660
AUC: 0.501526
Saved Attack Model to results/train_layer/tinyimagenet200-mobilenetv2/block_shallow_34_1000/meminf_top3.pth
