Finished Saving Train Dataset to results/train_layer/cifar100-mobilenetv2/block_shallow_17_1000/meminf_attack_mode0_train.p
Finished Saving Test Dataset to results/train_layer/cifar100-mobilenetv2/block_shallow_17_1000/meminf_attack_mode0_test.p
Epoch 1 :
Train Acc: 78.257% (23477/30000) | Loss: 0.545
Saved Attack Test Ground Truth and Predict Sets
Test F1: 0.610368
AUC: 0.616134
Test Acc: 58.337% (17501/30000)
Epoch 2 :
Train Acc: 73.730% (22119/30000) | Loss: 0.563
Saved Attack Test Ground Truth and Predict Sets
Test F1: 0.549098
AUC: 0.613476
Test Acc: 58.520% (17556/30000)
Epoch 3 :
Train Acc: 75.783% (22735/30000) | Loss: 0.548
Saved Attack Test Ground Truth and Predict Sets
Test F1: 0.550007
AUC: 0.612506
Test Acc: 58.547% (17564/30000)
Epoch 4 :
Train Acc: 77.413% (23224/30000) | Loss: 0.535
Test Acc: 57.303% (17191/30000)
Epoch 5 :
Train Acc: 76.710% (23013/30000) | Loss: 0.541
Test Acc: 58.257% (17477/30000)
Epoch 6 :
Train Acc: 78.513% (23554/30000) | Loss: 0.523
Test Acc: 57.983% (17395/30000)
Epoch 7 :
Train Acc: 78.663% (23599/30000) | Loss: 0.523
Test Acc: 58.457% (17537/30000)
Epoch 8 :
Train Acc: 80.437% (24131/30000) | Loss: 0.503
Test Acc: 58.110% (17433/30000)
Epoch 9 :
Train Acc: 81.407% (24422/30000) | Loss: 0.497
Saved Attack Test Ground Truth and Predict Sets
Test F1: 0.584740
AUC: 0.610284
Test Acc: 58.673% (17602/30000)
Epoch 10 :
Saved Attack Train Ground Truth and Predict Sets
Train F1: 0.826682
AUC: 0.869562
Train Acc: 81.760% (24528/30000) | Loss: 0.491
Saved Attack Test Ground Truth and Predict Sets
Test F1: 0.501091
AUC: 0.611349
Test Acc: 58.090% (17427/30000)
Best Acc: 0.586733
 F1: 0.584740
AUC: 0.610284
Saved Attack Model to results/train_layer/cifar100-mobilenetv2/block_shallow_17_1000/meminf_attack0.pth
