Finished Saving Train Dataset to results/train_layer/tinyimagenet200-mobilenetv2/block_shallow_44_1000/meminf_attack_top3_train.p
Finished Saving Test Dataset to results/train_layer/tinyimagenet200-mobilenetv2/block_shallow_44_1000/meminf_attack_top3_test.p
Epoch 1 :
Train Acc: 50.307% (27669/55000) | Loss: 0.692
Saved Attack Test Ground Truth and Predict Sets
Test F1: 0.661951
AUC: 0.500530
Test Acc: 49.947% (27471/55000)
Epoch 2 :
Train Acc: 50.382% (27710/55000) | Loss: 0.692
Saved Attack Test Ground Truth and Predict Sets
Test F1: 0.595421
AUC: 0.500360
Test Acc: 50.200% (27610/55000)
Epoch 3 :
Train Acc: 50.795% (27937/55000) | Loss: 0.692
Test Acc: 49.900% (27445/55000)
Epoch 4 :
Train Acc: 51.022% (28062/55000) | Loss: 0.692
Test Acc: 50.162% (27589/55000)
Epoch 5 :
Train Acc: 50.944% (28019/55000) | Loss: 0.692
Test Acc: 49.802% (27391/55000)
Epoch 6 :
Train Acc: 51.067% (28087/55000) | Loss: 0.692
Test Acc: 50.036% (27520/55000)
Epoch 7 :
Train Acc: 51.040% (28072/55000) | Loss: 0.692
Test Acc: 49.964% (27480/55000)
Epoch 8 :
Train Acc: 51.013% (28057/55000) | Loss: 0.692
Test Acc: 49.844% (27414/55000)
Epoch 9 :
Train Acc: 51.085% (28097/55000) | Loss: 0.692
Test Acc: 50.002% (27501/55000)
Epoch 10 :
Saved Attack Train Ground Truth and Predict Sets
Train F1: 0.420735
AUC: 0.515274
Train Acc: 51.136% (28125/55000) | Loss: 0.692
Saved Attack Test Ground Truth and Predict Sets
Test F1: 0.374819
AUC: 0.500449
Test Acc: 49.822% (27402/55000)
Best Acc: 0.502000
 F1: 0.595421
AUC: 0.500360
Saved Attack Model to results/train_layer/tinyimagenet200-mobilenetv2/block_shallow_44_1000/meminf_top3.pth
