Finished Saving Train Dataset to results/train_layer/tinyimagenet200-mobilenetv2/block_shallow_28_1000/meminf_attack_top3_train.p
Finished Saving Test Dataset to results/train_layer/tinyimagenet200-mobilenetv2/block_shallow_28_1000/meminf_attack_top3_test.p
Epoch 1 :
Train Acc: 50.307% (27669/55000) | Loss: 0.692
Saved Attack Test Ground Truth and Predict Sets
Test F1: 0.666416
AUC: 0.499986
Test Acc: 49.996% (27498/55000)
Epoch 2 :
Train Acc: 50.382% (27710/55000) | Loss: 0.692
Test Acc: 49.865% (27426/55000)
Epoch 3 :
Train Acc: 50.795% (27937/55000) | Loss: 0.692
Saved Attack Test Ground Truth and Predict Sets
Test F1: 0.500781
AUC: 0.499843
Test Acc: 50.015% (27508/55000)
Epoch 4 :
Train Acc: 51.022% (28062/55000) | Loss: 0.692
Test Acc: 49.856% (27421/55000)
Epoch 5 :
Train Acc: 50.944% (28019/55000) | Loss: 0.692
Saved Attack Test Ground Truth and Predict Sets
Test F1: 0.499699
AUC: 0.499876
Test Acc: 50.107% (27559/55000)
Epoch 6 :
Train Acc: 51.067% (28087/55000) | Loss: 0.692
Test Acc: 50.004% (27502/55000)
Epoch 7 :
Train Acc: 51.040% (28072/55000) | Loss: 0.692
Saved Attack Test Ground Truth and Predict Sets
Test F1: 0.571218
AUC: 0.499961
Test Acc: 50.187% (27603/55000)
Epoch 8 :
Train Acc: 51.013% (28057/55000) | Loss: 0.692
Test Acc: 50.044% (27524/55000)
Epoch 9 :
Train Acc: 51.085% (28097/55000) | Loss: 0.692
Saved Attack Test Ground Truth and Predict Sets
Test F1: 0.480797
AUC: 0.500000
Test Acc: 50.227% (27625/55000)
Epoch 10 :
Saved Attack Train Ground Truth and Predict Sets
Train F1: 0.420735
AUC: 0.515274
Train Acc: 51.136% (28125/55000) | Loss: 0.692
Saved Attack Test Ground Truth and Predict Sets
Test F1: 0.522957
AUC: 0.500040
Test Acc: 50.167% (27592/55000)
Best Acc: 0.502273
 F1: 0.480797
AUC: 0.500000
Saved Attack Model to results/train_layer/tinyimagenet200-mobilenetv2/block_shallow_28_1000/meminf_top3.pth
