Finished Saving Train Dataset to results/train_layer/tinyimagenet200-resnet18/block_shallow_6_300/meminf_attack_top3_train.p
Finished Saving Test Dataset to results/train_layer/tinyimagenet200-resnet18/block_shallow_6_300/meminf_attack_top3_test.p
Epoch 1 :
Train Acc: 81.309% (44720/55000) | Loss: 0.581
Saved Attack Test Ground Truth and Predict Sets
Test F1: 0.404614
AUC: 0.579544
Test Acc: 54.951% (30223/55000)
Epoch 2 :
Train Acc: 89.747% (49361/55000) | Loss: 0.423
Test Acc: 54.896% (30193/55000)
Epoch 3 :
Train Acc: 85.955% (47275/55000) | Loss: 0.454
Saved Attack Test Ground Truth and Predict Sets
Test F1: 0.486062
AUC: 0.576668
Test Acc: 55.787% (30683/55000)
Epoch 4 :
Train Acc: 75.604% (41582/55000) | Loss: 0.556
Saved Attack Test Ground Truth and Predict Sets
Test F1: 0.553082
AUC: 0.568762
Test Acc: 55.913% (30752/55000)
Epoch 5 :
Train Acc: 78.549% (43202/55000) | Loss: 0.527
Test Acc: 55.836% (30710/55000)
Epoch 6 :
Train Acc: 85.258% (46892/55000) | Loss: 0.460
Test Acc: 54.502% (29976/55000)
Epoch 7 :
Train Acc: 89.640% (49302/55000) | Loss: 0.416
Test Acc: 55.378% (30458/55000)
Epoch 8 :
Train Acc: 82.371% (45304/55000) | Loss: 0.489
Test Acc: 55.905% (30748/55000)
Epoch 9 :
Train Acc: 78.569% (43213/55000) | Loss: 0.527
Saved Attack Test Ground Truth and Predict Sets
Test F1: 0.535823
AUC: 0.561851
Test Acc: 55.933% (30763/55000)
Epoch 10 :
Saved Attack Train Ground Truth and Predict Sets
Train F1: 0.812901
AUC: 0.771199
Train Acc: 76.985% (42342/55000) | Loss: 0.543
Saved Attack Test Ground Truth and Predict Sets
Test F1: 0.542338
AUC: 0.561120
Test Acc: 55.925% (30759/55000)
Best Acc: 0.559327
 F1: 0.535823
AUC: 0.561851
Saved Attack Model to results/train_layer/tinyimagenet200-resnet18/block_shallow_6_300/meminf_top3.pth
