Finished Saving Train Dataset to results/train_layer/tinyimagenet200-resnet18/block_shallow_6_300/meminf_attack_mode0_train.p
Finished Saving Test Dataset to results/train_layer/tinyimagenet200-resnet18/block_shallow_6_300/meminf_attack_mode0_test.p
Epoch 1 :
Train Acc: 78.713% (43292/55000) | Loss: 0.544
Saved Attack Test Ground Truth and Predict Sets
Test F1: 0.609982
AUC: 0.578860
Test Acc: 55.173% (30345/55000)
Epoch 2 :
Train Acc: 79.562% (43759/55000) | Loss: 0.506
Saved Attack Test Ground Truth and Predict Sets
Test F1: 0.598472
AUC: 0.578389
Test Acc: 55.365% (30451/55000)
Epoch 3 :
Train Acc: 83.033% (45668/55000) | Loss: 0.476
Test Acc: 53.084% (29196/55000)
Epoch 4 :
Train Acc: 82.951% (45623/55000) | Loss: 0.479
Test Acc: 52.553% (28904/55000)
Epoch 5 :
Train Acc: 86.336% (47485/55000) | Loss: 0.445
Test Acc: 52.685% (28977/55000)
Epoch 6 :
Train Acc: 89.035% (48969/55000) | Loss: 0.420
Test Acc: 52.785% (29032/55000)
Epoch 7 :
Train Acc: 89.295% (49112/55000) | Loss: 0.419
Test Acc: 53.173% (29245/55000)
Epoch 8 :
Train Acc: 87.889% (48339/55000) | Loss: 0.433
Test Acc: 54.224% (29823/55000)
Epoch 9 :
Train Acc: 87.062% (47884/55000) | Loss: 0.441
Test Acc: 55.184% (30351/55000)
Epoch 10 :
Saved Attack Train Ground Truth and Predict Sets
Train F1: 0.882373
AUC: 0.915580
Train Acc: 87.820% (48301/55000) | Loss: 0.434
Saved Attack Test Ground Truth and Predict Sets
Test F1: 0.502448
AUC: 0.570449
Test Acc: 55.838% (30711/55000)
Best Acc: 0.558382
 F1: 0.502448
AUC: 0.570449
Saved Attack Model to results/train_layer/tinyimagenet200-resnet18/block_shallow_6_300/meminf_attack0.pth
