Finished Saving Train Dataset to results/train_layer/cifar10-mobilenetv2/block_shallow_24_1000/meminf_attack_mode0_train.p
Finished Saving Test Dataset to results/train_layer/cifar10-mobilenetv2/block_shallow_24_1000/meminf_attack_mode0_test.p
Epoch 1 :
Train Acc: 63.790% (19137/30000) | Loss: 0.646
Saved Attack Test Ground Truth and Predict Sets
Test F1: 0.539261
AUC: 0.522502
Test Acc: 51.847% (15554/30000)
Epoch 2 :
Train Acc: 65.340% (19602/30000) | Loss: 0.633
Saved Attack Test Ground Truth and Predict Sets
Test F1: 0.568722
AUC: 0.522815
Test Acc: 51.887% (15566/30000)
Epoch 3 :
Train Acc: 66.320% (19896/30000) | Loss: 0.624
Saved Attack Test Ground Truth and Predict Sets
Test F1: 0.535872
AUC: 0.522687
Test Acc: 51.890% (15567/30000)
Epoch 4 :
Train Acc: 66.903% (20071/30000) | Loss: 0.615
Test Acc: 51.777% (15533/30000)
Epoch 5 :
Train Acc: 67.017% (20105/30000) | Loss: 0.614
Test Acc: 51.887% (15566/30000)
Epoch 6 :
Train Acc: 67.337% (20201/30000) | Loss: 0.610
Test Acc: 51.853% (15556/30000)
Epoch 7 :
Train Acc: 67.537% (20261/30000) | Loss: 0.612
Saved Attack Test Ground Truth and Predict Sets
Test F1: 0.505669
AUC: 0.522720
Test Acc: 51.897% (15569/30000)
Epoch 8 :
Train Acc: 67.270% (20181/30000) | Loss: 0.613
Test Acc: 51.857% (15557/30000)
Epoch 9 :
Train Acc: 67.433% (20230/30000) | Loss: 0.613
Saved Attack Test Ground Truth and Predict Sets
Test F1: 0.539681
AUC: 0.523348
Test Acc: 51.973% (15592/30000)
Epoch 10 :
Saved Attack Train Ground Truth and Predict Sets
Train F1: 0.748282
AUC: 0.695088
Train Acc: 67.767% (20330/30000) | Loss: 0.610
Saved Attack Test Ground Truth and Predict Sets
Test F1: 0.536556
AUC: 0.523370
Test Acc: 52.057% (15617/30000)
Best Acc: 0.520567
 F1: 0.536556
AUC: 0.523370
Saved Attack Model to results/train_layer/cifar10-mobilenetv2/block_shallow_24_1000/meminf_attack0.pth
