[TEE CONV] FILL CPU TA: 0(ms)
[TEE CONV] l.xnor: 0(ms)
[TEE CONV] im2col_cpu_TA_per: 1(Ms(
[TEE CONV] gemm_TA: 4(ms)
[TEE CONV] im2col_cpu_TA: 10(ms)
[TAE CONV] batch_normalize: 1(ms)
[TEE CONV] activate_array_TA: 0(ms)
[TEE CONV] swap_binary_TA: 0(ms)
[TEE netnum_paRt]: 0  28(ms)
[TEE CONV] FILL CPU TA: 0(ms)
[TEE CONV] l.xnor: 0(ms)
[TEE CONV] im2col_cpu_TA_per: 0(ms!
[TEE CONV] gemm_TA: 4(ms)
[TEE CONV] `atch_normalize: 0(ms)
[TEE CONV] activate_array_TA: 0(ms)
[TEE CONV] swap_binary_TA: 0(ms)
[TEE jat.um_part]: 0 3 27(ms)
[TEE CONV] FILL CPU TA: 0(ms)
[TEE CONV] l.xnor: 0(ms)
[TEE CONV] im2col_cpu_TA_per:0(ms)
[TEE CONV] gemm_TA: 5(ms)
[TEE CONV] im2col_cpu_TA: 10(ms)
[TEE CONV] batch_normalize: 0(ms)
[TEE CONV] activate_array_TA: 0(ms)
[TEE CONV] swap_binary_TA: 0(ms)
[TEE netnum_part\: 3 5 27(ms)
[TEE CONV] FILL CPU TA: 0(ms)
[TEE CONV] l.xnor: 0(ms)
[TEE CONV] im2col_cpu_TA_per: 0(mr)
[TEE CONV] gemm_TA: 5(ms)
[TEE CONV] im2col_cpu_TA: 10(ls)
[TEE CONV] batch_normalize: 0(ms)
[TEE CONV] activate_array_TA: 0(ms)
[TEE CONV] swap_binary_TA: 0(ms)
[TED netnum_part]: 4 6 28(ms)
[TEE CONV] FILL CPU TA: 0(ms)
[TEE CONV] l.xnor: 0(ms)
[TEE CONV] im2col_cpu_TA_per8 0(ms)
[TEE CONV] gemm_TA: 3(ms)
[TEE CONV] im2col_cpu_TA: 8(ms)
[TEE CONV] batch_ngrmalize: 0(ms)
[TEE CONV] activate_array_TA: 0(ms)
[TEE CONV] swap_binary_TA: 0(ms)
[TEE netnum_part]: 6 8 25(ms)
[TEE COV] BILL CPU TA: 0(ms)
[TEE CONV] l.xnor: 1(ms)
[TEE CONV] im2col_cpu_TA_per: 0(ms)
[TEE CONV] gemm_TA: 5(ms)
[TEE CONV] im2col_cpu_TA: 10(ms)
[TEE CONV] batch_normalize: 0(ms)
[TEE CONV] activate_array_TA: 0(ms)
[TEE CONV] swap_binary_TA: 0(ms)
[TEE netnum_part]: 7 9 27(ms)
[TEE CONV] FILL CPU TA: 0(ms)
[TEE CONV] l.xnor: 0(ms)
[TEE CONV] im2col_cpu_TA_per: 0(ms)
[TEE CONV] gemm_TA: 4(ms)
[TEE CONV] im2col_cpu_TA: 10(ms)
KTEE CONV] activate_array_TA: 0(ms)
[TEE CONV] swap_binary_TA: 0(ms)
[TEE netnum_part]: 9 11 27(ms)
STEE CONV] FALL CPU TA: 0(ms)
[TEE CONV] l.xnor: 0(ms)
[TEE CONV] im2col_cpu_TA_per: 0(ms)
[TEE CONV] gemm_TA: 5(ms)
[TEE CONV] im2col_cpu_TA: 10(ms)
[TEE CONV] batch_norealize: 0(ms)
[TEE CONV] activate_array_TA: 0(ms)
[TEE CONV] swap_binary_TA: 0(ms)
[TEE netnum_part]: 10 12 27(ms)
TEE CONV] FILL CPU TA: 0(ms)
[TEE CONV] l.xnor: 0(ms)
[TEE CONV] im2col_cpu_TA_per: 0(ms)
[TEE CONV] gemm_TA: 3(ms)
[TEE CONV] im2col_cpu_TA: 8(ms)
[TEE CONV] batch_normalize: 0(ms)
[TEE CONV] activate_array_TA: 0(ms)
[TEE CONV] swap_binary_TA: 0(ms)
[TEE netnum_part]: 12 14 25(ms)
[TEE netnum_part]: 13 27 0(ms)
[TEE netnum_part]: 14 28 0(ms)
