Finished Saving Train Dataset to results/train_layer/tinyimagenet200-mobilenetv2/block_shallow_8_1000/meminf_attack_top3_train.p
Finished Saving Test Dataset to results/train_layer/tinyimagenet200-mobilenetv2/block_shallow_8_1000/meminf_attack_top3_test.p
Epoch 1 :
Train Acc: 50.307% (27669/55000) | Loss: 0.692
Saved Attack Test Ground Truth and Predict Sets
Test F1: 0.666578
AUC: 0.498990
Test Acc: 50.016% (27509/55000)
Epoch 2 :
Train Acc: 50.382% (27710/55000) | Loss: 0.692
Test Acc: 49.935% (27464/55000)
Epoch 3 :
Train Acc: 50.795% (27937/55000) | Loss: 0.692
Saved Attack Test Ground Truth and Predict Sets
Test F1: 0.520517
AUC: 0.499195
Test Acc: 50.073% (27540/55000)
Epoch 4 :
Train Acc: 51.022% (28062/55000) | Loss: 0.692
Test Acc: 49.860% (27423/55000)
Epoch 5 :
Train Acc: 50.944% (28019/55000) | Loss: 0.692
Test Acc: 50.056% (27531/55000)
Epoch 6 :
Train Acc: 51.067% (28087/55000) | Loss: 0.692
Test Acc: 50.015% (27508/55000)
Epoch 7 :
Train Acc: 51.040% (28072/55000) | Loss: 0.692
Test Acc: 49.818% (27400/55000)
Epoch 8 :
Train Acc: 51.013% (28057/55000) | Loss: 0.692
Saved Attack Test Ground Truth and Predict Sets
Test F1: 0.530534
AUC: 0.499583
Test Acc: 50.115% (27563/55000)
Epoch 9 :
Train Acc: 51.085% (28097/55000) | Loss: 0.692
Test Acc: 50.031% (27517/55000)
Epoch 10 :
Saved Attack Train Ground Truth and Predict Sets
Train F1: 0.420735
AUC: 0.515274
Train Acc: 51.136% (28125/55000) | Loss: 0.692
Saved Attack Test Ground Truth and Predict Sets
Test F1: 0.538476
AUC: 0.499648
Test Acc: 50.155% (27585/55000)
Best Acc: 0.501545
 F1: 0.538476
AUC: 0.499648
Saved Attack Model to results/train_layer/tinyimagenet200-mobilenetv2/block_shallow_8_1000/meminf_top3.pth
