Finished Saving Train Dataset to results/train_layer/cifar10-mobilenetv2/block_shallow_5_1000/meminf_attack_top3_train.p
Finished Saving Test Dataset to results/train_layer/cifar10-mobilenetv2/block_shallow_5_1000/meminf_attack_top3_test.p
Epoch 1 :
Train Acc: 55.380% (16614/30000) | Loss: 0.688
Saved Attack Test Ground Truth and Predict Sets
Test F1: 0.580800
AUC: 0.537844
Test Acc: 53.437% (16031/30000)
Epoch 2 :
Train Acc: 55.143% (16543/30000) | Loss: 0.680
Test Acc: 52.500% (15750/30000)
Epoch 3 :
Train Acc: 55.713% (16714/30000) | Loss: 0.677
Test Acc: 52.603% (15781/30000)
Epoch 4 :
Train Acc: 55.500% (16650/30000) | Loss: 0.667
Test Acc: 50.060% (15018/30000)
Epoch 5 :
Train Acc: 57.283% (17185/30000) | Loss: 0.661
Test Acc: 50.000% (15000/30000)
Epoch 6 :
Train Acc: 57.657% (17297/30000) | Loss: 0.656
Saved Attack Test Ground Truth and Predict Sets
Test F1: 0.487515
AUC: 0.545417
Test Acc: 53.480% (16044/30000)
Epoch 7 :
Train Acc: 57.903% (17371/30000) | Loss: 0.655
Test Acc: 53.203% (15961/30000)
Epoch 8 :
Train Acc: 58.390% (17517/30000) | Loss: 0.651
Test Acc: 53.200% (15960/30000)
Epoch 9 :
Train Acc: 58.830% (17649/30000) | Loss: 0.656
Saved Attack Test Ground Truth and Predict Sets
Test F1: 0.552274
AUC: 0.545452
Test Acc: 53.607% (16082/30000)
Epoch 10 :
Saved Attack Train Ground Truth and Predict Sets
Train F1: 0.596871
AUC: 0.611603
Train Acc: 57.310% (17193/30000) | Loss: 0.651
Saved Attack Test Ground Truth and Predict Sets
Test F1: 0.601210
AUC: 0.545402
Test Acc: 53.183% (15955/30000)
Best Acc: 0.536067
 F1: 0.552274
AUC: 0.545452
Saved Attack Model to results/train_layer/cifar10-mobilenetv2/block_shallow_5_1000/meminf_top3.pth
