Finished Saving Train Dataset to results/train_layer/stl10-resnet50/block_shallow_13_100/meminf_attack_top3_train.p
Finished Saving Test Dataset to results/train_layer/stl10-resnet50/block_shallow_13_100/meminf_attack_top3_test.p
Epoch 1 :
Train Acc: 53.308% (3465/6500) | Loss: 0.685
Saved Attack Test Ground Truth and Predict Sets
Test F1: 0.649209
AUC: 0.558150
Test Acc: 51.569% (3352/6500)
Epoch 2 :
Train Acc: 56.154% (3650/6500) | Loss: 0.682
Saved Attack Test Ground Truth and Predict Sets
Test F1: 0.632714
AUC: 0.558904
Test Acc: 52.846% (3435/6500)
Epoch 3 :
Train Acc: 59.354% (3858/6500) | Loss: 0.679
Saved Attack Test Ground Truth and Predict Sets
Test F1: 0.630504
AUC: 0.558867
Test Acc: 53.262% (3462/6500)
Epoch 4 :
Train Acc: 59.338% (3857/6500) | Loss: 0.675
Saved Attack Test Ground Truth and Predict Sets
Test F1: 0.624050
AUC: 0.558749
Test Acc: 53.585% (3483/6500)
Epoch 5 :
Train Acc: 60.692% (3945/6500) | Loss: 0.670
Saved Attack Test Ground Truth and Predict Sets
Test F1: 0.619204
AUC: 0.558111
Test Acc: 53.754% (3494/6500)
Epoch 6 :
Train Acc: 61.585% (4003/6500) | Loss: 0.662
Test Acc: 53.738% (3493/6500)
Epoch 7 :
Train Acc: 62.862% (4086/6500) | Loss: 0.655
Test Acc: 53.692% (3490/6500)
Epoch 8 :
Train Acc: 60.262% (3917/6500) | Loss: 0.650
Saved Attack Test Ground Truth and Predict Sets
Test F1: 0.577746
AUC: 0.551422
Test Acc: 54.169% (3521/6500)
Epoch 9 :
Train Acc: 60.954% (3962/6500) | Loss: 0.645
Test Acc: 49.892% (3243/6500)
Epoch 10 :
Saved Attack Train Ground Truth and Predict Sets
Train F1: 0.642707
AUC: 0.628380
Train Acc: 58.246% (3786/6500) | Loss: 0.656
Saved Attack Test Ground Truth and Predict Sets
Test F1: 0.632160
AUC: 0.558458
Test Acc: 52.877% (3437/6500)
Best Acc: 0.541692
 F1: 0.577746
AUC: 0.551422
Saved Attack Model to results/train_layer/stl10-resnet50/block_shallow_13_100/meminf_top3.pth
