Finished Saving Train Dataset to results/train_layer/tinyimagenet200-resnet18/block_shallow_3_100/meminf_attack_mode0_train.p
Finished Saving Test Dataset to results/train_layer/tinyimagenet200-resnet18/block_shallow_3_100/meminf_attack_mode0_test.p
Epoch 1 :
Train Acc: 78.713% (43292/55000) | Loss: 0.544
Saved Attack Test Ground Truth and Predict Sets
Test F1: 0.758051
AUC: 0.881737
Test Acc: 68.624% (37743/55000)
Epoch 2 :
Train Acc: 79.562% (43759/55000) | Loss: 0.506
Saved Attack Test Ground Truth and Predict Sets
Test F1: 0.767866
AUC: 0.881662
Test Acc: 70.411% (38726/55000)
Epoch 3 :
Train Acc: 83.033% (45668/55000) | Loss: 0.476
Saved Attack Test Ground Truth and Predict Sets
Test F1: 0.750908
AUC: 0.872528
Test Acc: 77.564% (42660/55000)
Epoch 4 :
Train Acc: 82.951% (45623/55000) | Loss: 0.479
Test Acc: 74.909% (41200/55000)
Epoch 5 :
Train Acc: 86.336% (47485/55000) | Loss: 0.445
Test Acc: 75.811% (41696/55000)
Epoch 6 :
Train Acc: 89.035% (48969/55000) | Loss: 0.420
Test Acc: 76.369% (42003/55000)
Epoch 7 :
Train Acc: 89.295% (49112/55000) | Loss: 0.419
Saved Attack Test Ground Truth and Predict Sets
Test F1: 0.765642
AUC: 0.872526
Test Acc: 78.575% (43216/55000)
Epoch 8 :
Train Acc: 87.889% (48339/55000) | Loss: 0.433
Saved Attack Test Ground Truth and Predict Sets
Test F1: 0.809398
AUC: 0.866958
Test Acc: 81.180% (44649/55000)
Epoch 9 :
Train Acc: 87.062% (47884/55000) | Loss: 0.441
Saved Attack Test Ground Truth and Predict Sets
Test F1: 0.826972
AUC: 0.849635
Test Acc: 81.627% (44895/55000)
Epoch 10 :
Saved Attack Train Ground Truth and Predict Sets
Train F1: 0.882373
AUC: 0.915580
Train Acc: 87.820% (48301/55000) | Loss: 0.434
Saved Attack Test Ground Truth and Predict Sets
Test F1: 0.820713
AUC: 0.818619
Test Acc: 79.585% (43772/55000)
Best Acc: 0.816273
 F1: 0.826972
AUC: 0.849635
Saved Attack Model to results/train_layer/tinyimagenet200-resnet18/block_shallow_3_100/meminf_attack0.pth
