Finished Saving Train Dataset to results/train_layer/tinyimagenet200-resnet18/block_shallow_3_100/meminf_attack_top3_train.p
Finished Saving Test Dataset to results/train_layer/tinyimagenet200-resnet18/block_shallow_3_100/meminf_attack_top3_test.p
Epoch 1 :
Train Acc: 81.309% (44720/55000) | Loss: 0.581
Saved Attack Test Ground Truth and Predict Sets
Test F1: 0.823626
AUC: 0.879957
Test Acc: 81.665% (44916/55000)
Epoch 2 :
Train Acc: 89.747% (49361/55000) | Loss: 0.423
Saved Attack Test Ground Truth and Predict Sets
Test F1: 0.822817
AUC: 0.880643
Test Acc: 81.691% (44930/55000)
Epoch 3 :
Train Acc: 85.955% (47275/55000) | Loss: 0.454
Test Acc: 80.242% (44133/55000)
Epoch 4 :
Train Acc: 75.604% (41582/55000) | Loss: 0.556
Test Acc: 76.024% (41813/55000)
Epoch 5 :
Train Acc: 78.549% (43202/55000) | Loss: 0.527
Test Acc: 80.220% (44121/55000)
Epoch 6 :
Train Acc: 85.258% (46892/55000) | Loss: 0.460
Test Acc: 81.447% (44796/55000)
Epoch 7 :
Train Acc: 89.640% (49302/55000) | Loss: 0.416
Test Acc: 81.467% (44807/55000)
Epoch 8 :
Train Acc: 82.371% (45304/55000) | Loss: 0.489
Test Acc: 78.975% (43436/55000)
Epoch 9 :
Train Acc: 78.569% (43213/55000) | Loss: 0.527
Test Acc: 77.369% (42553/55000)
Epoch 10 :
Saved Attack Train Ground Truth and Predict Sets
Train F1: 0.812901
AUC: 0.771199
Train Acc: 76.985% (42342/55000) | Loss: 0.543
Saved Attack Test Ground Truth and Predict Sets
Test F1: 0.804677
AUC: 0.770224
Test Acc: 76.855% (42270/55000)
Best Acc: 0.816909
 F1: 0.822817
AUC: 0.880643
Saved Attack Model to results/train_layer/tinyimagenet200-resnet18/block_shallow_3_100/meminf_top3.pth
