Finished Saving Train Dataset to results/train_layer/tinyimagenet200-resnet34/block_shallow_9_100/meminf_attack_mode0_train.p
Finished Saving Test Dataset to results/train_layer/tinyimagenet200-resnet34/block_shallow_9_100/meminf_attack_mode0_test.p
Epoch 1 :
Train Acc: 89.113% (49012/55000) | Loss: 0.456
Saved Attack Test Ground Truth and Predict Sets
Test F1: 0.000000
AUC: 0.501094
Test Acc: 50.000% (27500/55000)
Epoch 2 :
Train Acc: 81.976% (45087/55000) | Loss: 0.486
Saved Attack Test Ground Truth and Predict Sets
Test F1: 0.011434
AUC: 0.501337
Test Acc: 50.011% (27506/55000)
Epoch 3 :
Train Acc: 86.295% (47462/55000) | Loss: 0.447
Test Acc: 49.967% (27482/55000)
Epoch 4 :
Train Acc: 87.689% (48229/55000) | Loss: 0.434
Test Acc: 50.005% (27503/55000)
Epoch 5 :
Train Acc: 90.433% (49738/55000) | Loss: 0.408
Test Acc: 50.002% (27501/55000)
Epoch 6 :
Train Acc: 91.509% (50330/55000) | Loss: 0.397
Saved Attack Test Ground Truth and Predict Sets
Test F1: 0.085104
AUC: 0.502050
Test Acc: 50.196% (27608/55000)
Epoch 7 :
Train Acc: 93.045% (51175/55000) | Loss: 0.382
Test Acc: 49.995% (27497/55000)
Epoch 8 :
Train Acc: 94.267% (51847/55000) | Loss: 0.370
Test Acc: 50.000% (27500/55000)
Epoch 9 :
Train Acc: 94.291% (51860/55000) | Loss: 0.370
Test Acc: 50.000% (27500/55000)
Epoch 10 :
Saved Attack Train Ground Truth and Predict Sets
Train F1: 0.944467
AUC: 0.947030
Train Acc: 94.184% (51801/55000) | Loss: 0.371
Saved Attack Test Ground Truth and Predict Sets
Test F1: 0.000000
AUC: 0.500000
Test Acc: 50.000% (27500/55000)
Best Acc: 0.501964
 F1: 0.085104
AUC: 0.502050
Saved Attack Model to results/train_layer/tinyimagenet200-resnet34/block_shallow_9_100/meminf_attack0.pth
