Finished Saving Train Dataset to results/train_layer/tinyimagenet200-vgg16_bn/block_shallow_0_100/meminf_attack_top3_train.p
Finished Saving Test Dataset to results/train_layer/tinyimagenet200-vgg16_bn/block_shallow_0_100/meminf_attack_top3_test.p
Epoch 1 :
Train Acc: 59.276% (32602/55000) | Loss: 0.676
Saved Attack Test Ground Truth and Predict Sets
Test F1: 0.568349
AUC: 0.576444
Test Acc: 55.436% (30490/55000)
Epoch 2 :
Train Acc: 59.360% (32648/55000) | Loss: 0.671
Saved Attack Test Ground Truth and Predict Sets
Test F1: 0.497718
AUC: 0.576925
Test Acc: 55.571% (30564/55000)
Epoch 3 :
Train Acc: 59.915% (32953/55000) | Loss: 0.669
Saved Attack Test Ground Truth and Predict Sets
Test F1: 0.517232
AUC: 0.577345
Test Acc: 55.735% (30654/55000)
Epoch 4 :
Train Acc: 59.780% (32879/55000) | Loss: 0.668
Saved Attack Test Ground Truth and Predict Sets
Test F1: 0.525705
AUC: 0.577761
Test Acc: 55.867% (30727/55000)
Epoch 5 :
Train Acc: 59.931% (32962/55000) | Loss: 0.668
Test Acc: 55.842% (30713/55000)
Epoch 6 :
Train Acc: 59.867% (32927/55000) | Loss: 0.667
Saved Attack Test Ground Truth and Predict Sets
Test F1: 0.512389
AUC: 0.578578
Test Acc: 55.920% (30756/55000)
Epoch 7 :
Train Acc: 59.965% (32981/55000) | Loss: 0.667
Test Acc: 55.915% (30753/55000)
Epoch 8 :
Train Acc: 59.949% (32972/55000) | Loss: 0.667
Saved Attack Test Ground Truth and Predict Sets
Test F1: 0.529008
AUC: 0.578702
Test Acc: 55.940% (30767/55000)
Epoch 9 :
Train Acc: 60.011% (33006/55000) | Loss: 0.667
Saved Attack Test Ground Truth and Predict Sets
Test F1: 0.530649
AUC: 0.578679
Test Acc: 55.953% (30774/55000)
Epoch 10 :
Saved Attack Train Ground Truth and Predict Sets
Train F1: 0.568820
AUC: 0.626428
Train Acc: 59.982% (32990/55000) | Loss: 0.667
Saved Attack Test Ground Truth and Predict Sets
Test F1: 0.521977
AUC: 0.578684
Test Acc: 55.905% (30748/55000)
Best Acc: 0.559527
 F1: 0.530649
AUC: 0.578679
Saved Attack Model to results/train_layer/tinyimagenet200-vgg16_bn/block_shallow_0_100/meminf_top3.pth
