Finished Saving Train Dataset to results/train_layer/tinyimagenet200-resnet18/block_shallow_10_300/meminf_attack_top3_train.p
Finished Saving Test Dataset to results/train_layer/tinyimagenet200-resnet18/block_shallow_10_300/meminf_attack_top3_test.p
Epoch 1 :
Train Acc: 81.309% (44720/55000) | Loss: 0.581
Saved Attack Test Ground Truth and Predict Sets
Test F1: 0.000291
AUC: 0.500163
Test Acc: 50.005% (27503/55000)
Epoch 2 :
Train Acc: 89.747% (49361/55000) | Loss: 0.423
Test Acc: 50.005% (27503/55000)
Epoch 3 :
Train Acc: 85.955% (47275/55000) | Loss: 0.454
Test Acc: 50.004% (27502/55000)
Epoch 4 :
Train Acc: 75.604% (41582/55000) | Loss: 0.556
Test Acc: 49.985% (27492/55000)
Epoch 5 :
Train Acc: 78.549% (43202/55000) | Loss: 0.527
Test Acc: 50.005% (27503/55000)
Epoch 6 :
Train Acc: 85.258% (46892/55000) | Loss: 0.460
Test Acc: 50.004% (27502/55000)
Epoch 7 :
Train Acc: 89.640% (49302/55000) | Loss: 0.416
Test Acc: 50.005% (27503/55000)
Epoch 8 :
Train Acc: 82.371% (45304/55000) | Loss: 0.489
Test Acc: 50.004% (27502/55000)
Epoch 9 :
Train Acc: 78.569% (43213/55000) | Loss: 0.527
Test Acc: 49.978% (27488/55000)
Epoch 10 :
Saved Attack Train Ground Truth and Predict Sets
Train F1: 0.812901
AUC: 0.771199
Train Acc: 76.985% (42342/55000) | Loss: 0.543
Saved Attack Test Ground Truth and Predict Sets
Test F1: 0.004991
AUC: 0.499818
Test Acc: 49.984% (27491/55000)
Best Acc: 0.500055
 F1: 0.000291
AUC: 0.500163
Saved Attack Model to results/train_layer/tinyimagenet200-resnet18/block_shallow_10_300/meminf_top3.pth
