Finished Saving Train Dataset to results/train_layer/stl10-mobilenetv2/block_shallow_30_100/meminf_attack_top3_train.p
Finished Saving Test Dataset to results/train_layer/stl10-mobilenetv2/block_shallow_30_100/meminf_attack_top3_test.p
Epoch 1 :
Train Acc: 53.000% (3445/6500) | Loss: 0.685
Saved Attack Test Ground Truth and Predict Sets
Test F1: 0.652440
AUC: 0.549293
Test Acc: 51.138% (3324/6500)
Epoch 2 :
Train Acc: 56.108% (3647/6500) | Loss: 0.683
Saved Attack Test Ground Truth and Predict Sets
Test F1: 0.637027
AUC: 0.549967
Test Acc: 51.769% (3365/6500)
Epoch 3 :
Train Acc: 59.277% (3853/6500) | Loss: 0.680
Saved Attack Test Ground Truth and Predict Sets
Test F1: 0.633877
AUC: 0.550111
Test Acc: 52.015% (3381/6500)
Epoch 4 :
Train Acc: 58.708% (3816/6500) | Loss: 0.676
Saved Attack Test Ground Truth and Predict Sets
Test F1: 0.630901
AUC: 0.550289
Test Acc: 52.369% (3404/6500)
Epoch 5 :
Train Acc: 60.723% (3947/6500) | Loss: 0.671
Test Acc: 52.354% (3403/6500)
Epoch 6 :
Train Acc: 61.108% (3972/6500) | Loss: 0.665
Saved Attack Test Ground Truth and Predict Sets
Test F1: 0.619958
AUC: 0.550405
Test Acc: 52.600% (3419/6500)
Epoch 7 :
Train Acc: 61.738% (4013/6500) | Loss: 0.657
Test Acc: 52.508% (3413/6500)
Epoch 8 :
Train Acc: 64.000% (4160/6500) | Loss: 0.652
Test Acc: 52.492% (3412/6500)
Epoch 9 :
Train Acc: 58.138% (3779/6500) | Loss: 0.651
Saved Attack Test Ground Truth and Predict Sets
Test F1: 0.595320
AUC: 0.540871
Test Acc: 53.169% (3456/6500)
Epoch 10 :
Saved Attack Train Ground Truth and Predict Sets
Train F1: 0.719216
AUC: 0.658976
Train Acc: 61.200% (3978/6500) | Loss: 0.646
Saved Attack Test Ground Truth and Predict Sets
Test F1: 0.103335
AUC: 0.540645
Test Acc: 49.538% (3220/6500)
Best Acc: 0.531692
 F1: 0.595320
AUC: 0.540871
Saved Attack Model to results/train_layer/stl10-mobilenetv2/block_shallow_30_100/meminf_top3.pth
