Finished Saving Train Dataset to results/train_layer_deep/cifar100-mobilenetv2/block_deep_0_1000/meminf_attack_mode0_train.p
Finished Saving Test Dataset to results/train_layer_deep/cifar100-mobilenetv2/block_deep_0_1000/meminf_attack_mode0_test.p
Epoch 1 :
Train Acc: 78.257% (23477/30000) | Loss: 0.545
Saved Attack Test Ground Truth and Predict Sets
Test F1: 0.764555
AUC: 0.873723
Test Acc: 69.400% (20820/30000)
Epoch 2 :
Train Acc: 73.730% (22119/30000) | Loss: 0.563
Saved Attack Test Ground Truth and Predict Sets
Test F1: 0.803137
AUC: 0.872693
Test Acc: 75.900% (22770/30000)
Epoch 3 :
Train Acc: 75.783% (22735/30000) | Loss: 0.548
Test Acc: 75.840% (22752/30000)
Epoch 4 :
Train Acc: 77.413% (23224/30000) | Loss: 0.535
Saved Attack Test Ground Truth and Predict Sets
Test F1: 0.831053
AUC: 0.866863
Test Acc: 80.863% (24259/30000)
Epoch 5 :
Train Acc: 76.710% (23013/30000) | Loss: 0.541
Test Acc: 67.787% (20336/30000)
Epoch 6 :
Train Acc: 78.513% (23554/30000) | Loss: 0.523
Test Acc: 78.927% (23678/30000)
Epoch 7 :
Train Acc: 78.663% (23599/30000) | Loss: 0.523
Test Acc: 69.747% (20924/30000)
Epoch 8 :
Train Acc: 80.437% (24131/30000) | Loss: 0.503
Test Acc: 78.743% (23623/30000)
Epoch 9 :
Train Acc: 81.407% (24422/30000) | Loss: 0.497
Test Acc: 72.710% (21813/30000)
Epoch 10 :
Saved Attack Train Ground Truth and Predict Sets
Train F1: 0.826682
AUC: 0.869562
Train Acc: 81.760% (24528/30000) | Loss: 0.491
Saved Attack Test Ground Truth and Predict Sets
Test F1: 0.821682
AUC: 0.831862
Test Acc: 78.990% (23697/30000)
Best Acc: 0.808633
 F1: 0.831053
AUC: 0.866863
Saved Attack Model to results/train_layer_deep/cifar100-mobilenetv2/block_deep_0_1000/meminf_attack0.pth
