Finished Saving Train Dataset to results/train_layer_deep/cifar10-mobilenetv2/block_deep_20_1000/meminf_attack_mode0_train.p
Finished Saving Test Dataset to results/train_layer_deep/cifar10-mobilenetv2/block_deep_20_1000/meminf_attack_mode0_test.p
Epoch 1 :
Train Acc: 63.790% (19137/30000) | Loss: 0.646
Saved Attack Test Ground Truth and Predict Sets
Test F1: 0.164067
AUC: 0.506875
Test Acc: 50.510% (15153/30000)
Epoch 2 :
Train Acc: 65.340% (19602/30000) | Loss: 0.633
Saved Attack Test Ground Truth and Predict Sets
Test F1: 0.261968
AUC: 0.508605
Test Acc: 50.717% (15215/30000)
Epoch 3 :
Train Acc: 66.320% (19896/30000) | Loss: 0.624
Test Acc: 50.560% (15168/30000)
Epoch 4 :
Train Acc: 66.903% (20071/30000) | Loss: 0.615
Saved Attack Test Ground Truth and Predict Sets
Test F1: 0.280281
AUC: 0.509163
Test Acc: 50.800% (15240/30000)
Epoch 5 :
Train Acc: 67.017% (20105/30000) | Loss: 0.614
Test Acc: 50.533% (15160/30000)
Epoch 6 :
Train Acc: 67.337% (20201/30000) | Loss: 0.610
Test Acc: 50.743% (15223/30000)
Epoch 7 :
Train Acc: 67.537% (20261/30000) | Loss: 0.612
Test Acc: 50.453% (15136/30000)
Epoch 8 :
Train Acc: 67.270% (20181/30000) | Loss: 0.613
Test Acc: 50.590% (15177/30000)
Epoch 9 :
Train Acc: 67.433% (20230/30000) | Loss: 0.613
Test Acc: 50.567% (15170/30000)
Epoch 10 :
Saved Attack Train Ground Truth and Predict Sets
Train F1: 0.748282
AUC: 0.695088
Train Acc: 67.767% (20330/30000) | Loss: 0.610
Saved Attack Test Ground Truth and Predict Sets
Test F1: 0.168258
AUC: 0.509147
Test Acc: 50.633% (15190/30000)
Best Acc: 0.508000
 F1: 0.280281
AUC: 0.509163
Saved Attack Model to results/train_layer_deep/cifar10-mobilenetv2/block_deep_20_1000/meminf_attack0.pth
