Finished Saving Train Dataset to results/train_layer_deep/stl10-mobilenetv2/block_deep_17_100/meminf_attack_top3_train.p
Finished Saving Test Dataset to results/train_layer_deep/stl10-mobilenetv2/block_deep_17_100/meminf_attack_top3_test.p
Epoch 1 :
Train Acc: 53.000% (3445/6500) | Loss: 0.685
Saved Attack Test Ground Truth and Predict Sets
Test F1: 0.124497
AUC: 0.509394
Test Acc: 49.800% (3237/6500)
Epoch 2 :
Train Acc: 56.108% (3647/6500) | Loss: 0.683
Test Acc: 49.785% (3236/6500)
Epoch 3 :
Train Acc: 59.277% (3853/6500) | Loss: 0.680
Saved Attack Test Ground Truth and Predict Sets
Test F1: 0.006103
AUC: 0.506221
Test Acc: 49.892% (3243/6500)
Epoch 4 :
Train Acc: 58.708% (3816/6500) | Loss: 0.676
Saved Attack Test Ground Truth and Predict Sets
Test F1: 0.003063
AUC: 0.506789
Test Acc: 49.923% (3245/6500)
Epoch 5 :
Train Acc: 60.723% (3947/6500) | Loss: 0.671
Saved Attack Test Ground Truth and Predict Sets
Test F1: 0.001228
AUC: 0.506368
Test Acc: 49.938% (3246/6500)
Epoch 6 :
Train Acc: 61.108% (3972/6500) | Loss: 0.665
Saved Attack Test Ground Truth and Predict Sets
Test F1: 0.000000
AUC: 0.506110
Test Acc: 49.954% (3247/6500)
Epoch 7 :
Train Acc: 61.738% (4013/6500) | Loss: 0.657
Test Acc: 49.954% (3247/6500)
Epoch 8 :
Train Acc: 64.000% (4160/6500) | Loss: 0.652
Saved Attack Test Ground Truth and Predict Sets
Test F1: 0.000000
AUC: 0.507158
Test Acc: 49.969% (3248/6500)
Epoch 9 :
Train Acc: 58.138% (3779/6500) | Loss: 0.651
Saved Attack Test Ground Truth and Predict Sets
Test F1: 0.000000
AUC: 0.506666
Test Acc: 50.000% (3250/6500)
Epoch 10 :
Saved Attack Train Ground Truth and Predict Sets
Train F1: 0.719216
AUC: 0.658976
Train Acc: 61.200% (3978/6500) | Loss: 0.646
Saved Attack Test Ground Truth and Predict Sets
Test F1: 0.000000
AUC: 0.506373
Test Acc: 50.000% (3250/6500)
Best Acc: 0.500000
 F1: 0.000000
AUC: 0.506666
Saved Attack Model to results/train_layer_deep/stl10-mobilenetv2/block_deep_17_100/meminf_top3.pth
