Finished Saving Train Dataset to results/train_layer/cifar10-mobilenetv2/block_shallow_6_1000/meminf_attack_mode0_train.p
Finished Saving Test Dataset to results/train_layer/cifar10-mobilenetv2/block_shallow_6_1000/meminf_attack_mode0_test.p
Epoch 1 :
Train Acc: 63.790% (19137/30000) | Loss: 0.646
Saved Attack Test Ground Truth and Predict Sets
Test F1: 0.551914
AUC: 0.546498
Test Acc: 53.793% (16138/30000)
Epoch 2 :
Train Acc: 65.340% (19602/30000) | Loss: 0.633
Test Acc: 53.530% (16059/30000)
Epoch 3 :
Train Acc: 66.320% (19896/30000) | Loss: 0.624
Test Acc: 53.740% (16122/30000)
Epoch 4 :
Train Acc: 66.903% (20071/30000) | Loss: 0.615
Test Acc: 53.473% (16042/30000)
Epoch 5 :
Train Acc: 67.017% (20105/30000) | Loss: 0.614
Test Acc: 53.720% (16116/30000)
Epoch 6 :
Train Acc: 67.337% (20201/30000) | Loss: 0.610
Test Acc: 53.680% (16104/30000)
Epoch 7 :
Train Acc: 67.537% (20261/30000) | Loss: 0.612
Test Acc: 53.447% (16034/30000)
Epoch 8 :
Train Acc: 67.270% (20181/30000) | Loss: 0.613
Test Acc: 53.563% (16069/30000)
Epoch 9 :
Train Acc: 67.433% (20230/30000) | Loss: 0.613
Saved Attack Test Ground Truth and Predict Sets
Test F1: 0.551579
AUC: 0.547999
Test Acc: 53.807% (16142/30000)
Epoch 10 :
Saved Attack Train Ground Truth and Predict Sets
Train F1: 0.748282
AUC: 0.695088
Train Acc: 67.767% (20330/30000) | Loss: 0.610
Saved Attack Test Ground Truth and Predict Sets
Test F1: 0.545800
AUC: 0.546823
Test Acc: 53.720% (16116/30000)
Best Acc: 0.538067
 F1: 0.551579
AUC: 0.547999
Saved Attack Model to results/train_layer/cifar10-mobilenetv2/block_shallow_6_1000/meminf_attack0.pth
