Finished Saving Train Dataset to results/train_layer/tinyimagenet200-mobilenetv2/block_shallow_21_1000/meminf_attack_top3_train.p
Finished Saving Test Dataset to results/train_layer/tinyimagenet200-mobilenetv2/block_shallow_21_1000/meminf_attack_top3_test.p
Epoch 1 :
Train Acc: 50.307% (27669/55000) | Loss: 0.692
Saved Attack Test Ground Truth and Predict Sets
Test F1: 0.666594
AUC: 0.499220
Test Acc: 50.018% (27510/55000)
Epoch 2 :
Train Acc: 50.382% (27710/55000) | Loss: 0.692
Test Acc: 49.953% (27474/55000)
Epoch 3 :
Train Acc: 50.795% (27937/55000) | Loss: 0.692
Saved Attack Test Ground Truth and Predict Sets
Test F1: 0.500137
AUC: 0.499216
Test Acc: 50.100% (27555/55000)
Epoch 4 :
Train Acc: 51.022% (28062/55000) | Loss: 0.692
Test Acc: 49.960% (27478/55000)
Epoch 5 :
Train Acc: 50.944% (28019/55000) | Loss: 0.692
Test Acc: 49.995% (27497/55000)
Epoch 6 :
Train Acc: 51.067% (28087/55000) | Loss: 0.692
Test Acc: 49.935% (27464/55000)
Epoch 7 :
Train Acc: 51.040% (28072/55000) | Loss: 0.692
Test Acc: 49.813% (27397/55000)
Epoch 8 :
Train Acc: 51.013% (28057/55000) | Loss: 0.692
Test Acc: 49.940% (27467/55000)
Epoch 9 :
Train Acc: 51.085% (28097/55000) | Loss: 0.692
Test Acc: 49.975% (27486/55000)
Epoch 10 :
Saved Attack Train Ground Truth and Predict Sets
Train F1: 0.420735
AUC: 0.515274
Train Acc: 51.136% (28125/55000) | Loss: 0.692
Saved Attack Test Ground Truth and Predict Sets
Test F1: 0.521508
AUC: 0.498251
Test Acc: 49.904% (27447/55000)
Best Acc: 0.501000
 F1: 0.500137
AUC: 0.499216
Saved Attack Model to results/train_layer/tinyimagenet200-mobilenetv2/block_shallow_21_1000/meminf_top3.pth
