Finished Saving Train Dataset to results/train_layer_deep/cifar100-mobilenetv2/block_deep_9_1000/meminf_attack_mode0_train.p
Finished Saving Test Dataset to results/train_layer_deep/cifar100-mobilenetv2/block_deep_9_1000/meminf_attack_mode0_test.p
Epoch 1 :
Train Acc: 78.257% (23477/30000) | Loss: 0.545
Saved Attack Test Ground Truth and Predict Sets
Test F1: 0.119069
AUC: 0.520602
Test Acc: 50.923% (15277/30000)
Epoch 2 :
Train Acc: 73.730% (22119/30000) | Loss: 0.563
Test Acc: 50.340% (15102/30000)
Epoch 3 :
Train Acc: 75.783% (22735/30000) | Loss: 0.548
Test Acc: 50.343% (15103/30000)
Epoch 4 :
Train Acc: 77.413% (23224/30000) | Loss: 0.535
Test Acc: 50.040% (15012/30000)
Epoch 5 :
Train Acc: 76.710% (23013/30000) | Loss: 0.541
Saved Attack Test Ground Truth and Predict Sets
Test F1: 0.158823
AUC: 0.520256
Test Acc: 51.203% (15361/30000)
Epoch 6 :
Train Acc: 78.513% (23554/30000) | Loss: 0.523
Test Acc: 50.097% (15029/30000)
Epoch 7 :
Train Acc: 78.663% (23599/30000) | Loss: 0.523
Test Acc: 50.890% (15267/30000)
Epoch 8 :
Train Acc: 80.437% (24131/30000) | Loss: 0.503
Test Acc: 50.113% (15034/30000)
Epoch 9 :
Train Acc: 81.407% (24422/30000) | Loss: 0.497
Test Acc: 50.623% (15187/30000)
Epoch 10 :
Saved Attack Train Ground Truth and Predict Sets
Train F1: 0.826682
AUC: 0.869562
Train Acc: 81.760% (24528/30000) | Loss: 0.491
Saved Attack Test Ground Truth and Predict Sets
Test F1: 0.012012
AUC: 0.517774
Test Acc: 50.103% (15031/30000)
Best Acc: 0.512033
 F1: 0.158823
AUC: 0.520256
Saved Attack Model to results/train_layer_deep/cifar100-mobilenetv2/block_deep_9_1000/meminf_attack0.pth
