Finished Saving Train Dataset to results/train_layer/stl10-mobilenetv2/block_shallow_3_100/meminf_attack_mode0_train.p
Finished Saving Test Dataset to results/train_layer/stl10-mobilenetv2/block_shallow_3_100/meminf_attack_mode0_test.p
Epoch 1 :
Train Acc: 64.215% (4174/6500) | Loss: 0.654
Saved Attack Test Ground Truth and Predict Sets
Test F1: 0.645711
AUC: 0.697644
Test Acc: 64.800% (4212/6500)
Epoch 2 :
Train Acc: 72.200% (4693/6500) | Loss: 0.613
Saved Attack Test Ground Truth and Predict Sets
Test F1: 0.701862
AUC: 0.701290
Test Acc: 66.985% (4354/6500)
Epoch 3 :
Train Acc: 73.154% (4755/6500) | Loss: 0.587
Test Acc: 63.800% (4147/6500)
Epoch 4 :
Train Acc: 73.277% (4763/6500) | Loss: 0.573
Test Acc: 66.985% (4354/6500)
Epoch 5 :
Train Acc: 73.246% (4761/6500) | Loss: 0.569
Test Acc: 63.723% (4142/6500)
Epoch 6 :
Train Acc: 72.938% (4741/6500) | Loss: 0.568
Saved Attack Test Ground Truth and Predict Sets
Test F1: 0.709397
AUC: 0.700573
Test Acc: 67.077% (4360/6500)
Epoch 7 :
Train Acc: 72.446% (4709/6500) | Loss: 0.575
Test Acc: 66.954% (4352/6500)
Epoch 8 :
Train Acc: 72.277% (4698/6500) | Loss: 0.574
Test Acc: 63.723% (4142/6500)
Epoch 9 :
Train Acc: 73.631% (4786/6500) | Loss: 0.565
Saved Attack Test Ground Truth and Predict Sets
Test F1: 0.717121
AUC: 0.701084
Test Acc: 67.108% (4362/6500)
Epoch 10 :
Saved Attack Train Ground Truth and Predict Sets
Train F1: 0.777497
AUC: 0.758907
Train Acc: 71.523% (4649/6500) | Loss: 0.587
Saved Attack Test Ground Truth and Predict Sets
Test F1: 0.716013
AUC: 0.700487
Test Acc: 67.123% (4363/6500)
Best Acc: 0.671231
 F1: 0.716013
AUC: 0.700487
Saved Attack Model to results/train_layer/stl10-mobilenetv2/block_shallow_3_100/meminf_attack0.pth
