Finished Saving Train Dataset to results/train_layer/tinyimagenet200-vgg16_bn/block_shallow_7_300/meminf_attack_top3_train.p
Finished Saving Test Dataset to results/train_layer/tinyimagenet200-vgg16_bn/block_shallow_7_300/meminf_attack_top3_test.p
Epoch 1 :
Train Acc: 59.302% (32616/55000) | Loss: 0.676
Saved Attack Test Ground Truth and Predict Sets
Test F1: 0.420897
AUC: 0.513649
Test Acc: 50.964% (28030/55000)
Epoch 2 :
Train Acc: 59.571% (32764/55000) | Loss: 0.670
Test Acc: 50.904% (27997/55000)
Epoch 3 :
Train Acc: 59.991% (32995/55000) | Loss: 0.668
Test Acc: 50.887% (27988/55000)
Epoch 4 :
Train Acc: 59.902% (32946/55000) | Loss: 0.668
Test Acc: 50.813% (27947/55000)
Epoch 5 :
Train Acc: 59.951% (32973/55000) | Loss: 0.667
Test Acc: 50.933% (28013/55000)
Epoch 6 :
Train Acc: 59.969% (32983/55000) | Loss: 0.667
Test Acc: 50.918% (28005/55000)
Epoch 7 :
Train Acc: 60.015% (33008/55000) | Loss: 0.668
Test Acc: 50.960% (28028/55000)
Epoch 8 :
Train Acc: 60.004% (33002/55000) | Loss: 0.667
Saved Attack Test Ground Truth and Predict Sets
Test F1: 0.371151
AUC: 0.514499
Test Acc: 50.982% (28040/55000)
Epoch 9 :
Train Acc: 59.998% (32999/55000) | Loss: 0.667
Saved Attack Test Ground Truth and Predict Sets
Test F1: 0.372325
AUC: 0.514584
Test Acc: 50.995% (28047/55000)
Epoch 10 :
Saved Attack Train Ground Truth and Predict Sets
Train F1: 0.578874
AUC: 0.626643
Train Acc: 59.951% (32973/55000) | Loss: 0.667
Saved Attack Test Ground Truth and Predict Sets
Test F1: 0.372137
AUC: 0.514703
Test Acc: 50.998% (28049/55000)
Best Acc: 0.509982
 F1: 0.372137
AUC: 0.514703
Saved Attack Model to results/train_layer/tinyimagenet200-vgg16_bn/block_shallow_7_300/meminf_top3.pth
