Finished Saving Train Dataset to results/train_layer/stl10-mobilenetv2/block_shallow_21_100/meminf_attack_top3_train.p
Finished Saving Test Dataset to results/train_layer/stl10-mobilenetv2/block_shallow_21_100/meminf_attack_top3_test.p
Epoch 1 :
Train Acc: 53.000% (3445/6500) | Loss: 0.685
Saved Attack Test Ground Truth and Predict Sets
Test F1: 0.657869
AUC: 0.560768
Test Acc: 51.338% (3337/6500)
Epoch 2 :
Train Acc: 56.108% (3647/6500) | Loss: 0.683
Saved Attack Test Ground Truth and Predict Sets
Test F1: 0.647450
AUC: 0.562860
Test Acc: 51.831% (3369/6500)
Epoch 3 :
Train Acc: 59.277% (3853/6500) | Loss: 0.680
Saved Attack Test Ground Truth and Predict Sets
Test F1: 0.645836
AUC: 0.563232
Test Acc: 52.046% (3383/6500)
Epoch 4 :
Train Acc: 58.708% (3816/6500) | Loss: 0.676
Saved Attack Test Ground Truth and Predict Sets
Test F1: 0.645050
AUC: 0.563907
Test Acc: 52.508% (3413/6500)
Epoch 5 :
Train Acc: 60.723% (3947/6500) | Loss: 0.671
Saved Attack Test Ground Truth and Predict Sets
Test F1: 0.644303
AUC: 0.564063
Test Acc: 52.692% (3425/6500)
Epoch 6 :
Train Acc: 61.108% (3972/6500) | Loss: 0.665
Saved Attack Test Ground Truth and Predict Sets
Test F1: 0.639830
AUC: 0.564562
Test Acc: 53.200% (3458/6500)
Epoch 7 :
Train Acc: 61.738% (4013/6500) | Loss: 0.657
Test Acc: 53.092% (3451/6500)
Epoch 8 :
Train Acc: 64.000% (4160/6500) | Loss: 0.652
Test Acc: 52.938% (3441/6500)
Epoch 9 :
Train Acc: 58.138% (3779/6500) | Loss: 0.651
Saved Attack Test Ground Truth and Predict Sets
Test F1: 0.629095
AUC: 0.557242
Test Acc: 54.538% (3545/6500)
Epoch 10 :
Saved Attack Train Ground Truth and Predict Sets
Train F1: 0.719216
AUC: 0.658976
Train Acc: 61.200% (3978/6500) | Loss: 0.646
Saved Attack Test Ground Truth and Predict Sets
Test F1: 0.124361
AUC: 0.555988
Test Acc: 49.954% (3247/6500)
Best Acc: 0.545385
 F1: 0.629095
AUC: 0.557242
Saved Attack Model to results/train_layer/stl10-mobilenetv2/block_shallow_21_100/meminf_top3.pth
