Finished Saving Train Dataset to results/train_layer/cifar100-mobilenetv2/block_shallow_9_1000/meminf_attack_mode0_train.p
Finished Saving Test Dataset to results/train_layer/cifar100-mobilenetv2/block_shallow_9_1000/meminf_attack_mode0_test.p
Epoch 1 :
Train Acc: 78.257% (23477/30000) | Loss: 0.545
Saved Attack Test Ground Truth and Predict Sets
Test F1: 0.602881
AUC: 0.614587
Test Acc: 58.273% (17482/30000)
Epoch 2 :
Train Acc: 73.730% (22119/30000) | Loss: 0.563
Saved Attack Test Ground Truth and Predict Sets
Test F1: 0.539420
AUC: 0.611744
Test Acc: 58.600% (17580/30000)
Epoch 3 :
Train Acc: 75.783% (22735/30000) | Loss: 0.548
Saved Attack Test Ground Truth and Predict Sets
Test F1: 0.540380
AUC: 0.610950
Test Acc: 58.663% (17599/30000)
Epoch 4 :
Train Acc: 77.413% (23224/30000) | Loss: 0.535
Test Acc: 57.230% (17169/30000)
Epoch 5 :
Train Acc: 76.710% (23013/30000) | Loss: 0.541
Test Acc: 57.923% (17377/30000)
Epoch 6 :
Train Acc: 78.513% (23554/30000) | Loss: 0.523
Test Acc: 57.957% (17387/30000)
Epoch 7 :
Train Acc: 78.663% (23599/30000) | Loss: 0.523
Test Acc: 58.177% (17453/30000)
Epoch 8 :
Train Acc: 80.437% (24131/30000) | Loss: 0.503
Test Acc: 58.050% (17415/30000)
Epoch 9 :
Train Acc: 81.407% (24422/30000) | Loss: 0.497
Saved Attack Test Ground Truth and Predict Sets
Test F1: 0.577766
AUC: 0.609761
Test Acc: 58.817% (17645/30000)
Epoch 10 :
Saved Attack Train Ground Truth and Predict Sets
Train F1: 0.826682
AUC: 0.869562
Train Acc: 81.760% (24528/30000) | Loss: 0.491
Saved Attack Test Ground Truth and Predict Sets
Test F1: 0.486845
AUC: 0.609863
Test Acc: 58.000% (17400/30000)
Best Acc: 0.588167
 F1: 0.577766
AUC: 0.609761
Saved Attack Model to results/train_layer/cifar100-mobilenetv2/block_shallow_9_1000/meminf_attack0.pth
