Finished Saving Train Dataset to results/train_layer_deep/tinyimagenet200-mobilenetv2/block_deep_30_1000/meminf_attack_top3_train.p
Finished Saving Test Dataset to results/train_layer_deep/tinyimagenet200-mobilenetv2/block_deep_30_1000/meminf_attack_top3_test.p
Epoch 1 :
Train Acc: 50.307% (27669/55000) | Loss: 0.692
Saved Attack Test Ground Truth and Predict Sets
Test F1: 0.555901
AUC: 0.498396
Test Acc: 49.885% (27437/55000)
Epoch 2 :
Train Acc: 50.382% (27710/55000) | Loss: 0.692
Test Acc: 49.825% (27404/55000)
Epoch 3 :
Train Acc: 50.795% (27937/55000) | Loss: 0.692
Test Acc: 49.769% (27373/55000)
Epoch 4 :
Train Acc: 51.022% (28062/55000) | Loss: 0.692
Saved Attack Test Ground Truth and Predict Sets
Test F1: 0.301589
AUC: 0.498389
Test Acc: 49.971% (27484/55000)
Epoch 5 :
Train Acc: 50.944% (28019/55000) | Loss: 0.692
Test Acc: 49.887% (27438/55000)
Epoch 6 :
Train Acc: 51.067% (28087/55000) | Loss: 0.692
Test Acc: 49.916% (27454/55000)
Epoch 7 :
Train Acc: 51.040% (28072/55000) | Loss: 0.692
Test Acc: 49.795% (27387/55000)
Epoch 8 :
Train Acc: 51.013% (28057/55000) | Loss: 0.692
Test Acc: 49.889% (27439/55000)
Epoch 9 :
Train Acc: 51.085% (28097/55000) | Loss: 0.692
Test Acc: 49.905% (27448/55000)
Epoch 10 :
Saved Attack Train Ground Truth and Predict Sets
Train F1: 0.420735
AUC: 0.515274
Train Acc: 51.136% (28125/55000) | Loss: 0.692
Saved Attack Test Ground Truth and Predict Sets
Test F1: 0.187273
AUC: 0.498033
Test Acc: 49.864% (27425/55000)
Best Acc: 0.499709
 F1: 0.301589
AUC: 0.498389
Saved Attack Model to results/train_layer_deep/tinyimagenet200-mobilenetv2/block_deep_30_1000/meminf_top3.pth
