Finished Saving Train Dataset to results/train_layer_deep/cifar100-mobilenetv2/block_deep_12_1000/meminf_attack_top3_train.p
Finished Saving Test Dataset to results/train_layer_deep/cifar100-mobilenetv2/block_deep_12_1000/meminf_attack_top3_test.p
Epoch 1 :
Train Acc: 65.653% (19696/30000) | Loss: 0.670
Saved Attack Test Ground Truth and Predict Sets
Test F1: 0.006492
AUC: 0.503037
Test Acc: 50.007% (15002/30000)
Epoch 2 :
Train Acc: 74.003% (22201/30000) | Loss: 0.593
Test Acc: 49.993% (14998/30000)
Epoch 3 :
Train Acc: 75.310% (22593/30000) | Loss: 0.565
Test Acc: 49.993% (14998/30000)
Epoch 4 :
Train Acc: 67.277% (20183/30000) | Loss: 0.628
Saved Attack Test Ground Truth and Predict Sets
Test F1: 0.018353
AUC: 0.502784
Test Acc: 50.080% (15024/30000)
Epoch 5 :
Train Acc: 71.653% (21496/30000) | Loss: 0.584
Test Acc: 50.020% (15006/30000)
Epoch 6 :
Train Acc: 66.973% (20092/30000) | Loss: 0.641
Saved Attack Test Ground Truth and Predict Sets
Test F1: 0.032369
AUC: 0.505347
Test Acc: 50.177% (15053/30000)
Epoch 7 :
Train Acc: 64.467% (19340/30000) | Loss: 0.667
Test Acc: 50.153% (15046/30000)
Epoch 8 :
Train Acc: 66.770% (20031/30000) | Loss: 0.643
Test Acc: 50.040% (15012/30000)
Epoch 9 :
Train Acc: 72.210% (21663/30000) | Loss: 0.586
Test Acc: 50.003% (15001/30000)
Epoch 10 :
Saved Attack Train Ground Truth and Predict Sets
Train F1: 0.815524
AUC: 0.825050
Train Acc: 78.340% (23502/30000) | Loss: 0.525
Saved Attack Test Ground Truth and Predict Sets
Test F1: 0.000267
AUC: 0.509066
Test Acc: 50.003% (15001/30000)
Best Acc: 0.501767
 F1: 0.032369
AUC: 0.505347
Saved Attack Model to results/train_layer_deep/cifar100-mobilenetv2/block_deep_12_1000/meminf_top3.pth
