Finished Saving Train Dataset to results/train_layer/tinyimagenet200-mobilenetv2/block_shallow_42_1000/meminf_attack_top3_train.p
Finished Saving Test Dataset to results/train_layer/tinyimagenet200-mobilenetv2/block_shallow_42_1000/meminf_attack_top3_test.p
Epoch 1 :
Train Acc: 50.307% (27669/55000) | Loss: 0.692
Saved Attack Test Ground Truth and Predict Sets
Test F1: 0.658166
AUC: 0.498344
Test Acc: 49.895% (27442/55000)
Epoch 2 :
Train Acc: 50.382% (27710/55000) | Loss: 0.692
Test Acc: 49.895% (27442/55000)
Epoch 3 :
Train Acc: 50.795% (27937/55000) | Loss: 0.692
Saved Attack Test Ground Truth and Predict Sets
Test F1: 0.325929
AUC: 0.498524
Test Acc: 50.011% (27506/55000)
Epoch 4 :
Train Acc: 51.022% (28062/55000) | Loss: 0.692
Test Acc: 49.956% (27476/55000)
Epoch 5 :
Train Acc: 50.944% (28019/55000) | Loss: 0.692
Saved Attack Test Ground Truth and Predict Sets
Test F1: 0.315664
AUC: 0.498121
Test Acc: 50.051% (27528/55000)
Epoch 6 :
Train Acc: 51.067% (28087/55000) | Loss: 0.692
Test Acc: 49.996% (27498/55000)
Epoch 7 :
Train Acc: 51.040% (28072/55000) | Loss: 0.692
Test Acc: 49.882% (27435/55000)
Epoch 8 :
Train Acc: 51.013% (28057/55000) | Loss: 0.692
Test Acc: 49.878% (27433/55000)
Epoch 9 :
Train Acc: 51.085% (28097/55000) | Loss: 0.692
Saved Attack Test Ground Truth and Predict Sets
Test F1: 0.284724
AUC: 0.498540
Test Acc: 50.095% (27552/55000)
Epoch 10 :
Saved Attack Train Ground Truth and Predict Sets
Train F1: 0.420735
AUC: 0.515274
Train Acc: 51.136% (28125/55000) | Loss: 0.692
Saved Attack Test Ground Truth and Predict Sets
Test F1: 0.332446
AUC: 0.498439
Test Acc: 49.873% (27430/55000)
Best Acc: 0.500945
 F1: 0.284724
AUC: 0.498540
Saved Attack Model to results/train_layer/tinyimagenet200-mobilenetv2/block_shallow_42_1000/meminf_top3.pth
