Finished Saving Train Dataset to results/train_layer_deep/cifar100-mobilenetv2/block_deep_10_1000/meminf_attack_mode0_train.p
Finished Saving Test Dataset to results/train_layer_deep/cifar100-mobilenetv2/block_deep_10_1000/meminf_attack_mode0_test.p
Epoch 1 :
Train Acc: 78.257% (23477/30000) | Loss: 0.545
Saved Attack Test Ground Truth and Predict Sets
Test F1: 0.127105
AUC: 0.515394
Test Acc: 50.920% (15276/30000)
Epoch 2 :
Train Acc: 73.730% (22119/30000) | Loss: 0.563
Test Acc: 50.393% (15118/30000)
Epoch 3 :
Train Acc: 75.783% (22735/30000) | Loss: 0.548
Test Acc: 50.377% (15113/30000)
Epoch 4 :
Train Acc: 77.413% (23224/30000) | Loss: 0.535
Test Acc: 50.020% (15006/30000)
Epoch 5 :
Train Acc: 76.710% (23013/30000) | Loss: 0.541
Saved Attack Test Ground Truth and Predict Sets
Test F1: 0.163442
AUC: 0.513238
Test Acc: 51.137% (15341/30000)
Epoch 6 :
Train Acc: 78.513% (23554/30000) | Loss: 0.523
Test Acc: 50.110% (15033/30000)
Epoch 7 :
Train Acc: 78.663% (23599/30000) | Loss: 0.523
Test Acc: 50.973% (15292/30000)
Epoch 8 :
Train Acc: 80.437% (24131/30000) | Loss: 0.503
Test Acc: 50.133% (15040/30000)
Epoch 9 :
Train Acc: 81.407% (24422/30000) | Loss: 0.497
Test Acc: 50.720% (15216/30000)
Epoch 10 :
Saved Attack Train Ground Truth and Predict Sets
Train F1: 0.826682
AUC: 0.869562
Train Acc: 81.760% (24528/30000) | Loss: 0.491
Saved Attack Test Ground Truth and Predict Sets
Test F1: 0.011499
AUC: 0.511445
Test Acc: 50.140% (15042/30000)
Best Acc: 0.511367
 F1: 0.163442
AUC: 0.513238
Saved Attack Model to results/train_layer_deep/cifar100-mobilenetv2/block_deep_10_1000/meminf_attack0.pth
