Finished Saving Train Dataset to results/train_layer/stl10-resnet50/block_shallow_10_100/meminf_attack_mode0_train.p
Finished Saving Test Dataset to results/train_layer/stl10-resnet50/block_shallow_10_100/meminf_attack_mode0_test.p
Epoch 1 :
Train Acc: 63.062% (4099/6500) | Loss: 0.650
Saved Attack Test Ground Truth and Predict Sets
Test F1: 0.570719
AUC: 0.601599
Test Acc: 57.462% (3735/6500)
Epoch 2 :
Train Acc: 74.169% (4821/6500) | Loss: 0.607
Saved Attack Test Ground Truth and Predict Sets
Test F1: 0.601566
AUC: 0.604552
Test Acc: 58.508% (3803/6500)
Epoch 3 :
Train Acc: 73.846% (4800/6500) | Loss: 0.579
Test Acc: 56.385% (3665/6500)
Epoch 4 :
Train Acc: 74.262% (4827/6500) | Loss: 0.564
Test Acc: 58.308% (3790/6500)
Epoch 5 :
Train Acc: 74.077% (4815/6500) | Loss: 0.559
Test Acc: 56.323% (3661/6500)
Epoch 6 :
Train Acc: 74.277% (4828/6500) | Loss: 0.556
Test Acc: 58.215% (3784/6500)
Epoch 7 :
Train Acc: 74.385% (4835/6500) | Loss: 0.555
Test Acc: 56.354% (3663/6500)
Epoch 8 :
Train Acc: 74.108% (4817/6500) | Loss: 0.556
Test Acc: 58.200% (3783/6500)
Epoch 9 :
Train Acc: 73.708% (4791/6500) | Loss: 0.564
Test Acc: 58.123% (3778/6500)
Epoch 10 :
Saved Attack Train Ground Truth and Predict Sets
Train F1: 0.764480
AUC: 0.777042
Train Acc: 73.600% (4784/6500) | Loss: 0.561
Saved Attack Test Ground Truth and Predict Sets
Test F1: 0.477596
AUC: 0.595715
Test Acc: 55.877% (3632/6500)
Best Acc: 0.585077
 F1: 0.601566
AUC: 0.604552
Saved Attack Model to results/train_layer/stl10-resnet50/block_shallow_10_100/meminf_attack0.pth
