Finished Saving Train Dataset to results/train_layer/stl10-resnet50/block_shallow_10_100/meminf_attack_top3_train.p
Finished Saving Test Dataset to results/train_layer/stl10-resnet50/block_shallow_10_100/meminf_attack_top3_test.p
Epoch 1 :
Train Acc: 53.308% (3465/6500) | Loss: 0.685
Saved Attack Test Ground Truth and Predict Sets
Test F1: 0.672527
AUC: 0.609184
Test Acc: 53.000% (3445/6500)
Epoch 2 :
Train Acc: 56.154% (3650/6500) | Loss: 0.682
Saved Attack Test Ground Truth and Predict Sets
Test F1: 0.674112
AUC: 0.614720
Test Acc: 55.108% (3582/6500)
Epoch 3 :
Train Acc: 59.354% (3858/6500) | Loss: 0.679
Saved Attack Test Ground Truth and Predict Sets
Test F1: 0.673274
AUC: 0.614095
Test Acc: 55.369% (3599/6500)
Epoch 4 :
Train Acc: 59.338% (3857/6500) | Loss: 0.675
Saved Attack Test Ground Truth and Predict Sets
Test F1: 0.674828
AUC: 0.614525
Test Acc: 56.277% (3658/6500)
Epoch 5 :
Train Acc: 60.692% (3945/6500) | Loss: 0.670
Saved Attack Test Ground Truth and Predict Sets
Test F1: 0.674754
AUC: 0.615314
Test Acc: 56.692% (3685/6500)
Epoch 6 :
Train Acc: 61.585% (4003/6500) | Loss: 0.662
Saved Attack Test Ground Truth and Predict Sets
Test F1: 0.674988
AUC: 0.615123
Test Acc: 56.738% (3688/6500)
Epoch 7 :
Train Acc: 62.862% (4086/6500) | Loss: 0.655
Saved Attack Test Ground Truth and Predict Sets
Test F1: 0.673971
AUC: 0.615314
Test Acc: 56.969% (3703/6500)
Epoch 8 :
Train Acc: 60.262% (3917/6500) | Loss: 0.650
Saved Attack Test Ground Truth and Predict Sets
Test F1: 0.665430
AUC: 0.603315
Test Acc: 58.385% (3795/6500)
Epoch 9 :
Train Acc: 60.954% (3962/6500) | Loss: 0.645
Test Acc: 50.046% (3253/6500)
Epoch 10 :
Saved Attack Train Ground Truth and Predict Sets
Train F1: 0.642707
AUC: 0.628380
Train Acc: 58.246% (3786/6500) | Loss: 0.656
Saved Attack Test Ground Truth and Predict Sets
Test F1: 0.673309
AUC: 0.610468
Test Acc: 55.108% (3582/6500)
Best Acc: 0.583846
 F1: 0.665430
AUC: 0.603315
Saved Attack Model to results/train_layer/stl10-resnet50/block_shallow_10_100/meminf_top3.pth
