Finished Saving Train Dataset to results/train_layer/tinyimagenet200-resnet34/block_shallow_4_100/meminf_attack_top3_train.p
Finished Saving Test Dataset to results/train_layer/tinyimagenet200-resnet34/block_shallow_4_100/meminf_attack_top3_test.p
Epoch 1 :
Train Acc: 78.562% (43209/55000) | Loss: 0.594
Saved Attack Test Ground Truth and Predict Sets
Test F1: 0.316175
AUC: 0.556080
Test Acc: 53.189% (29254/55000)
Epoch 2 :
Train Acc: 88.322% (48577/55000) | Loss: 0.436
Test Acc: 52.616% (28939/55000)
Epoch 3 :
Train Acc: 79.502% (43726/55000) | Loss: 0.520
Saved Attack Test Ground Truth and Predict Sets
Test F1: 0.504124
AUC: 0.550906
Test Acc: 54.195% (29807/55000)
Epoch 4 :
Train Acc: 77.307% (42519/55000) | Loss: 0.539
Test Acc: 53.207% (29264/55000)
Epoch 5 :
Train Acc: 81.947% (45071/55000) | Loss: 0.491
Test Acc: 54.104% (29757/55000)
Epoch 6 :
Train Acc: 71.551% (39353/55000) | Loss: 0.597
Test Acc: 53.965% (29681/55000)
Epoch 7 :
Train Acc: 69.402% (38171/55000) | Loss: 0.618
Test Acc: 53.947% (29671/55000)
Epoch 8 :
Train Acc: 71.656% (39411/55000) | Loss: 0.596
Test Acc: 54.111% (29761/55000)
Epoch 9 :
Train Acc: 74.684% (41076/55000) | Loss: 0.566
Test Acc: 54.036% (29720/55000)
Epoch 10 :
Saved Attack Train Ground Truth and Predict Sets
Train F1: 0.813840
AUC: 0.773616
Train Acc: 77.129% (42421/55000) | Loss: 0.541
Saved Attack Test Ground Truth and Predict Sets
Test F1: 0.427494
AUC: 0.542067
Test Acc: 54.038% (29721/55000)
Best Acc: 0.541945
 F1: 0.504124
AUC: 0.550906
Saved Attack Model to results/train_layer/tinyimagenet200-resnet34/block_shallow_4_100/meminf_top3.pth
