Finished Saving Train Dataset to results/train_layer/stl10-resnet50/block_shallow_18_100/meminf_attack_top3_train.p
Finished Saving Test Dataset to results/train_layer/stl10-resnet50/block_shallow_18_100/meminf_attack_top3_test.p
Epoch 1 :
Train Acc: 53.308% (3465/6500) | Loss: 0.685
Saved Attack Test Ground Truth and Predict Sets
Test F1: 0.212625
AUC: 0.486812
Test Acc: 48.954% (3182/6500)
Epoch 2 :
Train Acc: 56.154% (3650/6500) | Loss: 0.682
Saved Attack Test Ground Truth and Predict Sets
Test F1: 0.102002
AUC: 0.487923
Test Acc: 49.615% (3225/6500)
Epoch 3 :
Train Acc: 59.354% (3858/6500) | Loss: 0.679
Test Acc: 49.585% (3223/6500)
Epoch 4 :
Train Acc: 59.338% (3857/6500) | Loss: 0.675
Saved Attack Test Ground Truth and Predict Sets
Test F1: 0.061353
AUC: 0.487515
Test Acc: 49.631% (3226/6500)
Epoch 5 :
Train Acc: 60.692% (3945/6500) | Loss: 0.670
Saved Attack Test Ground Truth and Predict Sets
Test F1: 0.053788
AUC: 0.487686
Test Acc: 49.662% (3228/6500)
Epoch 6 :
Train Acc: 61.585% (4003/6500) | Loss: 0.662
Saved Attack Test Ground Truth and Predict Sets
Test F1: 0.053302
AUC: 0.487829
Test Acc: 49.723% (3232/6500)
Epoch 7 :
Train Acc: 62.862% (4086/6500) | Loss: 0.655
Test Acc: 49.677% (3229/6500)
Epoch 8 :
Train Acc: 60.262% (3917/6500) | Loss: 0.650
Saved Attack Test Ground Truth and Predict Sets
Test F1: 0.030348
AUC: 0.487837
Test Acc: 49.862% (3241/6500)
Epoch 9 :
Train Acc: 60.954% (3962/6500) | Loss: 0.645
Saved Attack Test Ground Truth and Predict Sets
Test F1: 0.014554
AUC: 0.487941
Test Acc: 50.000% (3250/6500)
Epoch 10 :
Saved Attack Train Ground Truth and Predict Sets
Train F1: 0.642707
AUC: 0.628380
Train Acc: 58.246% (3786/6500) | Loss: 0.656
Saved Attack Test Ground Truth and Predict Sets
Test F1: 0.038881
AUC: 0.487947
Test Acc: 49.800% (3237/6500)
Best Acc: 0.500000
 F1: 0.014554
AUC: 0.487941
Saved Attack Model to results/train_layer/stl10-resnet50/block_shallow_18_100/meminf_top3.pth
