Finished Saving Train Dataset to results/train_layer/cifar10-mobilenetv2/block_shallow_36_1000/meminf_attack_mode0_train.p
Finished Saving Test Dataset to results/train_layer/cifar10-mobilenetv2/block_shallow_36_1000/meminf_attack_mode0_test.p
Epoch 1 :
Train Acc: 63.790% (19137/30000) | Loss: 0.646
Saved Attack Test Ground Truth and Predict Sets
Test F1: 0.486430
AUC: 0.509503
Test Acc: 50.610% (15183/30000)
Epoch 2 :
Train Acc: 65.340% (19602/30000) | Loss: 0.633
Saved Attack Test Ground Truth and Predict Sets
Test F1: 0.526231
AUC: 0.509545
Test Acc: 50.723% (15217/30000)
Epoch 3 :
Train Acc: 66.320% (19896/30000) | Loss: 0.624
Test Acc: 50.673% (15202/30000)
Epoch 4 :
Train Acc: 66.903% (20071/30000) | Loss: 0.615
Saved Attack Test Ground Truth and Predict Sets
Test F1: 0.528727
AUC: 0.508624
Test Acc: 50.757% (15227/30000)
Epoch 5 :
Train Acc: 67.017% (20105/30000) | Loss: 0.614
Test Acc: 50.683% (15205/30000)
Epoch 6 :
Train Acc: 67.337% (20201/30000) | Loss: 0.610
Saved Attack Test Ground Truth and Predict Sets
Test F1: 0.499542
AUC: 0.509310
Test Acc: 50.803% (15241/30000)
Epoch 7 :
Train Acc: 67.537% (20261/30000) | Loss: 0.612
Test Acc: 50.680% (15204/30000)
Epoch 8 :
Train Acc: 67.270% (20181/30000) | Loss: 0.613
Saved Attack Test Ground Truth and Predict Sets
Test F1: 0.478614
AUC: 0.509744
Test Acc: 50.833% (15250/30000)
Epoch 9 :
Train Acc: 67.433% (20230/30000) | Loss: 0.613
Test Acc: 50.713% (15214/30000)
Epoch 10 :
Saved Attack Train Ground Truth and Predict Sets
Train F1: 0.748282
AUC: 0.695088
Train Acc: 67.767% (20330/30000) | Loss: 0.610
Saved Attack Test Ground Truth and Predict Sets
Test F1: 0.483144
AUC: 0.509506
Test Acc: 50.683% (15205/30000)
Best Acc: 0.508333
 F1: 0.478614
AUC: 0.509744
Saved Attack Model to results/train_layer/cifar10-mobilenetv2/block_shallow_36_1000/meminf_attack0.pth
