Finished Saving Train Dataset to results/train_layer_deep/cifar10-mobilenetv2/block_deep_30_1000/meminf_attack_mode0_train.p
Finished Saving Test Dataset to results/train_layer_deep/cifar10-mobilenetv2/block_deep_30_1000/meminf_attack_mode0_test.p
Epoch 1 :
Train Acc: 63.790% (19137/30000) | Loss: 0.646
Saved Attack Test Ground Truth and Predict Sets
Test F1: 0.107632
AUC: 0.496747
Test Acc: 50.033% (15010/30000)
Epoch 2 :
Train Acc: 65.340% (19602/30000) | Loss: 0.633
Test Acc: 49.967% (14990/30000)
Epoch 3 :
Train Acc: 66.320% (19896/30000) | Loss: 0.624
Saved Attack Test Ground Truth and Predict Sets
Test F1: 0.107119
AUC: 0.497547
Test Acc: 50.043% (15013/30000)
Epoch 4 :
Train Acc: 66.903% (20071/30000) | Loss: 0.615
Saved Attack Test Ground Truth and Predict Sets
Test F1: 0.207174
AUC: 0.499049
Test Acc: 50.047% (15014/30000)
Epoch 5 :
Train Acc: 67.017% (20105/30000) | Loss: 0.614
Saved Attack Test Ground Truth and Predict Sets
Test F1: 0.099452
AUC: 0.498056
Test Acc: 50.137% (15041/30000)
Epoch 6 :
Train Acc: 67.337% (20201/30000) | Loss: 0.610
Test Acc: 49.843% (14953/30000)
Epoch 7 :
Train Acc: 67.537% (20261/30000) | Loss: 0.612
Test Acc: 50.053% (15016/30000)
Epoch 8 :
Train Acc: 67.270% (20181/30000) | Loss: 0.613
Test Acc: 50.033% (15010/30000)
Epoch 9 :
Train Acc: 67.433% (20230/30000) | Loss: 0.613
Test Acc: 50.090% (15027/30000)
Epoch 10 :
Saved Attack Train Ground Truth and Predict Sets
Train F1: 0.748282
AUC: 0.695088
Train Acc: 67.767% (20330/30000) | Loss: 0.610
Saved Attack Test Ground Truth and Predict Sets
Test F1: 0.107309
AUC: 0.499564
Test Acc: 50.087% (15026/30000)
Best Acc: 0.501367
 F1: 0.099452
AUC: 0.498056
Saved Attack Model to results/train_layer_deep/cifar10-mobilenetv2/block_deep_30_1000/meminf_attack0.pth
