Finished Saving Train Dataset to results/train_layer/tinyimagenet200-resnet18/block_shallow_1_300/meminf_attack_top3_train.p
Finished Saving Test Dataset to results/train_layer/tinyimagenet200-resnet18/block_shallow_1_300/meminf_attack_top3_test.p
Epoch 1 :
Train Acc: 81.309% (44720/55000) | Loss: 0.581
Saved Attack Test Ground Truth and Predict Sets
Test F1: 0.842551
AUC: 0.895999
Test Acc: 83.218% (45770/55000)
Epoch 2 :
Train Acc: 89.747% (49361/55000) | Loss: 0.423
Saved Attack Test Ground Truth and Predict Sets
Test F1: 0.843192
AUC: 0.896964
Test Acc: 83.371% (45854/55000)
Epoch 3 :
Train Acc: 85.955% (47275/55000) | Loss: 0.454
Test Acc: 80.735% (44404/55000)
Epoch 4 :
Train Acc: 75.604% (41582/55000) | Loss: 0.556
Test Acc: 76.216% (41919/55000)
Epoch 5 :
Train Acc: 78.549% (43202/55000) | Loss: 0.527
Test Acc: 80.691% (44380/55000)
Epoch 6 :
Train Acc: 85.258% (46892/55000) | Loss: 0.460
Saved Attack Test Ground Truth and Predict Sets
Test F1: 0.842057
AUC: 0.856988
Test Acc: 83.662% (46014/55000)
Epoch 7 :
Train Acc: 89.640% (49302/55000) | Loss: 0.416
Test Acc: 82.602% (45431/55000)
Epoch 8 :
Train Acc: 82.371% (45304/55000) | Loss: 0.489
Test Acc: 79.420% (43681/55000)
Epoch 9 :
Train Acc: 78.569% (43213/55000) | Loss: 0.527
Test Acc: 77.591% (42675/55000)
Epoch 10 :
Saved Attack Train Ground Truth and Predict Sets
Train F1: 0.812901
AUC: 0.771199
Train Acc: 76.985% (42342/55000) | Loss: 0.543
Saved Attack Test Ground Truth and Predict Sets
Test F1: 0.808249
AUC: 0.772258
Test Acc: 77.060% (42383/55000)
Best Acc: 0.836618
 F1: 0.842057
AUC: 0.856988
Saved Attack Model to results/train_layer/tinyimagenet200-resnet18/block_shallow_1_300/meminf_top3.pth
