Finished Saving Train Dataset to results/train_layer/cifar100-mobilenetv2/block_shallow_0_1000/meminf_attack_mode0_train.p
Finished Saving Test Dataset to results/train_layer/cifar100-mobilenetv2/block_shallow_0_1000/meminf_attack_mode0_test.p
Epoch 1 :
Train Acc: 78.257% (23477/30000) | Loss: 0.545
Saved Attack Test Ground Truth and Predict Sets
Test F1: 0.764718
AUC: 0.873760
Test Acc: 69.413% (20824/30000)
Epoch 2 :
Train Acc: 73.730% (22119/30000) | Loss: 0.563
Saved Attack Test Ground Truth and Predict Sets
Test F1: 0.803388
AUC: 0.872758
Test Acc: 75.933% (22780/30000)
Epoch 3 :
Train Acc: 75.783% (22735/30000) | Loss: 0.548
Test Acc: 75.867% (22760/30000)
Epoch 4 :
Train Acc: 77.413% (23224/30000) | Loss: 0.535
Saved Attack Test Ground Truth and Predict Sets
Test F1: 0.831287
AUC: 0.866963
Test Acc: 80.897% (24269/30000)
Epoch 5 :
Train Acc: 76.710% (23013/30000) | Loss: 0.541
Test Acc: 67.720% (20316/30000)
Epoch 6 :
Train Acc: 78.513% (23554/30000) | Loss: 0.523
Test Acc: 78.937% (23681/30000)
Epoch 7 :
Train Acc: 78.663% (23599/30000) | Loss: 0.523
Test Acc: 69.743% (20923/30000)
Epoch 8 :
Train Acc: 80.437% (24131/30000) | Loss: 0.503
Test Acc: 78.680% (23604/30000)
Epoch 9 :
Train Acc: 81.407% (24422/30000) | Loss: 0.497
Test Acc: 72.693% (21808/30000)
Epoch 10 :
Saved Attack Train Ground Truth and Predict Sets
Train F1: 0.826682
AUC: 0.869562
Train Acc: 81.760% (24528/30000) | Loss: 0.491
Saved Attack Test Ground Truth and Predict Sets
Test F1: 0.821331
AUC: 0.832021
Test Acc: 78.937% (23681/30000)
Best Acc: 0.808967
 F1: 0.831287
AUC: 0.866963
Saved Attack Model to results/train_layer/cifar100-mobilenetv2/block_shallow_0_1000/meminf_attack0.pth
