Finished Saving Train Dataset to results/train_layer/stl10-mobilenetv2/block_shallow_32_100/meminf_attack_top3_train.p
Finished Saving Test Dataset to results/train_layer/stl10-mobilenetv2/block_shallow_32_100/meminf_attack_top3_test.p
Epoch 1 :
Train Acc: 53.000% (3445/6500) | Loss: 0.685
Saved Attack Test Ground Truth and Predict Sets
Test F1: 0.650486
AUC: 0.542153
Test Acc: 50.815% (3303/6500)
Epoch 2 :
Train Acc: 56.108% (3647/6500) | Loss: 0.683
Saved Attack Test Ground Truth and Predict Sets
Test F1: 0.637705
AUC: 0.541685
Test Acc: 52.015% (3381/6500)
Epoch 3 :
Train Acc: 59.277% (3853/6500) | Loss: 0.680
Saved Attack Test Ground Truth and Predict Sets
Test F1: 0.634181
AUC: 0.541387
Test Acc: 52.185% (3392/6500)
Epoch 4 :
Train Acc: 58.708% (3816/6500) | Loss: 0.676
Saved Attack Test Ground Truth and Predict Sets
Test F1: 0.627503
AUC: 0.541247
Test Acc: 52.200% (3393/6500)
Epoch 5 :
Train Acc: 60.723% (3947/6500) | Loss: 0.671
Test Acc: 52.092% (3386/6500)
Epoch 6 :
Train Acc: 61.108% (3972/6500) | Loss: 0.665
Test Acc: 52.154% (3390/6500)
Epoch 7 :
Train Acc: 61.738% (4013/6500) | Loss: 0.657
Saved Attack Test Ground Truth and Predict Sets
Test F1: 0.617716
AUC: 0.541304
Test Acc: 52.262% (3397/6500)
Epoch 8 :
Train Acc: 64.000% (4160/6500) | Loss: 0.652
Test Acc: 52.169% (3391/6500)
Epoch 9 :
Train Acc: 58.138% (3779/6500) | Loss: 0.651
Saved Attack Test Ground Truth and Predict Sets
Test F1: 0.587539
AUC: 0.534391
Test Acc: 52.846% (3435/6500)
Epoch 10 :
Saved Attack Train Ground Truth and Predict Sets
Train F1: 0.719216
AUC: 0.658976
Train Acc: 61.200% (3978/6500) | Loss: 0.646
Saved Attack Test Ground Truth and Predict Sets
Test F1: 0.110717
AUC: 0.534630
Test Acc: 49.831% (3239/6500)
Best Acc: 0.528462
 F1: 0.587539
AUC: 0.534391
Saved Attack Model to results/train_layer/stl10-mobilenetv2/block_shallow_32_100/meminf_top3.pth
