Finished Saving Train Dataset to results/train_layer/stl10-mobilenetv2/block_shallow_32_100/meminf_attack_mode0_train.p
Finished Saving Test Dataset to results/train_layer/stl10-mobilenetv2/block_shallow_32_100/meminf_attack_mode0_test.p
Epoch 1 :
Train Acc: 64.215% (4174/6500) | Loss: 0.654
Saved Attack Test Ground Truth and Predict Sets
Test F1: 0.348044
AUC: 0.532467
Test Acc: 52.046% (3383/6500)
Epoch 2 :
Train Acc: 72.200% (4693/6500) | Loss: 0.613
Saved Attack Test Ground Truth and Predict Sets
Test F1: 0.430168
AUC: 0.535912
Test Acc: 52.923% (3440/6500)
Epoch 3 :
Train Acc: 73.154% (4755/6500) | Loss: 0.587
Test Acc: 51.538% (3350/6500)
Epoch 4 :
Train Acc: 73.277% (4763/6500) | Loss: 0.573
Test Acc: 52.892% (3438/6500)
Epoch 5 :
Train Acc: 73.246% (4761/6500) | Loss: 0.569
Test Acc: 51.677% (3359/6500)
Epoch 6 :
Train Acc: 72.938% (4741/6500) | Loss: 0.568
Test Acc: 52.877% (3437/6500)
Epoch 7 :
Train Acc: 72.446% (4709/6500) | Loss: 0.575
Test Acc: 52.708% (3426/6500)
Epoch 8 :
Train Acc: 72.277% (4698/6500) | Loss: 0.574
Test Acc: 51.692% (3360/6500)
Epoch 9 :
Train Acc: 73.631% (4786/6500) | Loss: 0.565
Saved Attack Test Ground Truth and Predict Sets
Test F1: 0.467900
AUC: 0.535348
Test Acc: 53.077% (3450/6500)
Epoch 10 :
Saved Attack Train Ground Truth and Predict Sets
Train F1: 0.777497
AUC: 0.758907
Train Acc: 71.523% (4649/6500) | Loss: 0.587
Saved Attack Test Ground Truth and Predict Sets
Test F1: 0.466152
AUC: 0.535090
Test Acc: 53.169% (3456/6500)
Best Acc: 0.531692
 F1: 0.466152
AUC: 0.535090
Saved Attack Model to results/train_layer/stl10-mobilenetv2/block_shallow_32_100/meminf_attack0.pth
