Finished Saving Train Dataset to results/train_layer/tinyimagenet200-resnet34/block_shallow_1_100/meminf_attack_mode0_train.p
Finished Saving Test Dataset to results/train_layer/tinyimagenet200-resnet34/block_shallow_1_100/meminf_attack_mode0_test.p
Epoch 1 :
Train Acc: 89.113% (49012/55000) | Loss: 0.456
Saved Attack Test Ground Truth and Predict Sets
Test F1: 0.457836
AUC: 0.855241
Test Acc: 63.213% (34767/55000)
Epoch 2 :
Train Acc: 81.976% (45087/55000) | Loss: 0.486
Saved Attack Test Ground Truth and Predict Sets
Test F1: 0.780426
AUC: 0.858876
Test Acc: 79.025% (43464/55000)
Epoch 3 :
Train Acc: 86.295% (47462/55000) | Loss: 0.447
Saved Attack Test Ground Truth and Predict Sets
Test F1: 0.804508
AUC: 0.857012
Test Acc: 79.720% (43846/55000)
Epoch 4 :
Train Acc: 87.689% (48229/55000) | Loss: 0.434
Test Acc: 71.511% (39331/55000)
Epoch 5 :
Train Acc: 90.433% (49738/55000) | Loss: 0.408
Test Acc: 65.711% (36141/55000)
Epoch 6 :
Train Acc: 91.509% (50330/55000) | Loss: 0.397
Test Acc: 77.936% (42865/55000)
Epoch 7 :
Train Acc: 93.045% (51175/55000) | Loss: 0.382
Test Acc: 76.933% (42313/55000)
Epoch 8 :
Train Acc: 94.267% (51847/55000) | Loss: 0.370
Test Acc: 69.864% (38425/55000)
Epoch 9 :
Train Acc: 94.291% (51860/55000) | Loss: 0.370
Test Acc: 75.595% (41577/55000)
Epoch 10 :
Saved Attack Train Ground Truth and Predict Sets
Train F1: 0.944467
AUC: 0.947030
Train Acc: 94.184% (51801/55000) | Loss: 0.371
Saved Attack Test Ground Truth and Predict Sets
Test F1: 0.748693
AUC: 0.795941
Test Acc: 77.273% (42500/55000)
Best Acc: 0.797200
 F1: 0.804508
AUC: 0.857012
Saved Attack Model to results/train_layer/tinyimagenet200-resnet34/block_shallow_1_100/meminf_attack0.pth
