Finished Saving Train Dataset to results/train_layer/stl10-resnet50/block_shallow_8_100/meminf_attack_mode0_train.p
Finished Saving Test Dataset to results/train_layer/stl10-resnet50/block_shallow_8_100/meminf_attack_mode0_test.p
Epoch 1 :
Train Acc: 63.062% (4099/6500) | Loss: 0.650
Saved Attack Test Ground Truth and Predict Sets
Test F1: 0.680845
AUC: 0.672688
Test Acc: 64.446% (4189/6500)
Epoch 2 :
Train Acc: 74.169% (4821/6500) | Loss: 0.607
Saved Attack Test Ground Truth and Predict Sets
Test F1: 0.698283
AUC: 0.675972
Test Acc: 64.862% (4216/6500)
Epoch 3 :
Train Acc: 73.846% (4800/6500) | Loss: 0.579
Test Acc: 62.723% (4077/6500)
Epoch 4 :
Train Acc: 74.262% (4827/6500) | Loss: 0.564
Test Acc: 64.708% (4206/6500)
Epoch 5 :
Train Acc: 74.077% (4815/6500) | Loss: 0.559
Test Acc: 62.923% (4090/6500)
Epoch 6 :
Train Acc: 74.277% (4828/6500) | Loss: 0.556
Saved Attack Test Ground Truth and Predict Sets
Test F1: 0.699037
AUC: 0.676803
Test Acc: 64.908% (4219/6500)
Epoch 7 :
Train Acc: 74.385% (4835/6500) | Loss: 0.555
Test Acc: 62.892% (4088/6500)
Epoch 8 :
Train Acc: 74.108% (4817/6500) | Loss: 0.556
Test Acc: 64.846% (4215/6500)
Epoch 9 :
Train Acc: 73.708% (4791/6500) | Loss: 0.564
Test Acc: 64.831% (4214/6500)
Epoch 10 :
Saved Attack Train Ground Truth and Predict Sets
Train F1: 0.764480
AUC: 0.777042
Train Acc: 73.600% (4784/6500) | Loss: 0.561
Saved Attack Test Ground Truth and Predict Sets
Test F1: 0.609488
AUC: 0.668688
Test Acc: 61.754% (4014/6500)
Best Acc: 0.649077
 F1: 0.699037
AUC: 0.676803
Saved Attack Model to results/train_layer/stl10-resnet50/block_shallow_8_100/meminf_attack0.pth
