Finished Saving Train Dataset to results/train_layer_deep/cifar10-mobilenetv2/block_deep_21_1000/meminf_attack_top3_train.p
Finished Saving Test Dataset to results/train_layer_deep/cifar10-mobilenetv2/block_deep_21_1000/meminf_attack_top3_test.p
Epoch 1 :
Train Acc: 55.380% (16614/30000) | Loss: 0.688
Saved Attack Test Ground Truth and Predict Sets
Test F1: 0.244498
AUC: 0.507085
Test Acc: 50.107% (15032/30000)
Epoch 2 :
Train Acc: 55.143% (16543/30000) | Loss: 0.680
Saved Attack Test Ground Truth and Predict Sets
Test F1: 0.376887
AUC: 0.508731
Test Acc: 50.467% (15140/30000)
Epoch 3 :
Train Acc: 55.713% (16714/30000) | Loss: 0.677
Test Acc: 50.073% (15022/30000)
Epoch 4 :
Train Acc: 55.500% (16650/30000) | Loss: 0.667
Test Acc: 50.023% (15007/30000)
Epoch 5 :
Train Acc: 57.283% (17185/30000) | Loss: 0.661
Test Acc: 50.000% (15000/30000)
Epoch 6 :
Train Acc: 57.657% (17297/30000) | Loss: 0.656
Test Acc: 50.120% (15036/30000)
Epoch 7 :
Train Acc: 57.903% (17371/30000) | Loss: 0.655
Test Acc: 50.413% (15124/30000)
Epoch 8 :
Train Acc: 58.390% (17517/30000) | Loss: 0.651
Saved Attack Test Ground Truth and Predict Sets
Test F1: 0.274797
AUC: 0.507189
Test Acc: 50.527% (15158/30000)
Epoch 9 :
Train Acc: 58.830% (17649/30000) | Loss: 0.656
Test Acc: 50.303% (15091/30000)
Epoch 10 :
Saved Attack Train Ground Truth and Predict Sets
Train F1: 0.596871
AUC: 0.611603
Train Acc: 57.310% (17193/30000) | Loss: 0.651
Saved Attack Test Ground Truth and Predict Sets
Test F1: 0.285123
AUC: 0.507054
Test Acc: 50.523% (15157/30000)
Best Acc: 0.505267
 F1: 0.274797
AUC: 0.507189
Saved Attack Model to results/train_layer_deep/cifar10-mobilenetv2/block_deep_21_1000/meminf_top3.pth
