Finished Saving Train Dataset to results/train_layer/stl10-resnet50/block_shallow_15_100/meminf_attack_top3_train.p
Finished Saving Test Dataset to results/train_layer/stl10-resnet50/block_shallow_15_100/meminf_attack_top3_test.p
Epoch 1 :
Train Acc: 53.308% (3465/6500) | Loss: 0.685
Saved Attack Test Ground Truth and Predict Sets
Test F1: 0.604851
AUC: 0.518541
Test Acc: 50.369% (3274/6500)
Epoch 2 :
Train Acc: 56.154% (3650/6500) | Loss: 0.682
Saved Attack Test Ground Truth and Predict Sets
Test F1: 0.551020
AUC: 0.516088
Test Acc: 50.585% (3288/6500)
Epoch 3 :
Train Acc: 59.354% (3858/6500) | Loss: 0.679
Saved Attack Test Ground Truth and Predict Sets
Test F1: 0.540058
AUC: 0.516942
Test Acc: 50.892% (3308/6500)
Epoch 4 :
Train Acc: 59.338% (3857/6500) | Loss: 0.675
Test Acc: 50.846% (3305/6500)
Epoch 5 :
Train Acc: 60.692% (3945/6500) | Loss: 0.670
Test Acc: 50.800% (3302/6500)
Epoch 6 :
Train Acc: 61.585% (4003/6500) | Loss: 0.662
Test Acc: 50.815% (3303/6500)
Epoch 7 :
Train Acc: 62.862% (4086/6500) | Loss: 0.655
Saved Attack Test Ground Truth and Predict Sets
Test F1: 0.488126
AUC: 0.515929
Test Acc: 50.923% (3310/6500)
Epoch 8 :
Train Acc: 60.262% (3917/6500) | Loss: 0.650
Saved Attack Test Ground Truth and Predict Sets
Test F1: 0.404196
AUC: 0.513367
Test Acc: 51.062% (3319/6500)
Epoch 9 :
Train Acc: 60.954% (3962/6500) | Loss: 0.645
Test Acc: 49.754% (3234/6500)
Epoch 10 :
Saved Attack Train Ground Truth and Predict Sets
Train F1: 0.642707
AUC: 0.628380
Train Acc: 58.246% (3786/6500) | Loss: 0.656
Saved Attack Test Ground Truth and Predict Sets
Test F1: 0.548127
AUC: 0.517969
Test Acc: 50.815% (3303/6500)
Best Acc: 0.510615
 F1: 0.404196
AUC: 0.513367
Saved Attack Model to results/train_layer/stl10-resnet50/block_shallow_15_100/meminf_top3.pth
