Finished Saving Train Dataset to results/train_layer/stl10-mobilenetv2/block_shallow_19_100/meminf_attack_mode0_train.p
Finished Saving Test Dataset to results/train_layer/stl10-mobilenetv2/block_shallow_19_100/meminf_attack_mode0_test.p
Epoch 1 :
Train Acc: 64.215% (4174/6500) | Loss: 0.654
Saved Attack Test Ground Truth and Predict Sets
Test F1: 0.475785
AUC: 0.569498
Test Acc: 54.538% (3545/6500)
Epoch 2 :
Train Acc: 72.200% (4693/6500) | Loss: 0.613
Saved Attack Test Ground Truth and Predict Sets
Test F1: 0.540939
AUC: 0.576419
Test Acc: 55.923% (3635/6500)
Epoch 3 :
Train Acc: 73.154% (4755/6500) | Loss: 0.587
Test Acc: 54.385% (3535/6500)
Epoch 4 :
Train Acc: 73.277% (4763/6500) | Loss: 0.573
Saved Attack Test Ground Truth and Predict Sets
Test F1: 0.548075
AUC: 0.576410
Test Acc: 56.108% (3647/6500)
Epoch 5 :
Train Acc: 73.246% (4761/6500) | Loss: 0.569
Test Acc: 54.308% (3530/6500)
Epoch 6 :
Train Acc: 72.938% (4741/6500) | Loss: 0.568
Saved Attack Test Ground Truth and Predict Sets
Test F1: 0.555764
AUC: 0.575665
Test Acc: 56.246% (3656/6500)
Epoch 7 :
Train Acc: 72.446% (4709/6500) | Loss: 0.575
Test Acc: 55.677% (3619/6500)
Epoch 8 :
Train Acc: 72.277% (4698/6500) | Loss: 0.574
Test Acc: 54.092% (3516/6500)
Epoch 9 :
Train Acc: 73.631% (4786/6500) | Loss: 0.565
Saved Attack Test Ground Truth and Predict Sets
Test F1: 0.569783
AUC: 0.575898
Test Acc: 56.323% (3661/6500)
Epoch 10 :
Saved Attack Train Ground Truth and Predict Sets
Train F1: 0.777497
AUC: 0.758907
Train Acc: 71.523% (4649/6500) | Loss: 0.587
Saved Attack Test Ground Truth and Predict Sets
Test F1: 0.567950
AUC: 0.575158
Test Acc: 56.323% (3661/6500)
Best Acc: 0.563231
 F1: 0.569783
AUC: 0.575898
Saved Attack Model to results/train_layer/stl10-mobilenetv2/block_shallow_19_100/meminf_attack0.pth
