Finished Saving Train Dataset to results/train_layer/stl10-resnet50/block_shallow_9_100/meminf_attack_mode0_train.p
Finished Saving Test Dataset to results/train_layer/stl10-resnet50/block_shallow_9_100/meminf_attack_mode0_test.p
Epoch 1 :
Train Acc: 63.062% (4099/6500) | Loss: 0.650
Saved Attack Test Ground Truth and Predict Sets
Test F1: 0.588217
AUC: 0.618923
Test Acc: 58.815% (3823/6500)
Epoch 2 :
Train Acc: 74.169% (4821/6500) | Loss: 0.607
Saved Attack Test Ground Truth and Predict Sets
Test F1: 0.614602
AUC: 0.621798
Test Acc: 59.231% (3850/6500)
Epoch 3 :
Train Acc: 73.846% (4800/6500) | Loss: 0.579
Test Acc: 57.862% (3761/6500)
Epoch 4 :
Train Acc: 74.262% (4827/6500) | Loss: 0.564
Saved Attack Test Ground Truth and Predict Sets
Test F1: 0.612077
AUC: 0.621399
Test Acc: 59.477% (3866/6500)
Epoch 5 :
Train Acc: 74.077% (4815/6500) | Loss: 0.559
Test Acc: 57.877% (3762/6500)
Epoch 6 :
Train Acc: 74.277% (4828/6500) | Loss: 0.556
Test Acc: 59.369% (3859/6500)
Epoch 7 :
Train Acc: 74.385% (4835/6500) | Loss: 0.555
Test Acc: 57.738% (3753/6500)
Epoch 8 :
Train Acc: 74.108% (4817/6500) | Loss: 0.556
Saved Attack Test Ground Truth and Predict Sets
Test F1: 0.612546
AUC: 0.621480
Test Acc: 59.615% (3875/6500)
Epoch 9 :
Train Acc: 73.708% (4791/6500) | Loss: 0.564
Test Acc: 59.338% (3857/6500)
Epoch 10 :
Saved Attack Train Ground Truth and Predict Sets
Train F1: 0.764480
AUC: 0.777042
Train Acc: 73.600% (4784/6500) | Loss: 0.561
Saved Attack Test Ground Truth and Predict Sets
Test F1: 0.503577
AUC: 0.613057
Test Acc: 57.292% (3724/6500)
Best Acc: 0.596154
 F1: 0.612546
AUC: 0.621480
Saved Attack Model to results/train_layer/stl10-resnet50/block_shallow_9_100/meminf_attack0.pth
