Finished Saving Train Dataset to results/train_layer/tinyimagenet200-resnet18/block_shallow_0_300/meminf_attack_mode0_train.p
Finished Saving Test Dataset to results/train_layer/tinyimagenet200-resnet18/block_shallow_0_300/meminf_attack_mode0_test.p
Epoch 1 :
Train Acc: 78.713% (43292/55000) | Loss: 0.544
Saved Attack Test Ground Truth and Predict Sets
Test F1: 0.758480
AUC: 0.958563
Test Acc: 68.165% (37491/55000)
Epoch 2 :
Train Acc: 79.562% (43759/55000) | Loss: 0.506
Saved Attack Test Ground Truth and Predict Sets
Test F1: 0.769927
AUC: 0.959047
Test Acc: 70.127% (38570/55000)
Epoch 3 :
Train Acc: 83.033% (45668/55000) | Loss: 0.476
Saved Attack Test Ground Truth and Predict Sets
Test F1: 0.913711
AUC: 0.954697
Test Acc: 90.900% (49995/55000)
Epoch 4 :
Train Acc: 82.951% (45623/55000) | Loss: 0.479
Saved Attack Test Ground Truth and Predict Sets
Test F1: 0.913191
AUC: 0.954652
Test Acc: 91.084% (50096/55000)
Epoch 5 :
Train Acc: 86.336% (47485/55000) | Loss: 0.445
Saved Attack Test Ground Truth and Predict Sets
Test F1: 0.915409
AUC: 0.953701
Test Acc: 91.249% (50187/55000)
Epoch 6 :
Train Acc: 89.035% (48969/55000) | Loss: 0.420
Saved Attack Test Ground Truth and Predict Sets
Test F1: 0.915904
AUC: 0.946007
Test Acc: 91.260% (50193/55000)
Epoch 7 :
Train Acc: 89.295% (49112/55000) | Loss: 0.419
Test Acc: 91.080% (50094/55000)
Epoch 8 :
Train Acc: 87.889% (48339/55000) | Loss: 0.433
Test Acc: 89.505% (49228/55000)
Epoch 9 :
Train Acc: 87.062% (47884/55000) | Loss: 0.441
Test Acc: 86.305% (47468/55000)
Epoch 10 :
Saved Attack Train Ground Truth and Predict Sets
Train F1: 0.882373
AUC: 0.915580
Train Acc: 87.820% (48301/55000) | Loss: 0.434
Saved Attack Test Ground Truth and Predict Sets
Test F1: 0.842521
AUC: 0.834423
Test Acc: 81.347% (44741/55000)
Best Acc: 0.912600
 F1: 0.915904
AUC: 0.946007
Saved Attack Model to results/train_layer/tinyimagenet200-resnet18/block_shallow_0_300/meminf_attack0.pth
