Finished Saving Train Dataset to results/train_layer_deep/stl10-mobilenetv2/block_deep_2_100/meminf_attack_mode0_train.p
Finished Saving Test Dataset to results/train_layer_deep/stl10-mobilenetv2/block_deep_2_100/meminf_attack_mode0_test.p
Epoch 1 :
Train Acc: 64.215% (4174/6500) | Loss: 0.654
Saved Attack Test Ground Truth and Predict Sets
Test F1: 0.242334
AUC: 0.555142
Test Acc: 53.246% (3461/6500)
Epoch 2 :
Train Acc: 72.200% (4693/6500) | Loss: 0.613
Saved Attack Test Ground Truth and Predict Sets
Test F1: 0.352421
AUC: 0.585621
Test Acc: 54.938% (3571/6500)
Epoch 3 :
Train Acc: 73.154% (4755/6500) | Loss: 0.587
Test Acc: 52.738% (3428/6500)
Epoch 4 :
Train Acc: 73.277% (4763/6500) | Loss: 0.573
Saved Attack Test Ground Truth and Predict Sets
Test F1: 0.363080
AUC: 0.579276
Test Acc: 55.200% (3588/6500)
Epoch 5 :
Train Acc: 73.246% (4761/6500) | Loss: 0.569
Test Acc: 52.631% (3421/6500)
Epoch 6 :
Train Acc: 72.938% (4741/6500) | Loss: 0.568
Saved Attack Test Ground Truth and Predict Sets
Test F1: 0.373160
AUC: 0.580820
Test Acc: 55.446% (3604/6500)
Epoch 7 :
Train Acc: 72.446% (4709/6500) | Loss: 0.575
Test Acc: 54.154% (3520/6500)
Epoch 8 :
Train Acc: 72.277% (4698/6500) | Loss: 0.574
Test Acc: 52.185% (3392/6500)
Epoch 9 :
Train Acc: 73.631% (4786/6500) | Loss: 0.565
Saved Attack Test Ground Truth and Predict Sets
Test F1: 0.394420
AUC: 0.588545
Test Acc: 55.923% (3635/6500)
Epoch 10 :
Saved Attack Train Ground Truth and Predict Sets
Train F1: 0.777497
AUC: 0.758907
Train Acc: 71.523% (4649/6500) | Loss: 0.587
Saved Attack Test Ground Truth and Predict Sets
Test F1: 0.382095
AUC: 0.585644
Test Acc: 55.615% (3615/6500)
Best Acc: 0.559231
 F1: 0.394420
AUC: 0.588545
Saved Attack Model to results/train_layer_deep/stl10-mobilenetv2/block_deep_2_100/meminf_attack0.pth
