Finished Saving Train Dataset to results/train_layer_deep/cifar10-mobilenetv2/block_deep_28_1000/meminf_attack_top3_train.p
Finished Saving Test Dataset to results/train_layer_deep/cifar10-mobilenetv2/block_deep_28_1000/meminf_attack_top3_test.p
Epoch 1 :
Train Acc: 55.380% (16614/30000) | Loss: 0.688
Saved Attack Test Ground Truth and Predict Sets
Test F1: 0.221830
AUC: 0.497309
Test Acc: 50.093% (15028/30000)
Epoch 2 :
Train Acc: 55.143% (16543/30000) | Loss: 0.680
Saved Attack Test Ground Truth and Predict Sets
Test F1: 0.363474
AUC: 0.498808
Test Acc: 50.113% (15034/30000)
Epoch 3 :
Train Acc: 55.713% (16714/30000) | Loss: 0.677
Saved Attack Test Ground Truth and Predict Sets
Test F1: 0.016303
AUC: 0.498473
Test Acc: 50.120% (15036/30000)
Epoch 4 :
Train Acc: 55.500% (16650/30000) | Loss: 0.667
Test Acc: 49.993% (14998/30000)
Epoch 5 :
Train Acc: 57.283% (17185/30000) | Loss: 0.661
Test Acc: 50.000% (15000/30000)
Epoch 6 :
Train Acc: 57.657% (17297/30000) | Loss: 0.656
Saved Attack Test Ground Truth and Predict Sets
Test F1: 0.058787
AUC: 0.499641
Test Acc: 50.153% (15046/30000)
Epoch 7 :
Train Acc: 57.903% (17371/30000) | Loss: 0.655
Saved Attack Test Ground Truth and Predict Sets
Test F1: 0.221071
AUC: 0.499982
Test Acc: 50.367% (15110/30000)
Epoch 8 :
Train Acc: 58.390% (17517/30000) | Loss: 0.651
Test Acc: 50.263% (15079/30000)
Epoch 9 :
Train Acc: 58.830% (17649/30000) | Loss: 0.656
Test Acc: 50.143% (15043/30000)
Epoch 10 :
Saved Attack Train Ground Truth and Predict Sets
Train F1: 0.596871
AUC: 0.611603
Train Acc: 57.310% (17193/30000) | Loss: 0.651
Saved Attack Test Ground Truth and Predict Sets
Test F1: 0.268287
AUC: 0.500141
Test Acc: 50.217% (15065/30000)
Best Acc: 0.503667
 F1: 0.221071
AUC: 0.499982
Saved Attack Model to results/train_layer_deep/cifar10-mobilenetv2/block_deep_28_1000/meminf_top3.pth
