Finished Saving Train Dataset to results/train_layer/cifar100-mobilenetv2/block_shallow_10_1000/meminf_attack_mode0_train.p
Finished Saving Test Dataset to results/train_layer/cifar100-mobilenetv2/block_shallow_10_1000/meminf_attack_mode0_test.p
Epoch 1 :
Train Acc: 78.257% (23477/30000) | Loss: 0.545
Saved Attack Test Ground Truth and Predict Sets
Test F1: 0.669677
AUC: 0.671580
Test Acc: 62.447% (18734/30000)
Epoch 2 :
Train Acc: 73.730% (22119/30000) | Loss: 0.563
Saved Attack Test Ground Truth and Predict Sets
Test F1: 0.635736
AUC: 0.668703
Test Acc: 63.597% (19079/30000)
Epoch 3 :
Train Acc: 75.783% (22735/30000) | Loss: 0.548
Test Acc: 63.540% (19062/30000)
Epoch 4 :
Train Acc: 77.413% (23224/30000) | Loss: 0.535
Test Acc: 61.497% (18449/30000)
Epoch 5 :
Train Acc: 76.710% (23013/30000) | Loss: 0.541
Test Acc: 62.050% (18615/30000)
Epoch 6 :
Train Acc: 78.513% (23554/30000) | Loss: 0.523
Test Acc: 62.883% (18865/30000)
Epoch 7 :
Train Acc: 78.663% (23599/30000) | Loss: 0.523
Test Acc: 62.563% (18769/30000)
Epoch 8 :
Train Acc: 80.437% (24131/30000) | Loss: 0.503
Test Acc: 63.067% (18920/30000)
Epoch 9 :
Train Acc: 81.407% (24422/30000) | Loss: 0.497
Test Acc: 63.267% (18980/30000)
Epoch 10 :
Saved Attack Train Ground Truth and Predict Sets
Train F1: 0.826682
AUC: 0.869562
Train Acc: 81.760% (24528/30000) | Loss: 0.491
Saved Attack Test Ground Truth and Predict Sets
Test F1: 0.597473
AUC: 0.665308
Test Acc: 63.040% (18912/30000)
Best Acc: 0.635967
 F1: 0.635736
AUC: 0.668703
Saved Attack Model to results/train_layer/cifar100-mobilenetv2/block_shallow_10_1000/meminf_attack0.pth
