Finished Saving Train Dataset to results/train_layer/cifar10-mobilenetv2/block_shallow_35_1000/meminf_attack_mode0_train.p
Finished Saving Test Dataset to results/train_layer/cifar10-mobilenetv2/block_shallow_35_1000/meminf_attack_mode0_test.p
Epoch 1 :
Train Acc: 63.790% (19137/30000) | Loss: 0.646
Saved Attack Test Ground Truth and Predict Sets
Test F1: 0.485325
AUC: 0.506510
Test Acc: 50.723% (15217/30000)
Epoch 2 :
Train Acc: 65.340% (19602/30000) | Loss: 0.633
Test Acc: 50.577% (15173/30000)
Epoch 3 :
Train Acc: 66.320% (19896/30000) | Loss: 0.624
Saved Attack Test Ground Truth and Predict Sets
Test F1: 0.481697
AUC: 0.506866
Test Acc: 50.727% (15218/30000)
Epoch 4 :
Train Acc: 66.903% (20071/30000) | Loss: 0.615
Test Acc: 50.593% (15178/30000)
Epoch 5 :
Train Acc: 67.017% (20105/30000) | Loss: 0.614
Test Acc: 50.700% (15210/30000)
Epoch 6 :
Train Acc: 67.337% (20201/30000) | Loss: 0.610
Saved Attack Test Ground Truth and Predict Sets
Test F1: 0.501777
AUC: 0.505785
Test Acc: 50.943% (15283/30000)
Epoch 7 :
Train Acc: 67.537% (20261/30000) | Loss: 0.612
Test Acc: 50.777% (15233/30000)
Epoch 8 :
Train Acc: 67.270% (20181/30000) | Loss: 0.613
Test Acc: 50.803% (15241/30000)
Epoch 9 :
Train Acc: 67.433% (20230/30000) | Loss: 0.613
Test Acc: 50.827% (15248/30000)
Epoch 10 :
Saved Attack Train Ground Truth and Predict Sets
Train F1: 0.748282
AUC: 0.695088
Train Acc: 67.767% (20330/30000) | Loss: 0.610
Saved Attack Test Ground Truth and Predict Sets
Test F1: 0.484472
AUC: 0.506973
Test Acc: 50.753% (15226/30000)
Best Acc: 0.509433
 F1: 0.501777
AUC: 0.505785
Saved Attack Model to results/train_layer/cifar10-mobilenetv2/block_shallow_35_1000/meminf_attack0.pth
