Finished Saving Train Dataset to results/train_layer/stl10-mobilenetv2/block_shallow_14_100/meminf_attack_top3_train.p
Finished Saving Test Dataset to results/train_layer/stl10-mobilenetv2/block_shallow_14_100/meminf_attack_top3_test.p
Epoch 1 :
Train Acc: 53.000% (3445/6500) | Loss: 0.685
Saved Attack Test Ground Truth and Predict Sets
Test F1: 0.673101
AUC: 0.620379
Test Acc: 52.585% (3418/6500)
Epoch 2 :
Train Acc: 56.108% (3647/6500) | Loss: 0.683
Saved Attack Test Ground Truth and Predict Sets
Test F1: 0.678025
AUC: 0.624306
Test Acc: 54.646% (3552/6500)
Epoch 3 :
Train Acc: 59.277% (3853/6500) | Loss: 0.680
Saved Attack Test Ground Truth and Predict Sets
Test F1: 0.680163
AUC: 0.624665
Test Acc: 55.277% (3593/6500)
Epoch 4 :
Train Acc: 58.708% (3816/6500) | Loss: 0.676
Saved Attack Test Ground Truth and Predict Sets
Test F1: 0.680710
AUC: 0.625317
Test Acc: 55.692% (3620/6500)
Epoch 5 :
Train Acc: 60.723% (3947/6500) | Loss: 0.671
Saved Attack Test Ground Truth and Predict Sets
Test F1: 0.680619
AUC: 0.625821
Test Acc: 55.862% (3631/6500)
Epoch 6 :
Train Acc: 61.108% (3972/6500) | Loss: 0.665
Saved Attack Test Ground Truth and Predict Sets
Test F1: 0.678998
AUC: 0.627968
Test Acc: 56.215% (3654/6500)
Epoch 7 :
Train Acc: 61.738% (4013/6500) | Loss: 0.657
Test Acc: 56.138% (3649/6500)
Epoch 8 :
Train Acc: 64.000% (4160/6500) | Loss: 0.652
Test Acc: 55.985% (3639/6500)
Epoch 9 :
Train Acc: 58.138% (3779/6500) | Loss: 0.651
Saved Attack Test Ground Truth and Predict Sets
Test F1: 0.678694
AUC: 0.617420
Test Acc: 58.077% (3775/6500)
Epoch 10 :
Saved Attack Train Ground Truth and Predict Sets
Train F1: 0.719216
AUC: 0.658976
Train Acc: 61.200% (3978/6500) | Loss: 0.646
Saved Attack Test Ground Truth and Predict Sets
Test F1: 0.132833
AUC: 0.617198
Test Acc: 50.185% (3262/6500)
Best Acc: 0.580769
 F1: 0.678694
AUC: 0.617420
Saved Attack Model to results/train_layer/stl10-mobilenetv2/block_shallow_14_100/meminf_top3.pth
