Finished Saving Train Dataset to results/train_layer/stl10-mobilenetv2/block_shallow_14_100/meminf_attack_mode0_train.p
Finished Saving Test Dataset to results/train_layer/stl10-mobilenetv2/block_shallow_14_100/meminf_attack_mode0_test.p
Epoch 1 :
Train Acc: 64.215% (4174/6500) | Loss: 0.654
Saved Attack Test Ground Truth and Predict Sets
Test F1: 0.555740
AUC: 0.619830
Test Acc: 58.800% (3822/6500)
Epoch 2 :
Train Acc: 72.200% (4693/6500) | Loss: 0.613
Saved Attack Test Ground Truth and Predict Sets
Test F1: 0.614583
AUC: 0.625898
Test Acc: 60.154% (3910/6500)
Epoch 3 :
Train Acc: 73.154% (4755/6500) | Loss: 0.587
Test Acc: 58.015% (3771/6500)
Epoch 4 :
Train Acc: 73.277% (4763/6500) | Loss: 0.573
Saved Attack Test Ground Truth and Predict Sets
Test F1: 0.619888
AUC: 0.625576
Test Acc: 60.246% (3916/6500)
Epoch 5 :
Train Acc: 73.246% (4761/6500) | Loss: 0.569
Test Acc: 58.046% (3773/6500)
Epoch 6 :
Train Acc: 72.938% (4741/6500) | Loss: 0.568
Saved Attack Test Ground Truth and Predict Sets
Test F1: 0.627308
AUC: 0.624509
Test Acc: 60.569% (3937/6500)
Epoch 7 :
Train Acc: 72.446% (4709/6500) | Loss: 0.575
Test Acc: 59.646% (3877/6500)
Epoch 8 :
Train Acc: 72.277% (4698/6500) | Loss: 0.574
Test Acc: 57.831% (3759/6500)
Epoch 9 :
Train Acc: 73.631% (4786/6500) | Loss: 0.565
Test Acc: 60.400% (3926/6500)
Epoch 10 :
Saved Attack Train Ground Truth and Predict Sets
Train F1: 0.777497
AUC: 0.758907
Train Acc: 71.523% (4649/6500) | Loss: 0.587
Saved Attack Test Ground Truth and Predict Sets
Test F1: 0.632735
AUC: 0.623224
Test Acc: 60.369% (3924/6500)
Best Acc: 0.605692
 F1: 0.627308
AUC: 0.624509
Saved Attack Model to results/train_layer/stl10-mobilenetv2/block_shallow_14_100/meminf_attack0.pth
