Finished Saving Train Dataset to results/train_layer/cifar100-mobilenetv2/block_shallow_16_1000/meminf_attack_mode0_train.p
Finished Saving Test Dataset to results/train_layer/cifar100-mobilenetv2/block_shallow_16_1000/meminf_attack_mode0_test.p
Epoch 1 :
Train Acc: 78.257% (23477/30000) | Loss: 0.545
Saved Attack Test Ground Truth and Predict Sets
Test F1: 0.570953
AUC: 0.581476
Test Acc: 56.220% (16866/30000)
Epoch 2 :
Train Acc: 73.730% (22119/30000) | Loss: 0.563
Test Acc: 56.000% (16800/30000)
Epoch 3 :
Train Acc: 75.783% (22735/30000) | Loss: 0.548
Test Acc: 56.027% (16808/30000)
Epoch 4 :
Train Acc: 77.413% (23224/30000) | Loss: 0.535
Test Acc: 54.803% (16441/30000)
Epoch 5 :
Train Acc: 76.710% (23013/30000) | Loss: 0.541
Test Acc: 56.140% (16842/30000)
Epoch 6 :
Train Acc: 78.513% (23554/30000) | Loss: 0.523
Test Acc: 55.380% (16614/30000)
Epoch 7 :
Train Acc: 78.663% (23599/30000) | Loss: 0.523
Test Acc: 56.190% (16857/30000)
Epoch 8 :
Train Acc: 80.437% (24131/30000) | Loss: 0.503
Test Acc: 55.450% (16635/30000)
Epoch 9 :
Train Acc: 81.407% (24422/30000) | Loss: 0.497
Test Acc: 56.133% (16840/30000)
Epoch 10 :
Saved Attack Train Ground Truth and Predict Sets
Train F1: 0.826682
AUC: 0.869562
Train Acc: 81.760% (24528/30000) | Loss: 0.491
Saved Attack Test Ground Truth and Predict Sets
Test F1: 0.433078
AUC: 0.577884
Test Acc: 55.370% (16611/30000)
Best Acc: 0.562200
 F1: 0.570953
AUC: 0.581476
Saved Attack Model to results/train_layer/cifar100-mobilenetv2/block_shallow_16_1000/meminf_attack0.pth
