Finished Saving Train Dataset to results/train_layer/tinyimagenet200-alexnet/block_shallow_2_300/meminf_attack_mode0_train.p
Finished Saving Test Dataset to results/train_layer/tinyimagenet200-alexnet/block_shallow_2_300/meminf_attack_mode0_test.p
Epoch 1 :
Train Acc: 54.473% (29960/55000) | Loss: 0.698
Saved Attack Test Ground Truth and Predict Sets
Test F1: 0.666383
AUC: 0.585500
Test Acc: 50.051% (27528/55000)
Epoch 2 :
Train Acc: 59.013% (32457/55000) | Loss: 0.672
Test Acc: 50.000% (27500/55000)
Epoch 3 :
Train Acc: 50.000% (27500/55000) | Loss: 0.812
Test Acc: 50.000% (27500/55000)
Epoch 4 :
Train Acc: 50.000% (27500/55000) | Loss: 0.812
Test Acc: 50.000% (27500/55000)
Epoch 5 :
Train Acc: 50.000% (27500/55000) | Loss: 0.812
Test Acc: 50.000% (27500/55000)
Epoch 6 :
Train Acc: 50.000% (27500/55000) | Loss: 0.812
Test Acc: 50.000% (27500/55000)
Epoch 7 :
Train Acc: 50.000% (27500/55000) | Loss: 0.812
Test Acc: 50.000% (27500/55000)
Epoch 8 :
Train Acc: 50.000% (27500/55000) | Loss: 0.812
Test Acc: 50.000% (27500/55000)
Epoch 9 :
Train Acc: 50.000% (27500/55000) | Loss: 0.812
Test Acc: 50.000% (27500/55000)
Epoch 10 :
Saved Attack Train Ground Truth and Predict Sets
Train F1: 0.666667
AUC: 0.500000
Train Acc: 50.000% (27500/55000) | Loss: 0.812
Saved Attack Test Ground Truth and Predict Sets
Test F1: 0.666667
AUC: 0.500000
Test Acc: 50.000% (27500/55000)
Best Acc: 0.500509
 F1: 0.666383
AUC: 0.585500
Saved Attack Model to results/train_layer/tinyimagenet200-alexnet/block_shallow_2_300/meminf_attack0.pth
