Finished Saving Train Dataset to results/train_layer/tinyimagenet200-alexnet/block_shallow_2_300/meminf_attack_top3_train.p
Finished Saving Test Dataset to results/train_layer/tinyimagenet200-alexnet/block_shallow_2_300/meminf_attack_top3_test.p
Epoch 1 :
Train Acc: 75.993% (41796/55000) | Loss: 0.613
Saved Attack Test Ground Truth and Predict Sets
Test F1: 0.280431
AUC: 0.585083
Test Acc: 54.224% (29823/55000)
Epoch 2 :
Train Acc: 81.716% (44944/55000) | Loss: 0.504
Saved Attack Test Ground Truth and Predict Sets
Test F1: 0.411864
AUC: 0.585573
Test Acc: 55.582% (30570/55000)
Epoch 3 :
Train Acc: 78.091% (42950/55000) | Loss: 0.529
Saved Attack Test Ground Truth and Predict Sets
Test F1: 0.422220
AUC: 0.583662
Test Acc: 55.673% (30620/55000)
Epoch 4 :
Train Acc: 73.302% (40316/55000) | Loss: 0.579
Test Acc: 55.164% (30340/55000)
Epoch 5 :
Train Acc: 83.285% (45807/55000) | Loss: 0.479
Test Acc: 53.782% (29580/55000)
Epoch 6 :
Train Acc: 80.527% (44290/55000) | Loss: 0.507
Test Acc: 54.778% (30128/55000)
Epoch 7 :
Train Acc: 81.633% (44898/55000) | Loss: 0.496
Test Acc: 53.525% (29439/55000)
Epoch 8 :
Train Acc: 87.798% (48289/55000) | Loss: 0.434
Test Acc: 52.685% (28977/55000)
Epoch 9 :
Train Acc: 86.145% (47380/55000) | Loss: 0.451
Test Acc: 52.885% (29087/55000)
Epoch 10 :
Saved Attack Train Ground Truth and Predict Sets
Train F1: 0.893216
AUC: 0.896998
Train Acc: 88.355% (48595/55000) | Loss: 0.429
Saved Attack Test Ground Truth and Predict Sets
Test F1: 0.146651
AUC: 0.530336
Test Acc: 52.264% (28745/55000)
Best Acc: 0.556727
 F1: 0.422220
AUC: 0.583662
Saved Attack Model to results/train_layer/tinyimagenet200-alexnet/block_shallow_2_300/meminf_top3.pth
