Finished Saving Train Dataset to results/train_layer_deep/cifar100-mobilenetv2/block_deep_48_1000/meminf_attack_mode0_train.p
Finished Saving Test Dataset to results/train_layer_deep/cifar100-mobilenetv2/block_deep_48_1000/meminf_attack_mode0_test.p
Epoch 1 :
Train Acc: 78.257% (23477/30000) | Loss: 0.545
Saved Attack Test Ground Truth and Predict Sets
Test F1: 0.093494
AUC: 0.501155
Test Acc: 50.163% (15049/30000)
Epoch 2 :
Train Acc: 73.730% (22119/30000) | Loss: 0.563
Test Acc: 50.017% (15005/30000)
Epoch 3 :
Train Acc: 75.783% (22735/30000) | Loss: 0.548
Test Acc: 50.010% (15003/30000)
Epoch 4 :
Train Acc: 77.413% (23224/30000) | Loss: 0.535
Test Acc: 50.010% (15003/30000)
Epoch 5 :
Train Acc: 76.710% (23013/30000) | Loss: 0.541
Saved Attack Test Ground Truth and Predict Sets
Test F1: 0.126962
AUC: 0.500666
Test Acc: 50.307% (15092/30000)
Epoch 6 :
Train Acc: 78.513% (23554/30000) | Loss: 0.523
Test Acc: 49.993% (14998/30000)
Epoch 7 :
Train Acc: 78.663% (23599/30000) | Loss: 0.523
Test Acc: 50.193% (15058/30000)
Epoch 8 :
Train Acc: 80.437% (24131/30000) | Loss: 0.503
Test Acc: 50.003% (15001/30000)
Epoch 9 :
Train Acc: 81.407% (24422/30000) | Loss: 0.497
Test Acc: 50.057% (15017/30000)
Epoch 10 :
Saved Attack Train Ground Truth and Predict Sets
Train F1: 0.826682
AUC: 0.869562
Train Acc: 81.760% (24528/30000) | Loss: 0.491
Saved Attack Test Ground Truth and Predict Sets
Test F1: 0.004777
AUC: 0.500785
Test Acc: 50.000% (15000/30000)
Best Acc: 0.503067
 F1: 0.126962
AUC: 0.500666
Saved Attack Model to results/train_layer_deep/cifar100-mobilenetv2/block_deep_48_1000/meminf_attack0.pth
