Finished Saving Train Dataset to results/train_layer/cifar10-mobilenetv2/block_shallow_20_1000/meminf_attack_top3_train.p
Finished Saving Test Dataset to results/train_layer/cifar10-mobilenetv2/block_shallow_20_1000/meminf_attack_top3_test.p
Epoch 1 :
Train Acc: 55.380% (16614/30000) | Loss: 0.688
Saved Attack Test Ground Truth and Predict Sets
Test F1: 0.592011
AUC: 0.531056
Test Acc: 52.503% (15751/30000)
Epoch 2 :
Train Acc: 55.143% (16543/30000) | Loss: 0.680
Test Acc: 51.687% (15506/30000)
Epoch 3 :
Train Acc: 55.713% (16714/30000) | Loss: 0.677
Saved Attack Test Ground Truth and Predict Sets
Test F1: 0.440509
AUC: 0.538491
Test Acc: 52.820% (15846/30000)
Epoch 4 :
Train Acc: 55.500% (16650/30000) | Loss: 0.667
Test Acc: 49.907% (14972/30000)
Epoch 5 :
Train Acc: 57.283% (17185/30000) | Loss: 0.661
Test Acc: 50.000% (15000/30000)
Epoch 6 :
Train Acc: 57.657% (17297/30000) | Loss: 0.656
Saved Attack Test Ground Truth and Predict Sets
Test F1: 0.524197
AUC: 0.538556
Test Acc: 53.200% (15960/30000)
Epoch 7 :
Train Acc: 57.903% (17371/30000) | Loss: 0.655
Test Acc: 52.413% (15724/30000)
Epoch 8 :
Train Acc: 58.390% (17517/30000) | Loss: 0.651
Test Acc: 52.210% (15663/30000)
Epoch 9 :
Train Acc: 58.830% (17649/30000) | Loss: 0.656
Test Acc: 52.647% (15794/30000)
Epoch 10 :
Saved Attack Train Ground Truth and Predict Sets
Train F1: 0.596871
AUC: 0.611603
Train Acc: 57.310% (17193/30000) | Loss: 0.651
Saved Attack Test Ground Truth and Predict Sets
Test F1: 0.610526
AUC: 0.538549
Test Acc: 52.147% (15644/30000)
Best Acc: 0.532000
 F1: 0.524197
AUC: 0.538556
Saved Attack Model to results/train_layer/cifar10-mobilenetv2/block_shallow_20_1000/meminf_top3.pth
