Finished Saving Train Dataset to results/train_layer/cifar10-mobilenetv2/block_shallow_14_1000/meminf_attack_mode0_train.p
Finished Saving Test Dataset to results/train_layer/cifar10-mobilenetv2/block_shallow_14_1000/meminf_attack_mode0_test.p
Epoch 1 :
Train Acc: 63.790% (19137/30000) | Loss: 0.646
Saved Attack Test Ground Truth and Predict Sets
Test F1: 0.573261
AUC: 0.545553
Test Acc: 53.653% (16096/30000)
Epoch 2 :
Train Acc: 65.340% (19602/30000) | Loss: 0.633
Test Acc: 53.417% (16025/30000)
Epoch 3 :
Train Acc: 66.320% (19896/30000) | Loss: 0.624
Saved Attack Test Ground Truth and Predict Sets
Test F1: 0.569970
AUC: 0.545486
Test Acc: 53.660% (16098/30000)
Epoch 4 :
Train Acc: 66.903% (20071/30000) | Loss: 0.615
Test Acc: 53.483% (16045/30000)
Epoch 5 :
Train Acc: 67.017% (20105/30000) | Loss: 0.614
Saved Attack Test Ground Truth and Predict Sets
Test F1: 0.565951
AUC: 0.545717
Test Acc: 53.667% (16100/30000)
Epoch 6 :
Train Acc: 67.337% (20201/30000) | Loss: 0.610
Test Acc: 53.360% (16008/30000)
Epoch 7 :
Train Acc: 67.537% (20261/30000) | Loss: 0.612
Test Acc: 53.523% (16057/30000)
Epoch 8 :
Train Acc: 67.270% (20181/30000) | Loss: 0.613
Test Acc: 53.380% (16014/30000)
Epoch 9 :
Train Acc: 67.433% (20230/30000) | Loss: 0.613
Saved Attack Test Ground Truth and Predict Sets
Test F1: 0.572554
AUC: 0.545642
Test Acc: 53.693% (16108/30000)
Epoch 10 :
Saved Attack Train Ground Truth and Predict Sets
Train F1: 0.748282
AUC: 0.695088
Train Acc: 67.767% (20330/30000) | Loss: 0.610
Saved Attack Test Ground Truth and Predict Sets
Test F1: 0.567584
AUC: 0.543721
Test Acc: 53.613% (16084/30000)
Best Acc: 0.536933
 F1: 0.572554
AUC: 0.545642
Saved Attack Model to results/train_layer/cifar10-mobilenetv2/block_shallow_14_1000/meminf_attack0.pth
