Finished Saving Train Dataset to results/train_layer_deep/cifar100-mobilenetv2/block_deep_2_1000/meminf_attack_mode0_train.p
Finished Saving Test Dataset to results/train_layer_deep/cifar100-mobilenetv2/block_deep_2_1000/meminf_attack_mode0_test.p
Epoch 1 :
Train Acc: 78.257% (23477/30000) | Loss: 0.545
Saved Attack Test Ground Truth and Predict Sets
Test F1: 0.569305
AUC: 0.614188
Test Acc: 61.957% (18587/30000)
Epoch 2 :
Train Acc: 73.730% (22119/30000) | Loss: 0.563
Test Acc: 60.990% (18297/30000)
Epoch 3 :
Train Acc: 75.783% (22735/30000) | Loss: 0.548
Test Acc: 60.877% (18263/30000)
Epoch 4 :
Train Acc: 77.413% (23224/30000) | Loss: 0.535
Test Acc: 55.157% (16547/30000)
Epoch 5 :
Train Acc: 76.710% (23013/30000) | Loss: 0.541
Test Acc: 61.693% (18508/30000)
Epoch 6 :
Train Acc: 78.513% (23554/30000) | Loss: 0.523
Test Acc: 57.943% (17383/30000)
Epoch 7 :
Train Acc: 78.663% (23599/30000) | Loss: 0.523
Saved Attack Test Ground Truth and Predict Sets
Test F1: 0.569186
AUC: 0.613947
Test Acc: 62.120% (18636/30000)
Epoch 8 :
Train Acc: 80.437% (24131/30000) | Loss: 0.503
Test Acc: 58.263% (17479/30000)
Epoch 9 :
Train Acc: 81.407% (24422/30000) | Loss: 0.497
Saved Attack Test Ground Truth and Predict Sets
Test F1: 0.546226
AUC: 0.607355
Test Acc: 62.190% (18657/30000)
Epoch 10 :
Saved Attack Train Ground Truth and Predict Sets
Train F1: 0.826682
AUC: 0.869562
Train Acc: 81.760% (24528/30000) | Loss: 0.491
Saved Attack Test Ground Truth and Predict Sets
Test F1: 0.388493
AUC: 0.581221
Test Acc: 58.267% (17480/30000)
Best Acc: 0.621900
 F1: 0.546226
AUC: 0.607355
Saved Attack Model to results/train_layer_deep/cifar100-mobilenetv2/block_deep_2_1000/meminf_attack0.pth
