Finished Saving Train Dataset to results/train_layer/stl10-mobilenetv2/block_shallow_45_100/meminf_attack_top3_train.p
Finished Saving Test Dataset to results/train_layer/stl10-mobilenetv2/block_shallow_45_100/meminf_attack_top3_test.p
Epoch 1 :
Train Acc: 53.000% (3445/6500) | Loss: 0.685
Saved Attack Test Ground Truth and Predict Sets
Test F1: 0.598544
AUC: 0.501310
Test Acc: 49.954% (3247/6500)
Epoch 2 :
Train Acc: 56.108% (3647/6500) | Loss: 0.683
Test Acc: 49.631% (3226/6500)
Epoch 3 :
Train Acc: 59.277% (3853/6500) | Loss: 0.680
Saved Attack Test Ground Truth and Predict Sets
Test F1: 0.527540
AUC: 0.499565
Test Acc: 49.985% (3249/6500)
Epoch 4 :
Train Acc: 58.708% (3816/6500) | Loss: 0.676
Test Acc: 49.708% (3231/6500)
Epoch 5 :
Train Acc: 60.723% (3947/6500) | Loss: 0.671
Test Acc: 49.769% (3235/6500)
Epoch 6 :
Train Acc: 61.108% (3972/6500) | Loss: 0.665
Saved Attack Test Ground Truth and Predict Sets
Test F1: 0.471163
AUC: 0.498802
Test Acc: 50.062% (3254/6500)
Epoch 7 :
Train Acc: 61.738% (4013/6500) | Loss: 0.657
Test Acc: 49.969% (3248/6500)
Epoch 8 :
Train Acc: 64.000% (4160/6500) | Loss: 0.652
Test Acc: 49.938% (3246/6500)
Epoch 9 :
Train Acc: 58.138% (3779/6500) | Loss: 0.651
Test Acc: 49.785% (3236/6500)
Epoch 10 :
Saved Attack Train Ground Truth and Predict Sets
Train F1: 0.719216
AUC: 0.658976
Train Acc: 61.200% (3978/6500) | Loss: 0.646
Saved Attack Test Ground Truth and Predict Sets
Test F1: 0.057837
AUC: 0.497679
Test Acc: 49.877% (3242/6500)
Best Acc: 0.500615
 F1: 0.471163
AUC: 0.498802
Saved Attack Model to results/train_layer/stl10-mobilenetv2/block_shallow_45_100/meminf_top3.pth
