Finished Saving Train Dataset to results/train_layer/cifar10-mobilenetv2/block_shallow_34_1000/meminf_attack_mode0_train.p
Finished Saving Test Dataset to results/train_layer/cifar10-mobilenetv2/block_shallow_34_1000/meminf_attack_mode0_test.p
Epoch 1 :
Train Acc: 63.790% (19137/30000) | Loss: 0.646
Saved Attack Test Ground Truth and Predict Sets
Test F1: 0.479997
AUC: 0.510566
Test Acc: 50.823% (15247/30000)
Epoch 2 :
Train Acc: 65.340% (19602/30000) | Loss: 0.633
Test Acc: 50.777% (15233/30000)
Epoch 3 :
Train Acc: 66.320% (19896/30000) | Loss: 0.624
Saved Attack Test Ground Truth and Predict Sets
Test F1: 0.476383
AUC: 0.510325
Test Acc: 50.853% (15256/30000)
Epoch 4 :
Train Acc: 66.903% (20071/30000) | Loss: 0.615
Test Acc: 50.730% (15219/30000)
Epoch 5 :
Train Acc: 67.017% (20105/30000) | Loss: 0.614
Saved Attack Test Ground Truth and Predict Sets
Test F1: 0.470182
AUC: 0.510290
Test Acc: 50.870% (15261/30000)
Epoch 6 :
Train Acc: 67.337% (20201/30000) | Loss: 0.610
Test Acc: 50.790% (15237/30000)
Epoch 7 :
Train Acc: 67.537% (20261/30000) | Loss: 0.612
Saved Attack Test Ground Truth and Predict Sets
Test F1: 0.450047
AUC: 0.509610
Test Acc: 50.917% (15275/30000)
Epoch 8 :
Train Acc: 67.270% (20181/30000) | Loss: 0.613
Test Acc: 50.707% (15212/30000)
Epoch 9 :
Train Acc: 67.433% (20230/30000) | Loss: 0.613
Test Acc: 50.817% (15245/30000)
Epoch 10 :
Saved Attack Train Ground Truth and Predict Sets
Train F1: 0.748282
AUC: 0.695088
Train Acc: 67.767% (20330/30000) | Loss: 0.610
Saved Attack Test Ground Truth and Predict Sets
Test F1: 0.476366
AUC: 0.510164
Test Acc: 50.740% (15222/30000)
Best Acc: 0.509167
 F1: 0.450047
AUC: 0.509610
Saved Attack Model to results/train_layer/cifar10-mobilenetv2/block_shallow_34_1000/meminf_attack0.pth
