Finished Saving Train Dataset to results/train_layer/tinyimagenet200-mobilenetv2/block_shallow_17_1000/meminf_attack_top3_train.p
Finished Saving Test Dataset to results/train_layer/tinyimagenet200-mobilenetv2/block_shallow_17_1000/meminf_attack_top3_test.p
Epoch 1 :
Train Acc: 50.307% (27669/55000) | Loss: 0.692
Saved Attack Test Ground Truth and Predict Sets
Test F1: 0.666092
AUC: 0.500360
Test Acc: 49.973% (27485/55000)
Epoch 2 :
Train Acc: 50.382% (27710/55000) | Loss: 0.692
Saved Attack Test Ground Truth and Predict Sets
Test F1: 0.644424
AUC: 0.500217
Test Acc: 50.045% (27525/55000)
Epoch 3 :
Train Acc: 50.795% (27937/55000) | Loss: 0.692
Saved Attack Test Ground Truth and Predict Sets
Test F1: 0.490145
AUC: 0.500164
Test Acc: 50.191% (27605/55000)
Epoch 4 :
Train Acc: 51.022% (28062/55000) | Loss: 0.692
Test Acc: 49.938% (27466/55000)
Epoch 5 :
Train Acc: 50.944% (28019/55000) | Loss: 0.692
Test Acc: 50.118% (27565/55000)
Epoch 6 :
Train Acc: 51.067% (28087/55000) | Loss: 0.692
Test Acc: 49.864% (27425/55000)
Epoch 7 :
Train Acc: 51.040% (28072/55000) | Loss: 0.692
Test Acc: 50.098% (27554/55000)
Epoch 8 :
Train Acc: 51.013% (28057/55000) | Loss: 0.692
Test Acc: 50.056% (27531/55000)
Epoch 9 :
Train Acc: 51.085% (28097/55000) | Loss: 0.692
Test Acc: 49.902% (27446/55000)
Epoch 10 :
Saved Attack Train Ground Truth and Predict Sets
Train F1: 0.420735
AUC: 0.515274
Train Acc: 51.136% (28125/55000) | Loss: 0.692
Saved Attack Test Ground Truth and Predict Sets
Test F1: 0.509658
AUC: 0.499587
Test Acc: 50.107% (27559/55000)
Best Acc: 0.501909
 F1: 0.490145
AUC: 0.500164
Saved Attack Model to results/train_layer/tinyimagenet200-mobilenetv2/block_shallow_17_1000/meminf_top3.pth
