<======================= Epoch 1 =======================>
target training
Train Acc: 50.492% (1641/3250) | Loss: 1.503
target testing
Test Acc: 58.185% (1891/3250)
The overfitting rate is -0.076923
<======================= Epoch 2 =======================>
target training
Train Acc: 68.123% (2214/3250) | Loss: 1.010
target testing
Test Acc: 62.031% (2016/3250)
The overfitting rate is 0.060923
<======================= Epoch 3 =======================>
target training
Train Acc: 77.846% (2530/3250) | Loss: 0.645
target testing
Test Acc: 69.138% (2247/3250)
The overfitting rate is 0.087077
<======================= Epoch 4 =======================>
target training
Train Acc: 86.123% (2799/3250) | Loss: 0.412
target testing
Test Acc: 71.815% (2334/3250)
The overfitting rate is 0.143077
<======================= Epoch 5 =======================>
target training
Train Acc: 89.262% (2901/3250) | Loss: 0.310
target testing
Test Acc: 72.215% (2347/3250)
The overfitting rate is 0.170462
<======================= Epoch 6 =======================>
target training
Train Acc: 93.538% (3040/3250) | Loss: 0.205
target testing
Test Acc: 73.169% (2378/3250)
The overfitting rate is 0.203692
<======================= Epoch 7 =======================>
target training
Train Acc: 93.262% (3031/3250) | Loss: 0.199
target testing
Test Acc: 66.431% (2159/3250)
The overfitting rate is 0.268308
<======================= Epoch 8 =======================>
target training
Train Acc: 90.831% (2952/3250) | Loss: 0.285
target testing
Test Acc: 69.785% (2268/3250)
The overfitting rate is 0.210462
<======================= Epoch 9 =======================>
target training
Train Acc: 92.092% (2993/3250) | Loss: 0.245
target testing
Test Acc: 72.615% (2360/3250)
The overfitting rate is 0.194769
<======================= Epoch 10 =======================>
target training
Train Acc: 95.262% (3096/3250) | Loss: 0.138
target testing
Test Acc: 72.862% (2368/3250)
The overfitting rate is 0.224
<======================= Epoch 11 =======================>
target training
Train Acc: 96.062% (3122/3250) | Loss: 0.123
target testing
Test Acc: 73.108% (2376/3250)
The overfitting rate is 0.229538
<======================= Epoch 12 =======================>
target training
Train Acc: 97.354% (3164/3250) | Loss: 0.084
target testing
Test Acc: 75.046% (2439/3250)
The overfitting rate is 0.223077
<======================= Epoch 13 =======================>
target training
Train Acc: 98.338% (3196/3250) | Loss: 0.051
target testing
Test Acc: 76.708% (2493/3250)
The overfitting rate is 0.216308
<======================= Epoch 14 =======================>
target training
Train Acc: 98.338% (3196/3250) | Loss: 0.047
target testing
Test Acc: 74.523% (2422/3250)
The overfitting rate is 0.238154
<======================= Epoch 15 =======================>
target training
Train Acc: 98.031% (3186/3250) | Loss: 0.061
target testing
Test Acc: 75.138% (2442/3250)
The overfitting rate is 0.228923
<======================= Epoch 16 =======================>
target training
Train Acc: 97.908% (3182/3250) | Loss: 0.074
target testing
Test Acc: 74.892% (2434/3250)
The overfitting rate is 0.230154
<======================= Epoch 17 =======================>
target training
Train Acc: 98.062% (3187/3250) | Loss: 0.063
target testing
Test Acc: 75.231% (2445/3250)
The overfitting rate is 0.228308
<======================= Epoch 18 =======================>
target training
Train Acc: 96.677% (3142/3250) | Loss: 0.117
target testing
Test Acc: 72.462% (2355/3250)
The overfitting rate is 0.242154
<======================= Epoch 19 =======================>
target training
Train Acc: 96.954% (3151/3250) | Loss: 0.087
target testing
Test Acc: 74.246% (2413/3250)
The overfitting rate is 0.227077
<======================= Epoch 20 =======================>
target training
Train Acc: 97.046% (3154/3250) | Loss: 0.095
target testing
Test Acc: 72.215% (2347/3250)
The overfitting rate is 0.248308
<======================= Epoch 21 =======================>
target training
Train Acc: 97.908% (3182/3250) | Loss: 0.062
target testing
Test Acc: 73.754% (2397/3250)
The overfitting rate is 0.241538
<======================= Epoch 22 =======================>
target training
Train Acc: 98.308% (3195/3250) | Loss: 0.059
target testing
Test Acc: 74.800% (2431/3250)
The overfitting rate is 0.235077
<======================= Epoch 23 =======================>
target training
Train Acc: 97.938% (3183/3250) | Loss: 0.058
target testing
Test Acc: 75.046% (2439/3250)
The overfitting rate is 0.228923
<======================= Epoch 24 =======================>
target training
Train Acc: 98.369% (3197/3250) | Loss: 0.050
target testing
Test Acc: 74.831% (2432/3250)
The overfitting rate is 0.235385
<======================= Epoch 25 =======================>
target training
Train Acc: 98.062% (3187/3250) | Loss: 0.061
target testing
Test Acc: 74.462% (2420/3250)
The overfitting rate is 0.236
<======================= Epoch 26 =======================>
target training
Train Acc: 98.862% (3213/3250) | Loss: 0.038
target testing
Test Acc: 74.892% (2434/3250)
The overfitting rate is 0.239692
<======================= Epoch 27 =======================>
target training
Train Acc: 98.892% (3214/3250) | Loss: 0.036
target testing
Test Acc: 76.585% (2489/3250)
The overfitting rate is 0.223077
<======================= Epoch 28 =======================>
target training
Train Acc: 99.385% (3230/3250) | Loss: 0.019
target testing
Test Acc: 76.646% (2491/3250)
The overfitting rate is 0.227385
<======================= Epoch 29 =======================>
target training
Train Acc: 98.923% (3215/3250) | Loss: 0.034
target testing
Test Acc: 74.892% (2434/3250)
The overfitting rate is 0.240308
<======================= Epoch 30 =======================>
target training
Train Acc: 98.031% (3186/3250) | Loss: 0.060
target testing
Test Acc: 72.862% (2368/3250)
The overfitting rate is 0.251692
<======================= Epoch 31 =======================>
target training
Train Acc: 98.123% (3189/3250) | Loss: 0.062
target testing
Test Acc: 74.123% (2409/3250)
The overfitting rate is 0.24
<======================= Epoch 32 =======================>
target training
Train Acc: 98.431% (3199/3250) | Loss: 0.051
target testing
Test Acc: 74.092% (2408/3250)
The overfitting rate is 0.243385
<======================= Epoch 33 =======================>
target training
Train Acc: 98.738% (3209/3250) | Loss: 0.042
target testing
Test Acc: 73.815% (2399/3250)
The overfitting rate is 0.249231
<======================= Epoch 34 =======================>
target training
Train Acc: 98.062% (3187/3250) | Loss: 0.072
target testing
Test Acc: 73.662% (2394/3250)
The overfitting rate is 0.244
<======================= Epoch 35 =======================>
target training
Train Acc: 97.169% (3158/3250) | Loss: 0.098
target testing
Test Acc: 73.323% (2383/3250)
The overfitting rate is 0.238462
<======================= Epoch 36 =======================>
target training
Train Acc: 98.338% (3196/3250) | Loss: 0.050
target testing
Test Acc: 76.769% (2495/3250)
The overfitting rate is 0.215692
<======================= Epoch 37 =======================>
target training
Train Acc: 99.138% (3222/3250) | Loss: 0.027
target testing
Test Acc: 76.738% (2494/3250)
The overfitting rate is 0.224
<======================= Epoch 38 =======================>
target training
Train Acc: 99.354% (3229/3250) | Loss: 0.021
target testing
Test Acc: 75.538% (2455/3250)
The overfitting rate is 0.238154
<======================= Epoch 39 =======================>
target training
Train Acc: 99.169% (3223/3250) | Loss: 0.035
target testing
Test Acc: 74.246% (2413/3250)
The overfitting rate is 0.249231
<======================= Epoch 40 =======================>
target training
Train Acc: 98.800% (3211/3250) | Loss: 0.037
target testing
Test Acc: 75.938% (2468/3250)
The overfitting rate is 0.228615
<======================= Epoch 41 =======================>
target training
Train Acc: 98.892% (3214/3250) | Loss: 0.032
target testing
Test Acc: 73.077% (2375/3250)
The overfitting rate is 0.258154
<======================= Epoch 42 =======================>
target training
Train Acc: 99.169% (3223/3250) | Loss: 0.027
target testing
Test Acc: 74.708% (2428/3250)
The overfitting rate is 0.244615
<======================= Epoch 43 =======================>
target training
Train Acc: 99.200% (3224/3250) | Loss: 0.026
target testing
Test Acc: 74.954% (2436/3250)
The overfitting rate is 0.242462
<======================= Epoch 44 =======================>
target training
Train Acc: 98.831% (3212/3250) | Loss: 0.040
target testing
Test Acc: 74.308% (2415/3250)
The overfitting rate is 0.245231
<======================= Epoch 45 =======================>
target training
Train Acc: 99.015% (3218/3250) | Loss: 0.030
target testing
Test Acc: 74.031% (2406/3250)
The overfitting rate is 0.249846
<======================= Epoch 46 =======================>
target training
Train Acc: 99.046% (3219/3250) | Loss: 0.029
target testing
Test Acc: 75.323% (2448/3250)
The overfitting rate is 0.237231
<======================= Epoch 47 =======================>
target training
Train Acc: 99.354% (3229/3250) | Loss: 0.021
target testing
Test Acc: 75.938% (2468/3250)
The overfitting rate is 0.234154
<======================= Epoch 48 =======================>
target training
Train Acc: 99.723% (3241/3250) | Loss: 0.009
target testing
Test Acc: 74.308% (2415/3250)
The overfitting rate is 0.254154
<======================= Epoch 49 =======================>
target training
Train Acc: 99.723% (3241/3250) | Loss: 0.012
target testing
Test Acc: 77.200% (2509/3250)
The overfitting rate is 0.225231
<======================= Epoch 50 =======================>
target training
Train Acc: 99.692% (3240/3250) | Loss: 0.009
target testing
Test Acc: 77.200% (2509/3250)
The overfitting rate is 0.224923
<======================= Epoch 51 =======================>
target training
Train Acc: 99.938% (3248/3250) | Loss: 0.003
target testing
Test Acc: 77.415% (2516/3250)
The overfitting rate is 0.225231
<======================= Epoch 52 =======================>
target training
Train Acc: 99.877% (3246/3250) | Loss: 0.004
target testing
Test Acc: 77.785% (2528/3250)
The overfitting rate is 0.220923
<======================= Epoch 53 =======================>
target training
Train Acc: 99.908% (3247/3250) | Loss: 0.003
target testing
Test Acc: 77.723% (2526/3250)
The overfitting rate is 0.221846
<======================= Epoch 54 =======================>
target training
Train Acc: 99.969% (3249/3250) | Loss: 0.001
target testing
Test Acc: 77.785% (2528/3250)
The overfitting rate is 0.221846
<======================= Epoch 55 =======================>
target training
Train Acc: 99.938% (3248/3250) | Loss: 0.002
target testing
Test Acc: 78.000% (2535/3250)
The overfitting rate is 0.219385
<======================= Epoch 56 =======================>
target training
Train Acc: 100.000% (3250/3250) | Loss: 0.001
target testing
Test Acc: 78.000% (2535/3250)
The overfitting rate is 0.22
<======================= Epoch 57 =======================>
target training
Train Acc: 99.969% (3249/3250) | Loss: 0.002
target testing
Test Acc: 78.031% (2536/3250)
The overfitting rate is 0.219385
<======================= Epoch 58 =======================>
target training
Train Acc: 99.969% (3249/3250) | Loss: 0.001
target testing
Test Acc: 77.815% (2529/3250)
The overfitting rate is 0.221538
<======================= Epoch 59 =======================>
target training
Train Acc: 100.000% (3250/3250) | Loss: 0.001
target testing
Test Acc: 78.000% (2535/3250)
The overfitting rate is 0.22
<======================= Epoch 60 =======================>
target training
Train Acc: 100.000% (3250/3250) | Loss: 0.001
target testing
Test Acc: 77.754% (2527/3250)
The overfitting rate is 0.222462
<======================= Epoch 61 =======================>
target training
Train Acc: 100.000% (3250/3250) | Loss: 0.001
target testing
Test Acc: 77.662% (2524/3250)
The overfitting rate is 0.223385
<======================= Epoch 62 =======================>
target training
Train Acc: 100.000% (3250/3250) | Loss: 0.001
target testing
Test Acc: 77.877% (2531/3250)
The overfitting rate is 0.221231
<======================= Epoch 63 =======================>
target training
Train Acc: 100.000% (3250/3250) | Loss: 0.001
target testing
Test Acc: 78.215% (2542/3250)
The overfitting rate is 0.217846
<======================= Epoch 64 =======================>
target training
Train Acc: 100.000% (3250/3250) | Loss: 0.001
target testing
Test Acc: 77.938% (2533/3250)
The overfitting rate is 0.220615
<======================= Epoch 65 =======================>
target training
Train Acc: 100.000% (3250/3250) | Loss: 0.001
target testing
Test Acc: 77.846% (2530/3250)
The overfitting rate is 0.221538
<======================= Epoch 66 =======================>
target training
Train Acc: 100.000% (3250/3250) | Loss: 0.001
target testing
Test Acc: 77.508% (2519/3250)
The overfitting rate is 0.224923
<======================= Epoch 67 =======================>
target training
Train Acc: 100.000% (3250/3250) | Loss: 0.001
target testing
Test Acc: 77.877% (2531/3250)
The overfitting rate is 0.221231
<======================= Epoch 68 =======================>
target training
Train Acc: 100.000% (3250/3250) | Loss: 0.001
target testing
Test Acc: 78.585% (2554/3250)
The overfitting rate is 0.214154
<======================= Epoch 69 =======================>
target training
Train Acc: 100.000% (3250/3250) | Loss: 0.001
target testing
Test Acc: 78.338% (2546/3250)
The overfitting rate is 0.216615
<======================= Epoch 70 =======================>
target training
Train Acc: 100.000% (3250/3250) | Loss: 0.001
target testing
Test Acc: 78.185% (2541/3250)
The overfitting rate is 0.218154
<======================= Epoch 71 =======================>
target training
Train Acc: 100.000% (3250/3250) | Loss: 0.001
target testing
Test Acc: 77.631% (2523/3250)
The overfitting rate is 0.223692
<======================= Epoch 72 =======================>
target training
Train Acc: 100.000% (3250/3250) | Loss: 0.001
target testing
Test Acc: 77.938% (2533/3250)
The overfitting rate is 0.220615
<======================= Epoch 73 =======================>
target training
Train Acc: 99.969% (3249/3250) | Loss: 0.001
target testing
Test Acc: 77.785% (2528/3250)
The overfitting rate is 0.221846
<======================= Epoch 74 =======================>
target training
Train Acc: 100.000% (3250/3250) | Loss: 0.001
target testing
Test Acc: 78.092% (2538/3250)
The overfitting rate is 0.219077
<======================= Epoch 75 =======================>
target training
Train Acc: 100.000% (3250/3250) | Loss: 0.001
target testing
Test Acc: 78.338% (2546/3250)
The overfitting rate is 0.216615
<======================= Epoch 76 =======================>
target training
Train Acc: 99.969% (3249/3250) | Loss: 0.001
target testing
Test Acc: 77.877% (2531/3250)
The overfitting rate is 0.220923
<======================= Epoch 77 =======================>
target training
Train Acc: 100.000% (3250/3250) | Loss: 0.001
target testing
Test Acc: 77.723% (2526/3250)
The overfitting rate is 0.222769
<======================= Epoch 78 =======================>
target training
Train Acc: 100.000% (3250/3250) | Loss: 0.001
target testing
Test Acc: 78.400% (2548/3250)
The overfitting rate is 0.216
<======================= Epoch 79 =======================>
target training
Train Acc: 99.969% (3249/3250) | Loss: 0.001
target testing
Test Acc: 78.246% (2543/3250)
The overfitting rate is 0.217231
<======================= Epoch 80 =======================>
target training
Train Acc: 100.000% (3250/3250) | Loss: 0.001
target testing
Test Acc: 78.215% (2542/3250)
The overfitting rate is 0.217846
<======================= Epoch 81 =======================>
target training
Train Acc: 100.000% (3250/3250) | Loss: 0.001
target testing
Test Acc: 78.277% (2544/3250)
The overfitting rate is 0.217231
<======================= Epoch 82 =======================>
target training
Train Acc: 100.000% (3250/3250) | Loss: 0.001
target testing
Test Acc: 77.846% (2530/3250)
The overfitting rate is 0.221538
<======================= Epoch 83 =======================>
target training
Train Acc: 100.000% (3250/3250) | Loss: 0.000
target testing
Test Acc: 77.846% (2530/3250)
The overfitting rate is 0.221538
<======================= Epoch 84 =======================>
target training
Train Acc: 100.000% (3250/3250) | Loss: 0.001
target testing
Test Acc: 77.569% (2521/3250)
The overfitting rate is 0.224308
<======================= Epoch 85 =======================>
target training
Train Acc: 100.000% (3250/3250) | Loss: 0.001
target testing
Test Acc: 78.092% (2538/3250)
The overfitting rate is 0.219077
<======================= Epoch 86 =======================>
target training
Train Acc: 100.000% (3250/3250) | Loss: 0.001
target testing
Test Acc: 78.092% (2538/3250)
The overfitting rate is 0.219077
<======================= Epoch 87 =======================>
target training
Train Acc: 100.000% (3250/3250) | Loss: 0.000
target testing
Test Acc: 77.969% (2534/3250)
The overfitting rate is 0.220308
<======================= Epoch 88 =======================>
target training
Train Acc: 100.000% (3250/3250) | Loss: 0.000
target testing
Test Acc: 78.031% (2536/3250)
The overfitting rate is 0.219692
<======================= Epoch 89 =======================>
target training
Train Acc: 100.000% (3250/3250) | Loss: 0.000
target testing
Test Acc: 78.123% (2539/3250)
The overfitting rate is 0.218769
<======================= Epoch 90 =======================>
target training
Train Acc: 100.000% (3250/3250) | Loss: 0.001
target testing
Test Acc: 77.938% (2533/3250)
The overfitting rate is 0.220615
<======================= Epoch 91 =======================>
target training
Train Acc: 100.000% (3250/3250) | Loss: 0.001
target testing
Test Acc: 78.154% (2540/3250)
The overfitting rate is 0.218462
<======================= Epoch 92 =======================>
target training
Train Acc: 100.000% (3250/3250) | Loss: 0.000
target testing
Test Acc: 78.308% (2545/3250)
The overfitting rate is 0.216923
<======================= Epoch 93 =======================>
target training
Train Acc: 100.000% (3250/3250) | Loss: 0.000
target testing
Test Acc: 78.215% (2542/3250)
The overfitting rate is 0.217846
<======================= Epoch 94 =======================>
target training
Train Acc: 99.969% (3249/3250) | Loss: 0.001
target testing
Test Acc: 77.938% (2533/3250)
The overfitting rate is 0.220308
<======================= Epoch 95 =======================>
target training
Train Acc: 100.000% (3250/3250) | Loss: 0.000
target testing
Test Acc: 78.000% (2535/3250)
The overfitting rate is 0.22
<======================= Epoch 96 =======================>
target training
Train Acc: 100.000% (3250/3250) | Loss: 0.000
target testing
Test Acc: 77.692% (2525/3250)
The overfitting rate is 0.223077
<======================= Epoch 97 =======================>
target training
Train Acc: 99.969% (3249/3250) | Loss: 0.001
target testing
Test Acc: 77.754% (2527/3250)
The overfitting rate is 0.222154
<======================= Epoch 98 =======================>
target training
Train Acc: 100.000% (3250/3250) | Loss: 0.001
target testing
Test Acc: 78.154% (2540/3250)
The overfitting rate is 0.218462
<======================= Epoch 99 =======================>
target training
Train Acc: 100.000% (3250/3250) | Loss: 0.000
target testing
Test Acc: 77.754% (2527/3250)
The overfitting rate is 0.222462
<======================= Epoch 100 =======================>
target training
Train Acc: 100.000% (3250/3250) | Loss: 0.001
target testing
Test Acc: 77.785% (2528/3250)
The overfitting rate is 0.222154
Saved target model to victim_mia/stl10-mobilenetv2/target.pth!!!
Finished training!!!
