Finished Saving Train Dataset to results/train_layer/tinyimagenet200-alexnet/block_shallow_5_100/meminf_attack_mode3_train.p
Finished Saving Test Dataset to results/train_layer/tinyimagenet200-alexnet/block_shallow_5_100/meminf_attack_mode3_test.p
Epoch 1 :
Train Acc: 62.140% (34177/55000) | Loss: 0.740
Saved Attack Test Ground Truth and Predict Sets
Test F1: 0.000145
AUC: 0.501378
Test Acc: 50.002% (27501/55000)
Epoch 2 :
Train Acc: 76.885% (42287/55000) | Loss: 0.464
Test Acc: 50.000% (27500/55000)
Epoch 3 :
Train Acc: 81.611% (44886/55000) | Loss: 0.408
Test Acc: 50.000% (27500/55000)
Epoch 4 :
Train Acc: 83.275% (45801/55000) | Loss: 0.381
Test Acc: 50.000% (27500/55000)
Epoch 5 :
Train Acc: 83.738% (46056/55000) | Loss: 0.372
Test Acc: 50.000% (27500/55000)
Epoch 6 :
Train Acc: 84.051% (46228/55000) | Loss: 0.366
Test Acc: 50.000% (27500/55000)
Epoch 7 :
Train Acc: 84.113% (46262/55000) | Loss: 0.365
Test Acc: 50.000% (27500/55000)
Epoch 8 :
Train Acc: 84.031% (46217/55000) | Loss: 0.365
Test Acc: 50.000% (27500/55000)
Epoch 9 :
Train Acc: 83.818% (46100/55000) | Loss: 0.370
Test Acc: 50.000% (27500/55000)
Epoch 10 :
Saved Attack Train Ground Truth and Predict Sets
Train F1: 0.860993
AUC: 0.852890
Train Acc: 83.947% (46171/55000) | Loss: 0.367
Saved Attack Test Ground Truth and Predict Sets
Test F1: 0.000000
AUC: 0.500018
Test Acc: 50.000% (27500/55000)
Best Acc: 0.500018
 F1: 0.000145
AUC: 0.501378
Saved Attack Model
