Finished Saving Train Dataset to results/train_layer/tinyimagenet200-vgg16_bn/block_shallow_10_300/meminf_attack_mode3_train.p
Finished Saving Test Dataset to results/train_layer/tinyimagenet200-vgg16_bn/block_shallow_10_300/meminf_attack_mode3_test.p
Epoch 1 :
Train Acc: 58.000% (31900/55000) | Loss: 0.691
Saved Attack Test Ground Truth and Predict Sets
Test F1: 0.286986
AUC: 0.540424
Test Acc: 51.647% (28406/55000)
Epoch 2 :
Train Acc: 62.615% (34438/55000) | Loss: 0.642
Test Acc: 51.362% (28249/55000)
Epoch 3 :
Train Acc: 63.025% (34664/55000) | Loss: 0.639
Saved Attack Test Ground Truth and Predict Sets
Test F1: 0.293097
AUC: 0.540997
Test Acc: 51.649% (28407/55000)
Epoch 4 :
Train Acc: 63.129% (34721/55000) | Loss: 0.638
Test Acc: 51.435% (28289/55000)
Epoch 5 :
Train Acc: 63.255% (34790/55000) | Loss: 0.637
Saved Attack Test Ground Truth and Predict Sets
Test F1: 0.331060
AUC: 0.540793
Test Acc: 51.844% (28514/55000)
Epoch 6 :
Train Acc: 63.218% (34770/55000) | Loss: 0.637
Test Acc: 51.698% (28434/55000)
Epoch 7 :
Train Acc: 63.658% (35012/55000) | Loss: 0.633
Test Acc: 51.791% (28485/55000)
Epoch 8 :
Train Acc: 63.640% (35002/55000) | Loss: 0.633
Test Acc: 51.815% (28498/55000)
Epoch 9 :
Train Acc: 63.395% (34867/55000) | Loss: 0.634
Test Acc: 51.591% (28375/55000)
Epoch 10 :
Saved Attack Train Ground Truth and Predict Sets
Train F1: 0.688922
AUC: 0.652796
Train Acc: 63.607% (34984/55000) | Loss: 0.632
Saved Attack Test Ground Truth and Predict Sets
Test F1: 0.291859
AUC: 0.539721
Test Acc: 51.747% (28461/55000)
Best Acc: 0.518436
 F1: 0.331060
AUC: 0.540793
Saved Attack Model
