Finished Saving Train Dataset to results/train_layer/stl10-resnet50/block_shallow_3_100/meminf_attack_mode0_train.p
Finished Saving Test Dataset to results/train_layer/stl10-resnet50/block_shallow_3_100/meminf_attack_mode0_test.p
Epoch 1 :
Train Acc: 63.062% (4099/6500) | Loss: 0.650
Saved Attack Test Ground Truth and Predict Sets
Test F1: 0.733395
AUC: 0.729945
Test Acc: 69.062% (4489/6500)
Epoch 2 :
Train Acc: 74.169% (4821/6500) | Loss: 0.607
Test Acc: 69.000% (4485/6500)
Epoch 3 :
Train Acc: 73.846% (4800/6500) | Loss: 0.579
Test Acc: 68.138% (4429/6500)
Epoch 4 :
Train Acc: 74.262% (4827/6500) | Loss: 0.564
Saved Attack Test Ground Truth and Predict Sets
Test F1: 0.743324
AUC: 0.735358
Test Acc: 69.092% (4491/6500)
Epoch 5 :
Train Acc: 74.077% (4815/6500) | Loss: 0.559
Test Acc: 68.585% (4458/6500)
Epoch 6 :
Train Acc: 74.277% (4828/6500) | Loss: 0.556
Saved Attack Test Ground Truth and Predict Sets
Test F1: 0.746863
AUC: 0.737058
Test Acc: 69.277% (4503/6500)
Epoch 7 :
Train Acc: 74.385% (4835/6500) | Loss: 0.555
Test Acc: 68.892% (4478/6500)
Epoch 8 :
Train Acc: 74.108% (4817/6500) | Loss: 0.556
Saved Attack Test Ground Truth and Predict Sets
Test F1: 0.746745
AUC: 0.737395
Test Acc: 69.477% (4516/6500)
Epoch 9 :
Train Acc: 73.708% (4791/6500) | Loss: 0.564
Saved Attack Test Ground Truth and Predict Sets
Test F1: 0.747241
AUC: 0.737247
Test Acc: 69.692% (4530/6500)
Epoch 10 :
Saved Attack Train Ground Truth and Predict Sets
Train F1: 0.764480
AUC: 0.777042
Train Acc: 73.600% (4784/6500) | Loss: 0.561
Saved Attack Test Ground Truth and Predict Sets
Test F1: 0.695996
AUC: 0.727420
Test Acc: 68.108% (4427/6500)
Best Acc: 0.696923
 F1: 0.747241
AUC: 0.737247
Saved Attack Model to results/train_layer/stl10-resnet50/block_shallow_3_100/meminf_attack0.pth
