Finished Saving Train Dataset to results/train_layer_deep/cifar10-mobilenetv2/block_deep_41_1000/meminf_attack_mode0_train.p
Finished Saving Test Dataset to results/train_layer_deep/cifar10-mobilenetv2/block_deep_41_1000/meminf_attack_mode0_test.p
Epoch 1 :
Train Acc: 63.790% (19137/30000) | Loss: 0.646
Saved Attack Test Ground Truth and Predict Sets
Test F1: 0.074527
AUC: 0.496102
Test Acc: 50.080% (15024/30000)
Epoch 2 :
Train Acc: 65.340% (19602/30000) | Loss: 0.633
Saved Attack Test Ground Truth and Predict Sets
Test F1: 0.149585
AUC: 0.496525
Test Acc: 50.160% (15048/30000)
Epoch 3 :
Train Acc: 66.320% (19896/30000) | Loss: 0.624
Test Acc: 50.067% (15020/30000)
Epoch 4 :
Train Acc: 66.903% (20071/30000) | Loss: 0.615
Saved Attack Test Ground Truth and Predict Sets
Test F1: 0.164626
AUC: 0.497386
Test Acc: 50.203% (15061/30000)
Epoch 5 :
Train Acc: 67.017% (20105/30000) | Loss: 0.614
Test Acc: 50.023% (15007/30000)
Epoch 6 :
Train Acc: 67.337% (20201/30000) | Loss: 0.610
Saved Attack Test Ground Truth and Predict Sets
Test F1: 0.109573
AUC: 0.497239
Test Acc: 50.267% (15080/30000)
Epoch 7 :
Train Acc: 67.537% (20261/30000) | Loss: 0.612
Test Acc: 50.080% (15024/30000)
Epoch 8 :
Train Acc: 67.270% (20181/30000) | Loss: 0.613
Test Acc: 50.133% (15040/30000)
Epoch 9 :
Train Acc: 67.433% (20230/30000) | Loss: 0.613
Test Acc: 50.020% (15006/30000)
Epoch 10 :
Saved Attack Train Ground Truth and Predict Sets
Train F1: 0.748282
AUC: 0.695088
Train Acc: 67.767% (20330/30000) | Loss: 0.610
Saved Attack Test Ground Truth and Predict Sets
Test F1: 0.075514
AUC: 0.497390
Test Acc: 50.050% (15015/30000)
Best Acc: 0.502667
 F1: 0.109573
AUC: 0.497239
Saved Attack Model to results/train_layer_deep/cifar10-mobilenetv2/block_deep_41_1000/meminf_attack0.pth
