Finished Saving Train Dataset to results/train_layer_deep/cifar10-mobilenetv2/block_deep_41_1000/meminf_attack_top3_train.p
Finished Saving Test Dataset to results/train_layer_deep/cifar10-mobilenetv2/block_deep_41_1000/meminf_attack_top3_test.p
Epoch 1 :
Train Acc: 55.380% (16614/30000) | Loss: 0.688
Saved Attack Test Ground Truth and Predict Sets
Test F1: 0.183254
AUC: 0.500019
Test Acc: 50.023% (15007/30000)
Epoch 2 :
Train Acc: 55.143% (16543/30000) | Loss: 0.680
Test Acc: 49.997% (14999/30000)
Epoch 3 :
Train Acc: 55.713% (16714/30000) | Loss: 0.677
Saved Attack Test Ground Truth and Predict Sets
Test F1: 0.012255
AUC: 0.500145
Test Acc: 50.030% (15009/30000)
Epoch 4 :
Train Acc: 55.500% (16650/30000) | Loss: 0.667
Test Acc: 49.990% (14997/30000)
Epoch 5 :
Train Acc: 57.283% (17185/30000) | Loss: 0.661
Test Acc: 50.000% (15000/30000)
Epoch 6 :
Train Acc: 57.657% (17297/30000) | Loss: 0.656
Test Acc: 50.027% (15008/30000)
Epoch 7 :
Train Acc: 57.903% (17371/30000) | Loss: 0.655
Saved Attack Test Ground Truth and Predict Sets
Test F1: 0.189605
AUC: 0.499751
Test Acc: 50.107% (15032/30000)
Epoch 8 :
Train Acc: 58.390% (17517/30000) | Loss: 0.651
Test Acc: 49.887% (14966/30000)
Epoch 9 :
Train Acc: 58.830% (17649/30000) | Loss: 0.656
Test Acc: 50.063% (15019/30000)
Epoch 10 :
Saved Attack Train Ground Truth and Predict Sets
Train F1: 0.596871
AUC: 0.611603
Train Acc: 57.310% (17193/30000) | Loss: 0.651
Saved Attack Test Ground Truth and Predict Sets
Test F1: 0.232195
AUC: 0.499621
Test Acc: 49.870% (14961/30000)
Best Acc: 0.501067
 F1: 0.189605
AUC: 0.499751
Saved Attack Model to results/train_layer_deep/cifar10-mobilenetv2/block_deep_41_1000/meminf_top3.pth
