Finished Saving Train Dataset to results/train_layer/tinyimagenet200-alexnet/block_shallow_1_300/meminf_attack_top3_train.p
Finished Saving Test Dataset to results/train_layer/tinyimagenet200-alexnet/block_shallow_1_300/meminf_attack_top3_test.p
Epoch 1 :
Train Acc: 75.993% (41796/55000) | Loss: 0.613
Saved Attack Test Ground Truth and Predict Sets
Test F1: 0.364208
AUC: 0.630897
Test Acc: 57.005% (31353/55000)
Epoch 2 :
Train Acc: 81.716% (44944/55000) | Loss: 0.504
Saved Attack Test Ground Truth and Predict Sets
Test F1: 0.494750
AUC: 0.631387
Test Acc: 59.582% (32770/55000)
Epoch 3 :
Train Acc: 78.091% (42950/55000) | Loss: 0.529
Saved Attack Test Ground Truth and Predict Sets
Test F1: 0.504048
AUC: 0.629053
Test Acc: 59.680% (32824/55000)
Epoch 4 :
Train Acc: 73.302% (40316/55000) | Loss: 0.579
Test Acc: 58.725% (32299/55000)
Epoch 5 :
Train Acc: 83.285% (45807/55000) | Loss: 0.479
Test Acc: 56.185% (30902/55000)
Epoch 6 :
Train Acc: 80.527% (44290/55000) | Loss: 0.507
Test Acc: 57.865% (31826/55000)
Epoch 7 :
Train Acc: 81.633% (44898/55000) | Loss: 0.496
Test Acc: 55.835% (30709/55000)
Epoch 8 :
Train Acc: 87.798% (48289/55000) | Loss: 0.434
Test Acc: 54.640% (30052/55000)
Epoch 9 :
Train Acc: 86.145% (47380/55000) | Loss: 0.451
Test Acc: 54.915% (30203/55000)
Epoch 10 :
Saved Attack Train Ground Truth and Predict Sets
Train F1: 0.893216
AUC: 0.896998
Train Acc: 88.355% (48595/55000) | Loss: 0.429
Saved Attack Test Ground Truth and Predict Sets
Test F1: 0.217179
AUC: 0.551293
Test Acc: 54.033% (29718/55000)
Best Acc: 0.596800
 F1: 0.504048
AUC: 0.629053
Saved Attack Model to results/train_layer/tinyimagenet200-alexnet/block_shallow_1_300/meminf_top3.pth
