Finished Saving Train Dataset to results/train_layer/tinyimagenet200-vgg16_bn/block_shallow_2_100/meminf_attack_mode0_train.p
Finished Saving Test Dataset to results/train_layer/tinyimagenet200-vgg16_bn/block_shallow_2_100/meminf_attack_mode0_test.p
Epoch 1 :
Train Acc: 51.893% (28541/55000) | Loss: 0.695
Saved Attack Test Ground Truth and Predict Sets
Test F1: 0.666667
AUC: 0.543039
Test Acc: 50.000% (27500/55000)
Epoch 2 :
Train Acc: 55.387% (30463/55000) | Loss: 0.683
Saved Attack Test Ground Truth and Predict Sets
Test F1: 0.513959
AUC: 0.539528
Test Acc: 52.867% (29077/55000)
Epoch 3 :
Train Acc: 52.909% (29100/55000) | Loss: 0.696
Test Acc: 50.038% (27521/55000)
Epoch 4 :
Train Acc: 56.478% (31063/55000) | Loss: 0.683
Test Acc: 52.705% (28988/55000)
Epoch 5 :
Train Acc: 56.067% (30837/55000) | Loss: 0.685
Test Acc: 50.002% (27501/55000)
Epoch 6 :
Train Acc: 52.995% (29147/55000) | Loss: 0.690
Test Acc: 51.251% (28188/55000)
Epoch 7 :
Train Acc: 56.513% (31082/55000) | Loss: 0.683
Test Acc: 51.560% (28358/55000)
Epoch 8 :
Train Acc: 57.067% (31387/55000) | Loss: 0.679
Test Acc: 52.464% (28855/55000)
Epoch 9 :
Train Acc: 56.749% (31212/55000) | Loss: 0.679
Test Acc: 52.435% (28839/55000)
Epoch 10 :
Saved Attack Train Ground Truth and Predict Sets
Train F1: 0.556732
AUC: 0.582710
Train Acc: 56.067% (30837/55000) | Loss: 0.682
Saved Attack Test Ground Truth and Predict Sets
Test F1: 0.639819
AUC: 0.542597
Test Acc: 51.264% (28195/55000)
Best Acc: 0.528673
 F1: 0.513959
AUC: 0.539528
Saved Attack Model to results/train_layer/tinyimagenet200-vgg16_bn/block_shallow_2_100/meminf_attack0.pth
