Finished Saving Train Dataset to results/train_layer_deep/tinyimagenet200-mobilenetv2/block_deep_11_1000/meminf_attack_top3_train.p
Finished Saving Test Dataset to results/train_layer_deep/tinyimagenet200-mobilenetv2/block_deep_11_1000/meminf_attack_top3_test.p
Epoch 1 :
Train Acc: 50.307% (27669/55000) | Loss: 0.692
Saved Attack Test Ground Truth and Predict Sets
Test F1: 0.505895
AUC: 0.501168
Test Acc: 50.089% (27549/55000)
Epoch 2 :
Train Acc: 50.382% (27710/55000) | Loss: 0.692
Test Acc: 50.087% (27548/55000)
Epoch 3 :
Train Acc: 50.795% (27937/55000) | Loss: 0.692
Test Acc: 49.911% (27451/55000)
Epoch 4 :
Train Acc: 51.022% (28062/55000) | Loss: 0.692
Test Acc: 49.980% (27489/55000)
Epoch 5 :
Train Acc: 50.944% (28019/55000) | Loss: 0.692
Test Acc: 49.916% (27454/55000)
Epoch 6 :
Train Acc: 51.067% (28087/55000) | Loss: 0.692
Test Acc: 49.871% (27429/55000)
Epoch 7 :
Train Acc: 51.040% (28072/55000) | Loss: 0.692
Test Acc: 49.956% (27476/55000)
Epoch 8 :
Train Acc: 51.013% (28057/55000) | Loss: 0.692
Test Acc: 49.884% (27436/55000)
Epoch 9 :
Train Acc: 51.085% (28097/55000) | Loss: 0.692
Test Acc: 49.867% (27427/55000)
Epoch 10 :
Saved Attack Train Ground Truth and Predict Sets
Train F1: 0.420735
AUC: 0.515274
Train Acc: 51.136% (28125/55000) | Loss: 0.692
Saved Attack Test Ground Truth and Predict Sets
Test F1: 0.166490
AUC: 0.502106
Test Acc: 49.936% (27465/55000)
Best Acc: 0.500891
 F1: 0.505895
AUC: 0.501168
Saved Attack Model to results/train_layer_deep/tinyimagenet200-mobilenetv2/block_deep_11_1000/meminf_top3.pth
