Finished Saving Train Dataset to results/train_layer/tinyimagenet200-mobilenetv2/block_shallow_3_1000/meminf_attack_top3_train.p
Finished Saving Test Dataset to results/train_layer/tinyimagenet200-mobilenetv2/block_shallow_3_1000/meminf_attack_top3_test.p
Epoch 1 :
Train Acc: 50.307% (27669/55000) | Loss: 0.692
Saved Attack Test Ground Truth and Predict Sets
Test F1: 0.666303
AUC: 0.501069
Test Acc: 49.984% (27491/55000)
Epoch 2 :
Train Acc: 50.382% (27710/55000) | Loss: 0.692
Saved Attack Test Ground Truth and Predict Sets
Test F1: 0.646499
AUC: 0.501546
Test Acc: 50.029% (27516/55000)
Epoch 3 :
Train Acc: 50.795% (27937/55000) | Loss: 0.692
Saved Attack Test Ground Truth and Predict Sets
Test F1: 0.516350
AUC: 0.501744
Test Acc: 50.251% (27638/55000)
Epoch 4 :
Train Acc: 51.022% (28062/55000) | Loss: 0.692
Test Acc: 50.220% (27621/55000)
Epoch 5 :
Train Acc: 50.944% (28019/55000) | Loss: 0.692
Test Acc: 50.229% (27626/55000)
Epoch 6 :
Train Acc: 51.067% (28087/55000) | Loss: 0.692
Test Acc: 50.140% (27577/55000)
Epoch 7 :
Train Acc: 51.040% (28072/55000) | Loss: 0.692
Test Acc: 50.218% (27620/55000)
Epoch 8 :
Train Acc: 51.013% (28057/55000) | Loss: 0.692
Saved Attack Test Ground Truth and Predict Sets
Test F1: 0.525930
AUC: 0.501628
Test Acc: 50.355% (27695/55000)
Epoch 9 :
Train Acc: 51.085% (28097/55000) | Loss: 0.692
Test Acc: 50.156% (27586/55000)
Epoch 10 :
Saved Attack Train Ground Truth and Predict Sets
Train F1: 0.420735
AUC: 0.515274
Train Acc: 51.136% (28125/55000) | Loss: 0.692
Saved Attack Test Ground Truth and Predict Sets
Test F1: 0.533286
AUC: 0.501661
Test Acc: 50.262% (27644/55000)
Best Acc: 0.503545
 F1: 0.525930
AUC: 0.501628
Saved Attack Model to results/train_layer/tinyimagenet200-mobilenetv2/block_shallow_3_1000/meminf_top3.pth
