Finished Saving Train Dataset to results/train_layer_deep/cifar10-mobilenetv2/block_deep_40_1000/meminf_attack_top3_train.p
Finished Saving Test Dataset to results/train_layer_deep/cifar10-mobilenetv2/block_deep_40_1000/meminf_attack_top3_test.p
Epoch 1 :
Train Acc: 55.380% (16614/30000) | Loss: 0.688
Saved Attack Test Ground Truth and Predict Sets
Test F1: 0.198307
AUC: 0.497931
Test Acc: 49.817% (14945/30000)
Epoch 2 :
Train Acc: 55.143% (16543/30000) | Loss: 0.680
Saved Attack Test Ground Truth and Predict Sets
Test F1: 0.343745
AUC: 0.498263
Test Acc: 49.993% (14998/30000)
Epoch 3 :
Train Acc: 55.713% (16714/30000) | Loss: 0.677
Test Acc: 49.963% (14989/30000)
Epoch 4 :
Train Acc: 55.500% (16650/30000) | Loss: 0.667
Test Acc: 49.960% (14988/30000)
Epoch 5 :
Train Acc: 57.283% (17185/30000) | Loss: 0.661
Saved Attack Test Ground Truth and Predict Sets
Test F1: 0.000000
AUC: 0.497596
Test Acc: 50.000% (15000/30000)
Epoch 6 :
Train Acc: 57.657% (17297/30000) | Loss: 0.656
Test Acc: 49.907% (14972/30000)
Epoch 7 :
Train Acc: 57.903% (17371/30000) | Loss: 0.655
Saved Attack Test Ground Truth and Predict Sets
Test F1: 0.194619
AUC: 0.497555
Test Acc: 50.010% (15003/30000)
Epoch 8 :
Train Acc: 58.390% (17517/30000) | Loss: 0.651
Test Acc: 49.983% (14995/30000)
Epoch 9 :
Train Acc: 58.830% (17649/30000) | Loss: 0.656
Test Acc: 49.930% (14979/30000)
Epoch 10 :
Saved Attack Train Ground Truth and Predict Sets
Train F1: 0.596871
AUC: 0.611603
Train Acc: 57.310% (17193/30000) | Loss: 0.651
Saved Attack Test Ground Truth and Predict Sets
Test F1: 0.242602
AUC: 0.497570
Test Acc: 50.007% (15002/30000)
Best Acc: 0.500100
 F1: 0.194619
AUC: 0.497555
Saved Attack Model to results/train_layer_deep/cifar10-mobilenetv2/block_deep_40_1000/meminf_top3.pth
