Finished Saving Train Dataset to results/train_layer/tinyimagenet200-mobilenetv2/block_shallow_20_1000/meminf_attack_top3_train.p
Finished Saving Test Dataset to results/train_layer/tinyimagenet200-mobilenetv2/block_shallow_20_1000/meminf_attack_top3_test.p
Epoch 1 :
Train Acc: 50.307% (27669/55000) | Loss: 0.692
Saved Attack Test Ground Truth and Predict Sets
Test F1: 0.665995
AUC: 0.500353
Test Acc: 49.964% (27480/55000)
Epoch 2 :
Train Acc: 50.382% (27710/55000) | Loss: 0.692
Saved Attack Test Ground Truth and Predict Sets
Test F1: 0.643466
AUC: 0.500328
Test Acc: 49.985% (27492/55000)
Epoch 3 :
Train Acc: 50.795% (27937/55000) | Loss: 0.692
Saved Attack Test Ground Truth and Predict Sets
Test F1: 0.499006
AUC: 0.500283
Test Acc: 50.067% (27537/55000)
Epoch 4 :
Train Acc: 51.022% (28062/55000) | Loss: 0.692
Saved Attack Test Ground Truth and Predict Sets
Test F1: 0.605938
AUC: 0.500216
Test Acc: 50.142% (27578/55000)
Epoch 5 :
Train Acc: 50.944% (28019/55000) | Loss: 0.692
Test Acc: 50.053% (27529/55000)
Epoch 6 :
Train Acc: 51.067% (28087/55000) | Loss: 0.692
Test Acc: 50.040% (27522/55000)
Epoch 7 :
Train Acc: 51.040% (28072/55000) | Loss: 0.692
Test Acc: 49.958% (27477/55000)
Epoch 8 :
Train Acc: 51.013% (28057/55000) | Loss: 0.692
Test Acc: 49.995% (27497/55000)
Epoch 9 :
Train Acc: 51.085% (28097/55000) | Loss: 0.692
Test Acc: 50.027% (27515/55000)
Epoch 10 :
Saved Attack Train Ground Truth and Predict Sets
Train F1: 0.420735
AUC: 0.515274
Train Acc: 51.136% (28125/55000) | Loss: 0.692
Saved Attack Test Ground Truth and Predict Sets
Test F1: 0.517092
AUC: 0.499542
Test Acc: 49.940% (27467/55000)
Best Acc: 0.501418
 F1: 0.605938
AUC: 0.500216
Saved Attack Model to results/train_layer/tinyimagenet200-mobilenetv2/block_shallow_20_1000/meminf_top3.pth
