Finished Saving Train Dataset to results/train_layer/tinyimagenet200-mobilenetv2/block_shallow_40_1000/meminf_attack_top3_train.p
Finished Saving Test Dataset to results/train_layer/tinyimagenet200-mobilenetv2/block_shallow_40_1000/meminf_attack_top3_test.p
Epoch 1 :
Train Acc: 50.307% (27669/55000) | Loss: 0.692
Saved Attack Test Ground Truth and Predict Sets
Test F1: 0.664476
AUC: 0.502260
Test Acc: 50.049% (27527/55000)
Epoch 2 :
Train Acc: 50.382% (27710/55000) | Loss: 0.692
Saved Attack Test Ground Truth and Predict Sets
Test F1: 0.613643
AUC: 0.502258
Test Acc: 50.107% (27559/55000)
Epoch 3 :
Train Acc: 50.795% (27937/55000) | Loss: 0.692
Saved Attack Test Ground Truth and Predict Sets
Test F1: 0.409815
AUC: 0.502205
Test Acc: 50.145% (27580/55000)
Epoch 4 :
Train Acc: 51.022% (28062/55000) | Loss: 0.692
Saved Attack Test Ground Truth and Predict Sets
Test F1: 0.549205
AUC: 0.502146
Test Acc: 50.211% (27616/55000)
Epoch 5 :
Train Acc: 50.944% (28019/55000) | Loss: 0.692
Test Acc: 50.135% (27574/55000)
Epoch 6 :
Train Acc: 51.067% (28087/55000) | Loss: 0.692
Test Acc: 50.109% (27560/55000)
Epoch 7 :
Train Acc: 51.040% (28072/55000) | Loss: 0.692
Saved Attack Test Ground Truth and Predict Sets
Test F1: 0.488359
AUC: 0.501870
Test Acc: 50.215% (27618/55000)
Epoch 8 :
Train Acc: 51.013% (28057/55000) | Loss: 0.692
Saved Attack Test Ground Truth and Predict Sets
Test F1: 0.414900
AUC: 0.501827
Test Acc: 50.222% (27622/55000)
Epoch 9 :
Train Acc: 51.085% (28097/55000) | Loss: 0.692
Test Acc: 50.213% (27617/55000)
Epoch 10 :
Saved Attack Train Ground Truth and Predict Sets
Train F1: 0.420735
AUC: 0.515274
Train Acc: 51.136% (28125/55000) | Loss: 0.692
Saved Attack Test Ground Truth and Predict Sets
Test F1: 0.426197
AUC: 0.501864
Test Acc: 50.284% (27656/55000)
Best Acc: 0.502836
 F1: 0.426197
AUC: 0.501864
Saved Attack Model to results/train_layer/tinyimagenet200-mobilenetv2/block_shallow_40_1000/meminf_top3.pth
