Finished Saving Train Dataset to results/train_layer/tinyimagenet200-vgg16_bn/block_shallow_13_100/meminf_attack_mode3_train.p
Finished Saving Test Dataset to results/train_layer/tinyimagenet200-vgg16_bn/block_shallow_13_100/meminf_attack_mode3_test.p
Epoch 1 :
Train Acc: 58.295% (32062/55000) | Loss: 0.690
Saved Attack Test Ground Truth and Predict Sets
Test F1: 0.030725
AUC: 0.508579
Test Acc: 49.984% (27491/55000)
Epoch 2 :
Train Acc: 62.696% (34483/55000) | Loss: 0.642
Saved Attack Test Ground Truth and Predict Sets
Test F1: 0.028057
AUC: 0.508156
Test Acc: 49.989% (27494/55000)
Epoch 3 :
Train Acc: 62.965% (34631/55000) | Loss: 0.640
Saved Attack Test Ground Truth and Predict Sets
Test F1: 0.026278
AUC: 0.508587
Test Acc: 50.009% (27505/55000)
Epoch 4 :
Train Acc: 63.202% (34761/55000) | Loss: 0.638
Test Acc: 49.987% (27493/55000)
Epoch 5 :
Train Acc: 63.362% (34849/55000) | Loss: 0.636
Test Acc: 49.956% (27476/55000)
Epoch 6 :
Train Acc: 63.315% (34823/55000) | Loss: 0.637
Test Acc: 49.978% (27488/55000)
Epoch 7 :
Train Acc: 63.624% (34993/55000) | Loss: 0.634
Test Acc: 49.982% (27490/55000)
Epoch 8 :
Train Acc: 63.578% (34968/55000) | Loss: 0.633
Test Acc: 49.996% (27498/55000)
Epoch 9 :
Train Acc: 63.382% (34860/55000) | Loss: 0.635
Test Acc: 49.995% (27497/55000)
Epoch 10 :
Saved Attack Train Ground Truth and Predict Sets
Train F1: 0.689624
AUC: 0.669840
Train Acc: 63.604% (34982/55000) | Loss: 0.633
Saved Attack Test Ground Truth and Predict Sets
Test F1: 0.080406
AUC: 0.506974
Test Acc: 49.969% (27483/55000)
Best Acc: 0.500091
 F1: 0.026278
AUC: 0.508587
Saved Attack Model
