Finished Saving Train Dataset to results/train_layer/stl10-mobilenetv2/block_shallow_29_100/meminf_attack_top3_train.p
Finished Saving Test Dataset to results/train_layer/stl10-mobilenetv2/block_shallow_29_100/meminf_attack_top3_test.p
Epoch 1 :
Train Acc: 53.000% (3445/6500) | Loss: 0.685
Saved Attack Test Ground Truth and Predict Sets
Test F1: 0.651244
AUC: 0.552029
Test Acc: 50.831% (3304/6500)
Epoch 2 :
Train Acc: 56.108% (3647/6500) | Loss: 0.683
Saved Attack Test Ground Truth and Predict Sets
Test F1: 0.641155
AUC: 0.552761
Test Acc: 51.815% (3368/6500)
Epoch 3 :
Train Acc: 59.277% (3853/6500) | Loss: 0.680
Saved Attack Test Ground Truth and Predict Sets
Test F1: 0.640462
AUC: 0.553318
Test Acc: 52.154% (3390/6500)
Epoch 4 :
Train Acc: 58.708% (3816/6500) | Loss: 0.676
Saved Attack Test Ground Truth and Predict Sets
Test F1: 0.636556
AUC: 0.553822
Test Acc: 52.462% (3410/6500)
Epoch 5 :
Train Acc: 60.723% (3947/6500) | Loss: 0.671
Test Acc: 52.431% (3408/6500)
Epoch 6 :
Train Acc: 61.108% (3972/6500) | Loss: 0.665
Saved Attack Test Ground Truth and Predict Sets
Test F1: 0.627570
AUC: 0.554291
Test Acc: 52.908% (3439/6500)
Epoch 7 :
Train Acc: 61.738% (4013/6500) | Loss: 0.657
Test Acc: 52.692% (3425/6500)
Epoch 8 :
Train Acc: 64.000% (4160/6500) | Loss: 0.652
Test Acc: 52.600% (3419/6500)
Epoch 9 :
Train Acc: 58.138% (3779/6500) | Loss: 0.651
Saved Attack Test Ground Truth and Predict Sets
Test F1: 0.607797
AUC: 0.546035
Test Acc: 53.877% (3502/6500)
Epoch 10 :
Saved Attack Train Ground Truth and Predict Sets
Train F1: 0.719216
AUC: 0.658976
Train Acc: 61.200% (3978/6500) | Loss: 0.646
Saved Attack Test Ground Truth and Predict Sets
Test F1: 0.102254
AUC: 0.545196
Test Acc: 49.754% (3234/6500)
Best Acc: 0.538769
 F1: 0.607797
AUC: 0.546035
Saved Attack Model to results/train_layer/stl10-mobilenetv2/block_shallow_29_100/meminf_top3.pth
