Finished Saving Train Dataset to results/train_layer/stl10-mobilenetv2/block_shallow_29_100/meminf_attack_mode0_train.p
Finished Saving Test Dataset to results/train_layer/stl10-mobilenetv2/block_shallow_29_100/meminf_attack_mode0_test.p
Epoch 1 :
Train Acc: 64.215% (4174/6500) | Loss: 0.654
Saved Attack Test Ground Truth and Predict Sets
Test F1: 0.384891
AUC: 0.539609
Test Acc: 52.400% (3406/6500)
Epoch 2 :
Train Acc: 72.200% (4693/6500) | Loss: 0.613
Saved Attack Test Ground Truth and Predict Sets
Test F1: 0.460337
AUC: 0.544421
Test Acc: 53.215% (3459/6500)
Epoch 3 :
Train Acc: 73.154% (4755/6500) | Loss: 0.587
Test Acc: 52.400% (3406/6500)
Epoch 4 :
Train Acc: 73.277% (4763/6500) | Loss: 0.573
Saved Attack Test Ground Truth and Predict Sets
Test F1: 0.468859
AUC: 0.544521
Test Acc: 53.292% (3464/6500)
Epoch 5 :
Train Acc: 73.246% (4761/6500) | Loss: 0.569
Test Acc: 52.477% (3411/6500)
Epoch 6 :
Train Acc: 72.938% (4741/6500) | Loss: 0.568
Saved Attack Test Ground Truth and Predict Sets
Test F1: 0.478111
AUC: 0.544120
Test Acc: 53.415% (3472/6500)
Epoch 7 :
Train Acc: 72.446% (4709/6500) | Loss: 0.575
Test Acc: 52.908% (3439/6500)
Epoch 8 :
Train Acc: 72.277% (4698/6500) | Loss: 0.574
Test Acc: 52.231% (3395/6500)
Epoch 9 :
Train Acc: 73.631% (4786/6500) | Loss: 0.565
Saved Attack Test Ground Truth and Predict Sets
Test F1: 0.497921
AUC: 0.544252
Test Acc: 53.554% (3481/6500)
Epoch 10 :
Saved Attack Train Ground Truth and Predict Sets
Train F1: 0.777497
AUC: 0.758907
Train Acc: 71.523% (4649/6500) | Loss: 0.587
Saved Attack Test Ground Truth and Predict Sets
Test F1: 0.495152
AUC: 0.543791
Test Acc: 53.538% (3480/6500)
Best Acc: 0.535538
 F1: 0.497921
AUC: 0.544252
Saved Attack Model to results/train_layer/stl10-mobilenetv2/block_shallow_29_100/meminf_attack0.pth
