Finished Saving Train Dataset to results/train_layer_deep/cifar100-mobilenetv2/block_deep_52_1000/meminf_attack_mode0_train.p
Finished Saving Test Dataset to results/train_layer_deep/cifar100-mobilenetv2/block_deep_52_1000/meminf_attack_mode0_test.p
Epoch 1 :
Train Acc: 78.257% (23477/30000) | Loss: 0.545
Saved Attack Test Ground Truth and Predict Sets
Test F1: 0.060796
AUC: 0.503075
Test Acc: 50.050% (15015/30000)
Epoch 2 :
Train Acc: 73.730% (22119/30000) | Loss: 0.563
Saved Attack Test Ground Truth and Predict Sets
Test F1: 0.008082
AUC: 0.501825
Test Acc: 50.090% (15027/30000)
Epoch 3 :
Train Acc: 75.783% (22735/30000) | Loss: 0.548
Saved Attack Test Ground Truth and Predict Sets
Test F1: 0.008347
AUC: 0.501660
Test Acc: 50.100% (15030/30000)
Epoch 4 :
Train Acc: 77.413% (23224/30000) | Loss: 0.535
Test Acc: 50.000% (15000/30000)
Epoch 5 :
Train Acc: 76.710% (23013/30000) | Loss: 0.541
Test Acc: 50.093% (15028/30000)
Epoch 6 :
Train Acc: 78.513% (23554/30000) | Loss: 0.523
Test Acc: 50.007% (15002/30000)
Epoch 7 :
Train Acc: 78.663% (23599/30000) | Loss: 0.523
Test Acc: 50.073% (15022/30000)
Epoch 8 :
Train Acc: 80.437% (24131/30000) | Loss: 0.503
Test Acc: 50.020% (15006/30000)
Epoch 9 :
Train Acc: 81.407% (24422/30000) | Loss: 0.497
Test Acc: 50.090% (15027/30000)
Epoch 10 :
Saved Attack Train Ground Truth and Predict Sets
Train F1: 0.826682
AUC: 0.869562
Train Acc: 81.760% (24528/30000) | Loss: 0.491
Saved Attack Test Ground Truth and Predict Sets
Test F1: 0.001864
AUC: 0.502264
Test Acc: 50.023% (15007/30000)
Best Acc: 0.501000
 F1: 0.008347
AUC: 0.501660
Saved Attack Model to results/train_layer_deep/cifar100-mobilenetv2/block_deep_52_1000/meminf_attack0.pth
