Finished Saving Train Dataset to results/train_layer/stl10-mobilenetv2/block_shallow_25_100/meminf_attack_top3_train.p
Finished Saving Test Dataset to results/train_layer/stl10-mobilenetv2/block_shallow_25_100/meminf_attack_top3_test.p
Epoch 1 :
Train Acc: 53.000% (3445/6500) | Loss: 0.685
Saved Attack Test Ground Truth and Predict Sets
Test F1: 0.658168
AUC: 0.556993
Test Acc: 51.323% (3336/6500)
Epoch 2 :
Train Acc: 56.108% (3647/6500) | Loss: 0.683
Saved Attack Test Ground Truth and Predict Sets
Test F1: 0.647493
AUC: 0.559085
Test Acc: 52.292% (3399/6500)
Epoch 3 :
Train Acc: 59.277% (3853/6500) | Loss: 0.680
Saved Attack Test Ground Truth and Predict Sets
Test F1: 0.646843
AUC: 0.559063
Test Acc: 52.677% (3424/6500)
Epoch 4 :
Train Acc: 58.708% (3816/6500) | Loss: 0.676
Saved Attack Test Ground Truth and Predict Sets
Test F1: 0.642990
AUC: 0.558999
Test Acc: 52.831% (3434/6500)
Epoch 5 :
Train Acc: 60.723% (3947/6500) | Loss: 0.671
Saved Attack Test Ground Truth and Predict Sets
Test F1: 0.641509
AUC: 0.559122
Test Acc: 52.938% (3441/6500)
Epoch 6 :
Train Acc: 61.108% (3972/6500) | Loss: 0.665
Saved Attack Test Ground Truth and Predict Sets
Test F1: 0.633649
AUC: 0.560135
Test Acc: 53.000% (3445/6500)
Epoch 7 :
Train Acc: 61.738% (4013/6500) | Loss: 0.657
Test Acc: 52.938% (3441/6500)
Epoch 8 :
Train Acc: 64.000% (4160/6500) | Loss: 0.652
Test Acc: 52.846% (3435/6500)
Epoch 9 :
Train Acc: 58.138% (3779/6500) | Loss: 0.651
Saved Attack Test Ground Truth and Predict Sets
Test F1: 0.613686
AUC: 0.551506
Test Acc: 53.708% (3491/6500)
Epoch 10 :
Saved Attack Train Ground Truth and Predict Sets
Train F1: 0.719216
AUC: 0.658976
Train Acc: 61.200% (3978/6500) | Loss: 0.646
Saved Attack Test Ground Truth and Predict Sets
Test F1: 0.131915
AUC: 0.549602
Test Acc: 49.785% (3236/6500)
Best Acc: 0.537077
 F1: 0.613686
AUC: 0.551506
Saved Attack Model to results/train_layer/stl10-mobilenetv2/block_shallow_25_100/meminf_top3.pth
