Finished Saving Train Dataset to results/train_layer_deep/cifar100-mobilenetv2/block_deep_37_1000/meminf_attack_mode0_train.p
Finished Saving Test Dataset to results/train_layer_deep/cifar100-mobilenetv2/block_deep_37_1000/meminf_attack_mode0_test.p
Epoch 1 :
Train Acc: 78.257% (23477/30000) | Loss: 0.545
Saved Attack Test Ground Truth and Predict Sets
Test F1: 0.080611
AUC: 0.500963
Test Acc: 49.817% (14945/30000)
Epoch 2 :
Train Acc: 73.730% (22119/30000) | Loss: 0.563
Saved Attack Test Ground Truth and Predict Sets
Test F1: 0.011195
AUC: 0.501375
Test Acc: 49.947% (14984/30000)
Epoch 3 :
Train Acc: 75.783% (22735/30000) | Loss: 0.548
Test Acc: 49.940% (14982/30000)
Epoch 4 :
Train Acc: 77.413% (23224/30000) | Loss: 0.535
Saved Attack Test Ground Truth and Predict Sets
Test F1: 0.000400
AUC: 0.501621
Test Acc: 50.000% (15000/30000)
Epoch 5 :
Train Acc: 76.710% (23013/30000) | Loss: 0.541
Test Acc: 49.830% (14949/30000)
Epoch 6 :
Train Acc: 78.513% (23554/30000) | Loss: 0.523
Test Acc: 49.997% (14999/30000)
Epoch 7 :
Train Acc: 78.663% (23599/30000) | Loss: 0.523
Test Acc: 49.877% (14963/30000)
Epoch 8 :
Train Acc: 80.437% (24131/30000) | Loss: 0.503
Saved Attack Test Ground Truth and Predict Sets
Test F1: 0.002660
AUC: 0.501658
Test Acc: 50.013% (15004/30000)
Epoch 9 :
Train Acc: 81.407% (24422/30000) | Loss: 0.497
Test Acc: 49.833% (14950/30000)
Epoch 10 :
Saved Attack Train Ground Truth and Predict Sets
Train F1: 0.826682
AUC: 0.869562
Train Acc: 81.760% (24528/30000) | Loss: 0.491
Saved Attack Test Ground Truth and Predict Sets
Test F1: 0.002527
AUC: 0.501853
Test Acc: 50.003% (15001/30000)
Best Acc: 0.500133
 F1: 0.002660
AUC: 0.501658
Saved Attack Model to results/train_layer_deep/cifar100-mobilenetv2/block_deep_37_1000/meminf_attack0.pth
