Finished Saving Train Dataset to results/train_layer/stl10-mobilenetv2/block_shallow_35_100/meminf_attack_mode0_train.p
Finished Saving Test Dataset to results/train_layer/stl10-mobilenetv2/block_shallow_35_100/meminf_attack_mode0_test.p
Epoch 1 :
Train Acc: 64.215% (4174/6500) | Loss: 0.654
Saved Attack Test Ground Truth and Predict Sets
Test F1: 0.301870
AUC: 0.514357
Test Acc: 51.185% (3327/6500)
Epoch 2 :
Train Acc: 72.200% (4693/6500) | Loss: 0.613
Test Acc: 50.892% (3308/6500)
Epoch 3 :
Train Acc: 73.154% (4755/6500) | Loss: 0.587
Test Acc: 51.046% (3318/6500)
Epoch 4 :
Train Acc: 73.277% (4763/6500) | Loss: 0.573
Test Acc: 50.846% (3305/6500)
Epoch 5 :
Train Acc: 73.246% (4761/6500) | Loss: 0.569
Test Acc: 51.000% (3315/6500)
Epoch 6 :
Train Acc: 72.938% (4741/6500) | Loss: 0.568
Test Acc: 51.169% (3326/6500)
Epoch 7 :
Train Acc: 72.446% (4709/6500) | Loss: 0.575
Test Acc: 51.062% (3319/6500)
Epoch 8 :
Train Acc: 72.277% (4698/6500) | Loss: 0.574
Test Acc: 51.077% (3320/6500)
Epoch 9 :
Train Acc: 73.631% (4786/6500) | Loss: 0.565
Saved Attack Test Ground Truth and Predict Sets
Test F1: 0.423197
AUC: 0.517900
Test Acc: 51.646% (3357/6500)
Epoch 10 :
Saved Attack Train Ground Truth and Predict Sets
Train F1: 0.777497
AUC: 0.758907
Train Acc: 71.523% (4649/6500) | Loss: 0.587
Saved Attack Test Ground Truth and Predict Sets
Test F1: 0.417067
AUC: 0.517545
Test Acc: 51.446% (3344/6500)
Best Acc: 0.516462
 F1: 0.423197
AUC: 0.517900
Saved Attack Model to results/train_layer/stl10-mobilenetv2/block_shallow_35_100/meminf_attack0.pth
