Finished Saving Train Dataset to results/train_layer/stl10-mobilenetv2/block_shallow_35_100/meminf_attack_top3_train.p
Finished Saving Test Dataset to results/train_layer/stl10-mobilenetv2/block_shallow_35_100/meminf_attack_top3_test.p
Epoch 1 :
Train Acc: 53.000% (3445/6500) | Loss: 0.685
Saved Attack Test Ground Truth and Predict Sets
Test F1: 0.642302
AUC: 0.527030
Test Acc: 50.462% (3280/6500)
Epoch 2 :
Train Acc: 56.108% (3647/6500) | Loss: 0.683
Saved Attack Test Ground Truth and Predict Sets
Test F1: 0.622408
AUC: 0.526173
Test Acc: 51.262% (3332/6500)
Epoch 3 :
Train Acc: 59.277% (3853/6500) | Loss: 0.680
Test Acc: 51.092% (3321/6500)
Epoch 4 :
Train Acc: 58.708% (3816/6500) | Loss: 0.676
Test Acc: 51.185% (3327/6500)
Epoch 5 :
Train Acc: 60.723% (3947/6500) | Loss: 0.671
Saved Attack Test Ground Truth and Predict Sets
Test F1: 0.606098
AUC: 0.525105
Test Acc: 51.308% (3335/6500)
Epoch 6 :
Train Acc: 61.108% (3972/6500) | Loss: 0.665
Test Acc: 51.215% (3329/6500)
Epoch 7 :
Train Acc: 61.738% (4013/6500) | Loss: 0.657
Saved Attack Test Ground Truth and Predict Sets
Test F1: 0.598705
AUC: 0.525093
Test Acc: 51.369% (3339/6500)
Epoch 8 :
Train Acc: 64.000% (4160/6500) | Loss: 0.652
Test Acc: 51.123% (3323/6500)
Epoch 9 :
Train Acc: 58.138% (3779/6500) | Loss: 0.651
Saved Attack Test Ground Truth and Predict Sets
Test F1: 0.555493
AUC: 0.518689
Test Acc: 51.569% (3352/6500)
Epoch 10 :
Saved Attack Train Ground Truth and Predict Sets
Train F1: 0.719216
AUC: 0.658976
Train Acc: 61.200% (3978/6500) | Loss: 0.646
Saved Attack Test Ground Truth and Predict Sets
Test F1: 0.096419
AUC: 0.517515
Test Acc: 49.538% (3220/6500)
Best Acc: 0.515692
 F1: 0.555493
AUC: 0.518689
Saved Attack Model to results/train_layer/stl10-mobilenetv2/block_shallow_35_100/meminf_top3.pth
