Finished Saving Train Dataset to results/train_layer/tinyimagenet200-mobilenetv2/block_shallow_48_1000/meminf_attack_top3_train.p
Finished Saving Test Dataset to results/train_layer/tinyimagenet200-mobilenetv2/block_shallow_48_1000/meminf_attack_top3_test.p
Epoch 1 :
Train Acc: 50.307% (27669/55000) | Loss: 0.692
Saved Attack Test Ground Truth and Predict Sets
Test F1: 0.659162
AUC: 0.502632
Test Acc: 50.069% (27538/55000)
Epoch 2 :
Train Acc: 50.382% (27710/55000) | Loss: 0.692
Saved Attack Test Ground Truth and Predict Sets
Test F1: 0.580972
AUC: 0.502642
Test Acc: 50.207% (27614/55000)
Epoch 3 :
Train Acc: 50.795% (27937/55000) | Loss: 0.692
Saved Attack Test Ground Truth and Predict Sets
Test F1: 0.359022
AUC: 0.502649
Test Acc: 50.218% (27620/55000)
Epoch 4 :
Train Acc: 51.022% (28062/55000) | Loss: 0.692
Test Acc: 50.160% (27588/55000)
Epoch 5 :
Train Acc: 50.944% (28019/55000) | Loss: 0.692
Saved Attack Test Ground Truth and Predict Sets
Test F1: 0.351612
AUC: 0.502506
Test Acc: 50.231% (27627/55000)
Epoch 6 :
Train Acc: 51.067% (28087/55000) | Loss: 0.692
Test Acc: 50.222% (27622/55000)
Epoch 7 :
Train Acc: 51.040% (28072/55000) | Loss: 0.692
Saved Attack Test Ground Truth and Predict Sets
Test F1: 0.433801
AUC: 0.502353
Test Acc: 50.284% (27656/55000)
Epoch 8 :
Train Acc: 51.013% (28057/55000) | Loss: 0.692
Test Acc: 50.269% (27648/55000)
Epoch 9 :
Train Acc: 51.085% (28097/55000) | Loss: 0.692
Test Acc: 50.273% (27650/55000)
Epoch 10 :
Saved Attack Train Ground Truth and Predict Sets
Train F1: 0.420735
AUC: 0.515274
Train Acc: 51.136% (28125/55000) | Loss: 0.692
Saved Attack Test Ground Truth and Predict Sets
Test F1: 0.372157
AUC: 0.502262
Test Acc: 50.358% (27697/55000)
Best Acc: 0.503582
 F1: 0.372157
AUC: 0.502262
Saved Attack Model to results/train_layer/tinyimagenet200-mobilenetv2/block_shallow_48_1000/meminf_top3.pth
