[RELU random fusion read]: 8(ms)
[RELU random fusion do]: 0(ms)
[RELU mask load]: 5(ms)
[RELU mask del]: 0(ms)
[RELU mask relu]: 17(ms)
[RELU mask add]:  11(ms)
[RELU random fusion read]: 5(ms)
[RELU random fusion do]: 9(ms)
[RELU mask load]: 2(ms)
[RELU mask del]: 2(ms)
[RELU mask relu]: 4(ms)
[RELU mask add]:  6(ms)
[RELU random fusion read]: 4(ms)
[RELU random fusion do]: 10(ms)
[RELU mask load]: 3(ms)
[RELU mask del]: 1(ms)
[RELU mask relu]: 3(ms)
[RELU mask add]:  5(ms)
[RELU random fusion read]: 3(ms)
[RELU random fusion do]: 10(ms)
[RELU mask load]: 2(ms)
[RELU mask del]: 2(ms)
[RELU mask relu]: 3(ms)
[RELU mask add]:  4(ms)
[RELU random fusion read]: 3(ms)
[RELU random fusion do]: 9(ms)
[RELU mask load]: 2(ms)
[RELU mask del]: 1(ms)
[RELU mask relu]: 3(ms)
[RELU mask add]:  3(ms)
[RELU random fusion read]: 5(ms)
[RELU random fusion do]: 2(ms)
[RELU mask load]: 3(ms)
[RELU mask del]: 1(ms)
[RELU mask relu]: 2(ms)
[RELU mask add]:  5(ms)
[RELU random fusion read]: 7(ms)
[RELU random fusion do]: 6(ms)
[RELU mask load]: 3(ms)
[RELU mask del]: 1(ms)
[RELU mask relu]: 1(ms)
[RELU mask add]:  6(ms)
[RELU random fusion read]: 7(ms)
[RELU random fusion do]: 5(ms)
[RELU mask load]: 4(ms)
[RELU mask del]: 1(ms)
[RELU mask relu]: 2(ms)
[RELU mask add]:  5(ms)
[RELU random fusion read]: 7(ms)
[RELU random fusion do]: 4(ms)
[RELU mask load]: 4(ms)
[RELU mask del]: 1(ms)
