Finished Saving Train Dataset to results/train_layer/stl10-resnet50/block_shallow_5_100/meminf_attack_top3_train.p
Finished Saving Test Dataset to results/train_layer/stl10-resnet50/block_shallow_5_100/meminf_attack_top3_test.p
Epoch 1 :
Train Acc: 53.308% (3465/6500) | Loss: 0.685
Saved Attack Test Ground Truth and Predict Sets
Test F1: 0.680021
AUC: 0.701551
Test Acc: 53.062% (3449/6500)
Epoch 2 :
Train Acc: 56.154% (3650/6500) | Loss: 0.682
Saved Attack Test Ground Truth and Predict Sets
Test F1: 0.692473
AUC: 0.717055
Test Acc: 55.877% (3632/6500)
Epoch 3 :
Train Acc: 59.354% (3858/6500) | Loss: 0.679
Saved Attack Test Ground Truth and Predict Sets
Test F1: 0.694163
AUC: 0.709972
Test Acc: 56.308% (3660/6500)
Epoch 4 :
Train Acc: 59.338% (3857/6500) | Loss: 0.675
Saved Attack Test Ground Truth and Predict Sets
Test F1: 0.699500
AUC: 0.713154
Test Acc: 57.477% (3736/6500)
Epoch 5 :
Train Acc: 60.692% (3945/6500) | Loss: 0.670
Saved Attack Test Ground Truth and Predict Sets
Test F1: 0.702720
AUC: 0.719329
Test Acc: 58.138% (3779/6500)
Epoch 6 :
Train Acc: 61.585% (4003/6500) | Loss: 0.662
Saved Attack Test Ground Truth and Predict Sets
Test F1: 0.702874
AUC: 0.714670
Test Acc: 58.169% (3781/6500)
Epoch 7 :
Train Acc: 62.862% (4086/6500) | Loss: 0.655
Saved Attack Test Ground Truth and Predict Sets
Test F1: 0.704207
AUC: 0.714671
Test Acc: 58.462% (3800/6500)
Epoch 8 :
Train Acc: 60.262% (3917/6500) | Loss: 0.650
Saved Attack Test Ground Truth and Predict Sets
Test F1: 0.721078
AUC: 0.697046
Test Acc: 62.092% (4036/6500)
Epoch 9 :
Train Acc: 60.954% (3962/6500) | Loss: 0.645
Test Acc: 50.292% (3269/6500)
Epoch 10 :
Saved Attack Train Ground Truth and Predict Sets
Train F1: 0.642707
AUC: 0.628380
Train Acc: 58.246% (3786/6500) | Loss: 0.656
Saved Attack Test Ground Truth and Predict Sets
Test F1: 0.692440
AUC: 0.703123
Test Acc: 55.938% (3636/6500)
Best Acc: 0.620923
 F1: 0.721078
AUC: 0.697046
Saved Attack Model to results/train_layer/stl10-resnet50/block_shallow_5_100/meminf_top3.pth
