Finished Saving Train Dataset to results/train_layer/stl10-resnet50/block_shallow_5_100/meminf_attack_mode0_train.p
Finished Saving Test Dataset to results/train_layer/stl10-resnet50/block_shallow_5_100/meminf_attack_mode0_test.p
Epoch 1 :
Train Acc: 63.062% (4099/6500) | Loss: 0.650
Saved Attack Test Ground Truth and Predict Sets
Test F1: 0.720191
AUC: 0.708448
Test Acc: 67.615% (4395/6500)
Epoch 2 :
Train Acc: 74.169% (4821/6500) | Loss: 0.607
Test Acc: 67.292% (4374/6500)
Epoch 3 :
Train Acc: 73.846% (4800/6500) | Loss: 0.579
Test Acc: 67.046% (4358/6500)
Epoch 4 :
Train Acc: 74.262% (4827/6500) | Loss: 0.564
Test Acc: 67.538% (4390/6500)
Epoch 5 :
Train Acc: 74.077% (4815/6500) | Loss: 0.559
Test Acc: 67.062% (4359/6500)
Epoch 6 :
Train Acc: 74.277% (4828/6500) | Loss: 0.556
Test Acc: 67.569% (4392/6500)
Epoch 7 :
Train Acc: 74.385% (4835/6500) | Loss: 0.555
Test Acc: 67.154% (4365/6500)
Epoch 8 :
Train Acc: 74.108% (4817/6500) | Loss: 0.556
Saved Attack Test Ground Truth and Predict Sets
Test F1: 0.732589
AUC: 0.714089
Test Acc: 67.923% (4415/6500)
Epoch 9 :
Train Acc: 73.708% (4791/6500) | Loss: 0.564
Saved Attack Test Ground Truth and Predict Sets
Test F1: 0.732129
AUC: 0.713832
Test Acc: 68.062% (4424/6500)
Epoch 10 :
Saved Attack Train Ground Truth and Predict Sets
Train F1: 0.764480
AUC: 0.777042
Train Acc: 73.600% (4784/6500) | Loss: 0.561
Saved Attack Test Ground Truth and Predict Sets
Test F1: 0.672432
AUC: 0.704543
Test Acc: 66.200% (4303/6500)
Best Acc: 0.680615
 F1: 0.732129
AUC: 0.713832
Saved Attack Model to results/train_layer/stl10-resnet50/block_shallow_5_100/meminf_attack0.pth
