Finished Saving Train Dataset to results/train_layer_deep/stl10-resnet50/block_deep_0_100/meminf_attack_mode0_train.p
Finished Saving Test Dataset to results/train_layer_deep/stl10-resnet50/block_deep_0_100/meminf_attack_mode0_test.p
Epoch 1 :
Train Acc: 63.062% (4099/6500) | Loss: 0.650
Saved Attack Test Ground Truth and Predict Sets
Test F1: 0.745233
AUC: 0.743811
Test Acc: 70.400% (4576/6500)
Epoch 2 :
Train Acc: 74.169% (4821/6500) | Loss: 0.607
Test Acc: 70.046% (4553/6500)
Epoch 3 :
Train Acc: 73.846% (4800/6500) | Loss: 0.579
Test Acc: 69.077% (4490/6500)
Epoch 4 :
Train Acc: 74.262% (4827/6500) | Loss: 0.564
Saved Attack Test Ground Truth and Predict Sets
Test F1: 0.754350
AUC: 0.750209
Test Acc: 70.462% (4580/6500)
Epoch 5 :
Train Acc: 74.077% (4815/6500) | Loss: 0.559
Test Acc: 69.400% (4511/6500)
Epoch 6 :
Train Acc: 74.277% (4828/6500) | Loss: 0.556
Test Acc: 70.431% (4578/6500)
Epoch 7 :
Train Acc: 74.385% (4835/6500) | Loss: 0.555
Test Acc: 69.677% (4529/6500)
Epoch 8 :
Train Acc: 74.108% (4817/6500) | Loss: 0.556
Saved Attack Test Ground Truth and Predict Sets
Test F1: 0.756860
AUC: 0.752546
Test Acc: 70.692% (4595/6500)
Epoch 9 :
Train Acc: 73.708% (4791/6500) | Loss: 0.564
Saved Attack Test Ground Truth and Predict Sets
Test F1: 0.757436
AUC: 0.752639
Test Acc: 70.892% (4608/6500)
Epoch 10 :
Saved Attack Train Ground Truth and Predict Sets
Train F1: 0.764480
AUC: 0.777042
Train Acc: 73.600% (4784/6500) | Loss: 0.561
Saved Attack Test Ground Truth and Predict Sets
Test F1: 0.704321
AUC: 0.740531
Test Acc: 69.154% (4495/6500)
Best Acc: 0.708923
 F1: 0.757436
AUC: 0.752639
Saved Attack Model to results/train_layer_deep/stl10-resnet50/block_deep_0_100/meminf_attack0.pth
