Finished Saving Train Dataset to results/train_layer/tinyimagenet200-mobilenetv2/block_shallow_33_1000/meminf_attack_top3_train.p
Finished Saving Test Dataset to results/train_layer/tinyimagenet200-mobilenetv2/block_shallow_33_1000/meminf_attack_top3_test.p
Epoch 1 :
Train Acc: 50.307% (27669/55000) | Loss: 0.692
Saved Attack Test Ground Truth and Predict Sets
Test F1: 0.666586
AUC: 0.499723
Test Acc: 50.044% (27524/55000)
Epoch 2 :
Train Acc: 50.382% (27710/55000) | Loss: 0.692
Saved Attack Test Ground Truth and Predict Sets
Test F1: 0.643874
AUC: 0.499900
Test Acc: 50.285% (27657/55000)
Epoch 3 :
Train Acc: 50.795% (27937/55000) | Loss: 0.692
Test Acc: 49.731% (27352/55000)
Epoch 4 :
Train Acc: 51.022% (28062/55000) | Loss: 0.692
Test Acc: 50.020% (27511/55000)
Epoch 5 :
Train Acc: 50.944% (28019/55000) | Loss: 0.692
Test Acc: 49.789% (27384/55000)
Epoch 6 :
Train Acc: 51.067% (28087/55000) | Loss: 0.692
Test Acc: 50.142% (27578/55000)
Epoch 7 :
Train Acc: 51.040% (28072/55000) | Loss: 0.692
Test Acc: 49.853% (27419/55000)
Epoch 8 :
Train Acc: 51.013% (28057/55000) | Loss: 0.692
Test Acc: 49.953% (27474/55000)
Epoch 9 :
Train Acc: 51.085% (28097/55000) | Loss: 0.692
Test Acc: 50.022% (27512/55000)
Epoch 10 :
Saved Attack Train Ground Truth and Predict Sets
Train F1: 0.420735
AUC: 0.515274
Train Acc: 51.136% (28125/55000) | Loss: 0.692
Saved Attack Test Ground Truth and Predict Sets
Test F1: 0.500109
AUC: 0.500595
Test Acc: 50.000% (27500/55000)
Best Acc: 0.502855
 F1: 0.643874
AUC: 0.499900
Saved Attack Model to results/train_layer/tinyimagenet200-mobilenetv2/block_shallow_33_1000/meminf_top3.pth
