Finished Saving Train Dataset to results/train_layer_deep/stl10-mobilenetv2/block_deep_6_100/meminf_attack_mode0_train.p
Finished Saving Test Dataset to results/train_layer_deep/stl10-mobilenetv2/block_deep_6_100/meminf_attack_mode0_test.p
Epoch 1 :
Train Acc: 64.215% (4174/6500) | Loss: 0.654
Saved Attack Test Ground Truth and Predict Sets
Test F1: 0.108245
AUC: 0.525954
Test Acc: 51.077% (3320/6500)
Epoch 2 :
Train Acc: 72.200% (4693/6500) | Loss: 0.613
Saved Attack Test Ground Truth and Predict Sets
Test F1: 0.233942
AUC: 0.547584
Test Acc: 52.846% (3435/6500)
Epoch 3 :
Train Acc: 73.154% (4755/6500) | Loss: 0.587
Test Acc: 50.462% (3280/6500)
Epoch 4 :
Train Acc: 73.277% (4763/6500) | Loss: 0.573
Saved Attack Test Ground Truth and Predict Sets
Test F1: 0.242680
AUC: 0.540118
Test Acc: 53.046% (3448/6500)
Epoch 5 :
Train Acc: 73.246% (4761/6500) | Loss: 0.569
Test Acc: 50.538% (3285/6500)
Epoch 6 :
Train Acc: 72.938% (4741/6500) | Loss: 0.568
Saved Attack Test Ground Truth and Predict Sets
Test F1: 0.247346
AUC: 0.540887
Test Acc: 53.092% (3451/6500)
Epoch 7 :
Train Acc: 72.446% (4709/6500) | Loss: 0.575
Test Acc: 52.185% (3392/6500)
Epoch 8 :
Train Acc: 72.277% (4698/6500) | Loss: 0.574
Test Acc: 50.554% (3286/6500)
Epoch 9 :
Train Acc: 73.631% (4786/6500) | Loss: 0.565
Saved Attack Test Ground Truth and Predict Sets
Test F1: 0.264955
AUC: 0.546335
Test Acc: 53.308% (3465/6500)
Epoch 10 :
Saved Attack Train Ground Truth and Predict Sets
Train F1: 0.777497
AUC: 0.758907
Train Acc: 71.523% (4649/6500) | Loss: 0.587
Saved Attack Test Ground Truth and Predict Sets
Test F1: 0.244757
AUC: 0.544093
Test Acc: 52.908% (3439/6500)
Best Acc: 0.533077
 F1: 0.264955
AUC: 0.546335
Saved Attack Model to results/train_layer_deep/stl10-mobilenetv2/block_deep_6_100/meminf_attack0.pth
