Finished Saving Train Dataset to results/train_layer/cifar100-mobilenetv2/block_shallow_40_1000/meminf_attack_top3_train.p
Finished Saving Test Dataset to results/train_layer/cifar100-mobilenetv2/block_shallow_40_1000/meminf_attack_top3_test.p
Epoch 1 :
Train Acc: 65.653% (19696/30000) | Loss: 0.670
Saved Attack Test Ground Truth and Predict Sets
Test F1: 0.313043
AUC: 0.518024
Test Acc: 50.947% (15284/30000)
Epoch 2 :
Train Acc: 74.003% (22201/30000) | Loss: 0.593
Saved Attack Test Ground Truth and Predict Sets
Test F1: 0.242390
AUC: 0.517774
Test Acc: 50.970% (15291/30000)
Epoch 3 :
Train Acc: 75.310% (22593/30000) | Loss: 0.565
Test Acc: 50.497% (15149/30000)
Epoch 4 :
Train Acc: 67.277% (20183/30000) | Loss: 0.628
Saved Attack Test Ground Truth and Predict Sets
Test F1: 0.401080
AUC: 0.517916
Test Acc: 51.200% (15360/30000)
Epoch 5 :
Train Acc: 71.653% (21496/30000) | Loss: 0.584
Test Acc: 50.890% (15267/30000)
Epoch 6 :
Train Acc: 66.973% (20092/30000) | Loss: 0.641
Saved Attack Test Ground Truth and Predict Sets
Test F1: 0.439928
AUC: 0.517623
Test Acc: 51.223% (15367/30000)
Epoch 7 :
Train Acc: 64.467% (19340/30000) | Loss: 0.667
Saved Attack Test Ground Truth and Predict Sets
Test F1: 0.430797
AUC: 0.516792
Test Acc: 51.280% (15384/30000)
Epoch 8 :
Train Acc: 66.770% (20031/30000) | Loss: 0.643
Test Acc: 51.227% (15368/30000)
Epoch 9 :
Train Acc: 72.210% (21663/30000) | Loss: 0.586
Test Acc: 50.620% (15186/30000)
Epoch 10 :
Saved Attack Train Ground Truth and Predict Sets
Train F1: 0.815524
AUC: 0.825050
Train Acc: 78.340% (23502/30000) | Loss: 0.525
Saved Attack Test Ground Truth and Predict Sets
Test F1: 0.163685
AUC: 0.515203
Test Acc: 50.610% (15183/30000)
Best Acc: 0.512800
 F1: 0.430797
AUC: 0.516792
Saved Attack Model to results/train_layer/cifar100-mobilenetv2/block_shallow_40_1000/meminf_top3.pth
