Finished Saving Train Dataset to results/train_layer_deep/cifar10-mobilenetv2/block_deep_50_1000/meminf_attack_top3_train.p
Finished Saving Test Dataset to results/train_layer_deep/cifar10-mobilenetv2/block_deep_50_1000/meminf_attack_top3_test.p
Epoch 1 :
Train Acc: 55.380% (16614/30000) | Loss: 0.688
Saved Attack Test Ground Truth and Predict Sets
Test F1: 0.214632
AUC: 0.494797
Test Acc: 49.723% (14917/30000)
Epoch 2 :
Train Acc: 55.143% (16543/30000) | Loss: 0.680
Test Acc: 49.647% (14894/30000)
Epoch 3 :
Train Acc: 55.713% (16714/30000) | Loss: 0.677
Saved Attack Test Ground Truth and Predict Sets
Test F1: 0.007679
AUC: 0.495157
Test Acc: 50.030% (15009/30000)
Epoch 4 :
Train Acc: 55.500% (16650/30000) | Loss: 0.667
Saved Attack Test Ground Truth and Predict Sets
Test F1: 0.031904
AUC: 0.494943
Test Acc: 50.033% (15010/30000)
Epoch 5 :
Train Acc: 57.283% (17185/30000) | Loss: 0.661
Test Acc: 50.000% (15000/30000)
Epoch 6 :
Train Acc: 57.657% (17297/30000) | Loss: 0.656
Test Acc: 49.987% (14996/30000)
Epoch 7 :
Train Acc: 57.903% (17371/30000) | Loss: 0.655
Test Acc: 49.827% (14948/30000)
Epoch 8 :
Train Acc: 58.390% (17517/30000) | Loss: 0.651
Test Acc: 49.840% (14952/30000)
Epoch 9 :
Train Acc: 58.830% (17649/30000) | Loss: 0.656
Test Acc: 49.953% (14986/30000)
Epoch 10 :
Saved Attack Train Ground Truth and Predict Sets
Train F1: 0.596871
AUC: 0.611603
Train Acc: 57.310% (17193/30000) | Loss: 0.651
Saved Attack Test Ground Truth and Predict Sets
Test F1: 0.261918
AUC: 0.495831
Test Acc: 49.783% (14935/30000)
Best Acc: 0.500333
 F1: 0.031904
AUC: 0.494943
Saved Attack Model to results/train_layer_deep/cifar10-mobilenetv2/block_deep_50_1000/meminf_top3.pth
