Finished Saving Train Dataset to results/train_layer/cifar100-mobilenetv2/block_shallow_14_1000/meminf_attack_top3_train.p
Finished Saving Test Dataset to results/train_layer/cifar100-mobilenetv2/block_shallow_14_1000/meminf_attack_top3_test.p
Epoch 1 :
Train Acc: 65.653% (19696/30000) | Loss: 0.670
Saved Attack Test Ground Truth and Predict Sets
Test F1: 0.543281
AUC: 0.612338
Test Acc: 58.617% (17585/30000)
Epoch 2 :
Train Acc: 74.003% (22201/30000) | Loss: 0.593
Test Acc: 57.843% (17353/30000)
Epoch 3 :
Train Acc: 75.310% (22593/30000) | Loss: 0.565
Test Acc: 56.663% (16999/30000)
Epoch 4 :
Train Acc: 67.277% (20183/30000) | Loss: 0.628
Test Acc: 58.563% (17569/30000)
Epoch 5 :
Train Acc: 71.653% (21496/30000) | Loss: 0.584
Test Acc: 58.583% (17575/30000)
Epoch 6 :
Train Acc: 66.973% (20092/30000) | Loss: 0.641
Test Acc: 58.260% (17478/30000)
Epoch 7 :
Train Acc: 64.467% (19340/30000) | Loss: 0.667
Test Acc: 58.293% (17488/30000)
Epoch 8 :
Train Acc: 66.770% (20031/30000) | Loss: 0.643
Saved Attack Test Ground Truth and Predict Sets
Test F1: 0.575157
AUC: 0.609785
Test Acc: 58.650% (17595/30000)
Epoch 9 :
Train Acc: 72.210% (21663/30000) | Loss: 0.586
Test Acc: 57.020% (17106/30000)
Epoch 10 :
Saved Attack Train Ground Truth and Predict Sets
Train F1: 0.815524
AUC: 0.825050
Train Acc: 78.340% (23502/30000) | Loss: 0.525
Saved Attack Test Ground Truth and Predict Sets
Test F1: 0.422842
AUC: 0.607841
Test Acc: 56.877% (17063/30000)
Best Acc: 0.586500
 F1: 0.575157
AUC: 0.609785
Saved Attack Model to results/train_layer/cifar100-mobilenetv2/block_shallow_14_1000/meminf_top3.pth
