Finished Saving Train Dataset to results/train_layer/stl10-resnet50/block_shallow_7_100/meminf_attack_mode0_train.p
Finished Saving Test Dataset to results/train_layer/stl10-resnet50/block_shallow_7_100/meminf_attack_mode0_test.p
Epoch 1 :
Train Acc: 63.062% (4099/6500) | Loss: 0.650
Saved Attack Test Ground Truth and Predict Sets
Test F1: 0.700176
AUC: 0.690866
Test Acc: 65.862% (4281/6500)
Epoch 2 :
Train Acc: 74.169% (4821/6500) | Loss: 0.607
Test Acc: 65.708% (4271/6500)
Epoch 3 :
Train Acc: 73.846% (4800/6500) | Loss: 0.579
Test Acc: 64.385% (4185/6500)
Epoch 4 :
Train Acc: 74.262% (4827/6500) | Loss: 0.564
Saved Attack Test Ground Truth and Predict Sets
Test F1: 0.710780
AUC: 0.694028
Test Acc: 65.908% (4284/6500)
Epoch 5 :
Train Acc: 74.077% (4815/6500) | Loss: 0.559
Test Acc: 64.554% (4196/6500)
Epoch 6 :
Train Acc: 74.277% (4828/6500) | Loss: 0.556
Test Acc: 65.892% (4283/6500)
Epoch 7 :
Train Acc: 74.385% (4835/6500) | Loss: 0.555
Test Acc: 64.862% (4216/6500)
Epoch 8 :
Train Acc: 74.108% (4817/6500) | Loss: 0.556
Saved Attack Test Ground Truth and Predict Sets
Test F1: 0.713391
AUC: 0.694588
Test Acc: 66.215% (4304/6500)
Epoch 9 :
Train Acc: 73.708% (4791/6500) | Loss: 0.564
Saved Attack Test Ground Truth and Predict Sets
Test F1: 0.712368
AUC: 0.694410
Test Acc: 66.369% (4314/6500)
Epoch 10 :
Saved Attack Train Ground Truth and Predict Sets
Train F1: 0.764480
AUC: 0.777042
Train Acc: 73.600% (4784/6500) | Loss: 0.561
Saved Attack Test Ground Truth and Predict Sets
Test F1: 0.639302
AUC: 0.687254
Test Acc: 63.769% (4145/6500)
Best Acc: 0.663692
 F1: 0.712368
AUC: 0.694410
Saved Attack Model to results/train_layer/stl10-resnet50/block_shallow_7_100/meminf_attack0.pth
