Finished Saving Train Dataset to results/train_layer/cifar100-mobilenetv2/block_shallow_48_1000/meminf_attack_top3_train.p
Finished Saving Test Dataset to results/train_layer/cifar100-mobilenetv2/block_shallow_48_1000/meminf_attack_top3_test.p
Epoch 1 :
Train Acc: 65.653% (19696/30000) | Loss: 0.670
Saved Attack Test Ground Truth and Predict Sets
Test F1: 0.152537
AUC: 0.506019
Test Acc: 50.553% (15166/30000)
Epoch 2 :
Train Acc: 74.003% (22201/30000) | Loss: 0.593
Test Acc: 50.327% (15098/30000)
Epoch 3 :
Train Acc: 75.310% (22593/30000) | Loss: 0.565
Test Acc: 50.297% (15089/30000)
Epoch 4 :
Train Acc: 67.277% (20183/30000) | Loss: 0.628
Test Acc: 50.450% (15135/30000)
Epoch 5 :
Train Acc: 71.653% (21496/30000) | Loss: 0.584
Test Acc: 50.460% (15138/30000)
Epoch 6 :
Train Acc: 66.973% (20092/30000) | Loss: 0.641
Test Acc: 50.367% (15110/30000)
Epoch 7 :
Train Acc: 64.467% (19340/30000) | Loss: 0.667
Test Acc: 50.417% (15125/30000)
Epoch 8 :
Train Acc: 66.770% (20031/30000) | Loss: 0.643
Test Acc: 50.477% (15143/30000)
Epoch 9 :
Train Acc: 72.210% (21663/30000) | Loss: 0.586
Test Acc: 50.293% (15088/30000)
Epoch 10 :
Saved Attack Train Ground Truth and Predict Sets
Train F1: 0.815524
AUC: 0.825050
Train Acc: 78.340% (23502/30000) | Loss: 0.525
Saved Attack Test Ground Truth and Predict Sets
Test F1: 0.052003
AUC: 0.506107
Test Acc: 50.293% (15088/30000)
Best Acc: 0.505533
 F1: 0.152537
AUC: 0.506019
Saved Attack Model to results/train_layer/cifar100-mobilenetv2/block_shallow_48_1000/meminf_top3.pth
