Finished Saving Train Dataset to results/train_layer/tinyimagenet200-resnet18/block_shallow_10_100/meminf_attack_top3_train.p
Finished Saving Test Dataset to results/train_layer/tinyimagenet200-resnet18/block_shallow_10_100/meminf_attack_top3_test.p
Epoch 1 :
Train Acc: 81.309% (44720/55000) | Loss: 0.581
Saved Attack Test Ground Truth and Predict Sets
Test F1: 0.011718
AUC: 0.498352
Test Acc: 50.011% (27506/55000)
Epoch 2 :
Train Acc: 89.747% (49361/55000) | Loss: 0.423
Test Acc: 50.005% (27503/55000)
Epoch 3 :
Train Acc: 85.955% (47275/55000) | Loss: 0.454
Saved Attack Test Ground Truth and Predict Sets
Test F1: 0.016038
AUC: 0.498254
Test Acc: 50.025% (27514/55000)
Epoch 4 :
Train Acc: 75.604% (41582/55000) | Loss: 0.556
Test Acc: 49.985% (27492/55000)
Epoch 5 :
Train Acc: 78.549% (43202/55000) | Loss: 0.527
Test Acc: 50.020% (27511/55000)
Epoch 6 :
Train Acc: 85.258% (46892/55000) | Loss: 0.460
Test Acc: 50.004% (27502/55000)
Epoch 7 :
Train Acc: 89.640% (49302/55000) | Loss: 0.416
Test Acc: 50.005% (27503/55000)
Epoch 8 :
Train Acc: 82.371% (45304/55000) | Loss: 0.489
Test Acc: 50.025% (27514/55000)
Epoch 9 :
Train Acc: 78.569% (43213/55000) | Loss: 0.527
Saved Attack Test Ground Truth and Predict Sets
Test F1: 0.030551
AUC: 0.499646
Test Acc: 50.036% (27520/55000)
Epoch 10 :
Saved Attack Train Ground Truth and Predict Sets
Train F1: 0.812901
AUC: 0.771199
Train Acc: 76.985% (42342/55000) | Loss: 0.543
Saved Attack Test Ground Truth and Predict Sets
Test F1: 0.033877
AUC: 0.499683
Test Acc: 50.015% (27508/55000)
Best Acc: 0.500364
 F1: 0.030551
AUC: 0.499646
Saved Attack Model to results/train_layer/tinyimagenet200-resnet18/block_shallow_10_100/meminf_top3.pth
