Finished Saving Train Dataset to results/train_layer/tinyimagenet200-resnet34/block_shallow_4_300/meminf_attack_top3_train.p
Finished Saving Test Dataset to results/train_layer/tinyimagenet200-resnet34/block_shallow_4_300/meminf_attack_top3_test.p
Epoch 1 :
Train Acc: 78.562% (43209/55000) | Loss: 0.594
Saved Attack Test Ground Truth and Predict Sets
Test F1: 0.376419
AUC: 0.569823
Test Acc: 54.573% (30015/55000)
Epoch 2 :
Train Acc: 88.322% (48577/55000) | Loss: 0.436
Test Acc: 53.736% (29555/55000)
Epoch 3 :
Train Acc: 79.502% (43726/55000) | Loss: 0.520
Saved Attack Test Ground Truth and Predict Sets
Test F1: 0.539852
AUC: 0.561583
Test Acc: 54.958% (30227/55000)
Epoch 4 :
Train Acc: 77.307% (42519/55000) | Loss: 0.539
Test Acc: 54.593% (30026/55000)
Epoch 5 :
Train Acc: 81.947% (45071/55000) | Loss: 0.491
Saved Attack Test Ground Truth and Predict Sets
Test F1: 0.519500
AUC: 0.558799
Test Acc: 55.244% (30384/55000)
Epoch 6 :
Train Acc: 71.551% (39353/55000) | Loss: 0.597
Test Acc: 54.651% (30058/55000)
Epoch 7 :
Train Acc: 69.402% (38171/55000) | Loss: 0.618
Test Acc: 54.696% (30083/55000)
Epoch 8 :
Train Acc: 71.656% (39411/55000) | Loss: 0.596
Test Acc: 55.031% (30267/55000)
Epoch 9 :
Train Acc: 74.684% (41076/55000) | Loss: 0.566
Saved Attack Test Ground Truth and Predict Sets
Test F1: 0.505684
AUC: 0.554487
Test Acc: 55.251% (30388/55000)
Epoch 10 :
Saved Attack Train Ground Truth and Predict Sets
Train F1: 0.813840
AUC: 0.773616
Train Acc: 77.129% (42421/55000) | Loss: 0.541
Saved Attack Test Ground Truth and Predict Sets
Test F1: 0.477329
AUC: 0.555957
Test Acc: 55.420% (30481/55000)
Best Acc: 0.554200
 F1: 0.477329
AUC: 0.555957
Saved Attack Model to results/train_layer/tinyimagenet200-resnet34/block_shallow_4_300/meminf_top3.pth
