Finished Saving Train Dataset to results/train_layer/cifar10-mobilenetv2/block_shallow_39_1000/meminf_attack_mode0_train.p
Finished Saving Test Dataset to results/train_layer/cifar10-mobilenetv2/block_shallow_39_1000/meminf_attack_mode0_test.p
Epoch 1 :
Train Acc: 63.790% (19137/30000) | Loss: 0.646
Saved Attack Test Ground Truth and Predict Sets
Test F1: 0.460774
AUC: 0.504574
Test Acc: 50.443% (15133/30000)
Epoch 2 :
Train Acc: 65.340% (19602/30000) | Loss: 0.633
Test Acc: 50.233% (15070/30000)
Epoch 3 :
Train Acc: 66.320% (19896/30000) | Loss: 0.624
Saved Attack Test Ground Truth and Predict Sets
Test F1: 0.456097
AUC: 0.504068
Test Acc: 50.487% (15146/30000)
Epoch 4 :
Train Acc: 66.903% (20071/30000) | Loss: 0.615
Test Acc: 50.213% (15064/30000)
Epoch 5 :
Train Acc: 67.017% (20105/30000) | Loss: 0.614
Test Acc: 50.450% (15135/30000)
Epoch 6 :
Train Acc: 67.337% (20201/30000) | Loss: 0.610
Test Acc: 50.293% (15088/30000)
Epoch 7 :
Train Acc: 67.537% (20261/30000) | Loss: 0.612
Saved Attack Test Ground Truth and Predict Sets
Test F1: 0.428961
AUC: 0.503087
Test Acc: 50.497% (15149/30000)
Epoch 8 :
Train Acc: 67.270% (20181/30000) | Loss: 0.613
Test Acc: 50.423% (15127/30000)
Epoch 9 :
Train Acc: 67.433% (20230/30000) | Loss: 0.613
Test Acc: 50.437% (15131/30000)
Epoch 10 :
Saved Attack Train Ground Truth and Predict Sets
Train F1: 0.748282
AUC: 0.695088
Train Acc: 67.767% (20330/30000) | Loss: 0.610
Saved Attack Test Ground Truth and Predict Sets
Test F1: 0.457433
AUC: 0.502853
Test Acc: 50.523% (15157/30000)
Best Acc: 0.505233
 F1: 0.457433
AUC: 0.502853
Saved Attack Model to results/train_layer/cifar10-mobilenetv2/block_shallow_39_1000/meminf_attack0.pth
