Finished Saving Train Dataset to results/train_layer/cifar10-mobilenetv2/block_shallow_13_1000/meminf_attack_mode0_train.p
Finished Saving Test Dataset to results/train_layer/cifar10-mobilenetv2/block_shallow_13_1000/meminf_attack_mode0_test.p
Epoch 1 :
Train Acc: 63.790% (19137/30000) | Loss: 0.646
Saved Attack Test Ground Truth and Predict Sets
Test F1: 0.583709
AUC: 0.551371
Test Acc: 54.123% (16237/30000)
Epoch 2 :
Train Acc: 65.340% (19602/30000) | Loss: 0.633
Test Acc: 53.720% (16116/30000)
Epoch 3 :
Train Acc: 66.320% (19896/30000) | Loss: 0.624
Saved Attack Test Ground Truth and Predict Sets
Test F1: 0.580708
AUC: 0.551917
Test Acc: 54.127% (16238/30000)
Epoch 4 :
Train Acc: 66.903% (20071/30000) | Loss: 0.615
Test Acc: 53.680% (16104/30000)
Epoch 5 :
Train Acc: 67.017% (20105/30000) | Loss: 0.614
Test Acc: 54.097% (16229/30000)
Epoch 6 :
Train Acc: 67.337% (20201/30000) | Loss: 0.610
Test Acc: 53.837% (16151/30000)
Epoch 7 :
Train Acc: 67.537% (20261/30000) | Loss: 0.612
Test Acc: 54.027% (16208/30000)
Epoch 8 :
Train Acc: 67.270% (20181/30000) | Loss: 0.613
Test Acc: 53.553% (16066/30000)
Epoch 9 :
Train Acc: 67.433% (20230/30000) | Loss: 0.613
Test Acc: 54.057% (16217/30000)
Epoch 10 :
Saved Attack Train Ground Truth and Predict Sets
Train F1: 0.748282
AUC: 0.695088
Train Acc: 67.767% (20330/30000) | Loss: 0.610
Saved Attack Test Ground Truth and Predict Sets
Test F1: 0.577365
AUC: 0.551294
Test Acc: 54.093% (16228/30000)
Best Acc: 0.541267
 F1: 0.580708
AUC: 0.551917
Saved Attack Model to results/train_layer/cifar10-mobilenetv2/block_shallow_13_1000/meminf_attack0.pth
