Finished Saving Train Dataset to results/train_layer/cifar100-mobilenetv2/block_shallow_31_1000/meminf_attack_mode0_train.p
Finished Saving Test Dataset to results/train_layer/cifar100-mobilenetv2/block_shallow_31_1000/meminf_attack_mode0_test.p
Epoch 1 :
Train Acc: 78.257% (23477/30000) | Loss: 0.545
Saved Attack Test Ground Truth and Predict Sets
Test F1: 0.516617
AUC: 0.541502
Test Acc: 53.360% (16008/30000)
Epoch 2 :
Train Acc: 73.730% (22119/30000) | Loss: 0.563
Test Acc: 52.973% (15892/30000)
Epoch 3 :
Train Acc: 75.783% (22735/30000) | Loss: 0.548
Test Acc: 52.940% (15882/30000)
Epoch 4 :
Train Acc: 77.413% (23224/30000) | Loss: 0.535
Test Acc: 52.370% (15711/30000)
Epoch 5 :
Train Acc: 76.710% (23013/30000) | Loss: 0.541
Test Acc: 53.213% (15964/30000)
Epoch 6 :
Train Acc: 78.513% (23554/30000) | Loss: 0.523
Test Acc: 52.850% (15855/30000)
Epoch 7 :
Train Acc: 78.663% (23599/30000) | Loss: 0.523
Test Acc: 53.260% (15978/30000)
Epoch 8 :
Train Acc: 80.437% (24131/30000) | Loss: 0.503
Test Acc: 52.903% (15871/30000)
Epoch 9 :
Train Acc: 81.407% (24422/30000) | Loss: 0.497
Test Acc: 53.023% (15907/30000)
Epoch 10 :
Saved Attack Train Ground Truth and Predict Sets
Train F1: 0.826682
AUC: 0.869562
Train Acc: 81.760% (24528/30000) | Loss: 0.491
Saved Attack Test Ground Truth and Predict Sets
Test F1: 0.356037
AUC: 0.540568
Test Acc: 52.853% (15856/30000)
Best Acc: 0.533600
 F1: 0.516617
AUC: 0.541502
Saved Attack Model to results/train_layer/cifar100-mobilenetv2/block_shallow_31_1000/meminf_attack0.pth
