Finished Saving Train Dataset to results/train_layer/stl10-mobilenetv2/block_shallow_26_100/meminf_attack_mode0_train.p
Finished Saving Test Dataset to results/train_layer/stl10-mobilenetv2/block_shallow_26_100/meminf_attack_mode0_test.p
Epoch 1 :
Train Acc: 64.215% (4174/6500) | Loss: 0.654
Saved Attack Test Ground Truth and Predict Sets
Test F1: 0.418418
AUC: 0.543693
Test Acc: 53.169% (3456/6500)
Epoch 2 :
Train Acc: 72.200% (4693/6500) | Loss: 0.613
Saved Attack Test Ground Truth and Predict Sets
Test F1: 0.488669
AUC: 0.549484
Test Acc: 53.831% (3499/6500)
Epoch 3 :
Train Acc: 73.154% (4755/6500) | Loss: 0.587
Test Acc: 52.415% (3407/6500)
Epoch 4 :
Train Acc: 73.277% (4763/6500) | Loss: 0.573
Saved Attack Test Ground Truth and Predict Sets
Test F1: 0.498071
AUC: 0.549763
Test Acc: 53.954% (3507/6500)
Epoch 5 :
Train Acc: 73.246% (4761/6500) | Loss: 0.569
Test Acc: 52.431% (3408/6500)
Epoch 6 :
Train Acc: 72.938% (4741/6500) | Loss: 0.568
Test Acc: 53.892% (3503/6500)
Epoch 7 :
Train Acc: 72.446% (4709/6500) | Loss: 0.575
Saved Attack Test Ground Truth and Predict Sets
Test F1: 0.477413
AUC: 0.546449
Test Acc: 54.262% (3527/6500)
Epoch 8 :
Train Acc: 72.277% (4698/6500) | Loss: 0.574
Test Acc: 52.308% (3400/6500)
Epoch 9 :
Train Acc: 73.631% (4786/6500) | Loss: 0.565
Test Acc: 53.831% (3499/6500)
Epoch 10 :
Saved Attack Train Ground Truth and Predict Sets
Train F1: 0.777497
AUC: 0.758907
Train Acc: 71.523% (4649/6500) | Loss: 0.587
Saved Attack Test Ground Truth and Predict Sets
Test F1: 0.518399
AUC: 0.548846
Test Acc: 53.892% (3503/6500)
Best Acc: 0.542615
 F1: 0.477413
AUC: 0.546449
Saved Attack Model to results/train_layer/stl10-mobilenetv2/block_shallow_26_100/meminf_attack0.pth
