Finished Saving Train Dataset to results/train_layer/cifar10-mobilenetv2/block_shallow_49_1000/meminf_attack_mode0_train.p
Finished Saving Test Dataset to results/train_layer/cifar10-mobilenetv2/block_shallow_49_1000/meminf_attack_mode0_test.p
Epoch 1 :
Train Acc: 63.790% (19137/30000) | Loss: 0.646
Saved Attack Test Ground Truth and Predict Sets
Test F1: 0.196968
AUC: 0.500513
Test Acc: 50.207% (15062/30000)
Epoch 2 :
Train Acc: 65.340% (19602/30000) | Loss: 0.633
Saved Attack Test Ground Truth and Predict Sets
Test F1: 0.282704
AUC: 0.501717
Test Acc: 50.303% (15091/30000)
Epoch 3 :
Train Acc: 66.320% (19896/30000) | Loss: 0.624
Test Acc: 50.223% (15067/30000)
Epoch 4 :
Train Acc: 66.903% (20071/30000) | Loss: 0.615
Test Acc: 50.300% (15090/30000)
Epoch 5 :
Train Acc: 67.017% (20105/30000) | Loss: 0.614
Test Acc: 50.160% (15048/30000)
Epoch 6 :
Train Acc: 67.337% (20201/30000) | Loss: 0.610
Test Acc: 50.300% (15090/30000)
Epoch 7 :
Train Acc: 67.537% (20261/30000) | Loss: 0.612
Test Acc: 50.157% (15047/30000)
Epoch 8 :
Train Acc: 67.270% (20181/30000) | Loss: 0.613
Test Acc: 50.297% (15089/30000)
Epoch 9 :
Train Acc: 67.433% (20230/30000) | Loss: 0.613
Test Acc: 50.240% (15072/30000)
Epoch 10 :
Saved Attack Train Ground Truth and Predict Sets
Train F1: 0.748282
AUC: 0.695088
Train Acc: 67.767% (20330/30000) | Loss: 0.610
Saved Attack Test Ground Truth and Predict Sets
Test F1: 0.200417
AUC: 0.502033
Test Acc: 50.183% (15055/30000)
Best Acc: 0.503033
 F1: 0.282704
AUC: 0.501717
Saved Attack Model to results/train_layer/cifar10-mobilenetv2/block_shallow_49_1000/meminf_attack0.pth
