Finished Saving Train Dataset to results/train_layer/stl10-mobilenetv2/block_shallow_5_100/meminf_attack_top3_train.p
Finished Saving Test Dataset to results/train_layer/stl10-mobilenetv2/block_shallow_5_100/meminf_attack_top3_test.p
Epoch 1 :
Train Acc: 53.000% (3445/6500) | Loss: 0.685
Saved Attack Test Ground Truth and Predict Sets
Test F1: 0.681828
AUC: 0.678787
Test Acc: 53.723% (3492/6500)
Epoch 2 :
Train Acc: 56.108% (3647/6500) | Loss: 0.683
Saved Attack Test Ground Truth and Predict Sets
Test F1: 0.690826
AUC: 0.685522
Test Acc: 56.031% (3642/6500)
Epoch 3 :
Train Acc: 59.277% (3853/6500) | Loss: 0.680
Saved Attack Test Ground Truth and Predict Sets
Test F1: 0.693354
AUC: 0.686651
Test Acc: 56.631% (3681/6500)
Epoch 4 :
Train Acc: 58.708% (3816/6500) | Loss: 0.676
Saved Attack Test Ground Truth and Predict Sets
Test F1: 0.697608
AUC: 0.688212
Test Acc: 57.600% (3744/6500)
Epoch 5 :
Train Acc: 60.723% (3947/6500) | Loss: 0.671
Saved Attack Test Ground Truth and Predict Sets
Test F1: 0.699857
AUC: 0.688658
Test Acc: 58.077% (3775/6500)
Epoch 6 :
Train Acc: 61.108% (3972/6500) | Loss: 0.665
Saved Attack Test Ground Truth and Predict Sets
Test F1: 0.704756
AUC: 0.691916
Test Acc: 59.215% (3849/6500)
Epoch 7 :
Train Acc: 61.738% (4013/6500) | Loss: 0.657
Test Acc: 58.846% (3825/6500)
Epoch 8 :
Train Acc: 64.000% (4160/6500) | Loss: 0.652
Test Acc: 58.677% (3814/6500)
Epoch 9 :
Train Acc: 58.138% (3779/6500) | Loss: 0.651
Saved Attack Test Ground Truth and Predict Sets
Test F1: 0.717211
AUC: 0.676124
Test Acc: 62.185% (4042/6500)
Epoch 10 :
Saved Attack Train Ground Truth and Predict Sets
Train F1: 0.719216
AUC: 0.658976
Train Acc: 61.200% (3978/6500) | Loss: 0.646
Saved Attack Test Ground Truth and Predict Sets
Test F1: 0.147835
AUC: 0.674240
Test Acc: 50.338% (3272/6500)
Best Acc: 0.621846
 F1: 0.717211
AUC: 0.676124
Saved Attack Model to results/train_layer/stl10-mobilenetv2/block_shallow_5_100/meminf_top3.pth
