Finished Saving Train Dataset to results/train_layer/tinyimagenet200-vgg16_bn/block_shallow_13_300/meminf_attack_top3_train.p
Finished Saving Test Dataset to results/train_layer/tinyimagenet200-vgg16_bn/block_shallow_13_300/meminf_attack_top3_test.p
Epoch 1 :
Train Acc: 59.302% (32616/55000) | Loss: 0.676
Saved Attack Test Ground Truth and Predict Sets
Test F1: 0.074271
AUC: 0.499558
Test Acc: 50.098% (27554/55000)
Epoch 2 :
Train Acc: 59.571% (32764/55000) | Loss: 0.670
Saved Attack Test Ground Truth and Predict Sets
Test F1: 0.038064
AUC: 0.499830
Test Acc: 50.100% (27555/55000)
Epoch 3 :
Train Acc: 59.991% (32995/55000) | Loss: 0.668
Test Acc: 50.098% (27554/55000)
Epoch 4 :
Train Acc: 59.902% (32946/55000) | Loss: 0.668
Test Acc: 50.062% (27534/55000)
Epoch 5 :
Train Acc: 59.951% (32973/55000) | Loss: 0.667
Test Acc: 50.073% (27540/55000)
Epoch 6 :
Train Acc: 59.969% (32983/55000) | Loss: 0.667
Test Acc: 50.049% (27527/55000)
Epoch 7 :
Train Acc: 60.015% (33008/55000) | Loss: 0.668
Test Acc: 50.058% (27532/55000)
Epoch 8 :
Train Acc: 60.004% (33002/55000) | Loss: 0.667
Test Acc: 50.044% (27524/55000)
Epoch 9 :
Train Acc: 59.998% (32999/55000) | Loss: 0.667
Test Acc: 50.035% (27519/55000)
Epoch 10 :
Saved Attack Train Ground Truth and Predict Sets
Train F1: 0.578874
AUC: 0.626643
Train Acc: 59.951% (32973/55000) | Loss: 0.667
Saved Attack Test Ground Truth and Predict Sets
Test F1: 0.052147
AUC: 0.500754
Test Acc: 50.031% (27517/55000)
Best Acc: 0.501000
 F1: 0.038064
AUC: 0.499830
Saved Attack Model to results/train_layer/tinyimagenet200-vgg16_bn/block_shallow_13_300/meminf_top3.pth
