Finished Saving Train Dataset to results/train_layer_deep/cifar10-mobilenetv2/block_deep_15_1000/meminf_attack_mode0_train.p
Finished Saving Test Dataset to results/train_layer_deep/cifar10-mobilenetv2/block_deep_15_1000/meminf_attack_mode0_test.p
Epoch 1 :
Train Acc: 63.790% (19137/30000) | Loss: 0.646
Saved Attack Test Ground Truth and Predict Sets
Test F1: 0.209807
AUC: 0.514286
Test Acc: 50.687% (15206/30000)
Epoch 2 :
Train Acc: 65.340% (19602/30000) | Loss: 0.633
Saved Attack Test Ground Truth and Predict Sets
Test F1: 0.318626
AUC: 0.517786
Test Acc: 51.200% (15360/30000)
Epoch 3 :
Train Acc: 66.320% (19896/30000) | Loss: 0.624
Test Acc: 50.640% (15192/30000)
Epoch 4 :
Train Acc: 66.903% (20071/30000) | Loss: 0.615
Saved Attack Test Ground Truth and Predict Sets
Test F1: 0.336903
AUC: 0.518771
Test Acc: 51.293% (15388/30000)
Epoch 5 :
Train Acc: 67.017% (20105/30000) | Loss: 0.614
Test Acc: 50.713% (15214/30000)
Epoch 6 :
Train Acc: 67.337% (20201/30000) | Loss: 0.610
Test Acc: 50.860% (15258/30000)
Epoch 7 :
Train Acc: 67.537% (20261/30000) | Loss: 0.612
Test Acc: 50.623% (15187/30000)
Epoch 8 :
Train Acc: 67.270% (20181/30000) | Loss: 0.613
Test Acc: 50.710% (15213/30000)
Epoch 9 :
Train Acc: 67.433% (20230/30000) | Loss: 0.613
Test Acc: 50.653% (15196/30000)
Epoch 10 :
Saved Attack Train Ground Truth and Predict Sets
Train F1: 0.748282
AUC: 0.695088
Train Acc: 67.767% (20330/30000) | Loss: 0.610
Saved Attack Test Ground Truth and Predict Sets
Test F1: 0.215390
AUC: 0.518168
Test Acc: 50.750% (15225/30000)
Best Acc: 0.512933
 F1: 0.336903
AUC: 0.518771
Saved Attack Model to results/train_layer_deep/cifar10-mobilenetv2/block_deep_15_1000/meminf_attack0.pth
