Finished Saving Train Dataset to results/train_layer_deep/stl10-resnet50/block_deep_2_100/meminf_attack_top3_train.p
Finished Saving Test Dataset to results/train_layer_deep/stl10-resnet50/block_deep_2_100/meminf_attack_top3_test.p
Epoch 1 :
Train Acc: 53.308% (3465/6500) | Loss: 0.685
Saved Attack Test Ground Truth and Predict Sets
Test F1: 0.679689
AUC: 0.642795
Test Acc: 56.862% (3696/6500)
Epoch 2 :
Train Acc: 56.154% (3650/6500) | Loss: 0.682
Saved Attack Test Ground Truth and Predict Sets
Test F1: 0.676357
AUC: 0.643880
Test Acc: 59.923% (3895/6500)
Epoch 3 :
Train Acc: 59.354% (3858/6500) | Loss: 0.679
Saved Attack Test Ground Truth and Predict Sets
Test F1: 0.674072
AUC: 0.644879
Test Acc: 60.277% (3918/6500)
Epoch 4 :
Train Acc: 59.338% (3857/6500) | Loss: 0.675
Saved Attack Test Ground Truth and Predict Sets
Test F1: 0.665624
AUC: 0.643911
Test Acc: 60.538% (3935/6500)
Epoch 5 :
Train Acc: 60.692% (3945/6500) | Loss: 0.670
Saved Attack Test Ground Truth and Predict Sets
Test F1: 0.660480
AUC: 0.642127
Test Acc: 60.600% (3939/6500)
Epoch 6 :
Train Acc: 61.585% (4003/6500) | Loss: 0.662
Saved Attack Test Ground Truth and Predict Sets
Test F1: 0.660740
AUC: 0.643424
Test Acc: 60.662% (3943/6500)
Epoch 7 :
Train Acc: 62.862% (4086/6500) | Loss: 0.655
Test Acc: 60.662% (3943/6500)
Epoch 8 :
Train Acc: 60.262% (3917/6500) | Loss: 0.650
Test Acc: 60.585% (3938/6500)
Epoch 9 :
Train Acc: 60.954% (3962/6500) | Loss: 0.645
Test Acc: 50.585% (3288/6500)
Epoch 10 :
Saved Attack Train Ground Truth and Predict Sets
Train F1: 0.642707
AUC: 0.628380
Train Acc: 58.246% (3786/6500) | Loss: 0.656
Saved Attack Test Ground Truth and Predict Sets
Test F1: 0.678789
AUC: 0.642871
Test Acc: 60.323% (3921/6500)
Best Acc: 0.606615
 F1: 0.660740
AUC: 0.643424
Saved Attack Model to results/train_layer_deep/stl10-resnet50/block_deep_2_100/meminf_top3.pth
