Finished Saving Train Dataset to results/train_layer_deep/tinyimagenet200-mobilenetv2/block_deep_23_1000/meminf_attack_top3_train.p
Finished Saving Test Dataset to results/train_layer_deep/tinyimagenet200-mobilenetv2/block_deep_23_1000/meminf_attack_top3_test.p
Epoch 1 :
Train Acc: 50.307% (27669/55000) | Loss: 0.692
Saved Attack Test Ground Truth and Predict Sets
Test F1: 0.564363
AUC: 0.498435
Test Acc: 50.129% (27571/55000)
Epoch 2 :
Train Acc: 50.382% (27710/55000) | Loss: 0.692
Test Acc: 49.835% (27409/55000)
Epoch 3 :
Train Acc: 50.795% (27937/55000) | Loss: 0.692
Test Acc: 49.833% (27408/55000)
Epoch 4 :
Train Acc: 51.022% (28062/55000) | Loss: 0.692
Test Acc: 49.913% (27452/55000)
Epoch 5 :
Train Acc: 50.944% (28019/55000) | Loss: 0.692
Test Acc: 49.911% (27451/55000)
Epoch 6 :
Train Acc: 51.067% (28087/55000) | Loss: 0.692
Test Acc: 49.882% (27435/55000)
Epoch 7 :
Train Acc: 51.040% (28072/55000) | Loss: 0.692
Test Acc: 49.862% (27424/55000)
Epoch 8 :
Train Acc: 51.013% (28057/55000) | Loss: 0.692
Test Acc: 49.889% (27439/55000)
Epoch 9 :
Train Acc: 51.085% (28097/55000) | Loss: 0.692
Test Acc: 49.847% (27416/55000)
Epoch 10 :
Saved Attack Train Ground Truth and Predict Sets
Train F1: 0.420735
AUC: 0.515274
Train Acc: 51.136% (28125/55000) | Loss: 0.692
Saved Attack Test Ground Truth and Predict Sets
Test F1: 0.177788
AUC: 0.499112
Test Acc: 49.885% (27437/55000)
Best Acc: 0.501291
 F1: 0.564363
AUC: 0.498435
Saved Attack Model to results/train_layer_deep/tinyimagenet200-mobilenetv2/block_deep_23_1000/meminf_top3.pth
