Finished Saving Train Dataset to results/train_layer/stl10-mobilenetv2/block_shallow_9_100/meminf_attack_top3_train.p
Finished Saving Test Dataset to results/train_layer/stl10-mobilenetv2/block_shallow_9_100/meminf_attack_top3_test.p
Epoch 1 :
Train Acc: 53.000% (3445/6500) | Loss: 0.685
Saved Attack Test Ground Truth and Predict Sets
Test F1: 0.677487
AUC: 0.656130
Test Acc: 52.923% (3440/6500)
Epoch 2 :
Train Acc: 56.108% (3647/6500) | Loss: 0.683
Saved Attack Test Ground Truth and Predict Sets
Test F1: 0.687493
AUC: 0.662305
Test Acc: 55.523% (3609/6500)
Epoch 3 :
Train Acc: 59.277% (3853/6500) | Loss: 0.680
Saved Attack Test Ground Truth and Predict Sets
Test F1: 0.689198
AUC: 0.663269
Test Acc: 56.000% (3640/6500)
Epoch 4 :
Train Acc: 58.708% (3816/6500) | Loss: 0.676
Saved Attack Test Ground Truth and Predict Sets
Test F1: 0.691474
AUC: 0.664309
Test Acc: 56.631% (3681/6500)
Epoch 5 :
Train Acc: 60.723% (3947/6500) | Loss: 0.671
Saved Attack Test Ground Truth and Predict Sets
Test F1: 0.692164
AUC: 0.664743
Test Acc: 56.908% (3699/6500)
Epoch 6 :
Train Acc: 61.108% (3972/6500) | Loss: 0.665
Saved Attack Test Ground Truth and Predict Sets
Test F1: 0.696329
AUC: 0.667384
Test Acc: 58.000% (3770/6500)
Epoch 7 :
Train Acc: 61.738% (4013/6500) | Loss: 0.657
Test Acc: 57.631% (3746/6500)
Epoch 8 :
Train Acc: 64.000% (4160/6500) | Loss: 0.652
Test Acc: 57.323% (3726/6500)
Epoch 9 :
Train Acc: 58.138% (3779/6500) | Loss: 0.651
Saved Attack Test Ground Truth and Predict Sets
Test F1: 0.704986
AUC: 0.657518
Test Acc: 60.677% (3944/6500)
Epoch 10 :
Saved Attack Train Ground Truth and Predict Sets
Train F1: 0.719216
AUC: 0.658976
Train Acc: 61.200% (3978/6500) | Loss: 0.646
Saved Attack Test Ground Truth and Predict Sets
Test F1: 0.142248
AUC: 0.655002
Test Acc: 50.462% (3280/6500)
Best Acc: 0.606769
 F1: 0.704986
AUC: 0.657518
Saved Attack Model to results/train_layer/stl10-mobilenetv2/block_shallow_9_100/meminf_top3.pth
