Finished Saving Train Dataset to results/train_layer_deep/cifar10-mobilenetv2/block_deep_53_1000/meminf_attack_top3_train.p
Finished Saving Test Dataset to results/train_layer_deep/cifar10-mobilenetv2/block_deep_53_1000/meminf_attack_top3_test.p
Epoch 1 :
Train Acc: 55.380% (16614/30000) | Loss: 0.688
Saved Attack Test Ground Truth and Predict Sets
Test F1: 0.216140
AUC: 0.500978
Test Acc: 49.783% (14935/30000)
Epoch 2 :
Train Acc: 55.143% (16543/30000) | Loss: 0.680
Saved Attack Test Ground Truth and Predict Sets
Test F1: 0.365526
AUC: 0.502547
Test Acc: 50.137% (15041/30000)
Epoch 3 :
Train Acc: 55.713% (16714/30000) | Loss: 0.677
Test Acc: 50.023% (15007/30000)
Epoch 4 :
Train Acc: 55.500% (16650/30000) | Loss: 0.667
Test Acc: 50.060% (15018/30000)
Epoch 5 :
Train Acc: 57.283% (17185/30000) | Loss: 0.661
Test Acc: 50.000% (15000/30000)
Epoch 6 :
Train Acc: 57.657% (17297/30000) | Loss: 0.656
Test Acc: 50.023% (15007/30000)
Epoch 7 :
Train Acc: 57.903% (17371/30000) | Loss: 0.655
Saved Attack Test Ground Truth and Predict Sets
Test F1: 0.219182
AUC: 0.502310
Test Acc: 50.150% (15045/30000)
Epoch 8 :
Train Acc: 58.390% (17517/30000) | Loss: 0.651
Saved Attack Test Ground Truth and Predict Sets
Test F1: 0.260572
AUC: 0.502379
Test Acc: 50.283% (15085/30000)
Epoch 9 :
Train Acc: 58.830% (17649/30000) | Loss: 0.656
Test Acc: 50.043% (15013/30000)
Epoch 10 :
Saved Attack Train Ground Truth and Predict Sets
Train F1: 0.596871
AUC: 0.611603
Train Acc: 57.310% (17193/30000) | Loss: 0.651
Saved Attack Test Ground Truth and Predict Sets
Test F1: 0.269743
AUC: 0.502351
Test Acc: 50.313% (15094/30000)
Best Acc: 0.503133
 F1: 0.269743
AUC: 0.502351
Saved Attack Model to results/train_layer_deep/cifar10-mobilenetv2/block_deep_53_1000/meminf_top3.pth
