Finished Saving Train Dataset to results/train_layer/tinyimagenet200-resnet18/block_shallow_2_300/meminf_attack_top3_train.p
Finished Saving Test Dataset to results/train_layer/tinyimagenet200-resnet18/block_shallow_2_300/meminf_attack_top3_test.p
Epoch 1 :
Train Acc: 81.309% (44720/55000) | Loss: 0.581
Saved Attack Test Ground Truth and Predict Sets
Test F1: 0.836313
AUC: 0.888263
Test Acc: 82.540% (45397/55000)
Epoch 2 :
Train Acc: 89.747% (49361/55000) | Loss: 0.423
Saved Attack Test Ground Truth and Predict Sets
Test F1: 0.836326
AUC: 0.889406
Test Acc: 82.629% (45446/55000)
Epoch 3 :
Train Acc: 85.955% (47275/55000) | Loss: 0.454
Test Acc: 80.195% (44107/55000)
Epoch 4 :
Train Acc: 75.604% (41582/55000) | Loss: 0.556
Test Acc: 75.480% (41514/55000)
Epoch 5 :
Train Acc: 78.549% (43202/55000) | Loss: 0.527
Test Acc: 80.140% (44077/55000)
Epoch 6 :
Train Acc: 85.258% (46892/55000) | Loss: 0.460
Saved Attack Test Ground Truth and Predict Sets
Test F1: 0.833948
AUC: 0.849757
Test Acc: 82.815% (45548/55000)
Epoch 7 :
Train Acc: 89.640% (49302/55000) | Loss: 0.416
Test Acc: 81.958% (45077/55000)
Epoch 8 :
Train Acc: 82.371% (45304/55000) | Loss: 0.489
Test Acc: 78.771% (43324/55000)
Epoch 9 :
Train Acc: 78.569% (43213/55000) | Loss: 0.527
Test Acc: 76.904% (42297/55000)
Epoch 10 :
Saved Attack Train Ground Truth and Predict Sets
Train F1: 0.812901
AUC: 0.771199
Train Acc: 76.985% (42342/55000) | Loss: 0.543
Saved Attack Test Ground Truth and Predict Sets
Test F1: 0.803186
AUC: 0.765072
Test Acc: 76.369% (42003/55000)
Best Acc: 0.828145
 F1: 0.833948
AUC: 0.849757
Saved Attack Model to results/train_layer/tinyimagenet200-resnet18/block_shallow_2_300/meminf_top3.pth
