Finished Saving Train Dataset to results/train_layer/tinyimagenet200-resnet34/block_shallow_1_300/meminf_attack_mode0_train.p
Finished Saving Test Dataset to results/train_layer/tinyimagenet200-resnet34/block_shallow_1_300/meminf_attack_mode0_test.p
Epoch 1 :
Train Acc: 89.113% (49012/55000) | Loss: 0.456
Saved Attack Test Ground Truth and Predict Sets
Test F1: 0.576008
AUC: 0.896674
Test Acc: 68.640% (37752/55000)
Epoch 2 :
Train Acc: 81.976% (45087/55000) | Loss: 0.486
Saved Attack Test Ground Truth and Predict Sets
Test F1: 0.846351
AUC: 0.900645
Test Acc: 84.276% (46352/55000)
Epoch 3 :
Train Acc: 86.295% (47462/55000) | Loss: 0.447
Test Acc: 83.396% (45868/55000)
Epoch 4 :
Train Acc: 87.689% (48229/55000) | Loss: 0.434
Test Acc: 78.142% (42978/55000)
Epoch 5 :
Train Acc: 90.433% (49738/55000) | Loss: 0.408
Test Acc: 71.278% (39203/55000)
Epoch 6 :
Train Acc: 91.509% (50330/55000) | Loss: 0.397
Test Acc: 83.553% (45954/55000)
Epoch 7 :
Train Acc: 93.045% (51175/55000) | Loss: 0.382
Test Acc: 82.956% (45626/55000)
Epoch 8 :
Train Acc: 94.267% (51847/55000) | Loss: 0.370
Test Acc: 76.493% (42071/55000)
Epoch 9 :
Train Acc: 94.291% (51860/55000) | Loss: 0.370
Test Acc: 82.147% (45181/55000)
Epoch 10 :
Saved Attack Train Ground Truth and Predict Sets
Train F1: 0.944467
AUC: 0.947030
Train Acc: 94.184% (51801/55000) | Loss: 0.371
Saved Attack Test Ground Truth and Predict Sets
Test F1: 0.830787
AUC: 0.852315
Test Acc: 83.367% (45852/55000)
Best Acc: 0.842764
 F1: 0.846351
AUC: 0.900645
Saved Attack Model to results/train_layer/tinyimagenet200-resnet34/block_shallow_1_300/meminf_attack0.pth
