Finished Saving Train Dataset to results/train_layer/tinyimagenet200-resnet34/block_shallow_1_300/meminf_attack_top3_train.p
Finished Saving Test Dataset to results/train_layer/tinyimagenet200-resnet34/block_shallow_1_300/meminf_attack_top3_test.p
Epoch 1 :
Train Acc: 78.562% (43209/55000) | Loss: 0.594
Saved Attack Test Ground Truth and Predict Sets
Test F1: 0.848559
AUC: 0.903919
Test Acc: 83.145% (45730/55000)
Epoch 2 :
Train Acc: 88.322% (48577/55000) | Loss: 0.436
Saved Attack Test Ground Truth and Predict Sets
Test F1: 0.853731
AUC: 0.903929
Test Acc: 84.320% (46376/55000)
Epoch 3 :
Train Acc: 79.502% (43726/55000) | Loss: 0.520
Test Acc: 72.884% (40086/55000)
Epoch 4 :
Train Acc: 77.307% (42519/55000) | Loss: 0.539
Test Acc: 83.104% (45707/55000)
Epoch 5 :
Train Acc: 81.947% (45071/55000) | Loss: 0.491
Test Acc: 75.049% (41277/55000)
Epoch 6 :
Train Acc: 71.551% (39353/55000) | Loss: 0.597
Test Acc: 69.855% (38420/55000)
Epoch 7 :
Train Acc: 69.402% (38171/55000) | Loss: 0.618
Test Acc: 70.573% (38815/55000)
Epoch 8 :
Train Acc: 71.656% (39411/55000) | Loss: 0.596
Test Acc: 73.651% (40508/55000)
Epoch 9 :
Train Acc: 74.684% (41076/55000) | Loss: 0.566
Test Acc: 76.180% (41899/55000)
Epoch 10 :
Saved Attack Train Ground Truth and Predict Sets
Train F1: 0.813840
AUC: 0.773616
Train Acc: 77.129% (42421/55000) | Loss: 0.541
Saved Attack Test Ground Truth and Predict Sets
Test F1: 0.816991
AUC: 0.785064
Test Acc: 78.255% (43040/55000)
Best Acc: 0.843200
 F1: 0.853731
AUC: 0.903929
Saved Attack Model to results/train_layer/tinyimagenet200-resnet34/block_shallow_1_300/meminf_top3.pth
