Finished Saving Train Dataset to results/train_layer/stl10-mobilenetv2/block_shallow_13_100/meminf_attack_top3_train.p
Finished Saving Test Dataset to results/train_layer/stl10-mobilenetv2/block_shallow_13_100/meminf_attack_top3_test.p
Epoch 1 :
Train Acc: 53.000% (3445/6500) | Loss: 0.685
Saved Attack Test Ground Truth and Predict Sets
Test F1: 0.675787
AUC: 0.626922
Test Acc: 52.969% (3443/6500)
Epoch 2 :
Train Acc: 56.108% (3647/6500) | Loss: 0.683
Saved Attack Test Ground Truth and Predict Sets
Test F1: 0.680257
AUC: 0.631489
Test Acc: 54.877% (3567/6500)
Epoch 3 :
Train Acc: 59.277% (3853/6500) | Loss: 0.680
Saved Attack Test Ground Truth and Predict Sets
Test F1: 0.681733
AUC: 0.632574
Test Acc: 55.369% (3599/6500)
Epoch 4 :
Train Acc: 58.708% (3816/6500) | Loss: 0.676
Saved Attack Test Ground Truth and Predict Sets
Test F1: 0.683634
AUC: 0.633624
Test Acc: 56.015% (3641/6500)
Epoch 5 :
Train Acc: 60.723% (3947/6500) | Loss: 0.671
Saved Attack Test Ground Truth and Predict Sets
Test F1: 0.684164
AUC: 0.634146
Test Acc: 56.308% (3660/6500)
Epoch 6 :
Train Acc: 61.108% (3972/6500) | Loss: 0.665
Saved Attack Test Ground Truth and Predict Sets
Test F1: 0.684597
AUC: 0.635695
Test Acc: 57.062% (3709/6500)
Epoch 7 :
Train Acc: 61.738% (4013/6500) | Loss: 0.657
Test Acc: 56.908% (3699/6500)
Epoch 8 :
Train Acc: 64.000% (4160/6500) | Loss: 0.652
Test Acc: 56.538% (3675/6500)
Epoch 9 :
Train Acc: 58.138% (3779/6500) | Loss: 0.651
Saved Attack Test Ground Truth and Predict Sets
Test F1: 0.684025
AUC: 0.625228
Test Acc: 58.738% (3818/6500)
Epoch 10 :
Saved Attack Train Ground Truth and Predict Sets
Train F1: 0.719216
AUC: 0.658976
Train Acc: 61.200% (3978/6500) | Loss: 0.646
Saved Attack Test Ground Truth and Predict Sets
Test F1: 0.131403
AUC: 0.624725
Test Acc: 50.169% (3261/6500)
Best Acc: 0.587385
 F1: 0.684025
AUC: 0.625228
Saved Attack Model to results/train_layer/stl10-mobilenetv2/block_shallow_13_100/meminf_top3.pth
