Finished Saving Train Dataset to results/train_layer_deep/stl10-resnet50/block_deep_15_100/meminf_attack_top3_train.p
Finished Saving Test Dataset to results/train_layer_deep/stl10-resnet50/block_deep_15_100/meminf_attack_top3_test.p
Epoch 1 :
Train Acc: 53.308% (3465/6500) | Loss: 0.685
Saved Attack Test Ground Truth and Predict Sets
Test F1: 0.561427
AUC: 0.487792
Test Acc: 48.923% (3180/6500)
Epoch 2 :
Train Acc: 56.154% (3650/6500) | Loss: 0.682
Test Acc: 48.569% (3157/6500)
Epoch 3 :
Train Acc: 59.354% (3858/6500) | Loss: 0.679
Test Acc: 48.708% (3166/6500)
Epoch 4 :
Train Acc: 59.338% (3857/6500) | Loss: 0.675
Saved Attack Test Ground Truth and Predict Sets
Test F1: 0.431622
AUC: 0.486703
Test Acc: 49.231% (3200/6500)
Epoch 5 :
Train Acc: 60.692% (3945/6500) | Loss: 0.670
Test Acc: 48.692% (3165/6500)
Epoch 6 :
Train Acc: 61.585% (4003/6500) | Loss: 0.662
Test Acc: 48.615% (3160/6500)
Epoch 7 :
Train Acc: 62.862% (4086/6500) | Loss: 0.655
Test Acc: 48.923% (3180/6500)
Epoch 8 :
Train Acc: 60.262% (3917/6500) | Loss: 0.650
Test Acc: 48.938% (3181/6500)
Epoch 9 :
Train Acc: 60.954% (3962/6500) | Loss: 0.645
Test Acc: 48.923% (3180/6500)
Epoch 10 :
Saved Attack Train Ground Truth and Predict Sets
Train F1: 0.642707
AUC: 0.628380
Train Acc: 58.246% (3786/6500) | Loss: 0.656
Saved Attack Test Ground Truth and Predict Sets
Test F1: 0.414784
AUC: 0.486482
Test Acc: 48.600% (3159/6500)
Best Acc: 0.492308
 F1: 0.431622
AUC: 0.486703
Saved Attack Model to results/train_layer_deep/stl10-resnet50/block_deep_15_100/meminf_top3.pth
