Finished Saving Train Dataset to results/train_layer/tinyimagenet200-vgg16_bn/block_shallow_12_300/meminf_attack_top3_train.p
Finished Saving Test Dataset to results/train_layer/tinyimagenet200-vgg16_bn/block_shallow_12_300/meminf_attack_top3_test.p
Epoch 1 :
Train Acc: 59.302% (32616/55000) | Loss: 0.676
Saved Attack Test Ground Truth and Predict Sets
Test F1: 0.222740
AUC: 0.496758
Test Acc: 49.636% (27300/55000)
Epoch 2 :
Train Acc: 59.571% (32764/55000) | Loss: 0.670
Saved Attack Test Ground Truth and Predict Sets
Test F1: 0.130000
AUC: 0.496460
Test Acc: 49.820% (27401/55000)
Epoch 3 :
Train Acc: 59.991% (32995/55000) | Loss: 0.668
Test Acc: 49.747% (27361/55000)
Epoch 4 :
Train Acc: 59.902% (32946/55000) | Loss: 0.668
Saved Attack Test Ground Truth and Predict Sets
Test F1: 0.119891
AUC: 0.496614
Test Acc: 49.922% (27457/55000)
Epoch 5 :
Train Acc: 59.951% (32973/55000) | Loss: 0.667
Test Acc: 49.738% (27356/55000)
Epoch 6 :
Train Acc: 59.969% (32983/55000) | Loss: 0.667
Test Acc: 49.765% (27371/55000)
Epoch 7 :
Train Acc: 60.015% (33008/55000) | Loss: 0.668
Test Acc: 49.791% (27385/55000)
Epoch 8 :
Train Acc: 60.004% (33002/55000) | Loss: 0.667
Test Acc: 49.789% (27384/55000)
Epoch 9 :
Train Acc: 59.998% (32999/55000) | Loss: 0.667
Test Acc: 49.780% (27379/55000)
Epoch 10 :
Saved Attack Train Ground Truth and Predict Sets
Train F1: 0.578874
AUC: 0.626643
Train Acc: 59.951% (32973/55000) | Loss: 0.667
Saved Attack Test Ground Truth and Predict Sets
Test F1: 0.172950
AUC: 0.495935
Test Acc: 49.780% (27379/55000)
Best Acc: 0.499218
 F1: 0.119891
AUC: 0.496614
Saved Attack Model to results/train_layer/tinyimagenet200-vgg16_bn/block_shallow_12_300/meminf_top3.pth
