Finished Saving Train Dataset to results/train_layer_deep/stl10-mobilenetv2/block_deep_3_100/meminf_attack_mode0_train.p
Finished Saving Test Dataset to results/train_layer_deep/stl10-mobilenetv2/block_deep_3_100/meminf_attack_mode0_test.p
Epoch 1 :
Train Acc: 64.215% (4174/6500) | Loss: 0.654
Saved Attack Test Ground Truth and Predict Sets
Test F1: 0.220081
AUC: 0.541811
Test Acc: 52.677% (3424/6500)
Epoch 2 :
Train Acc: 72.200% (4693/6500) | Loss: 0.613
Saved Attack Test Ground Truth and Predict Sets
Test F1: 0.329412
AUC: 0.570383
Test Acc: 54.400% (3536/6500)
Epoch 3 :
Train Acc: 73.154% (4755/6500) | Loss: 0.587
Test Acc: 51.954% (3377/6500)
Epoch 4 :
Train Acc: 73.277% (4763/6500) | Loss: 0.573
Saved Attack Test Ground Truth and Predict Sets
Test F1: 0.335057
AUC: 0.562413
Test Acc: 54.508% (3543/6500)
Epoch 5 :
Train Acc: 73.246% (4761/6500) | Loss: 0.569
Test Acc: 51.938% (3376/6500)
Epoch 6 :
Train Acc: 72.938% (4741/6500) | Loss: 0.568
Saved Attack Test Ground Truth and Predict Sets
Test F1: 0.347130
AUC: 0.563776
Test Acc: 54.862% (3566/6500)
Epoch 7 :
Train Acc: 72.446% (4709/6500) | Loss: 0.575
Test Acc: 53.892% (3503/6500)
Epoch 8 :
Train Acc: 72.277% (4698/6500) | Loss: 0.574
Test Acc: 51.523% (3349/6500)
Epoch 9 :
Train Acc: 73.631% (4786/6500) | Loss: 0.565
Saved Attack Test Ground Truth and Predict Sets
Test F1: 0.362683
AUC: 0.571327
Test Acc: 55.123% (3583/6500)
Epoch 10 :
Saved Attack Train Ground Truth and Predict Sets
Train F1: 0.777497
AUC: 0.758907
Train Acc: 71.523% (4649/6500) | Loss: 0.587
Saved Attack Test Ground Truth and Predict Sets
Test F1: 0.349312
AUC: 0.568511
Test Acc: 54.892% (3568/6500)
Best Acc: 0.551231
 F1: 0.362683
AUC: 0.571327
Saved Attack Model to results/train_layer_deep/stl10-mobilenetv2/block_deep_3_100/meminf_attack0.pth
