Finished Saving Train Dataset to results/train_layer/tinyimagenet200-resnet18/block_shallow_2_100/meminf_attack_top3_train.p
Finished Saving Test Dataset to results/train_layer/tinyimagenet200-resnet18/block_shallow_2_100/meminf_attack_top3_test.p
Epoch 1 :
Train Acc: 81.309% (44720/55000) | Loss: 0.581
Saved Attack Test Ground Truth and Predict Sets
Test F1: 0.807105
AUC: 0.865394
Test Acc: 80.176% (44097/55000)
Epoch 2 :
Train Acc: 89.747% (49361/55000) | Loss: 0.423
Saved Attack Test Ground Truth and Predict Sets
Test F1: 0.806458
AUC: 0.866044
Test Acc: 80.231% (44127/55000)
Epoch 3 :
Train Acc: 85.955% (47275/55000) | Loss: 0.454
Test Acc: 79.022% (43462/55000)
Epoch 4 :
Train Acc: 75.604% (41582/55000) | Loss: 0.556
Test Acc: 75.267% (41397/55000)
Epoch 5 :
Train Acc: 78.549% (43202/55000) | Loss: 0.527
Test Acc: 78.958% (43427/55000)
Epoch 6 :
Train Acc: 85.258% (46892/55000) | Loss: 0.460
Test Acc: 79.969% (43983/55000)
Epoch 7 :
Train Acc: 89.640% (49302/55000) | Loss: 0.416
Test Acc: 80.105% (44058/55000)
Epoch 8 :
Train Acc: 82.371% (45304/55000) | Loss: 0.489
Test Acc: 77.902% (42846/55000)
Epoch 9 :
Train Acc: 78.569% (43213/55000) | Loss: 0.527
Test Acc: 76.425% (42034/55000)
Epoch 10 :
Saved Attack Train Ground Truth and Predict Sets
Train F1: 0.812901
AUC: 0.771199
Train Acc: 76.985% (42342/55000) | Loss: 0.543
Saved Attack Test Ground Truth and Predict Sets
Test F1: 0.795655
AUC: 0.761741
Test Acc: 75.989% (41794/55000)
Best Acc: 0.802309
 F1: 0.806458
AUC: 0.866044
Saved Attack Model to results/train_layer/tinyimagenet200-resnet18/block_shallow_2_100/meminf_top3.pth
