Finished Saving Train Dataset to results/train_layer_deep/tinyimagenet200-mobilenetv2/block_deep_43_1000/meminf_attack_top3_train.p
Finished Saving Test Dataset to results/train_layer_deep/tinyimagenet200-mobilenetv2/block_deep_43_1000/meminf_attack_top3_test.p
Epoch 1 :
Train Acc: 50.307% (27669/55000) | Loss: 0.692
Saved Attack Test Ground Truth and Predict Sets
Test F1: 0.578232
AUC: 0.500645
Test Acc: 50.116% (27564/55000)
Epoch 2 :
Train Acc: 50.382% (27710/55000) | Loss: 0.692
Test Acc: 50.089% (27549/55000)
Epoch 3 :
Train Acc: 50.795% (27937/55000) | Loss: 0.692
Test Acc: 50.044% (27524/55000)
Epoch 4 :
Train Acc: 51.022% (28062/55000) | Loss: 0.692
Saved Attack Test Ground Truth and Predict Sets
Test F1: 0.304833
AUC: 0.500310
Test Acc: 50.153% (27584/55000)
Epoch 5 :
Train Acc: 50.944% (28019/55000) | Loss: 0.692
Test Acc: 49.991% (27495/55000)
Epoch 6 :
Train Acc: 51.067% (28087/55000) | Loss: 0.692
Test Acc: 50.007% (27504/55000)
Epoch 7 :
Train Acc: 51.040% (28072/55000) | Loss: 0.692
Test Acc: 50.069% (27538/55000)
Epoch 8 :
Train Acc: 51.013% (28057/55000) | Loss: 0.692
Test Acc: 50.042% (27523/55000)
Epoch 9 :
Train Acc: 51.085% (28097/55000) | Loss: 0.692
Test Acc: 49.931% (27462/55000)
Epoch 10 :
Saved Attack Train Ground Truth and Predict Sets
Train F1: 0.420735
AUC: 0.515274
Train Acc: 51.136% (28125/55000) | Loss: 0.692
Saved Attack Test Ground Truth and Predict Sets
Test F1: 0.172877
AUC: 0.500885
Test Acc: 50.033% (27518/55000)
Best Acc: 0.501527
 F1: 0.304833
AUC: 0.500310
Saved Attack Model to results/train_layer_deep/tinyimagenet200-mobilenetv2/block_deep_43_1000/meminf_top3.pth
