Finished Saving Train Dataset to results/train_layer/tinyimagenet200-mobilenetv2/block_shallow_1_1000/meminf_attack_top3_train.p
Finished Saving Test Dataset to results/train_layer/tinyimagenet200-mobilenetv2/block_shallow_1_1000/meminf_attack_top3_test.p
Epoch 1 :
Train Acc: 50.307% (27669/55000) | Loss: 0.692
Saved Attack Test Ground Truth and Predict Sets
Test F1: 0.666570
AUC: 0.503140
Test Acc: 50.013% (27507/55000)
Epoch 2 :
Train Acc: 50.382% (27710/55000) | Loss: 0.692
Test Acc: 49.847% (27416/55000)
Epoch 3 :
Train Acc: 50.795% (27937/55000) | Loss: 0.692
Saved Attack Test Ground Truth and Predict Sets
Test F1: 0.541756
AUC: 0.503095
Test Acc: 50.356% (27696/55000)
Epoch 4 :
Train Acc: 51.022% (28062/55000) | Loss: 0.692
Test Acc: 49.955% (27475/55000)
Epoch 5 :
Train Acc: 50.944% (28019/55000) | Loss: 0.692
Saved Attack Test Ground Truth and Predict Sets
Test F1: 0.541814
AUC: 0.503227
Test Acc: 50.371% (27704/55000)
Epoch 6 :
Train Acc: 51.067% (28087/55000) | Loss: 0.692
Test Acc: 50.335% (27684/55000)
Epoch 7 :
Train Acc: 51.040% (28072/55000) | Loss: 0.692
Test Acc: 50.127% (27570/55000)
Epoch 8 :
Train Acc: 51.013% (28057/55000) | Loss: 0.692
Test Acc: 50.322% (27677/55000)
Epoch 9 :
Train Acc: 51.085% (28097/55000) | Loss: 0.692
Saved Attack Test Ground Truth and Predict Sets
Test F1: 0.526126
AUC: 0.503360
Test Acc: 50.400% (27720/55000)
Epoch 10 :
Saved Attack Train Ground Truth and Predict Sets
Train F1: 0.420735
AUC: 0.515274
Train Acc: 51.136% (28125/55000) | Loss: 0.692
Saved Attack Test Ground Truth and Predict Sets
Test F1: 0.560376
AUC: 0.503354
Test Acc: 50.387% (27713/55000)
Best Acc: 0.504000
 F1: 0.526126
AUC: 0.503360
Saved Attack Model to results/train_layer/tinyimagenet200-mobilenetv2/block_shallow_1_1000/meminf_top3.pth
