Finished Saving Train Dataset to results/train_layer/tinyimagenet200-resnet18/block_shallow_7_100/meminf_attack_top3_train.p
Finished Saving Test Dataset to results/train_layer/tinyimagenet200-resnet18/block_shallow_7_100/meminf_attack_top3_test.p
Epoch 1 :
Train Acc: 81.309% (44720/55000) | Loss: 0.581
Saved Attack Test Ground Truth and Predict Sets
Test F1: 0.265217
AUC: 0.544074
Test Acc: 52.196% (28708/55000)
Epoch 2 :
Train Acc: 89.747% (49361/55000) | Loss: 0.423
Test Acc: 52.178% (28698/55000)
Epoch 3 :
Train Acc: 85.955% (47275/55000) | Loss: 0.454
Saved Attack Test Ground Truth and Predict Sets
Test F1: 0.354913
AUC: 0.543163
Test Acc: 52.769% (29023/55000)
Epoch 4 :
Train Acc: 75.604% (41582/55000) | Loss: 0.556
Saved Attack Test Ground Truth and Predict Sets
Test F1: 0.446711
AUC: 0.539652
Test Acc: 53.240% (29282/55000)
Epoch 5 :
Train Acc: 78.549% (43202/55000) | Loss: 0.527
Test Acc: 52.836% (29060/55000)
Epoch 6 :
Train Acc: 85.258% (46892/55000) | Loss: 0.460
Test Acc: 51.893% (28541/55000)
Epoch 7 :
Train Acc: 89.640% (49302/55000) | Loss: 0.416
Test Acc: 52.516% (28884/55000)
Epoch 8 :
Train Acc: 82.371% (45304/55000) | Loss: 0.489
Test Acc: 53.020% (29161/55000)
Epoch 9 :
Train Acc: 78.569% (43213/55000) | Loss: 0.527
Test Acc: 53.107% (29209/55000)
Epoch 10 :
Saved Attack Train Ground Truth and Predict Sets
Train F1: 0.812901
AUC: 0.771199
Train Acc: 76.985% (42342/55000) | Loss: 0.543
Saved Attack Test Ground Truth and Predict Sets
Test F1: 0.434670
AUC: 0.532485
Test Acc: 53.169% (29243/55000)
Best Acc: 0.532400
 F1: 0.446711
AUC: 0.539652
Saved Attack Model to results/train_layer/tinyimagenet200-resnet18/block_shallow_7_100/meminf_top3.pth
