Finished Saving Train Dataset to results/train_layer/tinyimagenet200-resnet18/block_shallow_7_100/meminf_attack_mode3_train.p
Finished Saving Test Dataset to results/train_layer/tinyimagenet200-resnet18/block_shallow_7_100/meminf_attack_mode3_test.p
Epoch 1 :
Train Acc: 72.878% (40083/55000) | Loss: 0.517
Saved Attack Test Ground Truth and Predict Sets
Test F1: 0.112329
AUC: 0.631286
Test Acc: 51.120% (28116/55000)
Epoch 2 :
Train Acc: 85.222% (46872/55000) | Loss: 0.345
Test Acc: 50.389% (27714/55000)
Epoch 3 :
Train Acc: 87.280% (48004/55000) | Loss: 0.311
Test Acc: 50.324% (27678/55000)
Epoch 4 :
Train Acc: 88.242% (48533/55000) | Loss: 0.289
Saved Attack Test Ground Truth and Predict Sets
Test F1: 0.109377
AUC: 0.629257
Test Acc: 51.144% (28129/55000)
Epoch 5 :
Train Acc: 89.169% (49043/55000) | Loss: 0.283
Test Acc: 50.975% (28036/55000)
Epoch 6 :
Train Acc: 89.651% (49308/55000) | Loss: 0.275
Saved Attack Test Ground Truth and Predict Sets
Test F1: 0.128629
AUC: 0.586915
Test Acc: 51.324% (28228/55000)
Epoch 7 :
Train Acc: 89.909% (49450/55000) | Loss: 0.264
Test Acc: 51.216% (28169/55000)
Epoch 8 :
Train Acc: 90.325% (49679/55000) | Loss: 0.249
Test Acc: 51.085% (28097/55000)
Epoch 9 :
Train Acc: 90.804% (49942/55000) | Loss: 0.234
Test Acc: 50.285% (27657/55000)
Epoch 10 :
Saved Attack Train Ground Truth and Predict Sets
Train F1: 0.918744
AUC: 0.927023
Train Acc: 91.360% (50248/55000) | Loss: 0.232
Saved Attack Test Ground Truth and Predict Sets
Test F1: 0.072281
AUC: 0.563673
Test Acc: 50.667% (27867/55000)
Best Acc: 0.513236
 F1: 0.128629
AUC: 0.586915
Saved Attack Model
