Finished Saving Train Dataset to results/train_layer/tinyimagenet200-mobilenetv2/block_shallow_49_1000/meminf_attack_top3_train.p
Finished Saving Test Dataset to results/train_layer/tinyimagenet200-mobilenetv2/block_shallow_49_1000/meminf_attack_top3_test.p
Epoch 1 :
Train Acc: 50.307% (27669/55000) | Loss: 0.692
Saved Attack Test Ground Truth and Predict Sets
Test F1: 0.647843
AUC: 0.498917
Test Acc: 50.020% (27511/55000)
Epoch 2 :
Train Acc: 50.382% (27710/55000) | Loss: 0.692
Test Acc: 49.678% (27323/55000)
Epoch 3 :
Train Acc: 50.795% (27937/55000) | Loss: 0.692
Saved Attack Test Ground Truth and Predict Sets
Test F1: 0.302659
AUC: 0.499517
Test Acc: 50.082% (27545/55000)
Epoch 4 :
Train Acc: 51.022% (28062/55000) | Loss: 0.692
Test Acc: 49.922% (27457/55000)
Epoch 5 :
Train Acc: 50.944% (28019/55000) | Loss: 0.692
Test Acc: 50.071% (27539/55000)
Epoch 6 :
Train Acc: 51.067% (28087/55000) | Loss: 0.692
Saved Attack Test Ground Truth and Predict Sets
Test F1: 0.213552
AUC: 0.499244
Test Acc: 50.156% (27586/55000)
Epoch 7 :
Train Acc: 51.040% (28072/55000) | Loss: 0.692
Test Acc: 49.951% (27473/55000)
Epoch 8 :
Train Acc: 51.013% (28057/55000) | Loss: 0.692
Test Acc: 50.011% (27506/55000)
Epoch 9 :
Train Acc: 51.085% (28097/55000) | Loss: 0.692
Saved Attack Test Ground Truth and Predict Sets
Test F1: 0.266288
AUC: 0.499266
Test Acc: 50.204% (27612/55000)
Epoch 10 :
Saved Attack Train Ground Truth and Predict Sets
Train F1: 0.420735
AUC: 0.515274
Train Acc: 51.136% (28125/55000) | Loss: 0.692
Saved Attack Test Ground Truth and Predict Sets
Test F1: 0.312051
AUC: 0.499279
Test Acc: 50.064% (27535/55000)
Best Acc: 0.502036
 F1: 0.266288
AUC: 0.499266
Saved Attack Model to results/train_layer/tinyimagenet200-mobilenetv2/block_shallow_49_1000/meminf_top3.pth
