Finished Saving Train Dataset to results/train_layer/stl10-mobilenetv2/block_shallow_11_100/meminf_attack_top3_train.p
Finished Saving Test Dataset to results/train_layer/stl10-mobilenetv2/block_shallow_11_100/meminf_attack_top3_test.p
Epoch 1 :
Train Acc: 53.000% (3445/6500) | Loss: 0.685
Saved Attack Test Ground Truth and Predict Sets
Test F1: 0.675544
AUC: 0.640207
Test Acc: 52.769% (3430/6500)
Epoch 2 :
Train Acc: 56.108% (3647/6500) | Loss: 0.683
Saved Attack Test Ground Truth and Predict Sets
Test F1: 0.681271
AUC: 0.645245
Test Acc: 54.785% (3561/6500)
Epoch 3 :
Train Acc: 59.277% (3853/6500) | Loss: 0.680
Saved Attack Test Ground Truth and Predict Sets
Test F1: 0.684015
AUC: 0.645590
Test Acc: 55.538% (3610/6500)
Epoch 4 :
Train Acc: 58.708% (3816/6500) | Loss: 0.676
Saved Attack Test Ground Truth and Predict Sets
Test F1: 0.686212
AUC: 0.647847
Test Acc: 56.200% (3653/6500)
Epoch 5 :
Train Acc: 60.723% (3947/6500) | Loss: 0.671
Saved Attack Test Ground Truth and Predict Sets
Test F1: 0.687389
AUC: 0.648444
Test Acc: 56.523% (3674/6500)
Epoch 6 :
Train Acc: 61.108% (3972/6500) | Loss: 0.665
Saved Attack Test Ground Truth and Predict Sets
Test F1: 0.688727
AUC: 0.651099
Test Acc: 57.308% (3725/6500)
Epoch 7 :
Train Acc: 61.738% (4013/6500) | Loss: 0.657
Test Acc: 57.046% (3708/6500)
Epoch 8 :
Train Acc: 64.000% (4160/6500) | Loss: 0.652
Test Acc: 56.831% (3694/6500)
Epoch 9 :
Train Acc: 58.138% (3779/6500) | Loss: 0.651
Saved Attack Test Ground Truth and Predict Sets
Test F1: 0.695459
AUC: 0.640535
Test Acc: 59.862% (3891/6500)
Epoch 10 :
Saved Attack Train Ground Truth and Predict Sets
Train F1: 0.719216
AUC: 0.658976
Train Acc: 61.200% (3978/6500) | Loss: 0.646
Saved Attack Test Ground Truth and Predict Sets
Test F1: 0.137286
AUC: 0.639021
Test Acc: 50.308% (3270/6500)
Best Acc: 0.598615
 F1: 0.695459
AUC: 0.640535
Saved Attack Model to results/train_layer/stl10-mobilenetv2/block_shallow_11_100/meminf_top3.pth
