Finished Saving Train Dataset to results/train_layer/stl10-mobilenetv2/block_shallow_40_100/meminf_attack_mode0_train.p
Finished Saving Test Dataset to results/train_layer/stl10-mobilenetv2/block_shallow_40_100/meminf_attack_mode0_test.p
Epoch 1 :
Train Acc: 64.215% (4174/6500) | Loss: 0.654
Saved Attack Test Ground Truth and Predict Sets
Test F1: 0.154527
AUC: 0.500750
Test Acc: 50.000% (3250/6500)
Epoch 2 :
Train Acc: 72.200% (4693/6500) | Loss: 0.613
Saved Attack Test Ground Truth and Predict Sets
Test F1: 0.243548
AUC: 0.502032
Test Acc: 50.400% (3276/6500)
Epoch 3 :
Train Acc: 73.154% (4755/6500) | Loss: 0.587
Test Acc: 50.015% (3251/6500)
Epoch 4 :
Train Acc: 73.277% (4763/6500) | Loss: 0.573
Test Acc: 50.385% (3275/6500)
Epoch 5 :
Train Acc: 73.246% (4761/6500) | Loss: 0.569
Test Acc: 50.000% (3250/6500)
Epoch 6 :
Train Acc: 72.938% (4741/6500) | Loss: 0.568
Test Acc: 50.262% (3267/6500)
Epoch 7 :
Train Acc: 72.446% (4709/6500) | Loss: 0.575
Test Acc: 50.200% (3263/6500)
Epoch 8 :
Train Acc: 72.277% (4698/6500) | Loss: 0.574
Test Acc: 50.077% (3255/6500)
Epoch 9 :
Train Acc: 73.631% (4786/6500) | Loss: 0.565
Test Acc: 49.877% (3242/6500)
Epoch 10 :
Saved Attack Train Ground Truth and Predict Sets
Train F1: 0.777497
AUC: 0.758907
Train Acc: 71.523% (4649/6500) | Loss: 0.587
Saved Attack Test Ground Truth and Predict Sets
Test F1: 0.281752
AUC: 0.501067
Test Acc: 49.800% (3237/6500)
Best Acc: 0.504000
 F1: 0.243548
AUC: 0.502032
Saved Attack Model to results/train_layer/stl10-mobilenetv2/block_shallow_40_100/meminf_attack0.pth
