Finished Saving Train Dataset to results/train_layer/tinyimagenet200-resnet18/block_shallow_4_300/meminf_attack_mode0_train.p
Finished Saving Test Dataset to results/train_layer/tinyimagenet200-resnet18/block_shallow_4_300/meminf_attack_mode0_test.p
Epoch 1 :
Train Acc: 78.713% (43292/55000) | Loss: 0.544
Saved Attack Test Ground Truth and Predict Sets
Test F1: 0.715867
AUC: 0.753645
Test Acc: 64.202% (35311/55000)
Epoch 2 :
Train Acc: 79.562% (43759/55000) | Loss: 0.506
Saved Attack Test Ground Truth and Predict Sets
Test F1: 0.718804
AUC: 0.753191
Test Acc: 65.345% (35940/55000)
Epoch 3 :
Train Acc: 83.033% (45668/55000) | Loss: 0.476
Test Acc: 64.218% (35320/55000)
Epoch 4 :
Train Acc: 82.951% (45623/55000) | Loss: 0.479
Test Acc: 62.215% (34218/55000)
Epoch 5 :
Train Acc: 86.336% (47485/55000) | Loss: 0.445
Test Acc: 62.822% (34552/55000)
Epoch 6 :
Train Acc: 89.035% (48969/55000) | Loss: 0.420
Test Acc: 63.107% (34709/55000)
Epoch 7 :
Train Acc: 89.295% (49112/55000) | Loss: 0.419
Test Acc: 64.815% (35648/55000)
Epoch 8 :
Train Acc: 87.889% (48339/55000) | Loss: 0.433
Saved Attack Test Ground Truth and Predict Sets
Test F1: 0.623216
AUC: 0.742463
Test Acc: 67.700% (37235/55000)
Epoch 9 :
Train Acc: 87.062% (47884/55000) | Loss: 0.441
Saved Attack Test Ground Truth and Predict Sets
Test F1: 0.679263
AUC: 0.737178
Test Acc: 69.600% (38280/55000)
Epoch 10 :
Saved Attack Train Ground Truth and Predict Sets
Train F1: 0.882373
AUC: 0.915580
Train Acc: 87.820% (48301/55000) | Loss: 0.434
Saved Attack Test Ground Truth and Predict Sets
Test F1: 0.712920
AUC: 0.723633
Test Acc: 69.862% (38424/55000)
Best Acc: 0.698618
 F1: 0.712920
AUC: 0.723633
Saved Attack Model to results/train_layer/tinyimagenet200-resnet18/block_shallow_4_300/meminf_attack0.pth
