Finished Saving Train Dataset to results/train_layer/stl10-mobilenetv2/block_shallow_8_100/meminf_attack_top3_train.p
Finished Saving Test Dataset to results/train_layer/stl10-mobilenetv2/block_shallow_8_100/meminf_attack_top3_test.p
Epoch 1 :
Train Acc: 53.000% (3445/6500) | Loss: 0.685
Saved Attack Test Ground Truth and Predict Sets
Test F1: 0.679122
AUC: 0.662669
Test Acc: 53.231% (3460/6500)
Epoch 2 :
Train Acc: 56.108% (3647/6500) | Loss: 0.683
Saved Attack Test Ground Truth and Predict Sets
Test F1: 0.686858
AUC: 0.667832
Test Acc: 55.462% (3605/6500)
Epoch 3 :
Train Acc: 59.277% (3853/6500) | Loss: 0.680
Saved Attack Test Ground Truth and Predict Sets
Test F1: 0.688778
AUC: 0.668389
Test Acc: 55.969% (3638/6500)
Epoch 4 :
Train Acc: 58.708% (3816/6500) | Loss: 0.676
Saved Attack Test Ground Truth and Predict Sets
Test F1: 0.691515
AUC: 0.670908
Test Acc: 56.708% (3686/6500)
Epoch 5 :
Train Acc: 60.723% (3947/6500) | Loss: 0.671
Saved Attack Test Ground Truth and Predict Sets
Test F1: 0.692823
AUC: 0.670653
Test Acc: 57.000% (3705/6500)
Epoch 6 :
Train Acc: 61.108% (3972/6500) | Loss: 0.665
Saved Attack Test Ground Truth and Predict Sets
Test F1: 0.696679
AUC: 0.674331
Test Acc: 58.123% (3778/6500)
Epoch 7 :
Train Acc: 61.738% (4013/6500) | Loss: 0.657
Test Acc: 57.769% (3755/6500)
Epoch 8 :
Train Acc: 64.000% (4160/6500) | Loss: 0.652
Test Acc: 57.462% (3735/6500)
Epoch 9 :
Train Acc: 58.138% (3779/6500) | Loss: 0.651
Saved Attack Test Ground Truth and Predict Sets
Test F1: 0.706344
AUC: 0.663233
Test Acc: 60.831% (3954/6500)
Epoch 10 :
Saved Attack Train Ground Truth and Predict Sets
Train F1: 0.719216
AUC: 0.658976
Train Acc: 61.200% (3978/6500) | Loss: 0.646
Saved Attack Test Ground Truth and Predict Sets
Test F1: 0.142971
AUC: 0.659563
Test Acc: 50.385% (3275/6500)
Best Acc: 0.608308
 F1: 0.706344
AUC: 0.663233
Saved Attack Model to results/train_layer/stl10-mobilenetv2/block_shallow_8_100/meminf_top3.pth
