Finished Saving Train Dataset to results/train_layer/tinyimagenet200-alexnet/block_shallow_4_300/meminf_attack_top3_train.p
Finished Saving Test Dataset to results/train_layer/tinyimagenet200-alexnet/block_shallow_4_300/meminf_attack_top3_test.p
Epoch 1 :
Train Acc: 75.993% (41796/55000) | Loss: 0.613
Saved Attack Test Ground Truth and Predict Sets
Test F1: 0.041235
AUC: 0.499048
Test Acc: 50.031% (27517/55000)
Epoch 2 :
Train Acc: 81.716% (44944/55000) | Loss: 0.504
Test Acc: 49.956% (27476/55000)
Epoch 3 :
Train Acc: 78.091% (42950/55000) | Loss: 0.529
Saved Attack Test Ground Truth and Predict Sets
Test F1: 0.143579
AUC: 0.499417
Test Acc: 50.047% (27526/55000)
Epoch 4 :
Train Acc: 73.302% (40316/55000) | Loss: 0.579
Test Acc: 50.018% (27510/55000)
Epoch 5 :
Train Acc: 83.285% (45807/55000) | Loss: 0.479
Test Acc: 49.998% (27499/55000)
Epoch 6 :
Train Acc: 80.527% (44290/55000) | Loss: 0.507
Test Acc: 50.029% (27516/55000)
Epoch 7 :
Train Acc: 81.633% (44898/55000) | Loss: 0.496
Test Acc: 49.995% (27497/55000)
Epoch 8 :
Train Acc: 87.798% (48289/55000) | Loss: 0.434
Test Acc: 50.011% (27506/55000)
Epoch 9 :
Train Acc: 86.145% (47380/55000) | Loss: 0.451
Test Acc: 50.004% (27502/55000)
Epoch 10 :
Saved Attack Train Ground Truth and Predict Sets
Train F1: 0.893216
AUC: 0.896998
Train Acc: 88.355% (48595/55000) | Loss: 0.429
Saved Attack Test Ground Truth and Predict Sets
Test F1: 0.008510
AUC: 0.500036
Test Acc: 50.005% (27503/55000)
Best Acc: 0.500473
 F1: 0.143579
AUC: 0.499417
Saved Attack Model to results/train_layer/tinyimagenet200-alexnet/block_shallow_4_300/meminf_top3.pth
