Finished Saving Train Dataset to results/train_layer/tinyimagenet200-resnet34/block_shallow_8_100/meminf_attack_mode0_train.p
Finished Saving Test Dataset to results/train_layer/tinyimagenet200-resnet34/block_shallow_8_100/meminf_attack_mode0_test.p
Epoch 1 :
Train Acc: 89.113% (49012/55000) | Loss: 0.456
Saved Attack Test Ground Truth and Predict Sets
Test F1: 0.000145
AUC: 0.503185
Test Acc: 49.996% (27498/55000)
Epoch 2 :
Train Acc: 81.976% (45087/55000) | Loss: 0.486
Test Acc: 49.951% (27473/55000)
Epoch 3 :
Train Acc: 86.295% (47462/55000) | Loss: 0.447
Saved Attack Test Ground Truth and Predict Sets
Test F1: 0.182889
AUC: 0.500408
Test Acc: 50.075% (27541/55000)
Epoch 4 :
Train Acc: 87.689% (48229/55000) | Loss: 0.434
Test Acc: 49.995% (27497/55000)
Epoch 5 :
Train Acc: 90.433% (49738/55000) | Loss: 0.408
Test Acc: 50.004% (27502/55000)
Epoch 6 :
Train Acc: 91.509% (50330/55000) | Loss: 0.397
Test Acc: 49.924% (27458/55000)
Epoch 7 :
Train Acc: 93.045% (51175/55000) | Loss: 0.382
Test Acc: 50.002% (27501/55000)
Epoch 8 :
Train Acc: 94.267% (51847/55000) | Loss: 0.370
Test Acc: 49.996% (27498/55000)
Epoch 9 :
Train Acc: 94.291% (51860/55000) | Loss: 0.370
Test Acc: 49.996% (27498/55000)
Epoch 10 :
Saved Attack Train Ground Truth and Predict Sets
Train F1: 0.944467
AUC: 0.947030
Train Acc: 94.184% (51801/55000) | Loss: 0.371
Saved Attack Test Ground Truth and Predict Sets
Test F1: 0.005426
AUC: 0.500181
Test Acc: 50.005% (27503/55000)
Best Acc: 0.500745
 F1: 0.182889
AUC: 0.500408
Saved Attack Model to results/train_layer/tinyimagenet200-resnet34/block_shallow_8_100/meminf_attack0.pth
