Finished Saving Train Dataset to results/train_layer/stl10-resnet50/block_shallow_16_100/meminf_attack_top3_train.p
Finished Saving Test Dataset to results/train_layer/stl10-resnet50/block_shallow_16_100/meminf_attack_top3_test.p
Epoch 1 :
Train Acc: 53.308% (3465/6500) | Loss: 0.685
Saved Attack Test Ground Truth and Predict Sets
Test F1: 0.574872
AUC: 0.511029
Test Acc: 50.077% (3255/6500)
Epoch 2 :
Train Acc: 56.154% (3650/6500) | Loss: 0.682
Saved Attack Test Ground Truth and Predict Sets
Test F1: 0.498291
AUC: 0.509280
Test Acc: 50.308% (3270/6500)
Epoch 3 :
Train Acc: 59.354% (3858/6500) | Loss: 0.679
Saved Attack Test Ground Truth and Predict Sets
Test F1: 0.481749
AUC: 0.510006
Test Acc: 50.415% (3277/6500)
Epoch 4 :
Train Acc: 59.338% (3857/6500) | Loss: 0.675
Saved Attack Test Ground Truth and Predict Sets
Test F1: 0.456075
AUC: 0.509474
Test Acc: 50.754% (3299/6500)
Epoch 5 :
Train Acc: 60.692% (3945/6500) | Loss: 0.670
Saved Attack Test Ground Truth and Predict Sets
Test F1: 0.440049
AUC: 0.508875
Test Acc: 50.785% (3301/6500)
Epoch 6 :
Train Acc: 61.585% (4003/6500) | Loss: 0.662
Test Acc: 50.738% (3298/6500)
Epoch 7 :
Train Acc: 62.862% (4086/6500) | Loss: 0.655
Test Acc: 50.631% (3291/6500)
Epoch 8 :
Train Acc: 60.262% (3917/6500) | Loss: 0.650
Saved Attack Test Ground Truth and Predict Sets
Test F1: 0.331381
AUC: 0.507918
Test Acc: 50.831% (3304/6500)
Epoch 9 :
Train Acc: 60.954% (3962/6500) | Loss: 0.645
Test Acc: 49.831% (3239/6500)
Epoch 10 :
Saved Attack Train Ground Truth and Predict Sets
Train F1: 0.642707
AUC: 0.628380
Train Acc: 58.246% (3786/6500) | Loss: 0.656
Saved Attack Test Ground Truth and Predict Sets
Test F1: 0.492332
AUC: 0.510637
Test Acc: 50.600% (3289/6500)
Best Acc: 0.508308
 F1: 0.331381
AUC: 0.507918
Saved Attack Model to results/train_layer/stl10-resnet50/block_shallow_16_100/meminf_top3.pth
