Finished Saving Train Dataset to results/train_layer/cifar100-mobilenetv2/block_shallow_18_1000/meminf_attack_mode0_train.p
Finished Saving Test Dataset to results/train_layer/cifar100-mobilenetv2/block_shallow_18_1000/meminf_attack_mode0_test.p
Epoch 1 :
Train Acc: 78.257% (23477/30000) | Loss: 0.545
Saved Attack Test Ground Truth and Predict Sets
Test F1: 0.563687
AUC: 0.575361
Test Acc: 55.880% (16764/30000)
Epoch 2 :
Train Acc: 73.730% (22119/30000) | Loss: 0.563
Test Acc: 55.873% (16762/30000)
Epoch 3 :
Train Acc: 75.783% (22735/30000) | Loss: 0.548
Test Acc: 55.877% (16763/30000)
Epoch 4 :
Train Acc: 77.413% (23224/30000) | Loss: 0.535
Test Acc: 54.450% (16335/30000)
Epoch 5 :
Train Acc: 76.710% (23013/30000) | Loss: 0.541
Test Acc: 55.653% (16696/30000)
Epoch 6 :
Train Acc: 78.513% (23554/30000) | Loss: 0.523
Test Acc: 55.200% (16560/30000)
Epoch 7 :
Train Acc: 78.663% (23599/30000) | Loss: 0.523
Test Acc: 55.770% (16731/30000)
Epoch 8 :
Train Acc: 80.437% (24131/30000) | Loss: 0.503
Test Acc: 55.310% (16593/30000)
Epoch 9 :
Train Acc: 81.407% (24422/30000) | Loss: 0.497
Saved Attack Test Ground Truth and Predict Sets
Test F1: 0.527925
AUC: 0.572558
Test Acc: 55.933% (16780/30000)
Epoch 10 :
Saved Attack Train Ground Truth and Predict Sets
Train F1: 0.826682
AUC: 0.869562
Train Acc: 81.760% (24528/30000) | Loss: 0.491
Saved Attack Test Ground Truth and Predict Sets
Test F1: 0.425763
AUC: 0.572560
Test Acc: 55.213% (16564/30000)
Best Acc: 0.559333
 F1: 0.527925
AUC: 0.572558
Saved Attack Model to results/train_layer/cifar100-mobilenetv2/block_shallow_18_1000/meminf_attack0.pth
