Finished Saving Train Dataset to results/train_layer/cifar100-mobilenetv2/block_shallow_18_1000/meminf_attack_top3_train.p
Finished Saving Test Dataset to results/train_layer/cifar100-mobilenetv2/block_shallow_18_1000/meminf_attack_top3_test.p
Epoch 1 :
Train Acc: 65.653% (19696/30000) | Loss: 0.670
Saved Attack Test Ground Truth and Predict Sets
Test F1: 0.485713
AUC: 0.576677
Test Acc: 55.903% (16771/30000)
Epoch 2 :
Train Acc: 74.003% (22201/30000) | Loss: 0.593
Test Acc: 55.363% (16609/30000)
Epoch 3 :
Train Acc: 75.310% (22593/30000) | Loss: 0.565
Test Acc: 54.333% (16300/30000)
Epoch 4 :
Train Acc: 67.277% (20183/30000) | Loss: 0.628
Test Acc: 55.830% (16749/30000)
Epoch 5 :
Train Acc: 71.653% (21496/30000) | Loss: 0.584
Saved Attack Test Ground Truth and Predict Sets
Test F1: 0.470437
AUC: 0.575165
Test Acc: 55.933% (16780/30000)
Epoch 6 :
Train Acc: 66.973% (20092/30000) | Loss: 0.641
Test Acc: 55.573% (16672/30000)
Epoch 7 :
Train Acc: 64.467% (19340/30000) | Loss: 0.667
Test Acc: 55.543% (16663/30000)
Epoch 8 :
Train Acc: 66.770% (20031/30000) | Loss: 0.643
Test Acc: 55.900% (16770/30000)
Epoch 9 :
Train Acc: 72.210% (21663/30000) | Loss: 0.586
Test Acc: 54.443% (16333/30000)
Epoch 10 :
Saved Attack Train Ground Truth and Predict Sets
Train F1: 0.815524
AUC: 0.825050
Train Acc: 78.340% (23502/30000) | Loss: 0.525
Saved Attack Test Ground Truth and Predict Sets
Test F1: 0.354031
AUC: 0.572689
Test Acc: 54.433% (16330/30000)
Best Acc: 0.559333
 F1: 0.470437
AUC: 0.575165
Saved Attack Model to results/train_layer/cifar100-mobilenetv2/block_shallow_18_1000/meminf_top3.pth
