Finished Saving Train Dataset to results/train_layer/tinyimagenet200-vgg16_bn/block_shallow_1_300/meminf_attack_top3_train.p
Finished Saving Test Dataset to results/train_layer/tinyimagenet200-vgg16_bn/block_shallow_1_300/meminf_attack_top3_test.p
Epoch 1 :
Train Acc: 59.302% (32616/55000) | Loss: 0.676
Saved Attack Test Ground Truth and Predict Sets
Test F1: 0.520310
AUC: 0.557472
Test Acc: 54.202% (29811/55000)
Epoch 2 :
Train Acc: 59.571% (32764/55000) | Loss: 0.670
Saved Attack Test Ground Truth and Predict Sets
Test F1: 0.432378
AUC: 0.557829
Test Acc: 54.215% (29818/55000)
Epoch 3 :
Train Acc: 59.991% (32995/55000) | Loss: 0.668
Saved Attack Test Ground Truth and Predict Sets
Test F1: 0.482460
AUC: 0.558374
Test Acc: 54.318% (29875/55000)
Epoch 4 :
Train Acc: 59.902% (32946/55000) | Loss: 0.668
Test Acc: 54.275% (29851/55000)
Epoch 5 :
Train Acc: 59.951% (32973/55000) | Loss: 0.667
Saved Attack Test Ground Truth and Predict Sets
Test F1: 0.501957
AUC: 0.559017
Test Acc: 54.413% (29927/55000)
Epoch 6 :
Train Acc: 59.969% (32983/55000) | Loss: 0.667
Test Acc: 54.384% (29911/55000)
Epoch 7 :
Train Acc: 60.015% (33008/55000) | Loss: 0.668
Saved Attack Test Ground Truth and Predict Sets
Test F1: 0.491163
AUC: 0.559261
Test Acc: 54.458% (29952/55000)
Epoch 8 :
Train Acc: 60.004% (33002/55000) | Loss: 0.667
Saved Attack Test Ground Truth and Predict Sets
Test F1: 0.495751
AUC: 0.559555
Test Acc: 54.476% (29962/55000)
Epoch 9 :
Train Acc: 59.998% (32999/55000) | Loss: 0.667
Test Acc: 54.467% (29957/55000)
Epoch 10 :
Saved Attack Train Ground Truth and Predict Sets
Train F1: 0.578874
AUC: 0.626643
Train Acc: 59.951% (32973/55000) | Loss: 0.667
Saved Attack Test Ground Truth and Predict Sets
Test F1: 0.496522
AUC: 0.559920
Test Acc: 54.462% (29954/55000)
Best Acc: 0.544764
 F1: 0.495751
AUC: 0.559555
Saved Attack Model to results/train_layer/tinyimagenet200-vgg16_bn/block_shallow_1_300/meminf_top3.pth
