Finished Saving Train Dataset to results/train_layer_deep/stl10-resnet50/block_deep_3_100/meminf_attack_mode0_train.p
Finished Saving Test Dataset to results/train_layer_deep/stl10-resnet50/block_deep_3_100/meminf_attack_mode0_test.p
Epoch 1 :
Train Acc: 63.062% (4099/6500) | Loss: 0.650
Saved Attack Test Ground Truth and Predict Sets
Test F1: 0.256324
AUC: 0.521415
Test Acc: 52.508% (3413/6500)
Epoch 2 :
Train Acc: 74.169% (4821/6500) | Loss: 0.607
Saved Attack Test Ground Truth and Predict Sets
Test F1: 0.313209
AUC: 0.529330
Test Acc: 53.446% (3474/6500)
Epoch 3 :
Train Acc: 73.846% (4800/6500) | Loss: 0.579
Test Acc: 51.462% (3345/6500)
Epoch 4 :
Train Acc: 74.262% (4827/6500) | Loss: 0.564
Test Acc: 53.138% (3454/6500)
Epoch 5 :
Train Acc: 74.077% (4815/6500) | Loss: 0.559
Test Acc: 51.385% (3340/6500)
Epoch 6 :
Train Acc: 74.277% (4828/6500) | Loss: 0.556
Test Acc: 53.246% (3461/6500)
Epoch 7 :
Train Acc: 74.385% (4835/6500) | Loss: 0.555
Test Acc: 51.354% (3338/6500)
Epoch 8 :
Train Acc: 74.108% (4817/6500) | Loss: 0.556
Test Acc: 53.138% (3454/6500)
Epoch 9 :
Train Acc: 73.708% (4791/6500) | Loss: 0.564
Test Acc: 52.954% (3442/6500)
Epoch 10 :
Saved Attack Train Ground Truth and Predict Sets
Train F1: 0.764480
AUC: 0.777042
Train Acc: 73.600% (4784/6500) | Loss: 0.561
Saved Attack Test Ground Truth and Predict Sets
Test F1: 0.148327
AUC: 0.496295
Test Acc: 51.062% (3319/6500)
Best Acc: 0.534462
 F1: 0.313209
AUC: 0.529330
Saved Attack Model to results/train_layer_deep/stl10-resnet50/block_deep_3_100/meminf_attack0.pth
