Finished Saving Train Dataset to results/train_layer_deep/cifar10-mobilenetv2/block_deep_7_1000/meminf_attack_mode0_train.p
Finished Saving Test Dataset to results/train_layer_deep/cifar10-mobilenetv2/block_deep_7_1000/meminf_attack_mode0_test.p
Epoch 1 :
Train Acc: 63.790% (19137/30000) | Loss: 0.646
Saved Attack Test Ground Truth and Predict Sets
Test F1: 0.447681
AUC: 0.580848
Test Acc: 54.747% (16424/30000)
Epoch 2 :
Train Acc: 65.340% (19602/30000) | Loss: 0.633
Saved Attack Test Ground Truth and Predict Sets
Test F1: 0.536414
AUC: 0.584213
Test Acc: 56.120% (16836/30000)
Epoch 3 :
Train Acc: 66.320% (19896/30000) | Loss: 0.624
Test Acc: 54.853% (16456/30000)
Epoch 4 :
Train Acc: 66.903% (20071/30000) | Loss: 0.615
Saved Attack Test Ground Truth and Predict Sets
Test F1: 0.548998
AUC: 0.585101
Test Acc: 56.340% (16902/30000)
Epoch 5 :
Train Acc: 67.017% (20105/30000) | Loss: 0.614
Test Acc: 54.637% (16391/30000)
Epoch 6 :
Train Acc: 67.337% (20201/30000) | Loss: 0.610
Test Acc: 55.630% (16689/30000)
Epoch 7 :
Train Acc: 67.537% (20261/30000) | Loss: 0.612
Test Acc: 54.493% (16348/30000)
Epoch 8 :
Train Acc: 67.270% (20181/30000) | Loss: 0.613
Test Acc: 55.300% (16590/30000)
Epoch 9 :
Train Acc: 67.433% (20230/30000) | Loss: 0.613
Test Acc: 54.923% (16477/30000)
Epoch 10 :
Saved Attack Train Ground Truth and Predict Sets
Train F1: 0.748282
AUC: 0.695088
Train Acc: 67.767% (20330/30000) | Loss: 0.610
Saved Attack Test Ground Truth and Predict Sets
Test F1: 0.449246
AUC: 0.585296
Test Acc: 54.967% (16490/30000)
Best Acc: 0.563400
 F1: 0.548998
AUC: 0.585101
Saved Attack Model to results/train_layer_deep/cifar10-mobilenetv2/block_deep_7_1000/meminf_attack0.pth
