Finished Saving Train Dataset to results/train_layer/stl10-mobilenetv2/block_shallow_31_100/meminf_attack_top3_train.p
Finished Saving Test Dataset to results/train_layer/stl10-mobilenetv2/block_shallow_31_100/meminf_attack_top3_test.p
Epoch 1 :
Train Acc: 53.000% (3445/6500) | Loss: 0.685
Saved Attack Test Ground Truth and Predict Sets
Test F1: 0.649791
AUC: 0.539487
Test Acc: 51.046% (3318/6500)
Epoch 2 :
Train Acc: 56.108% (3647/6500) | Loss: 0.683
Saved Attack Test Ground Truth and Predict Sets
Test F1: 0.630067
AUC: 0.539145
Test Acc: 51.277% (3333/6500)
Epoch 3 :
Train Acc: 59.277% (3853/6500) | Loss: 0.680
Saved Attack Test Ground Truth and Predict Sets
Test F1: 0.626968
AUC: 0.539589
Test Acc: 51.523% (3349/6500)
Epoch 4 :
Train Acc: 58.708% (3816/6500) | Loss: 0.676
Saved Attack Test Ground Truth and Predict Sets
Test F1: 0.621504
AUC: 0.539899
Test Acc: 51.692% (3360/6500)
Epoch 5 :
Train Acc: 60.723% (3947/6500) | Loss: 0.671
Saved Attack Test Ground Truth and Predict Sets
Test F1: 0.619568
AUC: 0.539639
Test Acc: 51.785% (3366/6500)
Epoch 6 :
Train Acc: 61.108% (3972/6500) | Loss: 0.665
Saved Attack Test Ground Truth and Predict Sets
Test F1: 0.612835
AUC: 0.539613
Test Acc: 52.200% (3393/6500)
Epoch 7 :
Train Acc: 61.738% (4013/6500) | Loss: 0.657
Test Acc: 51.892% (3373/6500)
Epoch 8 :
Train Acc: 64.000% (4160/6500) | Loss: 0.652
Test Acc: 51.846% (3370/6500)
Epoch 9 :
Train Acc: 58.138% (3779/6500) | Loss: 0.651
Saved Attack Test Ground Truth and Predict Sets
Test F1: 0.586099
AUC: 0.531598
Test Acc: 53.000% (3445/6500)
Epoch 10 :
Saved Attack Train Ground Truth and Predict Sets
Train F1: 0.719216
AUC: 0.658976
Train Acc: 61.200% (3978/6500) | Loss: 0.646
Saved Attack Test Ground Truth and Predict Sets
Test F1: 0.109812
AUC: 0.529841
Test Acc: 49.615% (3225/6500)
Best Acc: 0.530000
 F1: 0.586099
AUC: 0.531598
Saved Attack Model to results/train_layer/stl10-mobilenetv2/block_shallow_31_100/meminf_top3.pth
