Finished Saving Train Dataset to results/train_layer/tinyimagenet200-vgg16_bn/block_shallow_0_300/meminf_attack_mode0_train.p
Finished Saving Test Dataset to results/train_layer/tinyimagenet200-vgg16_bn/block_shallow_0_300/meminf_attack_mode0_test.p
Epoch 1 :
Train Acc: 51.893% (28541/55000) | Loss: 0.695
Saved Attack Test Ground Truth and Predict Sets
Test F1: 0.666667
AUC: 0.570262
Test Acc: 50.000% (27500/55000)
Epoch 2 :
Train Acc: 55.387% (30463/55000) | Loss: 0.683
Saved Attack Test Ground Truth and Predict Sets
Test F1: 0.560386
AUC: 0.567135
Test Acc: 54.665% (30066/55000)
Epoch 3 :
Train Acc: 52.909% (29100/55000) | Loss: 0.696
Test Acc: 50.113% (27562/55000)
Epoch 4 :
Train Acc: 56.478% (31063/55000) | Loss: 0.683
Test Acc: 54.607% (30034/55000)
Epoch 5 :
Train Acc: 56.067% (30837/55000) | Loss: 0.685
Test Acc: 50.000% (27500/55000)
Epoch 6 :
Train Acc: 52.995% (29147/55000) | Loss: 0.690
Test Acc: 51.438% (28291/55000)
Epoch 7 :
Train Acc: 56.513% (31082/55000) | Loss: 0.683
Test Acc: 53.071% (29189/55000)
Epoch 8 :
Train Acc: 57.067% (31387/55000) | Loss: 0.679
Test Acc: 54.440% (29942/55000)
Epoch 9 :
Train Acc: 56.749% (31212/55000) | Loss: 0.679
Test Acc: 53.765% (29571/55000)
Epoch 10 :
Saved Attack Train Ground Truth and Predict Sets
Train F1: 0.556732
AUC: 0.582710
Train Acc: 56.067% (30837/55000) | Loss: 0.682
Saved Attack Test Ground Truth and Predict Sets
Test F1: 0.651462
AUC: 0.571310
Test Acc: 51.598% (28379/55000)
Best Acc: 0.546655
 F1: 0.560386
AUC: 0.567135
Saved Attack Model to results/train_layer/tinyimagenet200-vgg16_bn/block_shallow_0_300/meminf_attack0.pth
