Finished Saving Train Dataset to results/train_layer/stl10-mobilenetv2/block_shallow_23_100/meminf_attack_top3_train.p
Finished Saving Test Dataset to results/train_layer/stl10-mobilenetv2/block_shallow_23_100/meminf_attack_top3_test.p
Epoch 1 :
Train Acc: 53.000% (3445/6500) | Loss: 0.685
Saved Attack Test Ground Truth and Predict Sets
Test F1: 0.659336
AUC: 0.560843
Test Acc: 51.385% (3340/6500)
Epoch 2 :
Train Acc: 56.108% (3647/6500) | Loss: 0.683
Saved Attack Test Ground Truth and Predict Sets
Test F1: 0.653089
AUC: 0.563186
Test Acc: 52.569% (3417/6500)
Epoch 3 :
Train Acc: 59.277% (3853/6500) | Loss: 0.680
Saved Attack Test Ground Truth and Predict Sets
Test F1: 0.650682
AUC: 0.563553
Test Acc: 52.708% (3426/6500)
Epoch 4 :
Train Acc: 58.708% (3816/6500) | Loss: 0.676
Saved Attack Test Ground Truth and Predict Sets
Test F1: 0.647689
AUC: 0.563542
Test Acc: 52.969% (3443/6500)
Epoch 5 :
Train Acc: 60.723% (3947/6500) | Loss: 0.671
Test Acc: 52.969% (3443/6500)
Epoch 6 :
Train Acc: 61.108% (3972/6500) | Loss: 0.665
Saved Attack Test Ground Truth and Predict Sets
Test F1: 0.643558
AUC: 0.563905
Test Acc: 53.646% (3487/6500)
Epoch 7 :
Train Acc: 61.738% (4013/6500) | Loss: 0.657
Test Acc: 53.462% (3475/6500)
Epoch 8 :
Train Acc: 64.000% (4160/6500) | Loss: 0.652
Test Acc: 53.292% (3464/6500)
Epoch 9 :
Train Acc: 58.138% (3779/6500) | Loss: 0.651
Saved Attack Test Ground Truth and Predict Sets
Test F1: 0.627342
AUC: 0.557625
Test Acc: 54.415% (3537/6500)
Epoch 10 :
Saved Attack Train Ground Truth and Predict Sets
Train F1: 0.719216
AUC: 0.658976
Train Acc: 61.200% (3978/6500) | Loss: 0.646
Saved Attack Test Ground Truth and Predict Sets
Test F1: 0.125303
AUC: 0.556630
Test Acc: 49.954% (3247/6500)
Best Acc: 0.544154
 F1: 0.627342
AUC: 0.557625
Saved Attack Model to results/train_layer/stl10-mobilenetv2/block_shallow_23_100/meminf_top3.pth
