Finished Saving Train Dataset to results/train_layer/stl10-mobilenetv2/block_shallow_23_100/meminf_attack_mode0_train.p
Finished Saving Test Dataset to results/train_layer/stl10-mobilenetv2/block_shallow_23_100/meminf_attack_mode0_test.p
Epoch 1 :
Train Acc: 64.215% (4174/6500) | Loss: 0.654
Saved Attack Test Ground Truth and Predict Sets
Test F1: 0.439769
AUC: 0.549674
Test Acc: 53.708% (3491/6500)
Epoch 2 :
Train Acc: 72.200% (4693/6500) | Loss: 0.613
Saved Attack Test Ground Truth and Predict Sets
Test F1: 0.504333
AUC: 0.555666
Test Acc: 54.246% (3526/6500)
Epoch 3 :
Train Acc: 73.154% (4755/6500) | Loss: 0.587
Test Acc: 53.569% (3482/6500)
Epoch 4 :
Train Acc: 73.277% (4763/6500) | Loss: 0.573
Test Acc: 54.200% (3523/6500)
Epoch 5 :
Train Acc: 73.246% (4761/6500) | Loss: 0.569
Test Acc: 53.692% (3490/6500)
Epoch 6 :
Train Acc: 72.938% (4741/6500) | Loss: 0.568
Test Acc: 54.154% (3520/6500)
Epoch 7 :
Train Acc: 72.446% (4709/6500) | Loss: 0.575
Test Acc: 53.923% (3505/6500)
Epoch 8 :
Train Acc: 72.277% (4698/6500) | Loss: 0.574
Test Acc: 53.662% (3488/6500)
Epoch 9 :
Train Acc: 73.631% (4786/6500) | Loss: 0.565
Test Acc: 54.077% (3515/6500)
Epoch 10 :
Saved Attack Train Ground Truth and Predict Sets
Train F1: 0.777497
AUC: 0.758907
Train Acc: 71.523% (4649/6500) | Loss: 0.587
Saved Attack Test Ground Truth and Predict Sets
Test F1: 0.528379
AUC: 0.554545
Test Acc: 54.108% (3517/6500)
Best Acc: 0.542462
 F1: 0.504333
AUC: 0.555666
Saved Attack Model to results/train_layer/stl10-mobilenetv2/block_shallow_23_100/meminf_attack0.pth
