Finished Saving Train Dataset to results/train_layer_deep/tinyimagenet200-mobilenetv2/block_deep_22_1000/meminf_attack_top3_train.p
Finished Saving Test Dataset to results/train_layer_deep/tinyimagenet200-mobilenetv2/block_deep_22_1000/meminf_attack_top3_test.p
Epoch 1 :
Train Acc: 50.307% (27669/55000) | Loss: 0.692
Saved Attack Test Ground Truth and Predict Sets
Test F1: 0.589994
AUC: 0.498405
Test Acc: 49.844% (27414/55000)
Epoch 2 :
Train Acc: 50.382% (27710/55000) | Loss: 0.692
Saved Attack Test Ground Truth and Predict Sets
Test F1: 0.443044
AUC: 0.498596
Test Acc: 49.853% (27419/55000)
Epoch 3 :
Train Acc: 50.795% (27937/55000) | Loss: 0.692
Saved Attack Test Ground Truth and Predict Sets
Test F1: 0.267636
AUC: 0.499017
Test Acc: 49.998% (27499/55000)
Epoch 4 :
Train Acc: 51.022% (28062/55000) | Loss: 0.692
Saved Attack Test Ground Truth and Predict Sets
Test F1: 0.365365
AUC: 0.499158
Test Acc: 50.000% (27500/55000)
Epoch 5 :
Train Acc: 50.944% (28019/55000) | Loss: 0.692
Test Acc: 49.971% (27484/55000)
Epoch 6 :
Train Acc: 51.067% (28087/55000) | Loss: 0.692
Saved Attack Test Ground Truth and Predict Sets
Test F1: 0.197018
AUC: 0.498652
Test Acc: 50.055% (27530/55000)
Epoch 7 :
Train Acc: 51.040% (28072/55000) | Loss: 0.692
Saved Attack Test Ground Truth and Predict Sets
Test F1: 0.304696
AUC: 0.498584
Test Acc: 50.087% (27548/55000)
Epoch 8 :
Train Acc: 51.013% (28057/55000) | Loss: 0.692
Test Acc: 49.985% (27492/55000)
Epoch 9 :
Train Acc: 51.085% (28097/55000) | Loss: 0.692
Test Acc: 50.073% (27540/55000)
Epoch 10 :
Saved Attack Train Ground Truth and Predict Sets
Train F1: 0.420735
AUC: 0.515274
Train Acc: 51.136% (28125/55000) | Loss: 0.692
Saved Attack Test Ground Truth and Predict Sets
Test F1: 0.252345
AUC: 0.498565
Test Acc: 49.998% (27499/55000)
Best Acc: 0.500873
 F1: 0.304696
AUC: 0.498584
Saved Attack Model to results/train_layer_deep/tinyimagenet200-mobilenetv2/block_deep_22_1000/meminf_top3.pth
