Finished Saving Train Dataset to results/train_layer/cifar10-mobilenetv2/block_shallow_23_1000/meminf_attack_mode0_train.p
Finished Saving Test Dataset to results/train_layer/cifar10-mobilenetv2/block_shallow_23_1000/meminf_attack_mode0_test.p
Epoch 1 :
Train Acc: 63.790% (19137/30000) | Loss: 0.646
Saved Attack Test Ground Truth and Predict Sets
Test F1: 0.562897
AUC: 0.533321
Test Acc: 52.477% (15743/30000)
Epoch 2 :
Train Acc: 65.340% (19602/30000) | Loss: 0.633
Saved Attack Test Ground Truth and Predict Sets
Test F1: 0.590130
AUC: 0.533657
Test Acc: 52.577% (15773/30000)
Epoch 3 :
Train Acc: 66.320% (19896/30000) | Loss: 0.624
Test Acc: 52.483% (15745/30000)
Epoch 4 :
Train Acc: 66.903% (20071/30000) | Loss: 0.615
Saved Attack Test Ground Truth and Predict Sets
Test F1: 0.591137
AUC: 0.530178
Test Acc: 52.640% (15792/30000)
Epoch 5 :
Train Acc: 67.017% (20105/30000) | Loss: 0.614
Test Acc: 52.620% (15786/30000)
Epoch 6 :
Train Acc: 67.337% (20201/30000) | Loss: 0.610
Test Acc: 52.537% (15761/30000)
Epoch 7 :
Train Acc: 67.537% (20261/30000) | Loss: 0.612
Test Acc: 52.447% (15734/30000)
Epoch 8 :
Train Acc: 67.270% (20181/30000) | Loss: 0.613
Test Acc: 52.117% (15635/30000)
Epoch 9 :
Train Acc: 67.433% (20230/30000) | Loss: 0.613
Test Acc: 52.520% (15756/30000)
Epoch 10 :
Saved Attack Train Ground Truth and Predict Sets
Train F1: 0.748282
AUC: 0.695088
Train Acc: 67.767% (20330/30000) | Loss: 0.610
Saved Attack Test Ground Truth and Predict Sets
Test F1: 0.558235
AUC: 0.532830
Test Acc: 52.487% (15746/30000)
Best Acc: 0.526400
 F1: 0.591137
AUC: 0.530178
Saved Attack Model to results/train_layer/cifar10-mobilenetv2/block_shallow_23_1000/meminf_attack0.pth
