Finished Saving Train Dataset to results/train_layer/tinyimagenet200-resnet18/block_shallow_5_300/meminf_attack_mode0_train.p
Finished Saving Test Dataset to results/train_layer/tinyimagenet200-resnet18/block_shallow_5_300/meminf_attack_mode0_test.p
Epoch 1 :
Train Acc: 78.713% (43292/55000) | Loss: 0.544
Saved Attack Test Ground Truth and Predict Sets
Test F1: 0.701563
AUC: 0.723591
Test Acc: 62.858% (34572/55000)
Epoch 2 :
Train Acc: 79.562% (43759/55000) | Loss: 0.506
Saved Attack Test Ground Truth and Predict Sets
Test F1: 0.702843
AUC: 0.723167
Test Acc: 63.967% (35182/55000)
Epoch 3 :
Train Acc: 83.033% (45668/55000) | Loss: 0.476
Test Acc: 61.785% (33982/55000)
Epoch 4 :
Train Acc: 82.951% (45623/55000) | Loss: 0.479
Test Acc: 59.980% (32989/55000)
Epoch 5 :
Train Acc: 86.336% (47485/55000) | Loss: 0.445
Test Acc: 60.515% (33283/55000)
Epoch 6 :
Train Acc: 89.035% (48969/55000) | Loss: 0.420
Test Acc: 60.813% (33447/55000)
Epoch 7 :
Train Acc: 89.295% (49112/55000) | Loss: 0.419
Test Acc: 62.402% (34321/55000)
Epoch 8 :
Train Acc: 87.889% (48339/55000) | Loss: 0.433
Saved Attack Test Ground Truth and Predict Sets
Test F1: 0.572447
AUC: 0.712446
Test Acc: 64.655% (35560/55000)
Epoch 9 :
Train Acc: 87.062% (47884/55000) | Loss: 0.441
Saved Attack Test Ground Truth and Predict Sets
Test F1: 0.637782
AUC: 0.709803
Test Acc: 66.818% (36750/55000)
Epoch 10 :
Saved Attack Train Ground Truth and Predict Sets
Train F1: 0.882373
AUC: 0.915580
Train Acc: 87.820% (48301/55000) | Loss: 0.434
Saved Attack Test Ground Truth and Predict Sets
Test F1: 0.682475
AUC: 0.699276
Test Acc: 67.522% (37137/55000)
Best Acc: 0.675218
 F1: 0.682475
AUC: 0.699276
Saved Attack Model to results/train_layer/tinyimagenet200-resnet18/block_shallow_5_300/meminf_attack0.pth
