Finished Saving Train Dataset to results/train_layer/tinyimagenet200-resnet34/block_shallow_2_300/meminf_attack_mode0_train.p
Finished Saving Test Dataset to results/train_layer/tinyimagenet200-resnet34/block_shallow_2_300/meminf_attack_mode0_test.p
Epoch 1 :
Train Acc: 89.113% (49012/55000) | Loss: 0.456
Saved Attack Test Ground Truth and Predict Sets
Test F1: 0.309069
AUC: 0.763829
Test Acc: 57.184% (31451/55000)
Epoch 2 :
Train Acc: 81.976% (45087/55000) | Loss: 0.486
Saved Attack Test Ground Truth and Predict Sets
Test F1: 0.651615
AUC: 0.768881
Test Acc: 69.869% (38428/55000)
Epoch 3 :
Train Acc: 86.295% (47462/55000) | Loss: 0.447
Saved Attack Test Ground Truth and Predict Sets
Test F1: 0.703955
AUC: 0.768766
Test Acc: 71.678% (39423/55000)
Epoch 4 :
Train Acc: 87.689% (48229/55000) | Loss: 0.434
Test Acc: 62.940% (34617/55000)
Epoch 5 :
Train Acc: 90.433% (49738/55000) | Loss: 0.408
Test Acc: 58.716% (32294/55000)
Epoch 6 :
Train Acc: 91.509% (50330/55000) | Loss: 0.397
Test Acc: 68.769% (37823/55000)
Epoch 7 :
Train Acc: 93.045% (51175/55000) | Loss: 0.382
Test Acc: 67.722% (37247/55000)
Epoch 8 :
Train Acc: 94.267% (51847/55000) | Loss: 0.370
Test Acc: 61.644% (33904/55000)
Epoch 9 :
Train Acc: 94.291% (51860/55000) | Loss: 0.370
Test Acc: 66.547% (36601/55000)
Epoch 10 :
Saved Attack Train Ground Truth and Predict Sets
Train F1: 0.944467
AUC: 0.947030
Train Acc: 94.184% (51801/55000) | Loss: 0.371
Saved Attack Test Ground Truth and Predict Sets
Test F1: 0.606862
AUC: 0.701196
Test Acc: 67.936% (37365/55000)
Best Acc: 0.716782
 F1: 0.703955
AUC: 0.768766
Saved Attack Model to results/train_layer/tinyimagenet200-resnet34/block_shallow_2_300/meminf_attack0.pth
