Finished Saving Train Dataset to results/train_layer/tinyimagenet200-resnet18/block_shallow_9_300/meminf_attack_top3_train.p
Finished Saving Test Dataset to results/train_layer/tinyimagenet200-resnet18/block_shallow_9_300/meminf_attack_top3_test.p
Epoch 1 :
Train Acc: 81.309% (44720/55000) | Loss: 0.581
Saved Attack Test Ground Truth and Predict Sets
Test F1: 0.151155
AUC: 0.504953
Test Acc: 50.153% (27584/55000)
Epoch 2 :
Train Acc: 89.747% (49361/55000) | Loss: 0.423
Test Acc: 50.120% (27566/55000)
Epoch 3 :
Train Acc: 85.955% (47275/55000) | Loss: 0.454
Saved Attack Test Ground Truth and Predict Sets
Test F1: 0.235458
AUC: 0.504704
Test Acc: 50.196% (27608/55000)
Epoch 4 :
Train Acc: 75.604% (41582/55000) | Loss: 0.556
Saved Attack Test Ground Truth and Predict Sets
Test F1: 0.343307
AUC: 0.504775
Test Acc: 50.440% (27742/55000)
Epoch 5 :
Train Acc: 78.549% (43202/55000) | Loss: 0.527
Test Acc: 50.198% (27609/55000)
Epoch 6 :
Train Acc: 85.258% (46892/55000) | Loss: 0.460
Test Acc: 50.138% (27576/55000)
Epoch 7 :
Train Acc: 89.640% (49302/55000) | Loss: 0.416
Test Acc: 50.095% (27552/55000)
Epoch 8 :
Train Acc: 82.371% (45304/55000) | Loss: 0.489
Test Acc: 50.233% (27628/55000)
Epoch 9 :
Train Acc: 78.569% (43213/55000) | Loss: 0.527
Test Acc: 50.409% (27725/55000)
Epoch 10 :
Saved Attack Train Ground Truth and Predict Sets
Train F1: 0.812901
AUC: 0.771199
Train Acc: 76.985% (42342/55000) | Loss: 0.543
Saved Attack Test Ground Truth and Predict Sets
Test F1: 0.321689
AUC: 0.504270
Test Acc: 50.467% (27757/55000)
Best Acc: 0.504673
 F1: 0.321689
AUC: 0.504270
Saved Attack Model to results/train_layer/tinyimagenet200-resnet18/block_shallow_9_300/meminf_top3.pth
