Finished Saving Train Dataset to results/train_layer/tinyimagenet200-resnet18/block_shallow_9_300/meminf_attack_mode0_train.p
Finished Saving Test Dataset to results/train_layer/tinyimagenet200-resnet18/block_shallow_9_300/meminf_attack_mode0_test.p
Epoch 1 :
Train Acc: 78.713% (43292/55000) | Loss: 0.544
Saved Attack Test Ground Truth and Predict Sets
Test F1: 0.365495
AUC: 0.504256
Test Acc: 50.464% (27755/55000)
Epoch 2 :
Train Acc: 79.562% (43759/55000) | Loss: 0.506
Test Acc: 50.384% (27711/55000)
Epoch 3 :
Train Acc: 83.033% (45668/55000) | Loss: 0.476
Test Acc: 49.989% (27494/55000)
Epoch 4 :
Train Acc: 82.951% (45623/55000) | Loss: 0.479
Test Acc: 49.987% (27493/55000)
Epoch 5 :
Train Acc: 86.336% (47485/55000) | Loss: 0.445
Test Acc: 49.989% (27494/55000)
Epoch 6 :
Train Acc: 89.035% (48969/55000) | Loss: 0.420
Test Acc: 49.993% (27496/55000)
Epoch 7 :
Train Acc: 89.295% (49112/55000) | Loss: 0.419
Test Acc: 49.996% (27498/55000)
Epoch 8 :
Train Acc: 87.889% (48339/55000) | Loss: 0.433
Test Acc: 50.084% (27546/55000)
Epoch 9 :
Train Acc: 87.062% (47884/55000) | Loss: 0.441
Test Acc: 50.100% (27555/55000)
Epoch 10 :
Saved Attack Train Ground Truth and Predict Sets
Train F1: 0.882373
AUC: 0.915580
Train Acc: 87.820% (48301/55000) | Loss: 0.434
Saved Attack Test Ground Truth and Predict Sets
Test F1: 0.227916
AUC: 0.502492
Test Acc: 50.196% (27608/55000)
Best Acc: 0.504636
 F1: 0.365495
AUC: 0.504256
Saved Attack Model to results/train_layer/tinyimagenet200-resnet18/block_shallow_9_300/meminf_attack0.pth
