Finished Saving Train Dataset to results/train_layer/tinyimagenet200-resnet18/block_shallow_9_100/meminf_attack_top3_train.p
Finished Saving Test Dataset to results/train_layer/tinyimagenet200-resnet18/block_shallow_9_100/meminf_attack_top3_test.p
Epoch 1 :
Train Acc: 81.309% (44720/55000) | Loss: 0.581
Saved Attack Test Ground Truth and Predict Sets
Test F1: 0.213019
AUC: 0.500727
Test Acc: 49.971% (27484/55000)
Epoch 2 :
Train Acc: 89.747% (49361/55000) | Loss: 0.423
Saved Attack Test Ground Truth and Predict Sets
Test F1: 0.205382
AUC: 0.500602
Test Acc: 50.013% (27507/55000)
Epoch 3 :
Train Acc: 85.955% (47275/55000) | Loss: 0.454
Saved Attack Test Ground Truth and Predict Sets
Test F1: 0.304042
AUC: 0.500384
Test Acc: 50.191% (27605/55000)
Epoch 4 :
Train Acc: 75.604% (41582/55000) | Loss: 0.556
Saved Attack Test Ground Truth and Predict Sets
Test F1: 0.401768
AUC: 0.500503
Test Acc: 50.278% (27653/55000)
Epoch 5 :
Train Acc: 78.549% (43202/55000) | Loss: 0.527
Test Acc: 50.164% (27590/55000)
Epoch 6 :
Train Acc: 85.258% (46892/55000) | Loss: 0.460
Test Acc: 50.031% (27517/55000)
Epoch 7 :
Train Acc: 89.640% (49302/55000) | Loss: 0.416
Test Acc: 49.976% (27487/55000)
Epoch 8 :
Train Acc: 82.371% (45304/55000) | Loss: 0.489
Test Acc: 50.187% (27603/55000)
Epoch 9 :
Train Acc: 78.569% (43213/55000) | Loss: 0.527
Test Acc: 50.231% (27627/55000)
Epoch 10 :
Saved Attack Train Ground Truth and Predict Sets
Train F1: 0.812901
AUC: 0.771199
Train Acc: 76.985% (42342/55000) | Loss: 0.543
Saved Attack Test Ground Truth and Predict Sets
Test F1: 0.377405
AUC: 0.502622
Test Acc: 50.222% (27622/55000)
Best Acc: 0.502782
 F1: 0.401768
AUC: 0.500503
Saved Attack Model to results/train_layer/tinyimagenet200-resnet18/block_shallow_9_100/meminf_top3.pth
