Finished Saving Train Dataset to results/train_layer/cifar10-mobilenetv2/block_shallow_53_1000/meminf_attack_top3_train.p
Finished Saving Test Dataset to results/train_layer/cifar10-mobilenetv2/block_shallow_53_1000/meminf_attack_top3_test.p
Epoch 1 :
Train Acc: 55.380% (16614/30000) | Loss: 0.688
Saved Attack Test Ground Truth and Predict Sets
Test F1: 0.234160
AUC: 0.500719
Test Acc: 49.960% (14988/30000)
Epoch 2 :
Train Acc: 55.143% (16543/30000) | Loss: 0.680
Test Acc: 49.900% (14970/30000)
Epoch 3 :
Train Acc: 55.713% (16714/30000) | Loss: 0.677
Saved Attack Test Ground Truth and Predict Sets
Test F1: 0.017041
AUC: 0.501599
Test Acc: 50.010% (15003/30000)
Epoch 4 :
Train Acc: 55.500% (16650/30000) | Loss: 0.667
Test Acc: 49.990% (14997/30000)
Epoch 5 :
Train Acc: 57.283% (17185/30000) | Loss: 0.661
Test Acc: 50.000% (15000/30000)
Epoch 6 :
Train Acc: 57.657% (17297/30000) | Loss: 0.656
Saved Attack Test Ground Truth and Predict Sets
Test F1: 0.073387
AUC: 0.501628
Test Acc: 50.083% (15025/30000)
Epoch 7 :
Train Acc: 57.903% (17371/30000) | Loss: 0.655
Test Acc: 50.047% (15014/30000)
Epoch 8 :
Train Acc: 58.390% (17517/30000) | Loss: 0.651
Test Acc: 49.957% (14987/30000)
Epoch 9 :
Train Acc: 58.830% (17649/30000) | Loss: 0.656
Saved Attack Test Ground Truth and Predict Sets
Test F1: 0.133936
AUC: 0.501665
Test Acc: 50.210% (15063/30000)
Epoch 10 :
Saved Attack Train Ground Truth and Predict Sets
Train F1: 0.596871
AUC: 0.611603
Train Acc: 57.310% (17193/30000) | Loss: 0.651
Saved Attack Test Ground Truth and Predict Sets
Test F1: 0.285524
AUC: 0.501733
Test Acc: 49.837% (14951/30000)
Best Acc: 0.502100
 F1: 0.133936
AUC: 0.501665
Saved Attack Model to results/train_layer/cifar10-mobilenetv2/block_shallow_53_1000/meminf_top3.pth
