Finished Saving Train Dataset to results/train_layer_deep/cifar10-mobilenetv2/block_deep_0_1000/meminf_attack_mode0_train.p
Finished Saving Test Dataset to results/train_layer_deep/cifar10-mobilenetv2/block_deep_0_1000/meminf_attack_mode0_test.p
Epoch 1 :
Train Acc: 63.790% (19137/30000) | Loss: 0.646
Saved Attack Test Ground Truth and Predict Sets
Test F1: 0.724984
AUC: 0.690770
Test Acc: 63.300% (18990/30000)
Epoch 2 :
Train Acc: 65.340% (19602/30000) | Loss: 0.633
Test Acc: 61.427% (18428/30000)
Epoch 3 :
Train Acc: 66.320% (19896/30000) | Loss: 0.624
Saved Attack Test Ground Truth and Predict Sets
Test F1: 0.725307
AUC: 0.694306
Test Acc: 63.493% (19048/30000)
Epoch 4 :
Train Acc: 66.903% (20071/30000) | Loss: 0.615
Test Acc: 61.377% (18413/30000)
Epoch 5 :
Train Acc: 67.017% (20105/30000) | Loss: 0.614
Saved Attack Test Ground Truth and Predict Sets
Test F1: 0.725604
AUC: 0.686648
Test Acc: 63.717% (19115/30000)
Epoch 6 :
Train Acc: 67.337% (20201/30000) | Loss: 0.610
Test Acc: 61.763% (18529/30000)
Epoch 7 :
Train Acc: 67.537% (20261/30000) | Loss: 0.612
Test Acc: 62.237% (18671/30000)
Epoch 8 :
Train Acc: 67.270% (20181/30000) | Loss: 0.613
Test Acc: 59.810% (17943/30000)
Epoch 9 :
Train Acc: 67.433% (20230/30000) | Loss: 0.613
Test Acc: 63.263% (18979/30000)
Epoch 10 :
Saved Attack Train Ground Truth and Predict Sets
Train F1: 0.748282
AUC: 0.695088
Train Acc: 67.767% (20330/30000) | Loss: 0.610
Saved Attack Test Ground Truth and Predict Sets
Test F1: 0.720344
AUC: 0.659257
Test Acc: 63.137% (18941/30000)
Best Acc: 0.637167
 F1: 0.725604
AUC: 0.686648
Saved Attack Model to results/train_layer_deep/cifar10-mobilenetv2/block_deep_0_1000/meminf_attack0.pth
