Finished Saving Train Dataset to results/train_layer_deep/tinyimagenet200-mobilenetv2/block_deep_41_1000/meminf_attack_top3_train.p
Finished Saving Test Dataset to results/train_layer_deep/tinyimagenet200-mobilenetv2/block_deep_41_1000/meminf_attack_top3_test.p
Epoch 1 :
Train Acc: 50.307% (27669/55000) | Loss: 0.692
Saved Attack Test Ground Truth and Predict Sets
Test F1: 0.523998
AUC: 0.500557
Test Acc: 50.051% (27528/55000)
Epoch 2 :
Train Acc: 50.382% (27710/55000) | Loss: 0.692
Saved Attack Test Ground Truth and Predict Sets
Test F1: 0.308843
AUC: 0.500679
Test Acc: 50.107% (27559/55000)
Epoch 3 :
Train Acc: 50.795% (27937/55000) | Loss: 0.692
Test Acc: 50.078% (27543/55000)
Epoch 4 :
Train Acc: 51.022% (28062/55000) | Loss: 0.692
Test Acc: 49.984% (27491/55000)
Epoch 5 :
Train Acc: 50.944% (28019/55000) | Loss: 0.692
Saved Attack Test Ground Truth and Predict Sets
Test F1: 0.112337
AUC: 0.500752
Test Acc: 50.118% (27565/55000)
Epoch 6 :
Train Acc: 51.067% (28087/55000) | Loss: 0.692
Test Acc: 50.035% (27519/55000)
Epoch 7 :
Train Acc: 51.040% (28072/55000) | Loss: 0.692
Test Acc: 50.067% (27537/55000)
Epoch 8 :
Train Acc: 51.013% (28057/55000) | Loss: 0.692
Saved Attack Test Ground Truth and Predict Sets
Test F1: 0.109141
AUC: 0.500894
Test Acc: 50.135% (27574/55000)
Epoch 9 :
Train Acc: 51.085% (28097/55000) | Loss: 0.692
Test Acc: 50.102% (27556/55000)
Epoch 10 :
Saved Attack Train Ground Truth and Predict Sets
Train F1: 0.420735
AUC: 0.515274
Train Acc: 51.136% (28125/55000) | Loss: 0.692
Saved Attack Test Ground Truth and Predict Sets
Test F1: 0.109466
AUC: 0.500807
Test Acc: 50.124% (27568/55000)
Best Acc: 0.501345
 F1: 0.109141
AUC: 0.500894
Saved Attack Model to results/train_layer_deep/tinyimagenet200-mobilenetv2/block_deep_41_1000/meminf_top3.pth
