Finished Saving Train Dataset to results/train_layer/tinyimagenet200-vgg16_bn/block_shallow_7_100/meminf_attack_top3_train.p
Finished Saving Test Dataset to results/train_layer/tinyimagenet200-vgg16_bn/block_shallow_7_100/meminf_attack_top3_test.p
Epoch 1 :
Train Acc: 59.302% (32616/55000) | Loss: 0.676
Saved Attack Test Ground Truth and Predict Sets
Test F1: 0.406033
AUC: 0.511271
Test Acc: 50.742% (27908/55000)
Epoch 2 :
Train Acc: 59.571% (32764/55000) | Loss: 0.670
Test Acc: 50.698% (27884/55000)
Epoch 3 :
Train Acc: 59.991% (32995/55000) | Loss: 0.668
Test Acc: 50.709% (27890/55000)
Epoch 4 :
Train Acc: 59.902% (32946/55000) | Loss: 0.668
Saved Attack Test Ground Truth and Predict Sets
Test F1: 0.271806
AUC: 0.511899
Test Acc: 50.744% (27909/55000)
Epoch 5 :
Train Acc: 59.951% (32973/55000) | Loss: 0.667
Test Acc: 50.731% (27902/55000)
Epoch 6 :
Train Acc: 59.969% (32983/55000) | Loss: 0.667
Saved Attack Test Ground Truth and Predict Sets
Test F1: 0.363209
AUC: 0.511992
Test Acc: 50.795% (27937/55000)
Epoch 7 :
Train Acc: 60.015% (33008/55000) | Loss: 0.668
Test Acc: 50.769% (27923/55000)
Epoch 8 :
Train Acc: 60.004% (33002/55000) | Loss: 0.667
Saved Attack Test Ground Truth and Predict Sets
Test F1: 0.357693
AUC: 0.512194
Test Acc: 50.876% (27982/55000)
Epoch 9 :
Train Acc: 59.998% (32999/55000) | Loss: 0.667
Test Acc: 50.875% (27981/55000)
Epoch 10 :
Saved Attack Train Ground Truth and Predict Sets
Train F1: 0.578874
AUC: 0.626643
Train Acc: 59.951% (32973/55000) | Loss: 0.667
Saved Attack Test Ground Truth and Predict Sets
Test F1: 0.358375
AUC: 0.512374
Test Acc: 50.898% (27994/55000)
Best Acc: 0.508982
 F1: 0.358375
AUC: 0.512374
Saved Attack Model to results/train_layer/tinyimagenet200-vgg16_bn/block_shallow_7_100/meminf_top3.pth
