Finished Saving Train Dataset to results/train_layer/tinyimagenet200-resnet34/block_shallow_5_100/meminf_attack_top3_train.p
Finished Saving Test Dataset to results/train_layer/tinyimagenet200-resnet34/block_shallow_5_100/meminf_attack_top3_test.p
Epoch 1 :
Train Acc: 78.562% (43209/55000) | Loss: 0.594
Saved Attack Test Ground Truth and Predict Sets
Test F1: 0.230094
AUC: 0.529349
Test Acc: 51.549% (28352/55000)
Epoch 2 :
Train Acc: 88.322% (48577/55000) | Loss: 0.436
Test Acc: 51.153% (28134/55000)
Epoch 3 :
Train Acc: 79.502% (43726/55000) | Loss: 0.520
Saved Attack Test Ground Truth and Predict Sets
Test F1: 0.435949
AUC: 0.527296
Test Acc: 52.142% (28678/55000)
Epoch 4 :
Train Acc: 77.307% (42519/55000) | Loss: 0.539
Test Acc: 51.595% (28377/55000)
Epoch 5 :
Train Acc: 81.947% (45071/55000) | Loss: 0.491
Test Acc: 52.055% (28630/55000)
Epoch 6 :
Train Acc: 71.551% (39353/55000) | Loss: 0.597
Test Acc: 52.002% (28601/55000)
Epoch 7 :
Train Acc: 69.402% (38171/55000) | Loss: 0.618
Test Acc: 52.073% (28640/55000)
Epoch 8 :
Train Acc: 71.656% (39411/55000) | Loss: 0.596
Test Acc: 52.053% (28629/55000)
Epoch 9 :
Train Acc: 74.684% (41076/55000) | Loss: 0.566
Test Acc: 52.089% (28649/55000)
Epoch 10 :
Saved Attack Train Ground Truth and Predict Sets
Train F1: 0.813840
AUC: 0.773616
Train Acc: 77.129% (42421/55000) | Loss: 0.541
Saved Attack Test Ground Truth and Predict Sets
Test F1: 0.344217
AUC: 0.521026
Test Acc: 51.942% (28568/55000)
Best Acc: 0.521418
 F1: 0.435949
AUC: 0.527296
Saved Attack Model to results/train_layer/tinyimagenet200-resnet34/block_shallow_5_100/meminf_top3.pth
