Finished Saving Train Dataset to results/train_layer/tinyimagenet200-mobilenetv2/block_shallow_27_1000/meminf_attack_top3_train.p
Finished Saving Test Dataset to results/train_layer/tinyimagenet200-mobilenetv2/block_shallow_27_1000/meminf_attack_top3_test.p
Epoch 1 :
Train Acc: 50.307% (27669/55000) | Loss: 0.692
Saved Attack Test Ground Truth and Predict Sets
Test F1: 0.666473
AUC: 0.497600
Test Acc: 50.002% (27501/55000)
Epoch 2 :
Train Acc: 50.382% (27710/55000) | Loss: 0.692
Test Acc: 49.953% (27474/55000)
Epoch 3 :
Train Acc: 50.795% (27937/55000) | Loss: 0.692
Test Acc: 49.847% (27416/55000)
Epoch 4 :
Train Acc: 51.022% (28062/55000) | Loss: 0.692
Test Acc: 50.000% (27500/55000)
Epoch 5 :
Train Acc: 50.944% (28019/55000) | Loss: 0.692
Test Acc: 49.898% (27444/55000)
Epoch 6 :
Train Acc: 51.067% (28087/55000) | Loss: 0.692
Test Acc: 49.687% (27328/55000)
Epoch 7 :
Train Acc: 51.040% (28072/55000) | Loss: 0.692
Saved Attack Test Ground Truth and Predict Sets
Test F1: 0.569218
AUC: 0.497473
Test Acc: 50.093% (27551/55000)
Epoch 8 :
Train Acc: 51.013% (28057/55000) | Loss: 0.692
Test Acc: 49.956% (27476/55000)
Epoch 9 :
Train Acc: 51.085% (28097/55000) | Loss: 0.692
Test Acc: 49.773% (27375/55000)
Epoch 10 :
Saved Attack Train Ground Truth and Predict Sets
Train F1: 0.420735
AUC: 0.515274
Train Acc: 51.136% (28125/55000) | Loss: 0.692
Saved Attack Test Ground Truth and Predict Sets
Test F1: 0.518495
AUC: 0.497467
Test Acc: 49.967% (27482/55000)
Best Acc: 0.500927
 F1: 0.569218
AUC: 0.497473
Saved Attack Model to results/train_layer/tinyimagenet200-mobilenetv2/block_shallow_27_1000/meminf_top3.pth
