Finished Saving Train Dataset to results/train_layer_deep/cifar100-mobilenetv2/block_deep_15_1000/meminf_attack_top3_train.p
Finished Saving Test Dataset to results/train_layer_deep/cifar100-mobilenetv2/block_deep_15_1000/meminf_attack_top3_test.p
Epoch 1 :
Train Acc: 65.653% (19696/30000) | Loss: 0.670
Saved Attack Test Ground Truth and Predict Sets
Test F1: 0.008458
AUC: 0.509554
Test Acc: 49.983% (14995/30000)
Epoch 2 :
Train Acc: 74.003% (22201/30000) | Loss: 0.593
Saved Attack Test Ground Truth and Predict Sets
Test F1: 0.002659
AUC: 0.509784
Test Acc: 49.993% (14998/30000)
Epoch 3 :
Train Acc: 75.310% (22593/30000) | Loss: 0.565
Saved Attack Test Ground Truth and Predict Sets
Test F1: 0.000666
AUC: 0.509327
Test Acc: 49.997% (14999/30000)
Epoch 4 :
Train Acc: 67.277% (20183/30000) | Loss: 0.628
Saved Attack Test Ground Truth and Predict Sets
Test F1: 0.023598
AUC: 0.509274
Test Acc: 50.073% (15022/30000)
Epoch 5 :
Train Acc: 71.653% (21496/30000) | Loss: 0.584
Test Acc: 50.020% (15006/30000)
Epoch 6 :
Train Acc: 66.973% (20092/30000) | Loss: 0.641
Saved Attack Test Ground Truth and Predict Sets
Test F1: 0.039949
AUC: 0.507516
Test Acc: 50.173% (15052/30000)
Epoch 7 :
Train Acc: 64.467% (19340/30000) | Loss: 0.667
Saved Attack Test Ground Truth and Predict Sets
Test F1: 0.036375
AUC: 0.506067
Test Acc: 50.197% (15059/30000)
Epoch 8 :
Train Acc: 66.770% (20031/30000) | Loss: 0.643
Test Acc: 50.053% (15016/30000)
Epoch 9 :
Train Acc: 72.210% (21663/30000) | Loss: 0.586
Test Acc: 49.993% (14998/30000)
Epoch 10 :
Saved Attack Train Ground Truth and Predict Sets
Train F1: 0.815524
AUC: 0.825050
Train Acc: 78.340% (23502/30000) | Loss: 0.525
Saved Attack Test Ground Truth and Predict Sets
Test F1: 0.000133
AUC: 0.504868
Test Acc: 49.993% (14998/30000)
Best Acc: 0.501967
 F1: 0.036375
AUC: 0.506067
Saved Attack Model to results/train_layer_deep/cifar100-mobilenetv2/block_deep_15_1000/meminf_top3.pth
