Finished Saving Train Dataset to results/train_layer/tinyimagenet200-vgg16_bn/block_shallow_8_100/meminf_attack_top3_train.p
Finished Saving Test Dataset to results/train_layer/tinyimagenet200-vgg16_bn/block_shallow_8_100/meminf_attack_top3_test.p
Epoch 1 :
Train Acc: 59.302% (32616/55000) | Loss: 0.676
Saved Attack Test Ground Truth and Predict Sets
Test F1: 0.368563
AUC: 0.507142
Test Acc: 50.640% (27852/55000)
Epoch 2 :
Train Acc: 59.571% (32764/55000) | Loss: 0.670
Test Acc: 50.525% (27789/55000)
Epoch 3 :
Train Acc: 59.991% (32995/55000) | Loss: 0.668
Test Acc: 50.591% (27825/55000)
Epoch 4 :
Train Acc: 59.902% (32946/55000) | Loss: 0.668
Test Acc: 50.544% (27799/55000)
Epoch 5 :
Train Acc: 59.951% (32973/55000) | Loss: 0.667
Test Acc: 50.602% (27831/55000)
Epoch 6 :
Train Acc: 59.969% (32983/55000) | Loss: 0.667
Test Acc: 50.627% (27845/55000)
Epoch 7 :
Train Acc: 60.015% (33008/55000) | Loss: 0.668
Saved Attack Test Ground Truth and Predict Sets
Test F1: 0.309368
AUC: 0.507923
Test Acc: 50.660% (27863/55000)
Epoch 8 :
Train Acc: 60.004% (33002/55000) | Loss: 0.667
Test Acc: 50.615% (27838/55000)
Epoch 9 :
Train Acc: 59.998% (32999/55000) | Loss: 0.667
Test Acc: 50.655% (27860/55000)
Epoch 10 :
Saved Attack Train Ground Truth and Predict Sets
Train F1: 0.578874
AUC: 0.626643
Train Acc: 59.951% (32973/55000) | Loss: 0.667
Saved Attack Test Ground Truth and Predict Sets
Test F1: 0.313774
AUC: 0.508151
Test Acc: 50.669% (27868/55000)
Best Acc: 0.506691
 F1: 0.313774
AUC: 0.508151
Saved Attack Model to results/train_layer/tinyimagenet200-vgg16_bn/block_shallow_8_100/meminf_top3.pth
