Finished Saving Train Dataset to results/train_layer/cifar100-mobilenetv2/block_shallow_26_1000/meminf_attack_mode0_train.p
Finished Saving Test Dataset to results/train_layer/cifar100-mobilenetv2/block_shallow_26_1000/meminf_attack_mode0_test.p
Epoch 1 :
Train Acc: 78.257% (23477/30000) | Loss: 0.545
Saved Attack Test Ground Truth and Predict Sets
Test F1: 0.553375
AUC: 0.563497
Test Acc: 54.717% (16415/30000)
Epoch 2 :
Train Acc: 73.730% (22119/30000) | Loss: 0.563
Saved Attack Test Ground Truth and Predict Sets
Test F1: 0.474630
AUC: 0.562482
Test Acc: 54.787% (16436/30000)
Epoch 3 :
Train Acc: 75.783% (22735/30000) | Loss: 0.548
Test Acc: 54.773% (16432/30000)
Epoch 4 :
Train Acc: 77.413% (23224/30000) | Loss: 0.535
Test Acc: 53.613% (16084/30000)
Epoch 5 :
Train Acc: 76.710% (23013/30000) | Loss: 0.541
Test Acc: 54.643% (16393/30000)
Epoch 6 :
Train Acc: 78.513% (23554/30000) | Loss: 0.523
Test Acc: 54.033% (16210/30000)
Epoch 7 :
Train Acc: 78.663% (23599/30000) | Loss: 0.523
Saved Attack Test Ground Truth and Predict Sets
Test F1: 0.549480
AUC: 0.563271
Test Acc: 54.823% (16447/30000)
Epoch 8 :
Train Acc: 80.437% (24131/30000) | Loss: 0.503
Test Acc: 54.127% (16238/30000)
Epoch 9 :
Train Acc: 81.407% (24422/30000) | Loss: 0.497
Saved Attack Test Ground Truth and Predict Sets
Test F1: 0.518297
AUC: 0.562220
Test Acc: 54.893% (16468/30000)
Epoch 10 :
Saved Attack Train Ground Truth and Predict Sets
Train F1: 0.826682
AUC: 0.869562
Train Acc: 81.760% (24528/30000) | Loss: 0.491
Saved Attack Test Ground Truth and Predict Sets
Test F1: 0.412948
AUC: 0.562024
Test Acc: 54.177% (16253/30000)
Best Acc: 0.548933
 F1: 0.518297
AUC: 0.562220
Saved Attack Model to results/train_layer/cifar100-mobilenetv2/block_shallow_26_1000/meminf_attack0.pth
