Finished Saving Train Dataset to results/train_layer_deep/tinyimagenet200-mobilenetv2/block_deep_38_1000/meminf_attack_top3_train.p
Finished Saving Test Dataset to results/train_layer_deep/tinyimagenet200-mobilenetv2/block_deep_38_1000/meminf_attack_top3_test.p
Epoch 1 :
Train Acc: 50.307% (27669/55000) | Loss: 0.692
Saved Attack Test Ground Truth and Predict Sets
Test F1: 0.560603
AUC: 0.495374
Test Acc: 49.649% (27307/55000)
Epoch 2 :
Train Acc: 50.382% (27710/55000) | Loss: 0.692
Saved Attack Test Ground Truth and Predict Sets
Test F1: 0.354110
AUC: 0.495592
Test Acc: 49.751% (27363/55000)
Epoch 3 :
Train Acc: 50.795% (27937/55000) | Loss: 0.692
Saved Attack Test Ground Truth and Predict Sets
Test F1: 0.126880
AUC: 0.495107
Test Acc: 49.978% (27488/55000)
Epoch 4 :
Train Acc: 51.022% (28062/55000) | Loss: 0.692
Test Acc: 49.756% (27366/55000)
Epoch 5 :
Train Acc: 50.944% (28019/55000) | Loss: 0.692
Test Acc: 49.942% (27468/55000)
Epoch 6 :
Train Acc: 51.067% (28087/55000) | Loss: 0.692
Test Acc: 49.949% (27472/55000)
Epoch 7 :
Train Acc: 51.040% (28072/55000) | Loss: 0.692
Test Acc: 49.956% (27476/55000)
Epoch 8 :
Train Acc: 51.013% (28057/55000) | Loss: 0.692
Test Acc: 49.973% (27485/55000)
Epoch 9 :
Train Acc: 51.085% (28097/55000) | Loss: 0.692
Saved Attack Test Ground Truth and Predict Sets
Test F1: 0.092082
AUC: 0.496110
Test Acc: 49.984% (27491/55000)
Epoch 10 :
Saved Attack Train Ground Truth and Predict Sets
Train F1: 0.420735
AUC: 0.515274
Train Acc: 51.136% (28125/55000) | Loss: 0.692
Saved Attack Test Ground Truth and Predict Sets
Test F1: 0.119163
AUC: 0.496062
Test Acc: 50.031% (27517/55000)
Best Acc: 0.500309
 F1: 0.119163
AUC: 0.496062
Saved Attack Model to results/train_layer_deep/tinyimagenet200-mobilenetv2/block_deep_38_1000/meminf_top3.pth
