Finished Saving Train Dataset to results/train_layer/stl10-mobilenetv2/block_shallow_2_100/meminf_attack_top3_train.p
Finished Saving Test Dataset to results/train_layer/stl10-mobilenetv2/block_shallow_2_100/meminf_attack_top3_test.p
Epoch 1 :
Train Acc: 53.000% (3445/6500) | Loss: 0.685
Saved Attack Test Ground Truth and Predict Sets
Test F1: 0.681166
AUC: 0.689513
Test Acc: 53.538% (3480/6500)
Epoch 2 :
Train Acc: 56.108% (3647/6500) | Loss: 0.683
Saved Attack Test Ground Truth and Predict Sets
Test F1: 0.692833
AUC: 0.695413
Test Acc: 56.415% (3667/6500)
Epoch 3 :
Train Acc: 59.277% (3853/6500) | Loss: 0.680
Saved Attack Test Ground Truth and Predict Sets
Test F1: 0.694590
AUC: 0.696120
Test Acc: 56.923% (3700/6500)
Epoch 4 :
Train Acc: 58.708% (3816/6500) | Loss: 0.676
Saved Attack Test Ground Truth and Predict Sets
Test F1: 0.697869
AUC: 0.698083
Test Acc: 57.692% (3750/6500)
Epoch 5 :
Train Acc: 60.723% (3947/6500) | Loss: 0.671
Saved Attack Test Ground Truth and Predict Sets
Test F1: 0.698644
AUC: 0.698478
Test Acc: 57.954% (3767/6500)
Epoch 6 :
Train Acc: 61.108% (3972/6500) | Loss: 0.665
Saved Attack Test Ground Truth and Predict Sets
Test F1: 0.703889
AUC: 0.701410
Test Acc: 59.123% (3843/6500)
Epoch 7 :
Train Acc: 61.738% (4013/6500) | Loss: 0.657
Test Acc: 58.723% (3817/6500)
Epoch 8 :
Train Acc: 64.000% (4160/6500) | Loss: 0.652
Test Acc: 58.262% (3787/6500)
Epoch 9 :
Train Acc: 58.138% (3779/6500) | Loss: 0.651
Saved Attack Test Ground Truth and Predict Sets
Test F1: 0.713045
AUC: 0.685024
Test Acc: 61.862% (4021/6500)
Epoch 10 :
Saved Attack Train Ground Truth and Predict Sets
Train F1: 0.719216
AUC: 0.658976
Train Acc: 61.200% (3978/6500) | Loss: 0.646
Saved Attack Test Ground Truth and Predict Sets
Test F1: 0.145608
AUC: 0.680861
Test Acc: 50.169% (3261/6500)
Best Acc: 0.618615
 F1: 0.713045
AUC: 0.685024
Saved Attack Model to results/train_layer/stl10-mobilenetv2/block_shallow_2_100/meminf_top3.pth
