Finished Saving Train Dataset to results/train_layer/stl10-resnet50/block_shallow_6_100/meminf_attack_mode0_train.p
Finished Saving Test Dataset to results/train_layer/stl10-resnet50/block_shallow_6_100/meminf_attack_mode0_test.p
Epoch 1 :
Train Acc: 63.062% (4099/6500) | Loss: 0.650
Saved Attack Test Ground Truth and Predict Sets
Test F1: 0.721564
AUC: 0.708407
Test Acc: 67.800% (4407/6500)
Epoch 2 :
Train Acc: 74.169% (4821/6500) | Loss: 0.607
Test Acc: 67.277% (4373/6500)
Epoch 3 :
Train Acc: 73.846% (4800/6500) | Loss: 0.579
Test Acc: 66.462% (4320/6500)
Epoch 4 :
Train Acc: 74.262% (4827/6500) | Loss: 0.564
Test Acc: 67.646% (4397/6500)
Epoch 5 :
Train Acc: 74.077% (4815/6500) | Loss: 0.559
Test Acc: 67.000% (4355/6500)
Epoch 6 :
Train Acc: 74.277% (4828/6500) | Loss: 0.556
Test Acc: 67.677% (4399/6500)
Epoch 7 :
Train Acc: 74.385% (4835/6500) | Loss: 0.555
Test Acc: 67.215% (4369/6500)
Epoch 8 :
Train Acc: 74.108% (4817/6500) | Loss: 0.556
Saved Attack Test Ground Truth and Predict Sets
Test F1: 0.732416
AUC: 0.713216
Test Acc: 67.985% (4419/6500)
Epoch 9 :
Train Acc: 73.708% (4791/6500) | Loss: 0.564
Saved Attack Test Ground Truth and Predict Sets
Test F1: 0.731764
AUC: 0.712978
Test Acc: 68.092% (4426/6500)
Epoch 10 :
Saved Attack Train Ground Truth and Predict Sets
Train F1: 0.764480
AUC: 0.777042
Train Acc: 73.600% (4784/6500) | Loss: 0.561
Saved Attack Test Ground Truth and Predict Sets
Test F1: 0.673744
AUC: 0.705010
Test Acc: 66.431% (4318/6500)
Best Acc: 0.680923
 F1: 0.731764
AUC: 0.712978
Saved Attack Model to results/train_layer/stl10-resnet50/block_shallow_6_100/meminf_attack0.pth
