Finished Saving Train Dataset to results/train_layer/tinyimagenet200-resnet34/block_shallow_3_100/meminf_attack_top3_train.p
Finished Saving Test Dataset to results/train_layer/tinyimagenet200-resnet34/block_shallow_3_100/meminf_attack_top3_test.p
Epoch 1 :
Train Acc: 78.562% (43209/55000) | Loss: 0.594
Saved Attack Test Ground Truth and Predict Sets
Test F1: 0.653402
AUC: 0.730703
Test Acc: 67.789% (37284/55000)
Epoch 2 :
Train Acc: 88.322% (48577/55000) | Loss: 0.436
Test Acc: 66.729% (36701/55000)
Epoch 3 :
Train Acc: 79.502% (43726/55000) | Loss: 0.520
Test Acc: 65.469% (36008/55000)
Epoch 4 :
Train Acc: 77.307% (42519/55000) | Loss: 0.539
Saved Attack Test Ground Truth and Predict Sets
Test F1: 0.654877
AUC: 0.718798
Test Acc: 67.853% (37319/55000)
Epoch 5 :
Train Acc: 81.947% (45071/55000) | Loss: 0.491
Test Acc: 66.420% (36531/55000)
Epoch 6 :
Train Acc: 71.551% (39353/55000) | Loss: 0.597
Test Acc: 63.920% (35156/55000)
Epoch 7 :
Train Acc: 69.402% (38171/55000) | Loss: 0.618
Test Acc: 64.249% (35337/55000)
Epoch 8 :
Train Acc: 71.656% (39411/55000) | Loss: 0.596
Test Acc: 65.696% (36133/55000)
Epoch 9 :
Train Acc: 74.684% (41076/55000) | Loss: 0.566
Test Acc: 66.876% (36782/55000)
Epoch 10 :
Saved Attack Train Ground Truth and Predict Sets
Train F1: 0.813840
AUC: 0.773616
Train Acc: 77.129% (42421/55000) | Loss: 0.541
Saved Attack Test Ground Truth and Predict Sets
Test F1: 0.691647
AUC: 0.680279
Test Acc: 67.562% (37159/55000)
Best Acc: 0.678527
 F1: 0.654877
AUC: 0.718798
Saved Attack Model to results/train_layer/tinyimagenet200-resnet34/block_shallow_3_100/meminf_top3.pth
