Finished Saving Train Dataset to results/train_layer_deep/cifar10-mobilenetv2/block_deep_31_1000/meminf_attack_mode0_train.p
Finished Saving Test Dataset to results/train_layer_deep/cifar10-mobilenetv2/block_deep_31_1000/meminf_attack_mode0_test.p
Epoch 1 :
Train Acc: 63.790% (19137/30000) | Loss: 0.646
Saved Attack Test Ground Truth and Predict Sets
Test F1: 0.120476
AUC: 0.494054
Test Acc: 50.017% (15005/30000)
Epoch 2 :
Train Acc: 65.340% (19602/30000) | Loss: 0.633
Test Acc: 49.907% (14972/30000)
Epoch 3 :
Train Acc: 66.320% (19896/30000) | Loss: 0.624
Saved Attack Test Ground Truth and Predict Sets
Test F1: 0.121322
AUC: 0.494087
Test Acc: 50.027% (15008/30000)
Epoch 4 :
Train Acc: 66.903% (20071/30000) | Loss: 0.615
Test Acc: 50.023% (15007/30000)
Epoch 5 :
Train Acc: 67.017% (20105/30000) | Loss: 0.614
Saved Attack Test Ground Truth and Predict Sets
Test F1: 0.111770
AUC: 0.494402
Test Acc: 50.040% (15012/30000)
Epoch 6 :
Train Acc: 67.337% (20201/30000) | Loss: 0.610
Test Acc: 49.957% (14987/30000)
Epoch 7 :
Train Acc: 67.537% (20261/30000) | Loss: 0.612
Test Acc: 49.987% (14996/30000)
Epoch 8 :
Train Acc: 67.270% (20181/30000) | Loss: 0.613
Saved Attack Test Ground Truth and Predict Sets
Test F1: 0.141817
AUC: 0.494292
Test Acc: 50.097% (15029/30000)
Epoch 9 :
Train Acc: 67.433% (20230/30000) | Loss: 0.613
Test Acc: 50.070% (15021/30000)
Epoch 10 :
Saved Attack Train Ground Truth and Predict Sets
Train F1: 0.748282
AUC: 0.695088
Train Acc: 67.767% (20330/30000) | Loss: 0.610
Saved Attack Test Ground Truth and Predict Sets
Test F1: 0.125744
AUC: 0.494499
Test Acc: 50.080% (15024/30000)
Best Acc: 0.500967
 F1: 0.141817
AUC: 0.494292
Saved Attack Model to results/train_layer_deep/cifar10-mobilenetv2/block_deep_31_1000/meminf_attack0.pth
