Finished Saving Train Dataset to results/train_layer_deep/cifar10-mobilenetv2/block_deep_31_1000/meminf_attack_top3_train.p
Finished Saving Test Dataset to results/train_layer_deep/cifar10-mobilenetv2/block_deep_31_1000/meminf_attack_top3_test.p
Epoch 1 :
Train Acc: 55.380% (16614/30000) | Loss: 0.688
Saved Attack Test Ground Truth and Predict Sets
Test F1: 0.227727
AUC: 0.493504
Test Acc: 49.810% (14943/30000)
Epoch 2 :
Train Acc: 55.143% (16543/30000) | Loss: 0.680
Test Acc: 49.707% (14912/30000)
Epoch 3 :
Train Acc: 55.713% (16714/30000) | Loss: 0.677
Saved Attack Test Ground Truth and Predict Sets
Test F1: 0.023585
AUC: 0.494190
Test Acc: 50.043% (15013/30000)
Epoch 4 :
Train Acc: 55.500% (16650/30000) | Loss: 0.667
Test Acc: 49.993% (14998/30000)
Epoch 5 :
Train Acc: 57.283% (17185/30000) | Loss: 0.661
Test Acc: 50.000% (15000/30000)
Epoch 6 :
Train Acc: 57.657% (17297/30000) | Loss: 0.656
Saved Attack Test Ground Truth and Predict Sets
Test F1: 0.086553
AUC: 0.494550
Test Acc: 50.117% (15035/30000)
Epoch 7 :
Train Acc: 57.903% (17371/30000) | Loss: 0.655
Test Acc: 49.900% (14970/30000)
Epoch 8 :
Train Acc: 58.390% (17517/30000) | Loss: 0.651
Test Acc: 49.973% (14992/30000)
Epoch 9 :
Train Acc: 58.830% (17649/30000) | Loss: 0.656
Test Acc: 50.057% (15017/30000)
Epoch 10 :
Saved Attack Train Ground Truth and Predict Sets
Train F1: 0.596871
AUC: 0.611603
Train Acc: 57.310% (17193/30000) | Loss: 0.651
Saved Attack Test Ground Truth and Predict Sets
Test F1: 0.299072
AUC: 0.494930
Test Acc: 49.877% (14963/30000)
Best Acc: 0.501167
 F1: 0.086553
AUC: 0.494550
Saved Attack Model to results/train_layer_deep/cifar10-mobilenetv2/block_deep_31_1000/meminf_top3.pth
