Finished Saving Train Dataset to results/train_layer/tinyimagenet200-resnet34/block_shallow_7_100/meminf_attack_top3_train.p
Finished Saving Test Dataset to results/train_layer/tinyimagenet200-resnet34/block_shallow_7_100/meminf_attack_top3_test.p
Epoch 1 :
Train Acc: 78.562% (43209/55000) | Loss: 0.594
Saved Attack Test Ground Truth and Predict Sets
Test F1: 0.088589
AUC: 0.501752
Test Acc: 50.131% (27572/55000)
Epoch 2 :
Train Acc: 88.322% (48577/55000) | Loss: 0.436
Test Acc: 50.104% (27557/55000)
Epoch 3 :
Train Acc: 79.502% (43726/55000) | Loss: 0.520
Saved Attack Test Ground Truth and Predict Sets
Test F1: 0.262528
AUC: 0.501523
Test Acc: 50.151% (27583/55000)
Epoch 4 :
Train Acc: 77.307% (42519/55000) | Loss: 0.539
Test Acc: 50.116% (27564/55000)
Epoch 5 :
Train Acc: 81.947% (45071/55000) | Loss: 0.491
Saved Attack Test Ground Truth and Predict Sets
Test F1: 0.226124
AUC: 0.501206
Test Acc: 50.158% (27587/55000)
Epoch 6 :
Train Acc: 71.551% (39353/55000) | Loss: 0.597
Test Acc: 50.049% (27527/55000)
Epoch 7 :
Train Acc: 69.402% (38171/55000) | Loss: 0.618
Test Acc: 50.044% (27524/55000)
Epoch 8 :
Train Acc: 71.656% (39411/55000) | Loss: 0.596
Saved Attack Test Ground Truth and Predict Sets
Test F1: 0.252794
AUC: 0.500823
Test Acc: 50.160% (27588/55000)
Epoch 9 :
Train Acc: 74.684% (41076/55000) | Loss: 0.566
Saved Attack Test Ground Truth and Predict Sets
Test F1: 0.206192
AUC: 0.501467
Test Acc: 50.162% (27589/55000)
Epoch 10 :
Saved Attack Train Ground Truth and Predict Sets
Train F1: 0.813840
AUC: 0.773616
Train Acc: 77.129% (42421/55000) | Loss: 0.541
Saved Attack Test Ground Truth and Predict Sets
Test F1: 0.168776
AUC: 0.501377
Test Acc: 50.195% (27607/55000)
Best Acc: 0.501945
 F1: 0.168776
AUC: 0.501377
Saved Attack Model to results/train_layer/tinyimagenet200-resnet34/block_shallow_7_100/meminf_top3.pth
