Finished Saving Train Dataset to results/train_layer/stl10-resnet50/block_shallow_2_100/meminf_attack_top3_train.p
Finished Saving Test Dataset to results/train_layer/stl10-resnet50/block_shallow_2_100/meminf_attack_top3_test.p
Epoch 1 :
Train Acc: 53.308% (3465/6500) | Loss: 0.685
Saved Attack Test Ground Truth and Predict Sets
Test F1: 0.683209
AUC: 0.719272
Test Acc: 53.646% (3487/6500)
Epoch 2 :
Train Acc: 56.154% (3650/6500) | Loss: 0.682
Saved Attack Test Ground Truth and Predict Sets
Test F1: 0.697071
AUC: 0.737257
Test Acc: 56.569% (3677/6500)
Epoch 3 :
Train Acc: 59.354% (3858/6500) | Loss: 0.679
Saved Attack Test Ground Truth and Predict Sets
Test F1: 0.699439
AUC: 0.729505
Test Acc: 57.108% (3712/6500)
Epoch 4 :
Train Acc: 59.338% (3857/6500) | Loss: 0.675
Saved Attack Test Ground Truth and Predict Sets
Test F1: 0.705319
AUC: 0.734072
Test Acc: 58.323% (3791/6500)
Epoch 5 :
Train Acc: 60.692% (3945/6500) | Loss: 0.670
Saved Attack Test Ground Truth and Predict Sets
Test F1: 0.708739
AUC: 0.739613
Test Acc: 59.031% (3837/6500)
Epoch 6 :
Train Acc: 61.585% (4003/6500) | Loss: 0.662
Saved Attack Test Ground Truth and Predict Sets
Test F1: 0.708972
AUC: 0.734438
Test Acc: 59.077% (3840/6500)
Epoch 7 :
Train Acc: 62.862% (4086/6500) | Loss: 0.655
Saved Attack Test Ground Truth and Predict Sets
Test F1: 0.711101
AUC: 0.734686
Test Acc: 59.523% (3869/6500)
Epoch 8 :
Train Acc: 60.262% (3917/6500) | Loss: 0.650
Saved Attack Test Ground Truth and Predict Sets
Test F1: 0.730525
AUC: 0.721214
Test Acc: 63.385% (4120/6500)
Epoch 9 :
Train Acc: 60.954% (3962/6500) | Loss: 0.645
Test Acc: 50.554% (3286/6500)
Epoch 10 :
Saved Attack Train Ground Truth and Predict Sets
Train F1: 0.642707
AUC: 0.628380
Train Acc: 58.246% (3786/6500) | Loss: 0.656
Saved Attack Test Ground Truth and Predict Sets
Test F1: 0.697165
AUC: 0.722020
Test Acc: 56.615% (3680/6500)
Best Acc: 0.633846
 F1: 0.730525
AUC: 0.721214
Saved Attack Model to results/train_layer/stl10-resnet50/block_shallow_2_100/meminf_top3.pth
