Finished Saving Train Dataset to results/train_layer_deep/cifar10-mobilenetv2/block_deep_48_1000/meminf_attack_mode0_train.p
Finished Saving Test Dataset to results/train_layer_deep/cifar10-mobilenetv2/block_deep_48_1000/meminf_attack_mode0_test.p
Epoch 1 :
Train Acc: 63.790% (19137/30000) | Loss: 0.646
Saved Attack Test Ground Truth and Predict Sets
Test F1: 0.097688
AUC: 0.498367
Test Acc: 50.183% (15055/30000)
Epoch 2 :
Train Acc: 65.340% (19602/30000) | Loss: 0.633
Saved Attack Test Ground Truth and Predict Sets
Test F1: 0.184025
AUC: 0.498996
Test Acc: 50.250% (15075/30000)
Epoch 3 :
Train Acc: 66.320% (19896/30000) | Loss: 0.624
Test Acc: 50.183% (15055/30000)
Epoch 4 :
Train Acc: 66.903% (20071/30000) | Loss: 0.615
Test Acc: 50.223% (15067/30000)
Epoch 5 :
Train Acc: 67.017% (20105/30000) | Loss: 0.614
Test Acc: 50.130% (15039/30000)
Epoch 6 :
Train Acc: 67.337% (20201/30000) | Loss: 0.610
Saved Attack Test Ground Truth and Predict Sets
Test F1: 0.135251
AUC: 0.499163
Test Acc: 50.300% (15090/30000)
Epoch 7 :
Train Acc: 67.537% (20261/30000) | Loss: 0.612
Test Acc: 50.150% (15045/30000)
Epoch 8 :
Train Acc: 67.270% (20181/30000) | Loss: 0.613
Test Acc: 50.207% (15062/30000)
Epoch 9 :
Train Acc: 67.433% (20230/30000) | Loss: 0.613
Test Acc: 50.197% (15059/30000)
Epoch 10 :
Saved Attack Train Ground Truth and Predict Sets
Train F1: 0.748282
AUC: 0.695088
Train Acc: 67.767% (20330/30000) | Loss: 0.610
Saved Attack Test Ground Truth and Predict Sets
Test F1: 0.100746
AUC: 0.499320
Test Acc: 50.193% (15058/30000)
Best Acc: 0.503000
 F1: 0.135251
AUC: 0.499163
Saved Attack Model to results/train_layer_deep/cifar10-mobilenetv2/block_deep_48_1000/meminf_attack0.pth
