Finished Saving Train Dataset to results/train_layer/cifar10-mobilenetv2/block_shallow_16_1000/meminf_attack_mode0_train.p
Finished Saving Test Dataset to results/train_layer/cifar10-mobilenetv2/block_shallow_16_1000/meminf_attack_mode0_test.p
Epoch 1 :
Train Acc: 63.790% (19137/30000) | Loss: 0.646
Saved Attack Test Ground Truth and Predict Sets
Test F1: 0.572075
AUC: 0.541247
Test Acc: 53.343% (16003/30000)
Epoch 2 :
Train Acc: 65.340% (19602/30000) | Loss: 0.633
Test Acc: 53.217% (15965/30000)
Epoch 3 :
Train Acc: 66.320% (19896/30000) | Loss: 0.624
Saved Attack Test Ground Truth and Predict Sets
Test F1: 0.570126
AUC: 0.541279
Test Acc: 53.473% (16042/30000)
Epoch 4 :
Train Acc: 66.903% (20071/30000) | Loss: 0.615
Test Acc: 53.193% (15958/30000)
Epoch 5 :
Train Acc: 67.017% (20105/30000) | Loss: 0.614
Saved Attack Test Ground Truth and Predict Sets
Test F1: 0.566959
AUC: 0.541400
Test Acc: 53.490% (16047/30000)
Epoch 6 :
Train Acc: 67.337% (20201/30000) | Loss: 0.610
Test Acc: 53.457% (16037/30000)
Epoch 7 :
Train Acc: 67.537% (20261/30000) | Loss: 0.612
Test Acc: 53.147% (15944/30000)
Epoch 8 :
Train Acc: 67.270% (20181/30000) | Loss: 0.613
Test Acc: 52.797% (15839/30000)
Epoch 9 :
Train Acc: 67.433% (20230/30000) | Loss: 0.613
Saved Attack Test Ground Truth and Predict Sets
Test F1: 0.572943
AUC: 0.541347
Test Acc: 53.543% (16063/30000)
Epoch 10 :
Saved Attack Train Ground Truth and Predict Sets
Train F1: 0.748282
AUC: 0.695088
Train Acc: 67.767% (20330/30000) | Loss: 0.610
Saved Attack Test Ground Truth and Predict Sets
Test F1: 0.568383
AUC: 0.539096
Test Acc: 53.440% (16032/30000)
Best Acc: 0.535433
 F1: 0.572943
AUC: 0.541347
Saved Attack Model to results/train_layer/cifar10-mobilenetv2/block_shallow_16_1000/meminf_attack0.pth
