Finished Saving Train Dataset to results/train_layer/tinyimagenet200-mobilenetv2/block_shallow_24_1000/meminf_attack_top3_train.p
Finished Saving Test Dataset to results/train_layer/tinyimagenet200-mobilenetv2/block_shallow_24_1000/meminf_attack_top3_test.p
Epoch 1 :
Train Acc: 50.307% (27669/55000) | Loss: 0.692
Saved Attack Test Ground Truth and Predict Sets
Test F1: 0.666400
AUC: 0.501135
Test Acc: 50.002% (27501/55000)
Epoch 2 :
Train Acc: 50.382% (27710/55000) | Loss: 0.692
Test Acc: 49.996% (27498/55000)
Epoch 3 :
Train Acc: 50.795% (27937/55000) | Loss: 0.692
Saved Attack Test Ground Truth and Predict Sets
Test F1: 0.487381
AUC: 0.500963
Test Acc: 50.180% (27599/55000)
Epoch 4 :
Train Acc: 51.022% (28062/55000) | Loss: 0.692
Test Acc: 49.965% (27481/55000)
Epoch 5 :
Train Acc: 50.944% (28019/55000) | Loss: 0.692
Saved Attack Test Ground Truth and Predict Sets
Test F1: 0.485434
AUC: 0.500747
Test Acc: 50.253% (27639/55000)
Epoch 6 :
Train Acc: 51.067% (28087/55000) | Loss: 0.692
Test Acc: 50.005% (27503/55000)
Epoch 7 :
Train Acc: 51.040% (28072/55000) | Loss: 0.692
Test Acc: 49.925% (27459/55000)
Epoch 8 :
Train Acc: 51.013% (28057/55000) | Loss: 0.692
Test Acc: 50.145% (27580/55000)
Epoch 9 :
Train Acc: 51.085% (28097/55000) | Loss: 0.692
Test Acc: 50.069% (27538/55000)
Epoch 10 :
Saved Attack Train Ground Truth and Predict Sets
Train F1: 0.420735
AUC: 0.515274
Train Acc: 51.136% (28125/55000) | Loss: 0.692
Saved Attack Test Ground Truth and Predict Sets
Test F1: 0.506644
AUC: 0.500207
Test Acc: 50.044% (27524/55000)
Best Acc: 0.502527
 F1: 0.485434
AUC: 0.500747
Saved Attack Model to results/train_layer/tinyimagenet200-mobilenetv2/block_shallow_24_1000/meminf_top3.pth
