Finished Saving Train Dataset to results/train_layer/stl10-mobilenetv2/block_shallow_4_100/meminf_attack_top3_train.p
Finished Saving Test Dataset to results/train_layer/stl10-mobilenetv2/block_shallow_4_100/meminf_attack_top3_test.p
Epoch 1 :
Train Acc: 53.000% (3445/6500) | Loss: 0.685
Saved Attack Test Ground Truth and Predict Sets
Test F1: 0.679297
AUC: 0.682275
Test Acc: 53.123% (3453/6500)
Epoch 2 :
Train Acc: 56.108% (3647/6500) | Loss: 0.683
Saved Attack Test Ground Truth and Predict Sets
Test F1: 0.690391
AUC: 0.688381
Test Acc: 55.831% (3629/6500)
Epoch 3 :
Train Acc: 59.277% (3853/6500) | Loss: 0.680
Saved Attack Test Ground Truth and Predict Sets
Test F1: 0.692992
AUC: 0.688916
Test Acc: 56.462% (3670/6500)
Epoch 4 :
Train Acc: 58.708% (3816/6500) | Loss: 0.676
Saved Attack Test Ground Truth and Predict Sets
Test F1: 0.695462
AUC: 0.691320
Test Acc: 57.046% (3708/6500)
Epoch 5 :
Train Acc: 60.723% (3947/6500) | Loss: 0.671
Saved Attack Test Ground Truth and Predict Sets
Test F1: 0.696976
AUC: 0.691929
Test Acc: 57.446% (3734/6500)
Epoch 6 :
Train Acc: 61.108% (3972/6500) | Loss: 0.665
Saved Attack Test Ground Truth and Predict Sets
Test F1: 0.701353
AUC: 0.696930
Test Acc: 58.585% (3808/6500)
Epoch 7 :
Train Acc: 61.738% (4013/6500) | Loss: 0.657
Test Acc: 58.354% (3793/6500)
Epoch 8 :
Train Acc: 64.000% (4160/6500) | Loss: 0.652
Test Acc: 57.969% (3768/6500)
Epoch 9 :
Train Acc: 58.138% (3779/6500) | Loss: 0.651
Saved Attack Test Ground Truth and Predict Sets
Test F1: 0.715124
AUC: 0.680252
Test Acc: 61.892% (4023/6500)
Epoch 10 :
Saved Attack Train Ground Truth and Predict Sets
Train F1: 0.719216
AUC: 0.658976
Train Acc: 61.200% (3978/6500) | Loss: 0.646
Saved Attack Test Ground Truth and Predict Sets
Test F1: 0.146213
AUC: 0.676111
Test Acc: 50.231% (3265/6500)
Best Acc: 0.618923
 F1: 0.715124
AUC: 0.680252
Saved Attack Model to results/train_layer/stl10-mobilenetv2/block_shallow_4_100/meminf_top3.pth
