Finished Saving Train Dataset to results/train_layer/stl10-mobilenetv2/block_shallow_4_100/meminf_attack_mode0_train.p
Finished Saving Test Dataset to results/train_layer/stl10-mobilenetv2/block_shallow_4_100/meminf_attack_mode0_test.p
Epoch 1 :
Train Acc: 64.215% (4174/6500) | Loss: 0.654
Saved Attack Test Ground Truth and Predict Sets
Test F1: 0.648915
AUC: 0.693909
Test Acc: 64.908% (4219/6500)
Epoch 2 :
Train Acc: 72.200% (4693/6500) | Loss: 0.613
Saved Attack Test Ground Truth and Predict Sets
Test F1: 0.696389
AUC: 0.697328
Test Acc: 66.369% (4314/6500)
Epoch 3 :
Train Acc: 73.154% (4755/6500) | Loss: 0.587
Test Acc: 63.908% (4154/6500)
Epoch 4 :
Train Acc: 73.277% (4763/6500) | Loss: 0.573
Test Acc: 66.308% (4310/6500)
Epoch 5 :
Train Acc: 73.246% (4761/6500) | Loss: 0.569
Test Acc: 64.031% (4162/6500)
Epoch 6 :
Train Acc: 72.938% (4741/6500) | Loss: 0.568
Test Acc: 66.308% (4310/6500)
Epoch 7 :
Train Acc: 72.446% (4709/6500) | Loss: 0.575
Test Acc: 66.169% (4301/6500)
Epoch 8 :
Train Acc: 72.277% (4698/6500) | Loss: 0.574
Test Acc: 63.615% (4135/6500)
Epoch 9 :
Train Acc: 73.631% (4786/6500) | Loss: 0.565
Saved Attack Test Ground Truth and Predict Sets
Test F1: 0.711413
AUC: 0.697115
Test Acc: 66.662% (4333/6500)
Epoch 10 :
Saved Attack Train Ground Truth and Predict Sets
Train F1: 0.777497
AUC: 0.758907
Train Acc: 71.523% (4649/6500) | Loss: 0.587
Saved Attack Test Ground Truth and Predict Sets
Test F1: 0.710031
AUC: 0.697315
Test Acc: 66.600% (4329/6500)
Best Acc: 0.666615
 F1: 0.711413
AUC: 0.697115
Saved Attack Model to results/train_layer/stl10-mobilenetv2/block_shallow_4_100/meminf_attack0.pth
