Finished Saving Train Dataset to results/train_layer_deep/stl10-resnet50/block_deep_7_100/meminf_attack_mode0_train.p
Finished Saving Test Dataset to results/train_layer_deep/stl10-resnet50/block_deep_7_100/meminf_attack_mode0_test.p
Epoch 1 :
Train Acc: 63.062% (4099/6500) | Loss: 0.650
Saved Attack Test Ground Truth and Predict Sets
Test F1: 0.144483
AUC: 0.490931
Test Acc: 50.262% (3267/6500)
Epoch 2 :
Train Acc: 74.169% (4821/6500) | Loss: 0.607
Test Acc: 50.138% (3259/6500)
Epoch 3 :
Train Acc: 73.846% (4800/6500) | Loss: 0.579
Test Acc: 50.031% (3252/6500)
Epoch 4 :
Train Acc: 74.262% (4827/6500) | Loss: 0.564
Saved Attack Test Ground Truth and Predict Sets
Test F1: 0.172979
AUC: 0.494033
Test Acc: 50.277% (3268/6500)
Epoch 5 :
Train Acc: 74.077% (4815/6500) | Loss: 0.559
Test Acc: 50.077% (3255/6500)
Epoch 6 :
Train Acc: 74.277% (4828/6500) | Loss: 0.556
Test Acc: 50.277% (3268/6500)
Epoch 7 :
Train Acc: 74.385% (4835/6500) | Loss: 0.555
Test Acc: 50.169% (3261/6500)
Epoch 8 :
Train Acc: 74.108% (4817/6500) | Loss: 0.556
Saved Attack Test Ground Truth and Predict Sets
Test F1: 0.164554
AUC: 0.494279
Test Acc: 50.323% (3271/6500)
Epoch 9 :
Train Acc: 73.708% (4791/6500) | Loss: 0.564
Test Acc: 50.277% (3268/6500)
Epoch 10 :
Saved Attack Train Ground Truth and Predict Sets
Train F1: 0.764480
AUC: 0.777042
Train Acc: 73.600% (4784/6500) | Loss: 0.561
Saved Attack Test Ground Truth and Predict Sets
Test F1: 0.082037
AUC: 0.490162
Test Acc: 50.077% (3255/6500)
Best Acc: 0.503231
 F1: 0.164554
AUC: 0.494279
Saved Attack Model to results/train_layer_deep/stl10-resnet50/block_deep_7_100/meminf_attack0.pth
